<?xml version="1.0" encoding="UTF-8"?>
<testsuite name="appool.pool.project.file.service.FileServiceTest" tests="1" skipped="0" failures="0" errors="0" timestamp="2022-07-26T05:00:25" hostname="MacBook-Pro-4.local" time="0.028">
  <properties/>
  <testcase name="파일_저장_성공()" classname="appool.pool.project.file.service.FileServiceTest" time="0.028"/>
  <system-out><![CDATA[2022-07-26 14:00:25.296  INFO 13767 --- [    Test worker] .b.t.c.SpringBootTestContextBootstrapper : Neither @ContextConfiguration nor @ContextHierarchy found for test class [appool.pool.project.file.service.FileServiceTest], using SpringBootContextLoader
2022-07-26 14:00:25.296  INFO 13767 --- [    Test worker] o.s.t.c.support.AbstractContextLoader    : Could not detect default resource locations for test class [appool.pool.project.file.service.FileServiceTest]: no resource found for suffixes {-context.xml, Context.groovy}.
2022-07-26 14:00:25.296  INFO 13767 --- [    Test worker] t.c.s.AnnotationConfigContextLoaderUtils : Could not detect default configuration classes for test class [appool.pool.project.file.service.FileServiceTest]: FileServiceTest does not declare any static, non-private, non-final, nested classes annotated with @Configuration.
2022-07-26 14:00:25.298  INFO 13767 --- [    Test worker] .b.t.c.SpringBootTestContextBootstrapper : Found @SpringBootConfiguration appool.pool.project.ProjectApplication for test class appool.pool.project.file.service.FileServiceTest
2022-07-26 14:00:25.299  INFO 13767 --- [    Test worker] .b.t.c.SpringBootTestContextBootstrapper : Loaded default TestExecutionListener class names from location [META-INF/spring.factories]: [org.springframework.security.test.context.support.WithSecurityContextTestExecutionListener, org.springframework.security.test.context.support.ReactorContextTestExecutionListener, org.springframework.boot.test.autoconfigure.restdocs.RestDocsTestExecutionListener, org.springframework.boot.test.autoconfigure.web.client.MockRestServiceServerResetTestExecutionListener, org.springframework.boot.test.autoconfigure.web.servlet.MockMvcPrintOnlyOnFailureTestExecutionListener, org.springframework.boot.test.autoconfigure.web.servlet.WebDriverTestExecutionListener, org.springframework.boot.test.autoconfigure.webservices.client.MockWebServiceServerTestExecutionListener, org.springframework.boot.test.mock.mockito.MockitoTestExecutionListener, org.springframework.boot.test.mock.mockito.ResetMocksTestExecutionListener, org.springframework.test.context.web.ServletTestExecutionListener, org.springframework.test.context.support.DirtiesContextBeforeModesTestExecutionListener, org.springframework.test.context.event.ApplicationEventsTestExecutionListener, org.springframework.test.context.support.DependencyInjectionTestExecutionListener, org.springframework.test.context.support.DirtiesContextTestExecutionListener, org.springframework.test.context.transaction.TransactionalTestExecutionListener, org.springframework.test.context.jdbc.SqlScriptsTestExecutionListener, org.springframework.test.context.event.EventPublishingTestExecutionListener]
2022-07-26 14:00:25.299  INFO 13767 --- [    Test worker] .b.t.c.SpringBootTestContextBootstrapper : Using TestExecutionListeners: [org.springframework.test.context.web.ServletTestExecutionListener@80081d7, org.springframework.test.context.support.DirtiesContextBeforeModesTestExecutionListener@57d0c779, org.springframework.test.context.event.ApplicationEventsTestExecutionListener@3070f59f, org.springframework.boot.test.mock.mockito.MockitoTestExecutionListener@2f16c21f, org.springframework.boot.test.autoconfigure.SpringBootDependencyInjectionTestExecutionListener@2314f013, org.springframework.test.context.support.DirtiesContextTestExecutionListener@72ae1007, org.springframework.test.context.transaction.TransactionalTestExecutionListener@4545cfc0, org.springframework.test.context.jdbc.SqlScriptsTestExecutionListener@5cdafb4d, org.springframework.security.test.context.support.WithSecurityContextTestExecutionListener@58ca1cad, org.springframework.test.context.event.EventPublishingTestExecutionListener@5ae6119b, org.springframework.security.test.context.support.ReactorContextTestExecutionListener@31b6eec8, org.springframework.boot.test.autoconfigure.restdocs.RestDocsTestExecutionListener@3abd7b20, org.springframework.boot.test.autoconfigure.web.client.MockRestServiceServerResetTestExecutionListener@329a27ae, org.springframework.boot.test.autoconfigure.web.servlet.MockMvcPrintOnlyOnFailureTestExecutionListener@589a82af, org.springframework.boot.test.autoconfigure.web.servlet.WebDriverTestExecutionListener@5edce7da, org.springframework.boot.test.autoconfigure.webservices.client.MockWebServiceServerTestExecutionListener@f69e35a, org.springframework.boot.test.mock.mockito.ResetMocksTestExecutionListener@6c2d124e]
]]></system-out>
  <system-err><![CDATA[]]></system-err>
</testsuite>
