<?xml version="1.0" encoding="UTF-8"?>
<testsuite name="appool.pool.project.file.service.FileServiceTest" tests="1" skipped="0" failures="0" errors="0" timestamp="2022-08-01T07:43:48" hostname="MacBook-Pro-4.local" time="0.027">
  <properties/>
  <testcase name="파일_저장_성공()" classname="appool.pool.project.file.service.FileServiceTest" time="0.027"/>
  <system-out><![CDATA[2022-08-01 16:43:48.474  INFO 22797 --- [    Test worker] .b.t.c.SpringBootTestContextBootstrapper : Neither @ContextConfiguration nor @ContextHierarchy found for test class [appool.pool.project.file.service.FileServiceTest], using SpringBootContextLoader
2022-08-01 16:43:48.474  INFO 22797 --- [    Test worker] o.s.t.c.support.AbstractContextLoader    : Could not detect default resource locations for test class [appool.pool.project.file.service.FileServiceTest]: no resource found for suffixes {-context.xml, Context.groovy}.
2022-08-01 16:43:48.474  INFO 22797 --- [    Test worker] t.c.s.AnnotationConfigContextLoaderUtils : Could not detect default configuration classes for test class [appool.pool.project.file.service.FileServiceTest]: FileServiceTest does not declare any static, non-private, non-final, nested classes annotated with @Configuration.
2022-08-01 16:43:48.476  INFO 22797 --- [    Test worker] .b.t.c.SpringBootTestContextBootstrapper : Found @SpringBootConfiguration appool.pool.project.ProjectApplication for test class appool.pool.project.file.service.FileServiceTest
2022-08-01 16:43:48.477  INFO 22797 --- [    Test worker] .b.t.c.SpringBootTestContextBootstrapper : Loaded default TestExecutionListener class names from location [META-INF/spring.factories]: [org.springframework.security.test.context.support.WithSecurityContextTestExecutionListener, org.springframework.security.test.context.support.ReactorContextTestExecutionListener, org.springframework.boot.test.autoconfigure.restdocs.RestDocsTestExecutionListener, org.springframework.boot.test.autoconfigure.web.client.MockRestServiceServerResetTestExecutionListener, org.springframework.boot.test.autoconfigure.web.servlet.MockMvcPrintOnlyOnFailureTestExecutionListener, org.springframework.boot.test.autoconfigure.web.servlet.WebDriverTestExecutionListener, org.springframework.boot.test.autoconfigure.webservices.client.MockWebServiceServerTestExecutionListener, org.springframework.boot.test.mock.mockito.MockitoTestExecutionListener, org.springframework.boot.test.mock.mockito.ResetMocksTestExecutionListener, org.springframework.test.context.web.ServletTestExecutionListener, org.springframework.test.context.support.DirtiesContextBeforeModesTestExecutionListener, org.springframework.test.context.event.ApplicationEventsTestExecutionListener, org.springframework.test.context.support.DependencyInjectionTestExecutionListener, org.springframework.test.context.support.DirtiesContextTestExecutionListener, org.springframework.test.context.transaction.TransactionalTestExecutionListener, org.springframework.test.context.jdbc.SqlScriptsTestExecutionListener, org.springframework.test.context.event.EventPublishingTestExecutionListener]
2022-08-01 16:43:48.478  INFO 22797 --- [    Test worker] .b.t.c.SpringBootTestContextBootstrapper : Using TestExecutionListeners: [org.springframework.test.context.web.ServletTestExecutionListener@6affa355, org.springframework.test.context.support.DirtiesContextBeforeModesTestExecutionListener@621a7d83, org.springframework.test.context.event.ApplicationEventsTestExecutionListener@58de1da2, org.springframework.boot.test.mock.mockito.MockitoTestExecutionListener@7294c9fe, org.springframework.boot.test.autoconfigure.SpringBootDependencyInjectionTestExecutionListener@65e639f2, org.springframework.test.context.support.DirtiesContextTestExecutionListener@54a1a6a8, org.springframework.test.context.transaction.TransactionalTestExecutionListener@7cba8293, org.springframework.test.context.jdbc.SqlScriptsTestExecutionListener@28357fc3, org.springframework.security.test.context.support.WithSecurityContextTestExecutionListener@7c48ea9e, org.springframework.test.context.event.EventPublishingTestExecutionListener@25058759, org.springframework.security.test.context.support.ReactorContextTestExecutionListener@d833770, org.springframework.boot.test.autoconfigure.restdocs.RestDocsTestExecutionListener@e4b9a64, org.springframework.boot.test.autoconfigure.web.client.MockRestServiceServerResetTestExecutionListener@35ec9d29, org.springframework.boot.test.autoconfigure.web.servlet.MockMvcPrintOnlyOnFailureTestExecutionListener@3cdafb82, org.springframework.boot.test.autoconfigure.web.servlet.WebDriverTestExecutionListener@28f663de, org.springframework.boot.test.autoconfigure.webservices.client.MockWebServiceServerTestExecutionListener@7a3c541e, org.springframework.boot.test.mock.mockito.ResetMocksTestExecutionListener@2be89ba5]
]]></system-out>
  <system-err><![CDATA[]]></system-err>
</testsuite>
