<?xml version="1.0" encoding="UTF-8"?>
<testsuite name="appool.pool.project.file.service.FileServiceTest" tests="1" skipped="0" failures="0" errors="0" timestamp="2022-07-28T06:48:51" hostname="MacBook-Pro-4.local" time="0.033">
  <properties/>
  <testcase name="파일_저장_성공()" classname="appool.pool.project.file.service.FileServiceTest" time="0.033"/>
  <system-out><![CDATA[2022-07-28 15:48:51.215  INFO 29722 --- [    Test worker] .b.t.c.SpringBootTestContextBootstrapper : Neither @ContextConfiguration nor @ContextHierarchy found for test class [appool.pool.project.file.service.FileServiceTest], using SpringBootContextLoader
2022-07-28 15:48:51.215  INFO 29722 --- [    Test worker] o.s.t.c.support.AbstractContextLoader    : Could not detect default resource locations for test class [appool.pool.project.file.service.FileServiceTest]: no resource found for suffixes {-context.xml, Context.groovy}.
2022-07-28 15:48:51.215  INFO 29722 --- [    Test worker] t.c.s.AnnotationConfigContextLoaderUtils : Could not detect default configuration classes for test class [appool.pool.project.file.service.FileServiceTest]: FileServiceTest does not declare any static, non-private, non-final, nested classes annotated with @Configuration.
2022-07-28 15:48:51.217  INFO 29722 --- [    Test worker] .b.t.c.SpringBootTestContextBootstrapper : Found @SpringBootConfiguration appool.pool.project.ProjectApplication for test class appool.pool.project.file.service.FileServiceTest
2022-07-28 15:48:51.218  INFO 29722 --- [    Test worker] .b.t.c.SpringBootTestContextBootstrapper : Loaded default TestExecutionListener class names from location [META-INF/spring.factories]: [org.springframework.security.test.context.support.WithSecurityContextTestExecutionListener, org.springframework.security.test.context.support.ReactorContextTestExecutionListener, org.springframework.boot.test.autoconfigure.restdocs.RestDocsTestExecutionListener, org.springframework.boot.test.autoconfigure.web.client.MockRestServiceServerResetTestExecutionListener, org.springframework.boot.test.autoconfigure.web.servlet.MockMvcPrintOnlyOnFailureTestExecutionListener, org.springframework.boot.test.autoconfigure.web.servlet.WebDriverTestExecutionListener, org.springframework.boot.test.autoconfigure.webservices.client.MockWebServiceServerTestExecutionListener, org.springframework.boot.test.mock.mockito.MockitoTestExecutionListener, org.springframework.boot.test.mock.mockito.ResetMocksTestExecutionListener, org.springframework.test.context.web.ServletTestExecutionListener, org.springframework.test.context.support.DirtiesContextBeforeModesTestExecutionListener, org.springframework.test.context.event.ApplicationEventsTestExecutionListener, org.springframework.test.context.support.DependencyInjectionTestExecutionListener, org.springframework.test.context.support.DirtiesContextTestExecutionListener, org.springframework.test.context.transaction.TransactionalTestExecutionListener, org.springframework.test.context.jdbc.SqlScriptsTestExecutionListener, org.springframework.test.context.event.EventPublishingTestExecutionListener]
2022-07-28 15:48:51.218  INFO 29722 --- [    Test worker] .b.t.c.SpringBootTestContextBootstrapper : Using TestExecutionListeners: [org.springframework.test.context.web.ServletTestExecutionListener@3e2ee637, org.springframework.test.context.support.DirtiesContextBeforeModesTestExecutionListener@62d818c6, org.springframework.test.context.event.ApplicationEventsTestExecutionListener@492e9e87, org.springframework.boot.test.mock.mockito.MockitoTestExecutionListener@7322013f, org.springframework.boot.test.autoconfigure.SpringBootDependencyInjectionTestExecutionListener@3a744e32, org.springframework.test.context.support.DirtiesContextTestExecutionListener@18487f92, org.springframework.test.context.transaction.TransactionalTestExecutionListener@252f00ba, org.springframework.test.context.jdbc.SqlScriptsTestExecutionListener@4667c6d9, org.springframework.security.test.context.support.WithSecurityContextTestExecutionListener@5efa05f9, org.springframework.test.context.event.EventPublishingTestExecutionListener@515555b, org.springframework.security.test.context.support.ReactorContextTestExecutionListener@58e2af93, org.springframework.boot.test.autoconfigure.restdocs.RestDocsTestExecutionListener@204beb58, org.springframework.boot.test.autoconfigure.web.client.MockRestServiceServerResetTestExecutionListener@2e10f765, org.springframework.boot.test.autoconfigure.web.servlet.MockMvcPrintOnlyOnFailureTestExecutionListener@100d071, org.springframework.boot.test.autoconfigure.web.servlet.WebDriverTestExecutionListener@4c5379f5, org.springframework.boot.test.autoconfigure.webservices.client.MockWebServiceServerTestExecutionListener@333d5a0c, org.springframework.boot.test.mock.mockito.ResetMocksTestExecutionListener@1abf38d1]
]]></system-out>
  <system-err><![CDATA[]]></system-err>
</testsuite>
