<?xml version="1.0" encoding="UTF-8"?>
<testsuite name="appool.pool.project.file.service.FileServiceTest" tests="1" skipped="0" failures="0" errors="0" timestamp="2022-07-26T07:04:07" hostname="MacBook-Pro-4.local" time="0.028">
  <properties/>
  <testcase name="파일_저장_성공()" classname="appool.pool.project.file.service.FileServiceTest" time="0.028"/>
  <system-out><![CDATA[2022-07-26 16:04:06.995  INFO 15848 --- [    Test worker] .b.t.c.SpringBootTestContextBootstrapper : Neither @ContextConfiguration nor @ContextHierarchy found for test class [appool.pool.project.file.service.FileServiceTest], using SpringBootContextLoader
2022-07-26 16:04:06.996  INFO 15848 --- [    Test worker] o.s.t.c.support.AbstractContextLoader    : Could not detect default resource locations for test class [appool.pool.project.file.service.FileServiceTest]: no resource found for suffixes {-context.xml, Context.groovy}.
2022-07-26 16:04:06.996  INFO 15848 --- [    Test worker] t.c.s.AnnotationConfigContextLoaderUtils : Could not detect default configuration classes for test class [appool.pool.project.file.service.FileServiceTest]: FileServiceTest does not declare any static, non-private, non-final, nested classes annotated with @Configuration.
2022-07-26 16:04:06.998  INFO 15848 --- [    Test worker] .b.t.c.SpringBootTestContextBootstrapper : Found @SpringBootConfiguration appool.pool.project.ProjectApplication for test class appool.pool.project.file.service.FileServiceTest
2022-07-26 16:04:06.999  INFO 15848 --- [    Test worker] .b.t.c.SpringBootTestContextBootstrapper : Loaded default TestExecutionListener class names from location [META-INF/spring.factories]: [org.springframework.security.test.context.support.WithSecurityContextTestExecutionListener, org.springframework.security.test.context.support.ReactorContextTestExecutionListener, org.springframework.boot.test.autoconfigure.restdocs.RestDocsTestExecutionListener, org.springframework.boot.test.autoconfigure.web.client.MockRestServiceServerResetTestExecutionListener, org.springframework.boot.test.autoconfigure.web.servlet.MockMvcPrintOnlyOnFailureTestExecutionListener, org.springframework.boot.test.autoconfigure.web.servlet.WebDriverTestExecutionListener, org.springframework.boot.test.autoconfigure.webservices.client.MockWebServiceServerTestExecutionListener, org.springframework.boot.test.mock.mockito.MockitoTestExecutionListener, org.springframework.boot.test.mock.mockito.ResetMocksTestExecutionListener, org.springframework.test.context.web.ServletTestExecutionListener, org.springframework.test.context.support.DirtiesContextBeforeModesTestExecutionListener, org.springframework.test.context.event.ApplicationEventsTestExecutionListener, org.springframework.test.context.support.DependencyInjectionTestExecutionListener, org.springframework.test.context.support.DirtiesContextTestExecutionListener, org.springframework.test.context.transaction.TransactionalTestExecutionListener, org.springframework.test.context.jdbc.SqlScriptsTestExecutionListener, org.springframework.test.context.event.EventPublishingTestExecutionListener]
2022-07-26 16:04:06.999  INFO 15848 --- [    Test worker] .b.t.c.SpringBootTestContextBootstrapper : Using TestExecutionListeners: [org.springframework.test.context.web.ServletTestExecutionListener@e14559e, org.springframework.test.context.support.DirtiesContextBeforeModesTestExecutionListener@7a0eb939, org.springframework.test.context.event.ApplicationEventsTestExecutionListener@54a7d1b9, org.springframework.boot.test.mock.mockito.MockitoTestExecutionListener@209f0986, org.springframework.boot.test.autoconfigure.SpringBootDependencyInjectionTestExecutionListener@c0b10ae, org.springframework.test.context.support.DirtiesContextTestExecutionListener@3c3a767, org.springframework.test.context.transaction.TransactionalTestExecutionListener@698394bf, org.springframework.test.context.jdbc.SqlScriptsTestExecutionListener@31887330, org.springframework.security.test.context.support.WithSecurityContextTestExecutionListener@65528bcf, org.springframework.test.context.event.EventPublishingTestExecutionListener@7bb4f09d, org.springframework.security.test.context.support.ReactorContextTestExecutionListener@ee7a538, org.springframework.boot.test.autoconfigure.restdocs.RestDocsTestExecutionListener@7c045627, org.springframework.boot.test.autoconfigure.web.client.MockRestServiceServerResetTestExecutionListener@d79a69b, org.springframework.boot.test.autoconfigure.web.servlet.MockMvcPrintOnlyOnFailureTestExecutionListener@51158fb1, org.springframework.boot.test.autoconfigure.web.servlet.WebDriverTestExecutionListener@62682ece, org.springframework.boot.test.autoconfigure.webservices.client.MockWebServiceServerTestExecutionListener@3c83e9ca, org.springframework.boot.test.mock.mockito.ResetMocksTestExecutionListener@7c0ecdbf]
]]></system-out>
  <system-err><![CDATA[]]></system-err>
</testsuite>
