<?xml version="1.0" encoding="UTF-8"?>
<testsuite name="appool.pool.project.ProjectApplicationTests" tests="1" skipped="0" failures="0" errors="0" timestamp="2022-07-26T06:18:10" hostname="MacBook-Pro-4.local" time="0.066">
  <properties/>
  <testcase name="contextLoads()" classname="appool.pool.project.ProjectApplicationTests" time="0.066"/>
  <system-out><![CDATA[15:18:08.589 [Test worker] DEBUG org.springframework.test.context.BootstrapUtils - Instantiating CacheAwareContextLoaderDelegate from class [org.springframework.test.context.cache.DefaultCacheAwareContextLoaderDelegate]
15:18:08.594 [Test worker] DEBUG org.springframework.test.context.BootstrapUtils - Instantiating BootstrapContext using constructor [public org.springframework.test.context.support.DefaultBootstrapContext(java.lang.Class,org.springframework.test.context.CacheAwareContextLoaderDelegate)]
15:18:08.607 [Test worker] DEBUG org.springframework.test.context.BootstrapUtils - Instantiating TestContextBootstrapper for test class [appool.pool.project.ProjectApplicationTests] from class [org.springframework.boot.test.context.SpringBootTestContextBootstrapper]
15:18:08.612 [Test worker] INFO org.springframework.boot.test.context.SpringBootTestContextBootstrapper - Neither @ContextConfiguration nor @ContextHierarchy found for test class [appool.pool.project.ProjectApplicationTests], using SpringBootContextLoader
15:18:08.613 [Test worker] DEBUG org.springframework.test.context.support.AbstractContextLoader - Did not detect default resource location for test class [appool.pool.project.ProjectApplicationTests]: class path resource [appool/pool/project/ProjectApplicationTests-context.xml] does not exist
15:18:08.613 [Test worker] DEBUG org.springframework.test.context.support.AbstractContextLoader - Did not detect default resource location for test class [appool.pool.project.ProjectApplicationTests]: class path resource [appool/pool/project/ProjectApplicationTestsContext.groovy] does not exist
15:18:08.613 [Test worker] INFO org.springframework.test.context.support.AbstractContextLoader - Could not detect default resource locations for test class [appool.pool.project.ProjectApplicationTests]: no resource found for suffixes {-context.xml, Context.groovy}.
15:18:08.614 [Test worker] INFO org.springframework.test.context.support.AnnotationConfigContextLoaderUtils - Could not detect default configuration classes for test class [appool.pool.project.ProjectApplicationTests]: ProjectApplicationTests does not declare any static, non-private, non-final, nested classes annotated with @Configuration.
15:18:08.629 [Test worker] DEBUG org.springframework.test.context.support.ActiveProfilesUtils - Could not find an 'annotation declaring class' for annotation type [org.springframework.test.context.ActiveProfiles] and class [appool.pool.project.ProjectApplicationTests]
15:18:08.653 [Test worker] DEBUG org.springframework.context.annotation.ClassPathScanningCandidateComponentProvider - Identified candidate component class: file [/Users/johnn/Desktop/2022/POOL/dev/build/classes/java/main/appool/pool/project/ProjectApplication.class]
15:18:08.654 [Test worker] INFO org.springframework.boot.test.context.SpringBootTestContextBootstrapper - Found @SpringBootConfiguration appool.pool.project.ProjectApplication for test class appool.pool.project.ProjectApplicationTests
15:18:08.685 [Test worker] DEBUG org.springframework.boot.test.context.SpringBootTestContextBootstrapper - @TestExecutionListeners is not present for class [appool.pool.project.ProjectApplicationTests]: using defaults.
15:18:08.686 [Test worker] INFO org.springframework.boot.test.context.SpringBootTestContextBootstrapper - Loaded default TestExecutionListener class names from location [META-INF/spring.factories]: [org.springframework.security.test.context.support.WithSecurityContextTestExecutionListener, org.springframework.security.test.context.support.ReactorContextTestExecutionListener, org.springframework.boot.test.autoconfigure.restdocs.RestDocsTestExecutionListener, org.springframework.boot.test.autoconfigure.web.client.MockRestServiceServerResetTestExecutionListener, org.springframework.boot.test.autoconfigure.web.servlet.MockMvcPrintOnlyOnFailureTestExecutionListener, org.springframework.boot.test.autoconfigure.web.servlet.WebDriverTestExecutionListener, org.springframework.boot.test.autoconfigure.webservices.client.MockWebServiceServerTestExecutionListener, org.springframework.boot.test.mock.mockito.MockitoTestExecutionListener, org.springframework.boot.test.mock.mockito.ResetMocksTestExecutionListener, org.springframework.test.context.web.ServletTestExecutionListener, org.springframework.test.context.support.DirtiesContextBeforeModesTestExecutionListener, org.springframework.test.context.event.ApplicationEventsTestExecutionListener, org.springframework.test.context.support.DependencyInjectionTestExecutionListener, org.springframework.test.context.support.DirtiesContextTestExecutionListener, org.springframework.test.context.transaction.TransactionalTestExecutionListener, org.springframework.test.context.jdbc.SqlScriptsTestExecutionListener, org.springframework.test.context.event.EventPublishingTestExecutionListener]
15:18:08.694 [Test worker] INFO org.springframework.boot.test.context.SpringBootTestContextBootstrapper - Using TestExecutionListeners: [org.springframework.test.context.web.ServletTestExecutionListener@3829ac1, org.springframework.test.context.support.DirtiesContextBeforeModesTestExecutionListener@4baf352a, org.springframework.test.context.event.ApplicationEventsTestExecutionListener@1bb1fde8, org.springframework.boot.test.mock.mockito.MockitoTestExecutionListener@15eebbff, org.springframework.boot.test.autoconfigure.SpringBootDependencyInjectionTestExecutionListener@22d6f11, org.springframework.test.context.support.DirtiesContextTestExecutionListener@30990c1b, org.springframework.test.context.transaction.TransactionalTestExecutionListener@2453f95d, org.springframework.test.context.jdbc.SqlScriptsTestExecutionListener@44828f6b, org.springframework.security.test.context.support.WithSecurityContextTestExecutionListener@2dbe250d, org.springframework.test.context.event.EventPublishingTestExecutionListener@553f1d75, org.springframework.security.test.context.support.ReactorContextTestExecutionListener@6e1d8f9e, org.springframework.boot.test.autoconfigure.restdocs.RestDocsTestExecutionListener@3e34ace1, org.springframework.boot.test.autoconfigure.web.client.MockRestServiceServerResetTestExecutionListener@62fe6067, org.springframework.boot.test.autoconfigure.web.servlet.MockMvcPrintOnlyOnFailureTestExecutionListener@4f071df8, org.springframework.boot.test.autoconfigure.web.servlet.WebDriverTestExecutionListener@4de41af9, org.springframework.boot.test.autoconfigure.webservices.client.MockWebServiceServerTestExecutionListener@56ace400, org.springframework.boot.test.mock.mockito.ResetMocksTestExecutionListener@47404bea]
15:18:08.698 [Test worker] DEBUG org.springframework.test.context.support.AbstractDirtiesContextTestExecutionListener - Before test class: context [DefaultTestContext@2f9a01c1 testClass = ProjectApplicationTests, testInstance = [null], testMethod = [null], testException = [null], mergedContextConfiguration = [WebMergedContextConfiguration@2611b9a3 testClass = ProjectApplicationTests, locations = '{}', classes = '{class appool.pool.project.ProjectApplication}', contextInitializerClasses = '[]', activeProfiles = '{}', propertySourceLocations = '{}', propertySourceProperties = '{org.springframework.boot.test.context.SpringBootTestContextBootstrapper=true}', contextCustomizers = set[org.springframework.boot.test.autoconfigure.actuate.metrics.MetricsExportContextCustomizerFactory$DisableMetricExportContextCustomizer@60df60da, org.springframework.boot.test.autoconfigure.properties.PropertyMappingContextCustomizer@0, org.springframework.boot.test.autoconfigure.web.servlet.WebDriverContextCustomizerFactory$Customizer@3b96c42e, org.springframework.boot.test.context.filter.ExcludeFilterContextCustomizer@5ba88be8, org.springframework.boot.test.json.DuplicateJsonObjectContextCustomizerFactory$DuplicateJsonObjectContextCustomizer@1603cd68, org.springframework.boot.test.mock.mockito.MockitoContextCustomizer@0, org.springframework.boot.test.web.client.TestRestTemplateContextCustomizer@484094a5, org.springframework.boot.test.context.SpringBootTestArgs@1, org.springframework.boot.test.context.SpringBootTestWebEnvironment@c86b9e3], resourceBasePath = 'src/main/webapp', contextLoader = 'org.springframework.boot.test.context.SpringBootContextLoader', parent = [null]], attributes = map['org.springframework.test.context.web.ServletTestExecutionListener.activateListener' -> true]], class annotated with @DirtiesContext [false] with mode [null].

  .   ____          _            __ _ _
 /\\ / ___'_ __ _ _(_)_ __  __ _ \ \ \ \
( ( )\___ | '_ | '_| | '_ \/ _` | \ \ \ \
 \\/  ___)| |_)| | | | | || (_| |  ) ) ) )
  '  |____| .__|_| |_|_| |_\__, | / / / /
 =========|_|==============|___/=/_/_/_/
 :: Spring Boot ::                (v2.6.9)

2022-07-26 15:18:08.841  INFO 15418 --- [    Test worker] a.pool.project.ProjectApplicationTests   : Starting ProjectApplicationTests using Java 17.0.1 on MacBook-Pro-4.local with PID 15418 (started by johnn in /Users/johnn/Desktop/2022/POOL/dev)
2022-07-26 15:18:08.841  INFO 15418 --- [    Test worker] a.pool.project.ProjectApplicationTests   : The following 2 profiles are active: "jwt", "${profile}"
2022-07-26 15:18:09.162  INFO 15418 --- [    Test worker] .s.d.r.c.RepositoryConfigurationDelegate : Bootstrapping Spring Data JPA repositories in DEFAULT mode.
2022-07-26 15:18:09.195  INFO 15418 --- [    Test worker] .s.d.r.c.RepositoryConfigurationDelegate : Finished Spring Data repository scanning in 30 ms. Found 3 JPA repository interfaces.
2022-07-26 15:18:09.413  INFO 15418 --- [    Test worker] com.zaxxer.hikari.HikariDataSource       : HikariPool-1 - Starting...
2022-07-26 15:18:09.482  INFO 15418 --- [    Test worker] com.zaxxer.hikari.HikariDataSource       : HikariPool-1 - Start completed.
2022-07-26 15:18:09.518  INFO 15418 --- [    Test worker] o.hibernate.jpa.internal.util.LogHelper  : HHH000204: Processing PersistenceUnitInfo [name: default]
2022-07-26 15:18:09.537  INFO 15418 --- [    Test worker] org.hibernate.Version                    : HHH000412: Hibernate ORM core version 5.6.9.Final
2022-07-26 15:18:09.603  INFO 15418 --- [    Test worker] o.hibernate.annotations.common.Version   : HCANN000001: Hibernate Commons Annotations {5.1.2.Final}
2022-07-26 15:18:09.654  INFO 15418 --- [    Test worker] org.hibernate.dialect.Dialect            : HHH000400: Using dialect: org.hibernate.dialect.H2Dialect
2022-07-26 15:18:09.934  INFO 15418 --- [    Test worker] o.h.e.t.j.p.i.JtaPlatformInitiator       : HHH000490: Using JtaPlatform implementation: [org.hibernate.engine.transaction.jta.platform.internal.NoJtaPlatform]
2022-07-26 15:18:09.937  INFO 15418 --- [    Test worker] j.LocalContainerEntityManagerFactoryBean : Initialized JPA EntityManagerFactory for persistence unit 'default'
2022-07-26 15:18:10.185  WARN 15418 --- [    Test worker] JpaBaseConfiguration$JpaWebConfiguration : spring.jpa.open-in-view is enabled by default. Therefore, database queries may be performed during view rendering. Explicitly configure spring.jpa.open-in-view to disable this warning
2022-07-26 15:18:10.280  INFO 15418 --- [    Test worker] o.s.s.web.DefaultSecurityFilterChain     : Will secure any request with [org.springframework.security.web.context.request.async.WebAsyncManagerIntegrationFilter@6e80de85, org.springframework.security.web.context.SecurityContextPersistenceFilter@9a16af1, org.springframework.security.web.header.HeaderWriterFilter@65a8c306, appool.pool.project.jwt.filter.JwtAuthenticationProcessingFilter@530e08a7, org.springframework.security.web.authentication.logout.LogoutFilter@7f6a6d46, appool.pool.project.login.filter.JsonUsernamePasswordAuthenticationFilter@52fed5b7, org.springframework.security.web.savedrequest.RequestCacheAwareFilter@45302e66, org.springframework.security.web.servletapi.SecurityContextHolderAwareRequestFilter@1e75bef1, org.springframework.security.web.authentication.AnonymousAuthenticationFilter@173b24c4, org.springframework.security.web.session.SessionManagementFilter@322f84fd, org.springframework.security.web.access.ExceptionTranslationFilter@7e0941cc, org.springframework.security.web.access.intercept.FilterSecurityInterceptor@6075a4ea]
2022-07-26 15:18:10.524  INFO 15418 --- [    Test worker] a.pool.project.ProjectApplicationTests   : Started ProjectApplicationTests in 1.812 seconds (JVM running for 2.293)
]]></system-out>
  <system-err><![CDATA[]]></system-err>
</testsuite>
