<?xml version="1.0" encoding="UTF-8"?>
<testsuite name="appool.pool.project.file.service.FileServiceTest" tests="1" skipped="0" failures="0" errors="0" timestamp="2022-07-26T08:20:12" hostname="MacBook-Pro-4.local" time="0.002">
  <properties/>
  <testcase name="파일_저장_성공()" classname="appool.pool.project.file.service.FileServiceTest" time="0.002"/>
  <system-out><![CDATA[2022-07-26 17:20:12.087  INFO 17007 --- [    Test worker] .b.t.c.SpringBootTestContextBootstrapper : Neither @ContextConfiguration nor @ContextHierarchy found for test class [appool.pool.project.file.service.FileServiceTest], using SpringBootContextLoader
2022-07-26 17:20:12.087  INFO 17007 --- [    Test worker] o.s.t.c.support.AbstractContextLoader    : Could not detect default resource locations for test class [appool.pool.project.file.service.FileServiceTest]: no resource found for suffixes {-context.xml, Context.groovy}.
2022-07-26 17:20:12.087  INFO 17007 --- [    Test worker] t.c.s.AnnotationConfigContextLoaderUtils : Could not detect default configuration classes for test class [appool.pool.project.file.service.FileServiceTest]: FileServiceTest does not declare any static, non-private, non-final, nested classes annotated with @Configuration.
2022-07-26 17:20:12.088  INFO 17007 --- [    Test worker] .b.t.c.SpringBootTestContextBootstrapper : Found @SpringBootConfiguration appool.pool.project.ProjectApplication for test class appool.pool.project.file.service.FileServiceTest
2022-07-26 17:20:12.089  INFO 17007 --- [    Test worker] .b.t.c.SpringBootTestContextBootstrapper : Loaded default TestExecutionListener class names from location [META-INF/spring.factories]: [org.springframework.security.test.context.support.WithSecurityContextTestExecutionListener, org.springframework.security.test.context.support.ReactorContextTestExecutionListener, org.springframework.boot.test.autoconfigure.restdocs.RestDocsTestExecutionListener, org.springframework.boot.test.autoconfigure.web.client.MockRestServiceServerResetTestExecutionListener, org.springframework.boot.test.autoconfigure.web.servlet.MockMvcPrintOnlyOnFailureTestExecutionListener, org.springframework.boot.test.autoconfigure.web.servlet.WebDriverTestExecutionListener, org.springframework.boot.test.autoconfigure.webservices.client.MockWebServiceServerTestExecutionListener, org.springframework.boot.test.mock.mockito.MockitoTestExecutionListener, org.springframework.boot.test.mock.mockito.ResetMocksTestExecutionListener, org.springframework.test.context.web.ServletTestExecutionListener, org.springframework.test.context.support.DirtiesContextBeforeModesTestExecutionListener, org.springframework.test.context.event.ApplicationEventsTestExecutionListener, org.springframework.test.context.support.DependencyInjectionTestExecutionListener, org.springframework.test.context.support.DirtiesContextTestExecutionListener, org.springframework.test.context.transaction.TransactionalTestExecutionListener, org.springframework.test.context.jdbc.SqlScriptsTestExecutionListener, org.springframework.test.context.event.EventPublishingTestExecutionListener]
2022-07-26 17:20:12.089  INFO 17007 --- [    Test worker] .b.t.c.SpringBootTestContextBootstrapper : Using TestExecutionListeners: [org.springframework.test.context.web.ServletTestExecutionListener@17e427b6, org.springframework.test.context.support.DirtiesContextBeforeModesTestExecutionListener@73344f4a, org.springframework.test.context.event.ApplicationEventsTestExecutionListener@4e4ee99, org.springframework.boot.test.mock.mockito.MockitoTestExecutionListener@4eaf08f4, org.springframework.boot.test.autoconfigure.SpringBootDependencyInjectionTestExecutionListener@78405f00, org.springframework.test.context.support.DirtiesContextTestExecutionListener@295f115d, org.springframework.test.context.transaction.TransactionalTestExecutionListener@a6cb2c9, org.springframework.test.context.jdbc.SqlScriptsTestExecutionListener@3c32f3d8, org.springframework.security.test.context.support.WithSecurityContextTestExecutionListener@46700301, org.springframework.test.context.event.EventPublishingTestExecutionListener@17f4276b, org.springframework.security.test.context.support.ReactorContextTestExecutionListener@786125a6, org.springframework.boot.test.autoconfigure.restdocs.RestDocsTestExecutionListener@53e6b541, org.springframework.boot.test.autoconfigure.web.client.MockRestServiceServerResetTestExecutionListener@1548dc37, org.springframework.boot.test.autoconfigure.web.servlet.MockMvcPrintOnlyOnFailureTestExecutionListener@23317e8a, org.springframework.boot.test.autoconfigure.web.servlet.WebDriverTestExecutionListener@520c235f, org.springframework.boot.test.autoconfigure.webservices.client.MockWebServiceServerTestExecutionListener@3426d8e2, org.springframework.boot.test.mock.mockito.ResetMocksTestExecutionListener@675c1335]
]]></system-out>
  <system-err><![CDATA[]]></system-err>
</testsuite>
