<?xml version="1.0" encoding="UTF-8"?>
<testsuite name="appool.pool.project.user.controller.UserControllerTest" tests="4" skipped="0" failures="0" errors="0" timestamp="2022-08-10T06:33:08" hostname="MacBook-Pro-4.local" time="1.392">
  <properties/>
  <testcase name="회원가입_실패_필드가_없음()" classname="appool.pool.project.user.controller.UserControllerTest" time="0.128"/>
  <testcase name="회원정보조회_실패_없는회원조회()" classname="appool.pool.project.user.controller.UserControllerTest" time="0.671"/>
  <testcase name="내정보조회_성공()" classname="appool.pool.project.user.controller.UserControllerTest" time="0.472"/>
  <testcase name="test_signUp()" classname="appool.pool.project.user.controller.UserControllerTest" time="0.118"/>
  <system-out><![CDATA[2022-08-10 15:33:07.087  INFO 70917 --- [    Test worker] .b.t.c.SpringBootTestContextBootstrapper : Neither @ContextConfiguration nor @ContextHierarchy found for test class [appool.pool.project.user.controller.UserControllerTest], using SpringBootContextLoader
2022-08-10 15:33:07.087  INFO 70917 --- [    Test worker] o.s.t.c.support.AbstractContextLoader    : Could not detect default resource locations for test class [appool.pool.project.user.controller.UserControllerTest]: no resource found for suffixes {-context.xml, Context.groovy}.
2022-08-10 15:33:07.087  INFO 70917 --- [    Test worker] t.c.s.AnnotationConfigContextLoaderUtils : Could not detect default configuration classes for test class [appool.pool.project.user.controller.UserControllerTest]: UserControllerTest does not declare any static, non-private, non-final, nested classes annotated with @Configuration.
2022-08-10 15:33:07.094  INFO 70917 --- [    Test worker] .b.t.c.SpringBootTestContextBootstrapper : Found @SpringBootConfiguration appool.pool.project.ProjectApplication for test class appool.pool.project.user.controller.UserControllerTest
2022-08-10 15:33:07.095  INFO 70917 --- [    Test worker] .b.t.c.SpringBootTestContextBootstrapper : Loaded default TestExecutionListener class names from location [META-INF/spring.factories]: [org.springframework.security.test.context.support.WithSecurityContextTestExecutionListener, org.springframework.security.test.context.support.ReactorContextTestExecutionListener, org.springframework.boot.test.autoconfigure.restdocs.RestDocsTestExecutionListener, org.springframework.boot.test.autoconfigure.web.client.MockRestServiceServerResetTestExecutionListener, org.springframework.boot.test.autoconfigure.web.servlet.MockMvcPrintOnlyOnFailureTestExecutionListener, org.springframework.boot.test.autoconfigure.web.servlet.WebDriverTestExecutionListener, org.springframework.boot.test.autoconfigure.webservices.client.MockWebServiceServerTestExecutionListener, org.springframework.boot.test.mock.mockito.MockitoTestExecutionListener, org.springframework.boot.test.mock.mockito.ResetMocksTestExecutionListener, org.springframework.test.context.web.ServletTestExecutionListener, org.springframework.test.context.support.DirtiesContextBeforeModesTestExecutionListener, org.springframework.test.context.event.ApplicationEventsTestExecutionListener, org.springframework.test.context.support.DependencyInjectionTestExecutionListener, org.springframework.test.context.support.DirtiesContextTestExecutionListener, org.springframework.test.context.transaction.TransactionalTestExecutionListener, org.springframework.test.context.jdbc.SqlScriptsTestExecutionListener, org.springframework.test.context.event.EventPublishingTestExecutionListener]
2022-08-10 15:33:07.095  INFO 70917 --- [    Test worker] .b.t.c.SpringBootTestContextBootstrapper : Using TestExecutionListeners: [org.springframework.test.context.web.ServletTestExecutionListener@ceeb762, org.springframework.test.context.support.DirtiesContextBeforeModesTestExecutionListener@3b75fdd0, org.springframework.test.context.event.ApplicationEventsTestExecutionListener@504f2bcd, org.springframework.boot.test.mock.mockito.MockitoTestExecutionListener@3c7e7ffd, org.springframework.boot.test.autoconfigure.SpringBootDependencyInjectionTestExecutionListener@45d28ab7, org.springframework.test.context.support.DirtiesContextTestExecutionListener@51dd74a0, org.springframework.test.context.transaction.TransactionalTestExecutionListener@78652c15, org.springframework.test.context.jdbc.SqlScriptsTestExecutionListener@372b2573, org.springframework.security.test.context.support.WithSecurityContextTestExecutionListener@66fd9613, org.springframework.test.context.event.EventPublishingTestExecutionListener@5c3f9618, org.springframework.security.test.context.support.ReactorContextTestExecutionListener@deb0c0e, org.springframework.boot.test.autoconfigure.restdocs.RestDocsTestExecutionListener@6385b07d, org.springframework.boot.test.autoconfigure.web.client.MockRestServiceServerResetTestExecutionListener@6942ff10, org.springframework.boot.test.autoconfigure.web.servlet.MockMvcPrintOnlyOnFailureTestExecutionListener@49ed3b76, org.springframework.boot.test.autoconfigure.web.servlet.WebDriverTestExecutionListener@1c33d539, org.springframework.boot.test.autoconfigure.webservices.client.MockWebServiceServerTestExecutionListener@527b989a, org.springframework.boot.test.mock.mockito.ResetMocksTestExecutionListener@2c3f47ba]

  .   ____          _            __ _ _
 /\\ / ___'_ __ _ _(_)_ __  __ _ \ \ \ \
( ( )\___ | '_ | '_| | '_ \/ _` | \ \ \ \
 \\/  ___)| |_)| | | | | || (_| |  ) ) ) )
  '  |____| .__|_| |_|_| |_\__, | / / / /
 =========|_|==============|___/=/_/_/_/
 :: Spring Boot ::                (v2.6.9)

2022-08-10 15:33:07.112  INFO 70917 --- [    Test worker] a.p.p.u.controller.UserControllerTest    : Starting UserControllerTest using Java 17.0.1 on MacBook-Pro-4.local with PID 70917 (started by johnn in /Users/johnn/Desktop/2022/POOL/dev)
2022-08-10 15:33:07.112  INFO 70917 --- [    Test worker] a.p.p.u.controller.UserControllerTest    : The following 6 profiles are active: "jwt", "develop", "prod", "aws", "credentials", "${profile}"
2022-08-10 15:33:07.190  INFO 70917 --- [    Test worker] .s.d.r.c.RepositoryConfigurationDelegate : Bootstrapping Spring Data JPA repositories in DEFAULT mode.
2022-08-10 15:33:07.200  INFO 70917 --- [    Test worker] .s.d.r.c.RepositoryConfigurationDelegate : Finished Spring Data repository scanning in 10 ms. Found 6 JPA repository interfaces.
2022-08-10 15:33:07.228  INFO 70917 --- [    Test worker] trationDelegate$BeanPostProcessorChecker : Bean '(inner bean)#3ea3b20d' of type [com.amazonaws.auth.BasicAWSCredentials] is not eligible for getting processed by all BeanPostProcessors (for example: not eligible for auto-proxying)
2022-08-10 15:33:07.229  INFO 70917 --- [    Test worker] trationDelegate$BeanPostProcessorChecker : Bean '(inner bean)#7685912e' of type [com.amazonaws.auth.AWSStaticCredentialsProvider] is not eligible for getting processed by all BeanPostProcessors (for example: not eligible for auto-proxying)
2022-08-10 15:33:07.230  INFO 70917 --- [    Test worker] trationDelegate$BeanPostProcessorChecker : Bean '(inner bean)#f7a19c4' of type [com.amazonaws.auth.profile.ProfileCredentialsProvider] is not eligible for getting processed by all BeanPostProcessors (for example: not eligible for auto-proxying)
2022-08-10 15:33:07.232  INFO 70917 --- [    Test worker] trationDelegate$BeanPostProcessorChecker : Bean 'credentialsProvider' of type [org.springframework.cloud.aws.core.credentials.CredentialsProviderFactoryBean] is not eligible for getting processed by all BeanPostProcessors (for example: not eligible for auto-proxying)
2022-08-10 15:33:07.232  INFO 70917 --- [    Test worker] trationDelegate$BeanPostProcessorChecker : Bean 'credentialsProvider' of type [com.amazonaws.auth.AWSCredentialsProviderChain] is not eligible for getting processed by all BeanPostProcessors (for example: not eligible for auto-proxying)
2022-08-10 15:33:07.264  INFO 70917 --- [    Test worker] o.hibernate.jpa.internal.util.LogHelper  : HHH000204: Processing PersistenceUnitInfo [name: default]
2022-08-10 15:33:07.266  INFO 70917 --- [    Test worker] com.zaxxer.hikari.HikariDataSource       : HikariPool-2 - Starting...
2022-08-10 15:33:07.385  INFO 70917 --- [    Test worker] com.zaxxer.hikari.HikariDataSource       : HikariPool-2 - Start completed.
2022-08-10 15:33:07.385  INFO 70917 --- [    Test worker] org.hibernate.dialect.Dialect            : HHH000400: Using dialect: org.hibernate.dialect.MySQL57Dialect
2022-08-10 15:33:08.016  INFO 70917 --- [    Test worker] o.h.e.t.j.p.i.JtaPlatformInitiator       : HHH000490: Using JtaPlatform implementation: [org.hibernate.engine.transaction.jta.platform.internal.NoJtaPlatform]
2022-08-10 15:33:08.020  INFO 70917 --- [    Test worker] j.LocalContainerEntityManagerFactoryBean : Initialized JPA EntityManagerFactory for persistence unit 'default'
2022-08-10 15:33:08.161  WARN 70917 --- [    Test worker] JpaBaseConfiguration$JpaWebConfiguration : spring.jpa.open-in-view is enabled by default. Therefore, database queries may be performed during view rendering. Explicitly configure spring.jpa.open-in-view to disable this warning
2022-08-10 15:33:08.209  INFO 70917 --- [    Test worker] o.s.s.web.DefaultSecurityFilterChain     : Will secure any request with [org.springframework.security.web.context.request.async.WebAsyncManagerIntegrationFilter@6e1ac80e, org.springframework.security.web.context.SecurityContextPersistenceFilter@63714a1, org.springframework.security.web.header.HeaderWriterFilter@962e03a, appool.pool.project.jwt.filter.JwtAuthenticationProcessingFilter@7900d917, org.springframework.security.web.authentication.logout.LogoutFilter@6193340e, appool.pool.project.login.filter.JsonUsernamePasswordAuthenticationFilter@48446968, org.springframework.security.web.savedrequest.RequestCacheAwareFilter@53bf791, org.springframework.security.web.servletapi.SecurityContextHolderAwareRequestFilter@1bc6a43c, org.springframework.security.web.authentication.AnonymousAuthenticationFilter@4170ee0f, org.springframework.security.web.session.SessionManagementFilter@472073bb, org.springframework.security.web.access.ExceptionTranslationFilter@5aeb2c8a, org.springframework.security.web.access.intercept.FilterSecurityInterceptor@5f8089d2]
2022-08-10 15:33:08.274  INFO 70917 --- [    Test worker] o.s.b.a.h2.H2ConsoleAutoConfiguration    : H2 console available at '/h2-console'. Database available at 'jdbc:mysql://my-rds-instance.ckalsgvhdig0.ap-northeast-2.rds.amazonaws.com:3306/my_rds_name?useUnicode=true&characterEncoding=utf8&useSSL=false'
2022-08-10 15:33:08.344  INFO 70917 --- [    Test worker] o.s.b.t.m.w.SpringBootMockServletContext : Initializing Spring TestDispatcherServlet ''
2022-08-10 15:33:08.345  INFO 70917 --- [    Test worker] o.s.t.web.servlet.TestDispatcherServlet  : Initializing Servlet ''
2022-08-10 15:33:08.345  INFO 70917 --- [    Test worker] o.s.t.web.servlet.TestDispatcherServlet  : Completed initialization in 0 ms
2022-08-10 15:33:08.354  INFO 70917 --- [    Test worker] a.p.p.u.controller.UserControllerTest    : Started UserControllerTest in 1.258 seconds (JVM running for 12.916)
2022-08-10 15:33:08.367  INFO 70917 --- [    Test worker] o.s.t.c.transaction.TransactionContext   : Began transaction (1) for test context [DefaultTestContext@1817f7f0 testClass = UserControllerTest, testInstance = appool.pool.project.user.controller.UserControllerTest@205c5cd0, testMethod = 회원가입_실패_필드가_없음@UserControllerTest, testException = [null], mergedContextConfiguration = [WebMergedContextConfiguration@7a4efee2 testClass = UserControllerTest, locations = '{}', classes = '{class appool.pool.project.ProjectApplication}', contextInitializerClasses = '[]', activeProfiles = '{}', propertySourceLocations = '{}', propertySourceProperties = '{org.springframework.boot.test.context.SpringBootTestContextBootstrapper=true}', contextCustomizers = set[org.springframework.boot.test.autoconfigure.actuate.metrics.MetricsExportContextCustomizerFactory$DisableMetricExportContextCustomizer@61544ae6, org.springframework.boot.test.autoconfigure.properties.PropertyMappingContextCustomizer@4b3fa0b3, org.springframework.boot.test.autoconfigure.web.servlet.WebDriverContextCustomizerFactory$Customizer@4c1f22f3, [ImportsContextCustomizer@3f76c712 key = [org.springframework.boot.test.autoconfigure.web.servlet.MockMvcAutoConfiguration, org.springframework.boot.test.autoconfigure.web.servlet.MockMvcWebClientAutoConfiguration, org.springframework.boot.test.autoconfigure.web.servlet.MockMvcWebDriverAutoConfiguration, org.springframework.boot.autoconfigure.security.oauth2.client.servlet.OAuth2ClientAutoConfiguration, org.springframework.boot.autoconfigure.security.oauth2.resource.servlet.OAuth2ResourceServerAutoConfiguration, org.springframework.boot.autoconfigure.security.servlet.SecurityAutoConfiguration, org.springframework.boot.autoconfigure.security.servlet.SecurityFilterAutoConfiguration, org.springframework.boot.autoconfigure.security.servlet.UserDetailsServiceAutoConfiguration, org.springframework.boot.test.autoconfigure.web.servlet.MockMvcSecurityConfiguration, org.springframework.boot.test.autoconfigure.web.reactive.WebTestClientAutoConfiguration]], org.springframework.boot.test.context.filter.ExcludeFilterContextCustomizer@7ae42ce3, org.springframework.boot.test.json.DuplicateJsonObjectContextCustomizerFactory$DuplicateJsonObjectContextCustomizer@38234a38, org.springframework.boot.test.mock.mockito.MockitoContextCustomizer@0, org.springframework.boot.test.web.client.TestRestTemplateContextCustomizer@e70f13a, org.springframework.boot.test.context.SpringBootTestArgs@1, org.springframework.boot.test.context.SpringBootTestWebEnvironment@d21a74c], resourceBasePath = 'src/main/webapp', contextLoader = 'org.springframework.boot.test.context.SpringBootContextLoader', parent = [null]], attributes = map['org.springframework.test.context.web.ServletTestExecutionListener.activateListener' -> true, 'org.springframework.test.context.web.ServletTestExecutionListener.populatedRequestContextHolder' -> true, 'org.springframework.test.context.web.ServletTestExecutionListener.resetRequestContextHolder' -> true, 'org.springframework.test.context.event.ApplicationEventsTestExecutionListener.recordApplicationEvents' -> false]]; transaction manager [org.springframework.orm.jpa.JpaTransactionManager@74a29300]; rollback [true]
2022-08-10 15:33:08.429 ERROR 70917 --- [    Test worker] a.p.project.exception.ExceptionAdvice    : @ValidException 발생! Validation failed for argument [0] in public void appool.pool.project.user.controller.UserController.signUp(appool.pool.project.user.dto.UserSignUpDto,javax.servlet.http.HttpServletRequest,javax.servlet.http.HttpServletResponse) throws java.lang.Exception: [Field error in object 'userSignUpDto' on field 'username': rejected value [null]; codes [NotBlank.userSignUpDto.username,NotBlank.username,NotBlank.java.lang.String,NotBlank]; arguments [org.springframework.context.support.DefaultMessageSourceResolvable: codes [userSignUpDto.username,username]; arguments []; default message [username]]; default message [아이디는 필수 입력 사항입니다.]] 
2022-08-10 15:33:08.441 ERROR 70917 --- [    Test worker] a.p.project.exception.ExceptionAdvice    : @ValidException 발생! Validation failed for argument [0] in public void appool.pool.project.user.controller.UserController.signUp(appool.pool.project.user.dto.UserSignUpDto,javax.servlet.http.HttpServletRequest,javax.servlet.http.HttpServletResponse) throws java.lang.Exception: [Field error in object 'userSignUpDto' on field 'password': rejected value [null]; codes [NotBlank.userSignUpDto.password,NotBlank.password,NotBlank.java.lang.String,NotBlank]; arguments [org.springframework.context.support.DefaultMessageSourceResolvable: codes [userSignUpDto.password,password]; arguments []; default message [password]]; default message [비밀번호는 필수 입력 사항입니다.]] 
2022-08-10 15:33:08.443 ERROR 70917 --- [    Test worker] a.p.project.exception.ExceptionAdvice    : @ValidException 발생! Validation failed for argument [0] in public void appool.pool.project.user.controller.UserController.signUp(appool.pool.project.user.dto.UserSignUpDto,javax.servlet.http.HttpServletRequest,javax.servlet.http.HttpServletResponse) throws java.lang.Exception: [Field error in object 'userSignUpDto' on field 'nickName': rejected value [null]; codes [NotBlank.userSignUpDto.nickName,NotBlank.nickName,NotBlank.java.lang.String,NotBlank]; arguments [org.springframework.context.support.DefaultMessageSourceResolvable: codes [userSignUpDto.nickName,nickName]; arguments []; default message [nickName]]; default message [닉네임은 필수 입력 사항입니다.]] 
2022-08-10 15:33:08.445 ERROR 70917 --- [    Test worker] a.p.project.exception.ExceptionAdvice    : @ValidException 발생! Validation failed for argument [0] in public void appool.pool.project.user.controller.UserController.signUp(appool.pool.project.user.dto.UserSignUpDto,javax.servlet.http.HttpServletRequest,javax.servlet.http.HttpServletResponse) throws java.lang.Exception: [Field error in object 'userSignUpDto' on field 'phoneNumber': rejected value [null]; codes [NotBlank.userSignUpDto.phoneNumber,NotBlank.phoneNumber,NotBlank.java.lang.String,NotBlank]; arguments [org.springframework.context.support.DefaultMessageSourceResolvable: codes [userSignUpDto.phoneNumber,phoneNumber]; arguments []; default message [phoneNumber]]; default message [전화번호는 필수 입력 사항입니다.]] 
2022-08-10 15:33:08.446 ERROR 70917 --- [    Test worker] a.p.project.exception.ExceptionAdvice    : @ValidException 발생! Validation failed for argument [0] in public void appool.pool.project.user.controller.UserController.signUp(appool.pool.project.user.dto.UserSignUpDto,javax.servlet.http.HttpServletRequest,javax.servlet.http.HttpServletResponse) throws java.lang.Exception: [Field error in object 'userSignUpDto' on field 'gender': rejected value [null]; codes [NotBlank.userSignUpDto.gender,NotBlank.gender,NotBlank.java.lang.String,NotBlank]; arguments [org.springframework.context.support.DefaultMessageSourceResolvable: codes [userSignUpDto.gender,gender]; arguments []; default message [gender]]; default message [성별은 필수 입력 사항입니다.]] 
2022-08-10 15:33:08.485  INFO 70917 --- [    Test worker] o.s.t.c.transaction.TransactionContext   : Rolled back transaction for test: [DefaultTestContext@1817f7f0 testClass = UserControllerTest, testInstance = appool.pool.project.user.controller.UserControllerTest@205c5cd0, testMethod = 회원가입_실패_필드가_없음@UserControllerTest, testException = [null], mergedContextConfiguration = [WebMergedContextConfiguration@7a4efee2 testClass = UserControllerTest, locations = '{}', classes = '{class appool.pool.project.ProjectApplication}', contextInitializerClasses = '[]', activeProfiles = '{}', propertySourceLocations = '{}', propertySourceProperties = '{org.springframework.boot.test.context.SpringBootTestContextBootstrapper=true}', contextCustomizers = set[org.springframework.boot.test.autoconfigure.actuate.metrics.MetricsExportContextCustomizerFactory$DisableMetricExportContextCustomizer@61544ae6, org.springframework.boot.test.autoconfigure.properties.PropertyMappingContextCustomizer@4b3fa0b3, org.springframework.boot.test.autoconfigure.web.servlet.WebDriverContextCustomizerFactory$Customizer@4c1f22f3, [ImportsContextCustomizer@3f76c712 key = [org.springframework.boot.test.autoconfigure.web.servlet.MockMvcAutoConfiguration, org.springframework.boot.test.autoconfigure.web.servlet.MockMvcWebClientAutoConfiguration, org.springframework.boot.test.autoconfigure.web.servlet.MockMvcWebDriverAutoConfiguration, org.springframework.boot.autoconfigure.security.oauth2.client.servlet.OAuth2ClientAutoConfiguration, org.springframework.boot.autoconfigure.security.oauth2.resource.servlet.OAuth2ResourceServerAutoConfiguration, org.springframework.boot.autoconfigure.security.servlet.SecurityAutoConfiguration, org.springframework.boot.autoconfigure.security.servlet.SecurityFilterAutoConfiguration, org.springframework.boot.autoconfigure.security.servlet.UserDetailsServiceAutoConfiguration, org.springframework.boot.test.autoconfigure.web.servlet.MockMvcSecurityConfiguration, org.springframework.boot.test.autoconfigure.web.reactive.WebTestClientAutoConfiguration]], org.springframework.boot.test.context.filter.ExcludeFilterContextCustomizer@7ae42ce3, org.springframework.boot.test.json.DuplicateJsonObjectContextCustomizerFactory$DuplicateJsonObjectContextCustomizer@38234a38, org.springframework.boot.test.mock.mockito.MockitoContextCustomizer@0, org.springframework.boot.test.web.client.TestRestTemplateContextCustomizer@e70f13a, org.springframework.boot.test.context.SpringBootTestArgs@1, org.springframework.boot.test.context.SpringBootTestWebEnvironment@d21a74c], resourceBasePath = 'src/main/webapp', contextLoader = 'org.springframework.boot.test.context.SpringBootContextLoader', parent = [null]], attributes = map['org.springframework.test.context.web.ServletTestExecutionListener.activateListener' -> true, 'org.springframework.test.context.web.ServletTestExecutionListener.populatedRequestContextHolder' -> true, 'org.springframework.test.context.web.ServletTestExecutionListener.resetRequestContextHolder' -> true, 'org.springframework.test.context.event.ApplicationEventsTestExecutionListener.recordApplicationEvents' -> false]]
2022-08-10 15:33:08.492  INFO 70917 --- [    Test worker] o.s.t.c.transaction.TransactionContext   : Began transaction (1) for test context [DefaultTestContext@1817f7f0 testClass = UserControllerTest, testInstance = appool.pool.project.user.controller.UserControllerTest@27bde886, testMethod = 회원정보조회_실패_없는회원조회@UserControllerTest, testException = [null], mergedContextConfiguration = [WebMergedContextConfiguration@7a4efee2 testClass = UserControllerTest, locations = '{}', classes = '{class appool.pool.project.ProjectApplication}', contextInitializerClasses = '[]', activeProfiles = '{}', propertySourceLocations = '{}', propertySourceProperties = '{org.springframework.boot.test.context.SpringBootTestContextBootstrapper=true}', contextCustomizers = set[org.springframework.boot.test.autoconfigure.actuate.metrics.MetricsExportContextCustomizerFactory$DisableMetricExportContextCustomizer@61544ae6, org.springframework.boot.test.autoconfigure.properties.PropertyMappingContextCustomizer@4b3fa0b3, org.springframework.boot.test.autoconfigure.web.servlet.WebDriverContextCustomizerFactory$Customizer@4c1f22f3, [ImportsContextCustomizer@3f76c712 key = [org.springframework.boot.test.autoconfigure.web.servlet.MockMvcAutoConfiguration, org.springframework.boot.test.autoconfigure.web.servlet.MockMvcWebClientAutoConfiguration, org.springframework.boot.test.autoconfigure.web.servlet.MockMvcWebDriverAutoConfiguration, org.springframework.boot.autoconfigure.security.oauth2.client.servlet.OAuth2ClientAutoConfiguration, org.springframework.boot.autoconfigure.security.oauth2.resource.servlet.OAuth2ResourceServerAutoConfiguration, org.springframework.boot.autoconfigure.security.servlet.SecurityAutoConfiguration, org.springframework.boot.autoconfigure.security.servlet.SecurityFilterAutoConfiguration, org.springframework.boot.autoconfigure.security.servlet.UserDetailsServiceAutoConfiguration, org.springframework.boot.test.autoconfigure.web.servlet.MockMvcSecurityConfiguration, org.springframework.boot.test.autoconfigure.web.reactive.WebTestClientAutoConfiguration]], org.springframework.boot.test.context.filter.ExcludeFilterContextCustomizer@7ae42ce3, org.springframework.boot.test.json.DuplicateJsonObjectContextCustomizerFactory$DuplicateJsonObjectContextCustomizer@38234a38, org.springframework.boot.test.mock.mockito.MockitoContextCustomizer@0, org.springframework.boot.test.web.client.TestRestTemplateContextCustomizer@e70f13a, org.springframework.boot.test.context.SpringBootTestArgs@1, org.springframework.boot.test.context.SpringBootTestWebEnvironment@d21a74c], resourceBasePath = 'src/main/webapp', contextLoader = 'org.springframework.boot.test.context.SpringBootContextLoader', parent = [null]], attributes = map['org.springframework.test.context.web.ServletTestExecutionListener.activateListener' -> true, 'org.springframework.test.context.web.ServletTestExecutionListener.populatedRequestContextHolder' -> true, 'org.springframework.test.context.web.ServletTestExecutionListener.resetRequestContextHolder' -> true, 'org.springframework.test.context.event.ApplicationEventsTestExecutionListener.recordApplicationEvents' -> false]]; transaction manager [org.springframework.orm.jpa.JpaTransactionManager@74a29300]; rollback [true]
Hibernate: select pooluser0_.pool_user_id as pool_use1_6_, pooluser0_.create_date as create_d2_6_, pooluser0_.last_modified_date as last_mod3_6_, pooluser0_.birthday as birthday4_6_, pooluser0_.gender as gender5_6_, pooluser0_.nick_name as nick_nam6_6_, pooluser0_.password as password7_6_, pooluser0_.phone_number as phone_nu8_6_, pooluser0_.privacy_agreement as privacy_9_6_, pooluser0_.refresh_token as refresh10_6_, pooluser0_.term_agreement as term_ag11_6_, pooluser0_.user_status as user_st12_6_, pooluser0_.username as usernam13_6_ from pooluser pooluser0_ where pooluser0_.username=?
Hibernate: insert into pooluser (create_date, last_modified_date, birthday, gender, nick_name, password, phone_number, privacy_agreement, refresh_token, term_agreement, user_status, username) values (?, ?, ?, ?, ?, ?, ?, ?, ?, ?, ?, ?)
Hibernate: select pooluser0_.pool_user_id as pool_use1_6_, pooluser0_.create_date as create_d2_6_, pooluser0_.last_modified_date as last_mod3_6_, pooluser0_.birthday as birthday4_6_, pooluser0_.gender as gender5_6_, pooluser0_.nick_name as nick_nam6_6_, pooluser0_.password as password7_6_, pooluser0_.phone_number as phone_nu8_6_, pooluser0_.privacy_agreement as privacy_9_6_, pooluser0_.refresh_token as refresh10_6_, pooluser0_.term_agreement as term_ag11_6_, pooluser0_.user_status as user_st12_6_, pooluser0_.username as usernam13_6_ from pooluser pooluser0_ where pooluser0_.username=?
Hibernate: select pooluser0_.pool_user_id as pool_use1_6_, pooluser0_.create_date as create_d2_6_, pooluser0_.last_modified_date as last_mod3_6_, pooluser0_.birthday as birthday4_6_, pooluser0_.gender as gender5_6_, pooluser0_.nick_name as nick_nam6_6_, pooluser0_.password as password7_6_, pooluser0_.phone_number as phone_nu8_6_, pooluser0_.privacy_agreement as privacy_9_6_, pooluser0_.refresh_token as refresh10_6_, pooluser0_.term_agreement as term_ag11_6_, pooluser0_.user_status as user_st12_6_, pooluser0_.username as usernam13_6_ from pooluser pooluser0_ where pooluser0_.username=?
Hibernate: select pooluser0_.pool_user_id as pool_use1_6_, pooluser0_.create_date as create_d2_6_, pooluser0_.last_modified_date as last_mod3_6_, pooluser0_.birthday as birthday4_6_, pooluser0_.gender as gender5_6_, pooluser0_.nick_name as nick_nam6_6_, pooluser0_.password as password7_6_, pooluser0_.phone_number as phone_nu8_6_, pooluser0_.privacy_agreement as privacy_9_6_, pooluser0_.refresh_token as refresh10_6_, pooluser0_.term_agreement as term_ag11_6_, pooluser0_.user_status as user_st12_6_, pooluser0_.username as usernam13_6_ from pooluser pooluser0_ where pooluser0_.username=?
2022-08-10 15:33:08.984  INFO 70917 --- [    Test worker] a.p.p.l.h.LoginSuccessJWTProvideHandler  : eyJ0eXAiOiJKV1QiLCJhbGciOiJIUzUxMiJ9.eyJzdWIiOiJSZWZyZXNoVG9rZW4iLCJleHAiOjE2NjAxMTMzNDh9.o02xJjkz-2EtBCqajzAdZZT5oBGWoi0NoTy2dqQn0zi80kpXkB2BDurb_j7xw2vGKR_lrOBsYMky3uEXV6lfyA
2022-08-10 15:33:08.984  INFO 70917 --- [    Test worker] a.p.p.l.h.LoginSuccessJWTProvideHandler  : 로그인에 성공합니다. username: username
2022-08-10 15:33:08.985  INFO 70917 --- [    Test worker] a.p.p.l.h.LoginSuccessJWTProvideHandler  : AccessToken을 발급합니다. AccessToken: eyJ0eXAiOiJKV1QiLCJhbGciOiJIUzUxMiJ9.eyJzdWIiOiJBY2Nlc3NUb2tlbiIsInJvbGUiOiJVU0VSIiwibmlja05hbWUiOiJkb2hhaGExIiwiZXhwIjoxNjYwMTEzMjY4LCJ1c2VybmFtZSI6InVzZXJuYW1lIn0.GKxyOwaYGwcNTr7OlJE70FFV2-Kk9M8DSYUWzTlHIbPzzdzn7HcNk9hMTw-xyAii4fD7yiw5rKbJcGXkTHucIg
2022-08-10 15:33:08.985  INFO 70917 --- [    Test worker] a.p.p.l.h.LoginSuccessJWTProvideHandler  : RefreshToken을 발급합니다. RefreshToken: eyJ0eXAiOiJKV1QiLCJhbGciOiJIUzUxMiJ9.eyJzdWIiOiJSZWZyZXNoVG9rZW4iLCJleHAiOjE2NjAxMTMzNDh9.o02xJjkz-2EtBCqajzAdZZT5oBGWoi0NoTy2dqQn0zi80kpXkB2BDurb_j7xw2vGKR_lrOBsYMky3uEXV6lfyA
Hibernate: update pooluser set last_modified_date=?, birthday=?, gender=?, nick_name=?, password=?, phone_number=?, privacy_agreement=?, refresh_token=?, term_agreement=?, user_status=?, username=? where pool_user_id=?
Hibernate: insert into pool_user_category (pool_user_pool_user_id, category) values (?, ?)
Hibernate: insert into pool_user_category (pool_user_pool_user_id, category) values (?, ?)
Hibernate: select pooluser0_.pool_user_id as pool_use1_6_, pooluser0_.create_date as create_d2_6_, pooluser0_.last_modified_date as last_mod3_6_, pooluser0_.birthday as birthday4_6_, pooluser0_.gender as gender5_6_, pooluser0_.nick_name as nick_nam6_6_, pooluser0_.password as password7_6_, pooluser0_.phone_number as phone_nu8_6_, pooluser0_.privacy_agreement as privacy_9_6_, pooluser0_.refresh_token as refresh10_6_, pooluser0_.term_agreement as term_ag11_6_, pooluser0_.user_status as user_st12_6_, pooluser0_.username as usernam13_6_ from pooluser pooluser0_ where pooluser0_.username=?
Hibernate: select pooluser0_.pool_user_id as pool_use1_6_0_, pooluser0_.create_date as create_d2_6_0_, pooluser0_.last_modified_date as last_mod3_6_0_, pooluser0_.birthday as birthday4_6_0_, pooluser0_.gender as gender5_6_0_, pooluser0_.nick_name as nick_nam6_6_0_, pooluser0_.password as password7_6_0_, pooluser0_.phone_number as phone_nu8_6_0_, pooluser0_.privacy_agreement as privacy_9_6_0_, pooluser0_.refresh_token as refresh10_6_0_, pooluser0_.term_agreement as term_ag11_6_0_, pooluser0_.user_status as user_st12_6_0_, pooluser0_.username as usernam13_6_0_, branduser1_.brand_user_id as brand_us1_0_1_, branduser1_.create_date as create_d2_0_1_, branduser1_.last_modified_date as last_mod3_0_1_, branduser1_.brand_agreement as brand_ag4_0_1_, branduser1_.brand_info as brand_in5_0_1_, branduser1_.brand_profile_image as brand_pr6_0_1_, branduser1_.brand_username as brand_us7_0_1_, branduser1_.pool_user_id as pool_use8_0_1_, welcomemes2_.welcome_message_id as welcome_1_8_2_, welcomemes2_.create_date as create_d2_8_2_, welcomemes2_.last_modified_date as last_mod3_8_2_, welcomemes2_.body as body4_8_2_, welcomemes2_.message_link as message_5_8_2_, welcomemes2_.title as title6_8_2_, welcomemes2_.writer_id as writer_i7_8_2_ from pooluser pooluser0_ left outer join brand_user branduser1_ on pooluser0_.pool_user_id=branduser1_.pool_user_id left outer join welcome_message welcomemes2_ on pooluser0_.pool_user_id=welcomemes2_.writer_id where pooluser0_.pool_user_id=?
2022-08-10 15:33:09.085 ERROR 70917 --- [    Test worker] a.p.project.exception.ExceptionAdvice    : BaseException errorMessage(): 회원 정보가 없습니다.
2022-08-10 15:33:09.085 ERROR 70917 --- [    Test worker] a.p.project.exception.ExceptionAdvice    : BaseException errorCode() :602
2022-08-10 15:33:09.157  INFO 70917 --- [    Test worker] o.s.t.c.transaction.TransactionContext   : Rolled back transaction for test: [DefaultTestContext@1817f7f0 testClass = UserControllerTest, testInstance = appool.pool.project.user.controller.UserControllerTest@27bde886, testMethod = 회원정보조회_실패_없는회원조회@UserControllerTest, testException = [null], mergedContextConfiguration = [WebMergedContextConfiguration@7a4efee2 testClass = UserControllerTest, locations = '{}', classes = '{class appool.pool.project.ProjectApplication}', contextInitializerClasses = '[]', activeProfiles = '{}', propertySourceLocations = '{}', propertySourceProperties = '{org.springframework.boot.test.context.SpringBootTestContextBootstrapper=true}', contextCustomizers = set[org.springframework.boot.test.autoconfigure.actuate.metrics.MetricsExportContextCustomizerFactory$DisableMetricExportContextCustomizer@61544ae6, org.springframework.boot.test.autoconfigure.properties.PropertyMappingContextCustomizer@4b3fa0b3, org.springframework.boot.test.autoconfigure.web.servlet.WebDriverContextCustomizerFactory$Customizer@4c1f22f3, [ImportsContextCustomizer@3f76c712 key = [org.springframework.boot.test.autoconfigure.web.servlet.MockMvcAutoConfiguration, org.springframework.boot.test.autoconfigure.web.servlet.MockMvcWebClientAutoConfiguration, org.springframework.boot.test.autoconfigure.web.servlet.MockMvcWebDriverAutoConfiguration, org.springframework.boot.autoconfigure.security.oauth2.client.servlet.OAuth2ClientAutoConfiguration, org.springframework.boot.autoconfigure.security.oauth2.resource.servlet.OAuth2ResourceServerAutoConfiguration, org.springframework.boot.autoconfigure.security.servlet.SecurityAutoConfiguration, org.springframework.boot.autoconfigure.security.servlet.SecurityFilterAutoConfiguration, org.springframework.boot.autoconfigure.security.servlet.UserDetailsServiceAutoConfiguration, org.springframework.boot.test.autoconfigure.web.servlet.MockMvcSecurityConfiguration, org.springframework.boot.test.autoconfigure.web.reactive.WebTestClientAutoConfiguration]], org.springframework.boot.test.context.filter.ExcludeFilterContextCustomizer@7ae42ce3, org.springframework.boot.test.json.DuplicateJsonObjectContextCustomizerFactory$DuplicateJsonObjectContextCustomizer@38234a38, org.springframework.boot.test.mock.mockito.MockitoContextCustomizer@0, org.springframework.boot.test.web.client.TestRestTemplateContextCustomizer@e70f13a, org.springframework.boot.test.context.SpringBootTestArgs@1, org.springframework.boot.test.context.SpringBootTestWebEnvironment@d21a74c], resourceBasePath = 'src/main/webapp', contextLoader = 'org.springframework.boot.test.context.SpringBootContextLoader', parent = [null]], attributes = map['org.springframework.test.context.web.ServletTestExecutionListener.activateListener' -> true, 'org.springframework.test.context.web.ServletTestExecutionListener.populatedRequestContextHolder' -> true, 'org.springframework.test.context.web.ServletTestExecutionListener.resetRequestContextHolder' -> true, 'org.springframework.test.context.event.ApplicationEventsTestExecutionListener.recordApplicationEvents' -> false]]
2022-08-10 15:33:09.187  INFO 70917 --- [    Test worker] o.s.t.c.transaction.TransactionContext   : Began transaction (1) for test context [DefaultTestContext@1817f7f0 testClass = UserControllerTest, testInstance = appool.pool.project.user.controller.UserControllerTest@1e7edfb2, testMethod = 내정보조회_성공@UserControllerTest, testException = [null], mergedContextConfiguration = [WebMergedContextConfiguration@7a4efee2 testClass = UserControllerTest, locations = '{}', classes = '{class appool.pool.project.ProjectApplication}', contextInitializerClasses = '[]', activeProfiles = '{}', propertySourceLocations = '{}', propertySourceProperties = '{org.springframework.boot.test.context.SpringBootTestContextBootstrapper=true}', contextCustomizers = set[org.springframework.boot.test.autoconfigure.actuate.metrics.MetricsExportContextCustomizerFactory$DisableMetricExportContextCustomizer@61544ae6, org.springframework.boot.test.autoconfigure.properties.PropertyMappingContextCustomizer@4b3fa0b3, org.springframework.boot.test.autoconfigure.web.servlet.WebDriverContextCustomizerFactory$Customizer@4c1f22f3, [ImportsContextCustomizer@3f76c712 key = [org.springframework.boot.test.autoconfigure.web.servlet.MockMvcAutoConfiguration, org.springframework.boot.test.autoconfigure.web.servlet.MockMvcWebClientAutoConfiguration, org.springframework.boot.test.autoconfigure.web.servlet.MockMvcWebDriverAutoConfiguration, org.springframework.boot.autoconfigure.security.oauth2.client.servlet.OAuth2ClientAutoConfiguration, org.springframework.boot.autoconfigure.security.oauth2.resource.servlet.OAuth2ResourceServerAutoConfiguration, org.springframework.boot.autoconfigure.security.servlet.SecurityAutoConfiguration, org.springframework.boot.autoconfigure.security.servlet.SecurityFilterAutoConfiguration, org.springframework.boot.autoconfigure.security.servlet.UserDetailsServiceAutoConfiguration, org.springframework.boot.test.autoconfigure.web.servlet.MockMvcSecurityConfiguration, org.springframework.boot.test.autoconfigure.web.reactive.WebTestClientAutoConfiguration]], org.springframework.boot.test.context.filter.ExcludeFilterContextCustomizer@7ae42ce3, org.springframework.boot.test.json.DuplicateJsonObjectContextCustomizerFactory$DuplicateJsonObjectContextCustomizer@38234a38, org.springframework.boot.test.mock.mockito.MockitoContextCustomizer@0, org.springframework.boot.test.web.client.TestRestTemplateContextCustomizer@e70f13a, org.springframework.boot.test.context.SpringBootTestArgs@1, org.springframework.boot.test.context.SpringBootTestWebEnvironment@d21a74c], resourceBasePath = 'src/main/webapp', contextLoader = 'org.springframework.boot.test.context.SpringBootContextLoader', parent = [null]], attributes = map['org.springframework.test.context.web.ServletTestExecutionListener.activateListener' -> true, 'org.springframework.test.context.web.ServletTestExecutionListener.populatedRequestContextHolder' -> true, 'org.springframework.test.context.web.ServletTestExecutionListener.resetRequestContextHolder' -> true, 'org.springframework.test.context.event.ApplicationEventsTestExecutionListener.recordApplicationEvents' -> false]]; transaction manager [org.springframework.orm.jpa.JpaTransactionManager@74a29300]; rollback [true]
Hibernate: select pooluser0_.pool_user_id as pool_use1_6_, pooluser0_.create_date as create_d2_6_, pooluser0_.last_modified_date as last_mod3_6_, pooluser0_.birthday as birthday4_6_, pooluser0_.gender as gender5_6_, pooluser0_.nick_name as nick_nam6_6_, pooluser0_.password as password7_6_, pooluser0_.phone_number as phone_nu8_6_, pooluser0_.privacy_agreement as privacy_9_6_, pooluser0_.refresh_token as refresh10_6_, pooluser0_.term_agreement as term_ag11_6_, pooluser0_.user_status as user_st12_6_, pooluser0_.username as usernam13_6_ from pooluser pooluser0_ where pooluser0_.username=?
Hibernate: insert into pooluser (create_date, last_modified_date, birthday, gender, nick_name, password, phone_number, privacy_agreement, refresh_token, term_agreement, user_status, username) values (?, ?, ?, ?, ?, ?, ?, ?, ?, ?, ?, ?)
Hibernate: select pooluser0_.pool_user_id as pool_use1_6_, pooluser0_.create_date as create_d2_6_, pooluser0_.last_modified_date as last_mod3_6_, pooluser0_.birthday as birthday4_6_, pooluser0_.gender as gender5_6_, pooluser0_.nick_name as nick_nam6_6_, pooluser0_.password as password7_6_, pooluser0_.phone_number as phone_nu8_6_, pooluser0_.privacy_agreement as privacy_9_6_, pooluser0_.refresh_token as refresh10_6_, pooluser0_.term_agreement as term_ag11_6_, pooluser0_.user_status as user_st12_6_, pooluser0_.username as usernam13_6_ from pooluser pooluser0_ where pooluser0_.username=?
Hibernate: select pooluser0_.pool_user_id as pool_use1_6_, pooluser0_.create_date as create_d2_6_, pooluser0_.last_modified_date as last_mod3_6_, pooluser0_.birthday as birthday4_6_, pooluser0_.gender as gender5_6_, pooluser0_.nick_name as nick_nam6_6_, pooluser0_.password as password7_6_, pooluser0_.phone_number as phone_nu8_6_, pooluser0_.privacy_agreement as privacy_9_6_, pooluser0_.refresh_token as refresh10_6_, pooluser0_.term_agreement as term_ag11_6_, pooluser0_.user_status as user_st12_6_, pooluser0_.username as usernam13_6_ from pooluser pooluser0_ where pooluser0_.username=?
Hibernate: select pooluser0_.pool_user_id as pool_use1_6_, pooluser0_.create_date as create_d2_6_, pooluser0_.last_modified_date as last_mod3_6_, pooluser0_.birthday as birthday4_6_, pooluser0_.gender as gender5_6_, pooluser0_.nick_name as nick_nam6_6_, pooluser0_.password as password7_6_, pooluser0_.phone_number as phone_nu8_6_, pooluser0_.privacy_agreement as privacy_9_6_, pooluser0_.refresh_token as refresh10_6_, pooluser0_.term_agreement as term_ag11_6_, pooluser0_.user_status as user_st12_6_, pooluser0_.username as usernam13_6_ from pooluser pooluser0_ where pooluser0_.username=?
2022-08-10 15:33:09.518  INFO 70917 --- [    Test worker] a.p.p.l.h.LoginSuccessJWTProvideHandler  : eyJ0eXAiOiJKV1QiLCJhbGciOiJIUzUxMiJ9.eyJzdWIiOiJSZWZyZXNoVG9rZW4iLCJleHAiOjE2NjAxMTMzNDl9.A8yvN2-iM1ipxLT1xbCwqm2J6dEv4ADokK0lr11RZGt66sccCj_QQbL_wcTxFsOq2pJ7rBKkK3xqC9U__M1e-w
2022-08-10 15:33:09.518  INFO 70917 --- [    Test worker] a.p.p.l.h.LoginSuccessJWTProvideHandler  : 로그인에 성공합니다. username: username
2022-08-10 15:33:09.518  INFO 70917 --- [    Test worker] a.p.p.l.h.LoginSuccessJWTProvideHandler  : AccessToken을 발급합니다. AccessToken: eyJ0eXAiOiJKV1QiLCJhbGciOiJIUzUxMiJ9.eyJzdWIiOiJBY2Nlc3NUb2tlbiIsInJvbGUiOiJVU0VSIiwibmlja05hbWUiOiJkb2hhMTIzIiwiZXhwIjoxNjYwMTEzMjY5LCJ1c2VybmFtZSI6InVzZXJuYW1lIn0.zYGc5Hjyw6YCmr-xFzeF1BIhzI0wtg-QFNQiTT83ZbXPlmeKPpNGdGHNm0EJJHbq3-evLQPwtV6PJNazlIgxoA
2022-08-10 15:33:09.518  INFO 70917 --- [    Test worker] a.p.p.l.h.LoginSuccessJWTProvideHandler  : RefreshToken을 발급합니다. RefreshToken: eyJ0eXAiOiJKV1QiLCJhbGciOiJIUzUxMiJ9.eyJzdWIiOiJSZWZyZXNoVG9rZW4iLCJleHAiOjE2NjAxMTMzNDl9.A8yvN2-iM1ipxLT1xbCwqm2J6dEv4ADokK0lr11RZGt66sccCj_QQbL_wcTxFsOq2pJ7rBKkK3xqC9U__M1e-w
Hibernate: update pooluser set last_modified_date=?, birthday=?, gender=?, nick_name=?, password=?, phone_number=?, privacy_agreement=?, refresh_token=?, term_agreement=?, user_status=?, username=? where pool_user_id=?
Hibernate: insert into pool_user_category (pool_user_pool_user_id, category) values (?, ?)
Hibernate: insert into pool_user_category (pool_user_pool_user_id, category) values (?, ?)
Hibernate: select pooluser0_.pool_user_id as pool_use1_6_, pooluser0_.create_date as create_d2_6_, pooluser0_.last_modified_date as last_mod3_6_, pooluser0_.birthday as birthday4_6_, pooluser0_.gender as gender5_6_, pooluser0_.nick_name as nick_nam6_6_, pooluser0_.password as password7_6_, pooluser0_.phone_number as phone_nu8_6_, pooluser0_.privacy_agreement as privacy_9_6_, pooluser0_.refresh_token as refresh10_6_, pooluser0_.term_agreement as term_ag11_6_, pooluser0_.user_status as user_st12_6_, pooluser0_.username as usernam13_6_ from pooluser pooluser0_ where pooluser0_.username=?
Hibernate: select pooluser0_.pool_user_id as pool_use1_6_, pooluser0_.create_date as create_d2_6_, pooluser0_.last_modified_date as last_mod3_6_, pooluser0_.birthday as birthday4_6_, pooluser0_.gender as gender5_6_, pooluser0_.nick_name as nick_nam6_6_, pooluser0_.password as password7_6_, pooluser0_.phone_number as phone_nu8_6_, pooluser0_.privacy_agreement as privacy_9_6_, pooluser0_.refresh_token as refresh10_6_, pooluser0_.term_agreement as term_ag11_6_, pooluser0_.user_status as user_st12_6_, pooluser0_.username as usernam13_6_ from pooluser pooluser0_ where pooluser0_.username=?
Hibernate: SELECT COUNT(*) FROM follow WHERE from_user_id = ?

MockHttpServletRequest:
      HTTP Method = GET
      Request URI = /user
       Parameters = {}
          Headers = [Authorization:"Bearer eyJ0eXAiOiJKV1QiLCJhbGciOiJIUzUxMiJ9.eyJzdWIiOiJBY2Nlc3NUb2tlbiIsInJvbGUiOiJVU0VSIiwibmlja05hbWUiOiJkb2hhMTIzIiwiZXhwIjoxNjYwMTEzMjY5LCJ1c2VybmFtZSI6InVzZXJuYW1lIn0.zYGc5Hjyw6YCmr-xFzeF1BIhzI0wtg-QFNQiTT83ZbXPlmeKPpNGdGHNm0EJJHbq3-evLQPwtV6PJNazlIgxoA"]
             Body = null
    Session Attrs = {}

Handler:
             Type = appool.pool.project.user.controller.UserController
           Method = appool.pool.project.user.controller.UserController#getMyInfo(HttpServletResponse)

Async:
    Async started = false
     Async result = null

Resolved Exception:
             Type = null

ModelAndView:
        View name = null
             View = null
            Model = null

FlashMap:
       Attributes = null

MockHttpServletResponse:
           Status = 200
    Error message = null
          Headers = [Content-Type:"application/json", X-Content-Type-Options:"nosniff", X-XSS-Protection:"1; mode=block", Cache-Control:"no-cache, no-store, max-age=0, must-revalidate", Pragma:"no-cache", Expires:"0", X-Frame-Options:"SAMEORIGIN"]
     Content type = application/json
             Body = {"username":"username","nickName":"doha123","userStatus":"USER","follow":false,"userFollowerCount":0,"userFollowingCount":0}
    Forwarded URL = null
   Redirected URL = null
          Cookies = []
Hibernate: select pooluser0_.pool_user_id as pool_use1_6_, pooluser0_.create_date as create_d2_6_, pooluser0_.last_modified_date as last_mod3_6_, pooluser0_.birthday as birthday4_6_, pooluser0_.gender as gender5_6_, pooluser0_.nick_name as nick_nam6_6_, pooluser0_.password as password7_6_, pooluser0_.phone_number as phone_nu8_6_, pooluser0_.privacy_agreement as privacy_9_6_, pooluser0_.refresh_token as refresh10_6_, pooluser0_.term_agreement as term_ag11_6_, pooluser0_.user_status as user_st12_6_, pooluser0_.username as usernam13_6_ from pooluser pooluser0_ where pooluser0_.username=?
2022-08-10 15:33:09.630  INFO 70917 --- [    Test worker] o.s.t.c.transaction.TransactionContext   : Rolled back transaction for test: [DefaultTestContext@1817f7f0 testClass = UserControllerTest, testInstance = appool.pool.project.user.controller.UserControllerTest@1e7edfb2, testMethod = 내정보조회_성공@UserControllerTest, testException = [null], mergedContextConfiguration = [WebMergedContextConfiguration@7a4efee2 testClass = UserControllerTest, locations = '{}', classes = '{class appool.pool.project.ProjectApplication}', contextInitializerClasses = '[]', activeProfiles = '{}', propertySourceLocations = '{}', propertySourceProperties = '{org.springframework.boot.test.context.SpringBootTestContextBootstrapper=true}', contextCustomizers = set[org.springframework.boot.test.autoconfigure.actuate.metrics.MetricsExportContextCustomizerFactory$DisableMetricExportContextCustomizer@61544ae6, org.springframework.boot.test.autoconfigure.properties.PropertyMappingContextCustomizer@4b3fa0b3, org.springframework.boot.test.autoconfigure.web.servlet.WebDriverContextCustomizerFactory$Customizer@4c1f22f3, [ImportsContextCustomizer@3f76c712 key = [org.springframework.boot.test.autoconfigure.web.servlet.MockMvcAutoConfiguration, org.springframework.boot.test.autoconfigure.web.servlet.MockMvcWebClientAutoConfiguration, org.springframework.boot.test.autoconfigure.web.servlet.MockMvcWebDriverAutoConfiguration, org.springframework.boot.autoconfigure.security.oauth2.client.servlet.OAuth2ClientAutoConfiguration, org.springframework.boot.autoconfigure.security.oauth2.resource.servlet.OAuth2ResourceServerAutoConfiguration, org.springframework.boot.autoconfigure.security.servlet.SecurityAutoConfiguration, org.springframework.boot.autoconfigure.security.servlet.SecurityFilterAutoConfiguration, org.springframework.boot.autoconfigure.security.servlet.UserDetailsServiceAutoConfiguration, org.springframework.boot.test.autoconfigure.web.servlet.MockMvcSecurityConfiguration, org.springframework.boot.test.autoconfigure.web.reactive.WebTestClientAutoConfiguration]], org.springframework.boot.test.context.filter.ExcludeFilterContextCustomizer@7ae42ce3, org.springframework.boot.test.json.DuplicateJsonObjectContextCustomizerFactory$DuplicateJsonObjectContextCustomizer@38234a38, org.springframework.boot.test.mock.mockito.MockitoContextCustomizer@0, org.springframework.boot.test.web.client.TestRestTemplateContextCustomizer@e70f13a, org.springframework.boot.test.context.SpringBootTestArgs@1, org.springframework.boot.test.context.SpringBootTestWebEnvironment@d21a74c], resourceBasePath = 'src/main/webapp', contextLoader = 'org.springframework.boot.test.context.SpringBootContextLoader', parent = [null]], attributes = map['org.springframework.test.context.web.ServletTestExecutionListener.activateListener' -> true, 'org.springframework.test.context.web.ServletTestExecutionListener.populatedRequestContextHolder' -> true, 'org.springframework.test.context.web.ServletTestExecutionListener.resetRequestContextHolder' -> true, 'org.springframework.test.context.event.ApplicationEventsTestExecutionListener.recordApplicationEvents' -> false]]
2022-08-10 15:33:09.637  INFO 70917 --- [    Test worker] o.s.t.c.transaction.TransactionContext   : Began transaction (1) for test context [DefaultTestContext@1817f7f0 testClass = UserControllerTest, testInstance = appool.pool.project.user.controller.UserControllerTest@3e492199, testMethod = test_signUp@UserControllerTest, testException = [null], mergedContextConfiguration = [WebMergedContextConfiguration@7a4efee2 testClass = UserControllerTest, locations = '{}', classes = '{class appool.pool.project.ProjectApplication}', contextInitializerClasses = '[]', activeProfiles = '{}', propertySourceLocations = '{}', propertySourceProperties = '{org.springframework.boot.test.context.SpringBootTestContextBootstrapper=true}', contextCustomizers = set[org.springframework.boot.test.autoconfigure.actuate.metrics.MetricsExportContextCustomizerFactory$DisableMetricExportContextCustomizer@61544ae6, org.springframework.boot.test.autoconfigure.properties.PropertyMappingContextCustomizer@4b3fa0b3, org.springframework.boot.test.autoconfigure.web.servlet.WebDriverContextCustomizerFactory$Customizer@4c1f22f3, [ImportsContextCustomizer@3f76c712 key = [org.springframework.boot.test.autoconfigure.web.servlet.MockMvcAutoConfiguration, org.springframework.boot.test.autoconfigure.web.servlet.MockMvcWebClientAutoConfiguration, org.springframework.boot.test.autoconfigure.web.servlet.MockMvcWebDriverAutoConfiguration, org.springframework.boot.autoconfigure.security.oauth2.client.servlet.OAuth2ClientAutoConfiguration, org.springframework.boot.autoconfigure.security.oauth2.resource.servlet.OAuth2ResourceServerAutoConfiguration, org.springframework.boot.autoconfigure.security.servlet.SecurityAutoConfiguration, org.springframework.boot.autoconfigure.security.servlet.SecurityFilterAutoConfiguration, org.springframework.boot.autoconfigure.security.servlet.UserDetailsServiceAutoConfiguration, org.springframework.boot.test.autoconfigure.web.servlet.MockMvcSecurityConfiguration, org.springframework.boot.test.autoconfigure.web.reactive.WebTestClientAutoConfiguration]], org.springframework.boot.test.context.filter.ExcludeFilterContextCustomizer@7ae42ce3, org.springframework.boot.test.json.DuplicateJsonObjectContextCustomizerFactory$DuplicateJsonObjectContextCustomizer@38234a38, org.springframework.boot.test.mock.mockito.MockitoContextCustomizer@0, org.springframework.boot.test.web.client.TestRestTemplateContextCustomizer@e70f13a, org.springframework.boot.test.context.SpringBootTestArgs@1, org.springframework.boot.test.context.SpringBootTestWebEnvironment@d21a74c], resourceBasePath = 'src/main/webapp', contextLoader = 'org.springframework.boot.test.context.SpringBootContextLoader', parent = [null]], attributes = map['org.springframework.test.context.web.ServletTestExecutionListener.activateListener' -> true, 'org.springframework.test.context.web.ServletTestExecutionListener.populatedRequestContextHolder' -> true, 'org.springframework.test.context.web.ServletTestExecutionListener.resetRequestContextHolder' -> true, 'org.springframework.test.context.event.ApplicationEventsTestExecutionListener.recordApplicationEvents' -> false]]; transaction manager [org.springframework.orm.jpa.JpaTransactionManager@74a29300]; rollback [true]
Hibernate: select pooluser0_.pool_user_id as pool_use1_6_, pooluser0_.create_date as create_d2_6_, pooluser0_.last_modified_date as last_mod3_6_, pooluser0_.birthday as birthday4_6_, pooluser0_.gender as gender5_6_, pooluser0_.nick_name as nick_nam6_6_, pooluser0_.password as password7_6_, pooluser0_.phone_number as phone_nu8_6_, pooluser0_.privacy_agreement as privacy_9_6_, pooluser0_.refresh_token as refresh10_6_, pooluser0_.term_agreement as term_ag11_6_, pooluser0_.user_status as user_st12_6_, pooluser0_.username as usernam13_6_ from pooluser pooluser0_ where pooluser0_.username=?
Hibernate: insert into pooluser (create_date, last_modified_date, birthday, gender, nick_name, password, phone_number, privacy_agreement, refresh_token, term_agreement, user_status, username) values (?, ?, ?, ?, ?, ?, ?, ?, ?, ?, ?, ?)
Hibernate: select pooluser0_.pool_user_id as pool_use1_6_, pooluser0_.create_date as create_d2_6_, pooluser0_.last_modified_date as last_mod3_6_, pooluser0_.birthday as birthday4_6_, pooluser0_.gender as gender5_6_, pooluser0_.nick_name as nick_nam6_6_, pooluser0_.password as password7_6_, pooluser0_.phone_number as phone_nu8_6_, pooluser0_.privacy_agreement as privacy_9_6_, pooluser0_.refresh_token as refresh10_6_, pooluser0_.term_agreement as term_ag11_6_, pooluser0_.user_status as user_st12_6_, pooluser0_.username as usernam13_6_ from pooluser pooluser0_ where pooluser0_.username=?
2022-08-10 15:33:09.750  INFO 70917 --- [    Test worker] o.s.t.c.transaction.TransactionContext   : Rolled back transaction for test: [DefaultTestContext@1817f7f0 testClass = UserControllerTest, testInstance = appool.pool.project.user.controller.UserControllerTest@3e492199, testMethod = test_signUp@UserControllerTest, testException = [null], mergedContextConfiguration = [WebMergedContextConfiguration@7a4efee2 testClass = UserControllerTest, locations = '{}', classes = '{class appool.pool.project.ProjectApplication}', contextInitializerClasses = '[]', activeProfiles = '{}', propertySourceLocations = '{}', propertySourceProperties = '{org.springframework.boot.test.context.SpringBootTestContextBootstrapper=true}', contextCustomizers = set[org.springframework.boot.test.autoconfigure.actuate.metrics.MetricsExportContextCustomizerFactory$DisableMetricExportContextCustomizer@61544ae6, org.springframework.boot.test.autoconfigure.properties.PropertyMappingContextCustomizer@4b3fa0b3, org.springframework.boot.test.autoconfigure.web.servlet.WebDriverContextCustomizerFactory$Customizer@4c1f22f3, [ImportsContextCustomizer@3f76c712 key = [org.springframework.boot.test.autoconfigure.web.servlet.MockMvcAutoConfiguration, org.springframework.boot.test.autoconfigure.web.servlet.MockMvcWebClientAutoConfiguration, org.springframework.boot.test.autoconfigure.web.servlet.MockMvcWebDriverAutoConfiguration, org.springframework.boot.autoconfigure.security.oauth2.client.servlet.OAuth2ClientAutoConfiguration, org.springframework.boot.autoconfigure.security.oauth2.resource.servlet.OAuth2ResourceServerAutoConfiguration, org.springframework.boot.autoconfigure.security.servlet.SecurityAutoConfiguration, org.springframework.boot.autoconfigure.security.servlet.SecurityFilterAutoConfiguration, org.springframework.boot.autoconfigure.security.servlet.UserDetailsServiceAutoConfiguration, org.springframework.boot.test.autoconfigure.web.servlet.MockMvcSecurityConfiguration, org.springframework.boot.test.autoconfigure.web.reactive.WebTestClientAutoConfiguration]], org.springframework.boot.test.context.filter.ExcludeFilterContextCustomizer@7ae42ce3, org.springframework.boot.test.json.DuplicateJsonObjectContextCustomizerFactory$DuplicateJsonObjectContextCustomizer@38234a38, org.springframework.boot.test.mock.mockito.MockitoContextCustomizer@0, org.springframework.boot.test.web.client.TestRestTemplateContextCustomizer@e70f13a, org.springframework.boot.test.context.SpringBootTestArgs@1, org.springframework.boot.test.context.SpringBootTestWebEnvironment@d21a74c], resourceBasePath = 'src/main/webapp', contextLoader = 'org.springframework.boot.test.context.SpringBootContextLoader', parent = [null]], attributes = map['org.springframework.test.context.web.ServletTestExecutionListener.activateListener' -> true, 'org.springframework.test.context.web.ServletTestExecutionListener.populatedRequestContextHolder' -> true, 'org.springframework.test.context.web.ServletTestExecutionListener.resetRequestContextHolder' -> true, 'org.springframework.test.context.event.ApplicationEventsTestExecutionListener.recordApplicationEvents' -> false]]
]]></system-out>
  <system-err><![CDATA[]]></system-err>
</testsuite>
