<?xml version="1.0" encoding="UTF-8"?>
<testsuite name="app.pool.project.controller.MessageControllerDocTest" tests="1" skipped="0" failures="0" errors="0" timestamp="2022-07-19T02:48:22" hostname="MacBook-Pro-4.local" time="0.144">
  <properties/>
  <testcase name="메시지 작성" classname="app.pool.project.controller.MessageControllerDocTest" time="0.144"/>
  <system-out><![CDATA[2022-07-19 11:48:21.962  INFO 91907 --- [    Test worker] .b.t.c.SpringBootTestContextBootstrapper : Neither @ContextConfiguration nor @ContextHierarchy found for test class [app.pool.project.controller.MessageControllerDocTest], using SpringBootContextLoader
2022-07-19 11:48:21.962  INFO 91907 --- [    Test worker] o.s.t.c.support.AbstractContextLoader    : Could not detect default resource locations for test class [app.pool.project.controller.MessageControllerDocTest]: no resource found for suffixes {-context.xml, Context.groovy}.
2022-07-19 11:48:21.962  INFO 91907 --- [    Test worker] t.c.s.AnnotationConfigContextLoaderUtils : Could not detect default configuration classes for test class [app.pool.project.controller.MessageControllerDocTest]: MessageControllerDocTest does not declare any static, non-private, non-final, nested classes annotated with @Configuration.
2022-07-19 11:48:21.966  INFO 91907 --- [    Test worker] .b.t.c.SpringBootTestContextBootstrapper : Found @SpringBootConfiguration app.pool.project.ProjectApplication for test class app.pool.project.controller.MessageControllerDocTest
2022-07-19 11:48:21.967  INFO 91907 --- [    Test worker] .b.t.c.SpringBootTestContextBootstrapper : Loaded default TestExecutionListener class names from location [META-INF/spring.factories]: [org.springframework.security.test.context.support.WithSecurityContextTestExecutionListener, org.springframework.security.test.context.support.ReactorContextTestExecutionListener, org.springframework.boot.test.autoconfigure.restdocs.RestDocsTestExecutionListener, org.springframework.boot.test.autoconfigure.web.client.MockRestServiceServerResetTestExecutionListener, org.springframework.boot.test.autoconfigure.web.servlet.MockMvcPrintOnlyOnFailureTestExecutionListener, org.springframework.boot.test.autoconfigure.web.servlet.WebDriverTestExecutionListener, org.springframework.boot.test.autoconfigure.webservices.client.MockWebServiceServerTestExecutionListener, org.springframework.boot.test.mock.mockito.MockitoTestExecutionListener, org.springframework.boot.test.mock.mockito.ResetMocksTestExecutionListener, org.springframework.test.context.web.ServletTestExecutionListener, org.springframework.test.context.support.DirtiesContextBeforeModesTestExecutionListener, org.springframework.test.context.event.ApplicationEventsTestExecutionListener, org.springframework.test.context.support.DependencyInjectionTestExecutionListener, org.springframework.test.context.support.DirtiesContextTestExecutionListener, org.springframework.test.context.transaction.TransactionalTestExecutionListener, org.springframework.test.context.jdbc.SqlScriptsTestExecutionListener, org.springframework.test.context.event.EventPublishingTestExecutionListener]
2022-07-19 11:48:21.967  INFO 91907 --- [    Test worker] .b.t.c.SpringBootTestContextBootstrapper : Using TestExecutionListeners: [org.springframework.test.context.web.ServletTestExecutionListener@1b4ade78, org.springframework.test.context.support.DirtiesContextBeforeModesTestExecutionListener@45fa7fb7, org.springframework.test.context.event.ApplicationEventsTestExecutionListener@32eeef08, org.springframework.boot.test.mock.mockito.MockitoTestExecutionListener@bbf361a, org.springframework.boot.test.autoconfigure.SpringBootDependencyInjectionTestExecutionListener@46cb800b, org.springframework.test.context.support.DirtiesContextTestExecutionListener@505a48a2, org.springframework.test.context.transaction.TransactionalTestExecutionListener@15096b0e, org.springframework.test.context.jdbc.SqlScriptsTestExecutionListener@67748053, org.springframework.security.test.context.support.WithSecurityContextTestExecutionListener@7da59f6e, org.springframework.test.context.event.EventPublishingTestExecutionListener@7fb8d720, org.springframework.security.test.context.support.ReactorContextTestExecutionListener@21b792c2, org.springframework.boot.test.autoconfigure.restdocs.RestDocsTestExecutionListener@6202f8bf, org.springframework.boot.test.autoconfigure.web.client.MockRestServiceServerResetTestExecutionListener@330d557e, org.springframework.boot.test.autoconfigure.web.servlet.MockMvcPrintOnlyOnFailureTestExecutionListener@ab595e8, org.springframework.boot.test.autoconfigure.web.servlet.WebDriverTestExecutionListener@170937fe, org.springframework.boot.test.autoconfigure.webservices.client.MockWebServiceServerTestExecutionListener@623be2a0, org.springframework.boot.test.mock.mockito.ResetMocksTestExecutionListener@3b44ed3c]

  .   ____          _            __ _ _
 /\\ / ___'_ __ _ _(_)_ __  __ _ \ \ \ \
( ( )\___ | '_ | '_| | '_ \/ _` | \ \ \ \
 \\/  ___)| |_)| | | | | || (_| |  ) ) ) )
  '  |____| .__|_| |_|_| |_\__, | / / / /
 =========|_|==============|___/=/_/_/_/
 :: Spring Boot ::                (v2.6.9)

2022-07-19 11:48:21.981  INFO 91907 --- [    Test worker] a.p.p.c.MessageControllerDocTest         : Starting MessageControllerDocTest using Java 17.0.1 on MacBook-Pro-4.local with PID 91907 (started by johnn in /Users/johnn/Desktop/2022/POOL/dev)
2022-07-19 11:48:21.981  INFO 91907 --- [    Test worker] a.p.p.c.MessageControllerDocTest         : The following 1 profile is active: "jwt"
2022-07-19 11:48:22.061  INFO 91907 --- [    Test worker] .s.d.r.c.RepositoryConfigurationDelegate : Bootstrapping Spring Data JPA repositories in DEFAULT mode.
2022-07-19 11:48:22.069  INFO 91907 --- [    Test worker] .s.d.r.c.RepositoryConfigurationDelegate : Finished Spring Data repository scanning in 7 ms. Found 3 JPA repository interfaces.
2022-07-19 11:48:22.132  INFO 91907 --- [    Test worker] com.zaxxer.hikari.HikariDataSource       : HikariPool-2 - Starting...
2022-07-19 11:48:22.133  INFO 91907 --- [    Test worker] com.zaxxer.hikari.HikariDataSource       : HikariPool-2 - Start completed.
2022-07-19 11:48:22.138  INFO 91907 --- [    Test worker] o.hibernate.jpa.internal.util.LogHelper  : HHH000204: Processing PersistenceUnitInfo [name: default]
2022-07-19 11:48:22.140  INFO 91907 --- [    Test worker] org.hibernate.dialect.Dialect            : HHH000400: Using dialect: org.hibernate.dialect.H2Dialect
2022-07-19 11:48:22.183  INFO 91907 --- [    Test worker] o.h.e.t.j.p.i.JtaPlatformInitiator       : HHH000490: Using JtaPlatform implementation: [org.hibernate.engine.transaction.jta.platform.internal.NoJtaPlatform]
2022-07-19 11:48:22.183  INFO 91907 --- [    Test worker] j.LocalContainerEntityManagerFactoryBean : Initialized JPA EntityManagerFactory for persistence unit 'default'
2022-07-19 11:48:22.296  WARN 91907 --- [    Test worker] JpaBaseConfiguration$JpaWebConfiguration : spring.jpa.open-in-view is enabled by default. Therefore, database queries may be performed during view rendering. Explicitly configure spring.jpa.open-in-view to disable this warning
2022-07-19 11:48:22.341  INFO 91907 --- [    Test worker] o.s.s.web.DefaultSecurityFilterChain     : Will secure any request with [org.springframework.security.web.context.request.async.WebAsyncManagerIntegrationFilter@6c7bc8ac, org.springframework.security.web.context.SecurityContextPersistenceFilter@42ceb67f, org.springframework.security.web.header.HeaderWriterFilter@37596b44, app.pool.project.jwt.filter.JwtAuthenticationProcessingFilter@1f50fe84, org.springframework.security.web.authentication.logout.LogoutFilter@5276330a, app.pool.project.login.filter.JsonUsernamePasswordAuthenticationFilter@71ae1cb, org.springframework.security.web.savedrequest.RequestCacheAwareFilter@52e44f71, org.springframework.security.web.servletapi.SecurityContextHolderAwareRequestFilter@2e1b1d22, org.springframework.security.web.authentication.AnonymousAuthenticationFilter@25131637, org.springframework.security.web.session.SessionManagementFilter@29ec5005, org.springframework.security.web.access.ExceptionTranslationFilter@5e2ab1c, org.springframework.security.web.access.intercept.FilterSecurityInterceptor@33f059ad]
2022-07-19 11:48:22.415  INFO 91907 --- [    Test worker] o.s.b.a.h2.H2ConsoleAutoConfiguration    : H2 console available at '/h2-console'. Database available at 'jdbc:h2:mem:pool'
2022-07-19 11:48:22.505  INFO 91907 --- [    Test worker] o.s.b.t.m.w.SpringBootMockServletContext : Initializing Spring TestDispatcherServlet ''
2022-07-19 11:48:22.505  INFO 91907 --- [    Test worker] o.s.t.web.servlet.TestDispatcherServlet  : Initializing Servlet ''
2022-07-19 11:48:22.506  INFO 91907 --- [    Test worker] o.s.t.web.servlet.TestDispatcherServlet  : Completed initialization in 1 ms
2022-07-19 11:48:22.510  INFO 91907 --- [    Test worker] a.p.p.c.MessageControllerDocTest         : Started MessageControllerDocTest in 0.542 seconds (JVM running for 3.36)

MockHttpServletRequest:
      HTTP Method = POST
      Request URI = /messages
       Parameters = {}
          Headers = [Content-Type:"application/json", Accept:"application/json", Content-Length:"98"]
             Body = <no character encoding set>
    Session Attrs = {}

Handler:
             Type = app.pool.project.message.controller.MessageController
           Method = app.pool.project.message.controller.MessageController#message(MessageCreate)

Async:
    Async started = false
     Async result = null

Resolved Exception:
             Type = null

ModelAndView:
        View name = null
             View = null
            Model = null

FlashMap:
       Attributes = null

MockHttpServletResponse:
           Status = 200
    Error message = null
          Headers = [Vary:"Origin", "Access-Control-Request-Method", "Access-Control-Request-Headers"]
     Content type = null
             Body = 
    Forwarded URL = null
   Redirected URL = null
          Cookies = []
]]></system-out>
  <system-err><![CDATA[]]></system-err>
</testsuite>
