<?xml version="1.0" encoding="UTF-8"?>
<testsuite name="appool.pool.project.file.service.FileServiceTest" tests="1" skipped="0" failures="0" errors="0" timestamp="2022-07-29T05:28:56" hostname="MacBook-Pro-4.local" time="0.028">
  <properties/>
  <testcase name="파일_저장_성공()" classname="appool.pool.project.file.service.FileServiceTest" time="0.028"/>
  <system-out><![CDATA[2022-07-29 14:28:56.541  INFO 11888 --- [    Test worker] .b.t.c.SpringBootTestContextBootstrapper : Neither @ContextConfiguration nor @ContextHierarchy found for test class [appool.pool.project.file.service.FileServiceTest], using SpringBootContextLoader
2022-07-29 14:28:56.541  INFO 11888 --- [    Test worker] o.s.t.c.support.AbstractContextLoader    : Could not detect default resource locations for test class [appool.pool.project.file.service.FileServiceTest]: no resource found for suffixes {-context.xml, Context.groovy}.
2022-07-29 14:28:56.541  INFO 11888 --- [    Test worker] t.c.s.AnnotationConfigContextLoaderUtils : Could not detect default configuration classes for test class [appool.pool.project.file.service.FileServiceTest]: FileServiceTest does not declare any static, non-private, non-final, nested classes annotated with @Configuration.
2022-07-29 14:28:56.543  INFO 11888 --- [    Test worker] .b.t.c.SpringBootTestContextBootstrapper : Found @SpringBootConfiguration appool.pool.project.ProjectApplication for test class appool.pool.project.file.service.FileServiceTest
2022-07-29 14:28:56.544  INFO 11888 --- [    Test worker] .b.t.c.SpringBootTestContextBootstrapper : Loaded default TestExecutionListener class names from location [META-INF/spring.factories]: [org.springframework.security.test.context.support.WithSecurityContextTestExecutionListener, org.springframework.security.test.context.support.ReactorContextTestExecutionListener, org.springframework.boot.test.autoconfigure.restdocs.RestDocsTestExecutionListener, org.springframework.boot.test.autoconfigure.web.client.MockRestServiceServerResetTestExecutionListener, org.springframework.boot.test.autoconfigure.web.servlet.MockMvcPrintOnlyOnFailureTestExecutionListener, org.springframework.boot.test.autoconfigure.web.servlet.WebDriverTestExecutionListener, org.springframework.boot.test.autoconfigure.webservices.client.MockWebServiceServerTestExecutionListener, org.springframework.boot.test.mock.mockito.MockitoTestExecutionListener, org.springframework.boot.test.mock.mockito.ResetMocksTestExecutionListener, org.springframework.test.context.web.ServletTestExecutionListener, org.springframework.test.context.support.DirtiesContextBeforeModesTestExecutionListener, org.springframework.test.context.event.ApplicationEventsTestExecutionListener, org.springframework.test.context.support.DependencyInjectionTestExecutionListener, org.springframework.test.context.support.DirtiesContextTestExecutionListener, org.springframework.test.context.transaction.TransactionalTestExecutionListener, org.springframework.test.context.jdbc.SqlScriptsTestExecutionListener, org.springframework.test.context.event.EventPublishingTestExecutionListener]
2022-07-29 14:28:56.544  INFO 11888 --- [    Test worker] .b.t.c.SpringBootTestContextBootstrapper : Using TestExecutionListeners: [org.springframework.test.context.web.ServletTestExecutionListener@20072ff1, org.springframework.test.context.support.DirtiesContextBeforeModesTestExecutionListener@6e48b9ed, org.springframework.test.context.event.ApplicationEventsTestExecutionListener@38ed9fb2, org.springframework.boot.test.mock.mockito.MockitoTestExecutionListener@3bde85b0, org.springframework.boot.test.autoconfigure.SpringBootDependencyInjectionTestExecutionListener@22bf4d9d, org.springframework.test.context.support.DirtiesContextTestExecutionListener@9930ff6, org.springframework.test.context.transaction.TransactionalTestExecutionListener@5d571179, org.springframework.test.context.jdbc.SqlScriptsTestExecutionListener@12ebfc66, org.springframework.security.test.context.support.WithSecurityContextTestExecutionListener@4a609803, org.springframework.test.context.event.EventPublishingTestExecutionListener@5b1dd206, org.springframework.security.test.context.support.ReactorContextTestExecutionListener@3ea4dcc5, org.springframework.boot.test.autoconfigure.restdocs.RestDocsTestExecutionListener@73611fbb, org.springframework.boot.test.autoconfigure.web.client.MockRestServiceServerResetTestExecutionListener@3d0f2154, org.springframework.boot.test.autoconfigure.web.servlet.MockMvcPrintOnlyOnFailureTestExecutionListener@8374911, org.springframework.boot.test.autoconfigure.web.servlet.WebDriverTestExecutionListener@106dee26, org.springframework.boot.test.autoconfigure.webservices.client.MockWebServiceServerTestExecutionListener@6b0aa757, org.springframework.boot.test.mock.mockito.ResetMocksTestExecutionListener@2f4b2ee3]
]]></system-out>
  <system-err><![CDATA[]]></system-err>
</testsuite>
