<?xml version="1.0" encoding="UTF-8"?>
<testsuite name="appool.pool.project.ProjectApplicationTests" tests="1" skipped="0" failures="0" errors="0" timestamp="2022-07-25T07:03:14" hostname="MacBook-Pro-4.local" time="0.061">
  <properties/>
  <testcase name="contextLoads()" classname="appool.pool.project.ProjectApplicationTests" time="0.061"/>
  <system-out><![CDATA[16:03:12.007 [Test worker] DEBUG org.springframework.test.context.BootstrapUtils - Instantiating CacheAwareContextLoaderDelegate from class [org.springframework.test.context.cache.DefaultCacheAwareContextLoaderDelegate]
16:03:12.012 [Test worker] DEBUG org.springframework.test.context.BootstrapUtils - Instantiating BootstrapContext using constructor [public org.springframework.test.context.support.DefaultBootstrapContext(java.lang.Class,org.springframework.test.context.CacheAwareContextLoaderDelegate)]
16:03:12.028 [Test worker] DEBUG org.springframework.test.context.BootstrapUtils - Instantiating TestContextBootstrapper for test class [appool.pool.project.ProjectApplicationTests] from class [org.springframework.boot.test.context.SpringBootTestContextBootstrapper]
16:03:12.035 [Test worker] INFO org.springframework.boot.test.context.SpringBootTestContextBootstrapper - Neither @ContextConfiguration nor @ContextHierarchy found for test class [appool.pool.project.ProjectApplicationTests], using SpringBootContextLoader
16:03:12.040 [Test worker] DEBUG org.springframework.test.context.support.AbstractContextLoader - Did not detect default resource location for test class [appool.pool.project.ProjectApplicationTests]: class path resource [appool/pool/project/ProjectApplicationTests-context.xml] does not exist
16:03:12.040 [Test worker] DEBUG org.springframework.test.context.support.AbstractContextLoader - Did not detect default resource location for test class [appool.pool.project.ProjectApplicationTests]: class path resource [appool/pool/project/ProjectApplicationTestsContext.groovy] does not exist
16:03:12.040 [Test worker] INFO org.springframework.test.context.support.AbstractContextLoader - Could not detect default resource locations for test class [appool.pool.project.ProjectApplicationTests]: no resource found for suffixes {-context.xml, Context.groovy}.
16:03:12.040 [Test worker] INFO org.springframework.test.context.support.AnnotationConfigContextLoaderUtils - Could not detect default configuration classes for test class [appool.pool.project.ProjectApplicationTests]: ProjectApplicationTests does not declare any static, non-private, non-final, nested classes annotated with @Configuration.
16:03:12.059 [Test worker] DEBUG org.springframework.test.context.support.ActiveProfilesUtils - Could not find an 'annotation declaring class' for annotation type [org.springframework.test.context.ActiveProfiles] and class [appool.pool.project.ProjectApplicationTests]
16:03:12.084 [Test worker] DEBUG org.springframework.context.annotation.ClassPathScanningCandidateComponentProvider - Identified candidate component class: file [/Users/johnn/Desktop/2022/POOL/dev/build/classes/java/main/appool/pool/project/ProjectApplication.class]
16:03:12.085 [Test worker] INFO org.springframework.boot.test.context.SpringBootTestContextBootstrapper - Found @SpringBootConfiguration appool.pool.project.ProjectApplication for test class appool.pool.project.ProjectApplicationTests
16:03:12.118 [Test worker] DEBUG org.springframework.boot.test.context.SpringBootTestContextBootstrapper - @TestExecutionListeners is not present for class [appool.pool.project.ProjectApplicationTests]: using defaults.
16:03:12.118 [Test worker] INFO org.springframework.boot.test.context.SpringBootTestContextBootstrapper - Loaded default TestExecutionListener class names from location [META-INF/spring.factories]: [org.springframework.security.test.context.support.WithSecurityContextTestExecutionListener, org.springframework.security.test.context.support.ReactorContextTestExecutionListener, org.springframework.boot.test.autoconfigure.restdocs.RestDocsTestExecutionListener, org.springframework.boot.test.autoconfigure.web.client.MockRestServiceServerResetTestExecutionListener, org.springframework.boot.test.autoconfigure.web.servlet.MockMvcPrintOnlyOnFailureTestExecutionListener, org.springframework.boot.test.autoconfigure.web.servlet.WebDriverTestExecutionListener, org.springframework.boot.test.autoconfigure.webservices.client.MockWebServiceServerTestExecutionListener, org.springframework.boot.test.mock.mockito.MockitoTestExecutionListener, org.springframework.boot.test.mock.mockito.ResetMocksTestExecutionListener, org.springframework.test.context.web.ServletTestExecutionListener, org.springframework.test.context.support.DirtiesContextBeforeModesTestExecutionListener, org.springframework.test.context.event.ApplicationEventsTestExecutionListener, org.springframework.test.context.support.DependencyInjectionTestExecutionListener, org.springframework.test.context.support.DirtiesContextTestExecutionListener, org.springframework.test.context.transaction.TransactionalTestExecutionListener, org.springframework.test.context.jdbc.SqlScriptsTestExecutionListener, org.springframework.test.context.event.EventPublishingTestExecutionListener]
16:03:12.124 [Test worker] INFO org.springframework.boot.test.context.SpringBootTestContextBootstrapper - Using TestExecutionListeners: [org.springframework.test.context.web.ServletTestExecutionListener@25748410, org.springframework.test.context.support.DirtiesContextBeforeModesTestExecutionListener@2b43529a, org.springframework.test.context.event.ApplicationEventsTestExecutionListener@4264b240, org.springframework.boot.test.mock.mockito.MockitoTestExecutionListener@5b04476e, org.springframework.boot.test.autoconfigure.SpringBootDependencyInjectionTestExecutionListener@5ad10c1a, org.springframework.test.context.support.DirtiesContextTestExecutionListener@6bb75258, org.springframework.test.context.transaction.TransactionalTestExecutionListener@c260bdc, org.springframework.test.context.jdbc.SqlScriptsTestExecutionListener@75e01201, org.springframework.security.test.context.support.WithSecurityContextTestExecutionListener@2783717b, org.springframework.test.context.event.EventPublishingTestExecutionListener@76f7d241, org.springframework.security.test.context.support.ReactorContextTestExecutionListener@4a335fa8, org.springframework.boot.test.autoconfigure.restdocs.RestDocsTestExecutionListener@3f363cf5, org.springframework.boot.test.autoconfigure.web.client.MockRestServiceServerResetTestExecutionListener@3829ac1, org.springframework.boot.test.autoconfigure.web.servlet.MockMvcPrintOnlyOnFailureTestExecutionListener@4baf352a, org.springframework.boot.test.autoconfigure.web.servlet.WebDriverTestExecutionListener@1bb1fde8, org.springframework.boot.test.autoconfigure.webservices.client.MockWebServiceServerTestExecutionListener@15eebbff, org.springframework.boot.test.mock.mockito.ResetMocksTestExecutionListener@22d6f11]
16:03:12.126 [Test worker] DEBUG org.springframework.test.context.support.AbstractDirtiesContextTestExecutionListener - Before test class: context [DefaultTestContext@557a1e2d testClass = ProjectApplicationTests, testInstance = [null], testMethod = [null], testException = [null], mergedContextConfiguration = [WebMergedContextConfiguration@26a4842b testClass = ProjectApplicationTests, locations = '{}', classes = '{class appool.pool.project.ProjectApplication}', contextInitializerClasses = '[]', activeProfiles = '{}', propertySourceLocations = '{}', propertySourceProperties = '{org.springframework.boot.test.context.SpringBootTestContextBootstrapper=true}', contextCustomizers = set[org.springframework.boot.test.autoconfigure.actuate.metrics.MetricsExportContextCustomizerFactory$DisableMetricExportContextCustomizer@146dfe6, org.springframework.boot.test.autoconfigure.properties.PropertyMappingContextCustomizer@0, org.springframework.boot.test.autoconfigure.web.servlet.WebDriverContextCustomizerFactory$Customizer@60856961, org.springframework.boot.test.context.filter.ExcludeFilterContextCustomizer@141e5bef, org.springframework.boot.test.json.DuplicateJsonObjectContextCustomizerFactory$DuplicateJsonObjectContextCustomizer@66c61024, org.springframework.boot.test.mock.mockito.MockitoContextCustomizer@0, org.springframework.boot.test.web.client.TestRestTemplateContextCustomizer@5bf0fe62, org.springframework.boot.test.context.SpringBootTestArgs@1, org.springframework.boot.test.context.SpringBootTestWebEnvironment@3af9c5b7], resourceBasePath = 'src/main/webapp', contextLoader = 'org.springframework.boot.test.context.SpringBootContextLoader', parent = [null]], attributes = map['org.springframework.test.context.web.ServletTestExecutionListener.activateListener' -> true]], class annotated with @DirtiesContext [false] with mode [null].

  .   ____          _            __ _ _
 /\\ / ___'_ __ _ _(_)_ __  __ _ \ \ \ \
( ( )\___ | '_ | '_| | '_ \/ _` | \ \ \ \
 \\/  ___)| |_)| | | | | || (_| |  ) ) ) )
  '  |____| .__|_| |_|_| |_\__, | / / / /
 =========|_|==============|___/=/_/_/_/
 :: Spring Boot ::                (v2.6.9)

2022-07-25 16:03:12.398  INFO 8124 --- [    Test worker] a.pool.project.ProjectApplicationTests   : Starting ProjectApplicationTests using Java 17.0.1 on MacBook-Pro-4.local with PID 8124 (started by johnn in /Users/johnn/Desktop/2022/POOL/dev)
2022-07-25 16:03:12.399  INFO 8124 --- [    Test worker] a.pool.project.ProjectApplicationTests   : The following 1 profile is active: "jwt"
2022-07-25 16:03:12.703  INFO 8124 --- [    Test worker] .s.d.r.c.RepositoryConfigurationDelegate : Bootstrapping Spring Data JPA repositories in DEFAULT mode.
2022-07-25 16:03:12.733  INFO 8124 --- [    Test worker] .s.d.r.c.RepositoryConfigurationDelegate : Finished Spring Data repository scanning in 27 ms. Found 3 JPA repository interfaces.
2022-07-25 16:03:12.943  INFO 8124 --- [    Test worker] com.zaxxer.hikari.HikariDataSource       : HikariPool-1 - Starting...
2022-07-25 16:03:13.013  INFO 8124 --- [    Test worker] com.zaxxer.hikari.HikariDataSource       : HikariPool-1 - Start completed.
2022-07-25 16:03:13.046  INFO 8124 --- [    Test worker] o.hibernate.jpa.internal.util.LogHelper  : HHH000204: Processing PersistenceUnitInfo [name: default]
2022-07-25 16:03:13.065  INFO 8124 --- [    Test worker] org.hibernate.Version                    : HHH000412: Hibernate ORM core version 5.6.9.Final
2022-07-25 16:03:13.130  INFO 8124 --- [    Test worker] o.hibernate.annotations.common.Version   : HCANN000001: Hibernate Commons Annotations {5.1.2.Final}
2022-07-25 16:03:13.183  INFO 8124 --- [    Test worker] org.hibernate.dialect.Dialect            : HHH000400: Using dialect: org.hibernate.dialect.H2Dialect
2022-07-25 16:03:13.478  INFO 8124 --- [    Test worker] o.h.e.t.j.p.i.JtaPlatformInitiator       : HHH000490: Using JtaPlatform implementation: [org.hibernate.engine.transaction.jta.platform.internal.NoJtaPlatform]
2022-07-25 16:03:13.481  INFO 8124 --- [    Test worker] j.LocalContainerEntityManagerFactoryBean : Initialized JPA EntityManagerFactory for persistence unit 'default'
2022-07-25 16:03:13.732  WARN 8124 --- [    Test worker] JpaBaseConfiguration$JpaWebConfiguration : spring.jpa.open-in-view is enabled by default. Therefore, database queries may be performed during view rendering. Explicitly configure spring.jpa.open-in-view to disable this warning
2022-07-25 16:03:13.840  INFO 8124 --- [    Test worker] o.s.s.web.DefaultSecurityFilterChain     : Will secure any request with [org.springframework.security.web.context.request.async.WebAsyncManagerIntegrationFilter@1248f83, org.springframework.security.web.context.SecurityContextPersistenceFilter@50841932, org.springframework.security.web.header.HeaderWriterFilter@5507584d, appool.pool.project.jwt.filter.JwtAuthenticationProcessingFilter@4b45c8e4, org.springframework.security.web.authentication.logout.LogoutFilter@78805df3, appool.pool.project.login.filter.JsonUsernamePasswordAuthenticationFilter@1221d607, org.springframework.security.web.savedrequest.RequestCacheAwareFilter@ecb8b3e, org.springframework.security.web.servletapi.SecurityContextHolderAwareRequestFilter@17a5ae7b, org.springframework.security.web.authentication.AnonymousAuthenticationFilter@5c28009f, org.springframework.security.web.session.SessionManagementFilter@79982bcc, org.springframework.security.web.access.ExceptionTranslationFilter@37f7ce20, org.springframework.security.web.access.intercept.FilterSecurityInterceptor@3c65f2e1]
2022-07-25 16:03:13.982  INFO 8124 --- [    Test worker] o.s.b.a.h2.H2ConsoleAutoConfiguration    : H2 console available at '/h2-console'. Database available at 'jdbc:h2:mem:pool'
2022-07-25 16:03:14.095  INFO 8124 --- [    Test worker] a.pool.project.ProjectApplicationTests   : Started ProjectApplicationTests in 1.953 seconds (JVM running for 2.432)
]]></system-out>
  <system-err><![CDATA[]]></system-err>
</testsuite>
