<?xml version="1.0" encoding="UTF-8"?>
<testsuite name="appool.pool.project.ProjectApplicationTests" tests="1" skipped="0" failures="0" errors="0" timestamp="2022-07-26T08:20:12" hostname="MacBook-Pro-4.local" time="0.001">
  <properties/>
  <testcase name="contextLoads()" classname="appool.pool.project.ProjectApplicationTests" time="0.001"/>
  <system-out><![CDATA[2022-07-26 17:20:12.081  INFO 17007 --- [    Test worker] .b.t.c.SpringBootTestContextBootstrapper : Neither @ContextConfiguration nor @ContextHierarchy found for test class [appool.pool.project.ProjectApplicationTests], using SpringBootContextLoader
2022-07-26 17:20:12.081  INFO 17007 --- [    Test worker] o.s.t.c.support.AbstractContextLoader    : Could not detect default resource locations for test class [appool.pool.project.ProjectApplicationTests]: no resource found for suffixes {-context.xml, Context.groovy}.
2022-07-26 17:20:12.081  INFO 17007 --- [    Test worker] t.c.s.AnnotationConfigContextLoaderUtils : Could not detect default configuration classes for test class [appool.pool.project.ProjectApplicationTests]: ProjectApplicationTests does not declare any static, non-private, non-final, nested classes annotated with @Configuration.
2022-07-26 17:20:12.083  INFO 17007 --- [    Test worker] .b.t.c.SpringBootTestContextBootstrapper : Found @SpringBootConfiguration appool.pool.project.ProjectApplication for test class appool.pool.project.ProjectApplicationTests
2022-07-26 17:20:12.083  INFO 17007 --- [    Test worker] .b.t.c.SpringBootTestContextBootstrapper : Loaded default TestExecutionListener class names from location [META-INF/spring.factories]: [org.springframework.security.test.context.support.WithSecurityContextTestExecutionListener, org.springframework.security.test.context.support.ReactorContextTestExecutionListener, org.springframework.boot.test.autoconfigure.restdocs.RestDocsTestExecutionListener, org.springframework.boot.test.autoconfigure.web.client.MockRestServiceServerResetTestExecutionListener, org.springframework.boot.test.autoconfigure.web.servlet.MockMvcPrintOnlyOnFailureTestExecutionListener, org.springframework.boot.test.autoconfigure.web.servlet.WebDriverTestExecutionListener, org.springframework.boot.test.autoconfigure.webservices.client.MockWebServiceServerTestExecutionListener, org.springframework.boot.test.mock.mockito.MockitoTestExecutionListener, org.springframework.boot.test.mock.mockito.ResetMocksTestExecutionListener, org.springframework.test.context.web.ServletTestExecutionListener, org.springframework.test.context.support.DirtiesContextBeforeModesTestExecutionListener, org.springframework.test.context.event.ApplicationEventsTestExecutionListener, org.springframework.test.context.support.DependencyInjectionTestExecutionListener, org.springframework.test.context.support.DirtiesContextTestExecutionListener, org.springframework.test.context.transaction.TransactionalTestExecutionListener, org.springframework.test.context.jdbc.SqlScriptsTestExecutionListener, org.springframework.test.context.event.EventPublishingTestExecutionListener]
2022-07-26 17:20:12.084  INFO 17007 --- [    Test worker] .b.t.c.SpringBootTestContextBootstrapper : Using TestExecutionListeners: [org.springframework.test.context.web.ServletTestExecutionListener@8ea1521, org.springframework.test.context.support.DirtiesContextBeforeModesTestExecutionListener@7424a39e, org.springframework.test.context.event.ApplicationEventsTestExecutionListener@2526ecb7, org.springframework.boot.test.mock.mockito.MockitoTestExecutionListener@1196950e, org.springframework.boot.test.autoconfigure.SpringBootDependencyInjectionTestExecutionListener@490dc900, org.springframework.test.context.support.DirtiesContextTestExecutionListener@18e4bbec, org.springframework.test.context.transaction.TransactionalTestExecutionListener@ab5af13, org.springframework.test.context.jdbc.SqlScriptsTestExecutionListener@2f2e75ae, org.springframework.security.test.context.support.WithSecurityContextTestExecutionListener@8ccec82, org.springframework.test.context.event.EventPublishingTestExecutionListener@35ca0dac, org.springframework.security.test.context.support.ReactorContextTestExecutionListener@12a0f131, org.springframework.boot.test.autoconfigure.restdocs.RestDocsTestExecutionListener@4eff65ce, org.springframework.boot.test.autoconfigure.web.client.MockRestServiceServerResetTestExecutionListener@2138386f, org.springframework.boot.test.autoconfigure.web.servlet.MockMvcPrintOnlyOnFailureTestExecutionListener@44faf689, org.springframework.boot.test.autoconfigure.web.servlet.WebDriverTestExecutionListener@5146ae5e, org.springframework.boot.test.autoconfigure.webservices.client.MockWebServiceServerTestExecutionListener@642270ad, org.springframework.boot.test.mock.mockito.ResetMocksTestExecutionListener@439c706]
]]></system-out>
  <system-err><![CDATA[]]></system-err>
</testsuite>
