<?xml version="1.0" encoding="UTF-8"?>
<testsuite name="appool.pool.project.user.controller.UserControllerTest" tests="4" skipped="0" failures="0" errors="0" timestamp="2022-08-03T07:53:00" hostname="MacBook-Pro-4.local" time="2.094">
  <properties/>
  <testcase name="회원가입_실패_필드가_없음()" classname="appool.pool.project.user.controller.UserControllerTest" time="0.187"/>
  <testcase name="회원정보조회_실패_없는회원조회()" classname="appool.pool.project.user.controller.UserControllerTest" time="0.9"/>
  <testcase name="내정보조회_성공()" classname="appool.pool.project.user.controller.UserControllerTest" time="0.701"/>
  <testcase name="test_signUp()" classname="appool.pool.project.user.controller.UserControllerTest" time="0.302"/>
  <system-out><![CDATA[2022-08-03 16:52:58.359  INFO 31888 --- [    Test worker] .b.t.c.SpringBootTestContextBootstrapper : Neither @ContextConfiguration nor @ContextHierarchy found for test class [appool.pool.project.user.controller.UserControllerTest], using SpringBootContextLoader
2022-08-03 16:52:58.359  INFO 31888 --- [    Test worker] o.s.t.c.support.AbstractContextLoader    : Could not detect default resource locations for test class [appool.pool.project.user.controller.UserControllerTest]: no resource found for suffixes {-context.xml, Context.groovy}.
2022-08-03 16:52:58.359  INFO 31888 --- [    Test worker] t.c.s.AnnotationConfigContextLoaderUtils : Could not detect default configuration classes for test class [appool.pool.project.user.controller.UserControllerTest]: UserControllerTest does not declare any static, non-private, non-final, nested classes annotated with @Configuration.
2022-08-03 16:52:58.364  INFO 31888 --- [    Test worker] .b.t.c.SpringBootTestContextBootstrapper : Found @SpringBootConfiguration appool.pool.project.ProjectApplication for test class appool.pool.project.user.controller.UserControllerTest
2022-08-03 16:52:58.365  INFO 31888 --- [    Test worker] .b.t.c.SpringBootTestContextBootstrapper : Loaded default TestExecutionListener class names from location [META-INF/spring.factories]: [org.springframework.security.test.context.support.WithSecurityContextTestExecutionListener, org.springframework.security.test.context.support.ReactorContextTestExecutionListener, org.springframework.boot.test.autoconfigure.restdocs.RestDocsTestExecutionListener, org.springframework.boot.test.autoconfigure.web.client.MockRestServiceServerResetTestExecutionListener, org.springframework.boot.test.autoconfigure.web.servlet.MockMvcPrintOnlyOnFailureTestExecutionListener, org.springframework.boot.test.autoconfigure.web.servlet.WebDriverTestExecutionListener, org.springframework.boot.test.autoconfigure.webservices.client.MockWebServiceServerTestExecutionListener, org.springframework.boot.test.mock.mockito.MockitoTestExecutionListener, org.springframework.boot.test.mock.mockito.ResetMocksTestExecutionListener, org.springframework.test.context.web.ServletTestExecutionListener, org.springframework.test.context.support.DirtiesContextBeforeModesTestExecutionListener, org.springframework.test.context.event.ApplicationEventsTestExecutionListener, org.springframework.test.context.support.DependencyInjectionTestExecutionListener, org.springframework.test.context.support.DirtiesContextTestExecutionListener, org.springframework.test.context.transaction.TransactionalTestExecutionListener, org.springframework.test.context.jdbc.SqlScriptsTestExecutionListener, org.springframework.test.context.event.EventPublishingTestExecutionListener]
2022-08-03 16:52:58.365  INFO 31888 --- [    Test worker] .b.t.c.SpringBootTestContextBootstrapper : Using TestExecutionListeners: [org.springframework.test.context.web.ServletTestExecutionListener@4474c514, org.springframework.test.context.support.DirtiesContextBeforeModesTestExecutionListener@465eb466, org.springframework.test.context.event.ApplicationEventsTestExecutionListener@5fc44b4b, org.springframework.boot.test.mock.mockito.MockitoTestExecutionListener@1c8e4810, org.springframework.boot.test.autoconfigure.SpringBootDependencyInjectionTestExecutionListener@7e3062f0, org.springframework.test.context.support.DirtiesContextTestExecutionListener@4dfe14d4, org.springframework.test.context.transaction.TransactionalTestExecutionListener@309d9033, org.springframework.test.context.jdbc.SqlScriptsTestExecutionListener@5ebd80f8, org.springframework.security.test.context.support.WithSecurityContextTestExecutionListener@23674e3d, org.springframework.test.context.event.EventPublishingTestExecutionListener@1e82b631, org.springframework.security.test.context.support.ReactorContextTestExecutionListener@42c2a1da, org.springframework.boot.test.autoconfigure.restdocs.RestDocsTestExecutionListener@70ca533a, org.springframework.boot.test.autoconfigure.web.client.MockRestServiceServerResetTestExecutionListener@6945fdb8, org.springframework.boot.test.autoconfigure.web.servlet.MockMvcPrintOnlyOnFailureTestExecutionListener@627dfd9f, org.springframework.boot.test.autoconfigure.web.servlet.WebDriverTestExecutionListener@35e64c7b, org.springframework.boot.test.autoconfigure.webservices.client.MockWebServiceServerTestExecutionListener@17179a7e, org.springframework.boot.test.mock.mockito.ResetMocksTestExecutionListener@51f91d19]

  .   ____          _            __ _ _
 /\\ / ___'_ __ _ _(_)_ __  __ _ \ \ \ \
( ( )\___ | '_ | '_| | '_ \/ _` | \ \ \ \
 \\/  ___)| |_)| | | | | || (_| |  ) ) ) )
  '  |____| .__|_| |_|_| |_\__, | / / / /
 =========|_|==============|___/=/_/_/_/
 :: Spring Boot ::                (v2.6.9)

2022-08-03 16:52:58.383  INFO 31888 --- [    Test worker] a.p.p.u.controller.UserControllerTest    : Starting UserControllerTest using Java 17.0.1 on MacBook-Pro-4.local with PID 31888 (started by johnn in /Users/johnn/Desktop/2022/POOL/dev)
2022-08-03 16:52:58.383  INFO 31888 --- [    Test worker] a.p.p.u.controller.UserControllerTest    : The following 6 profiles are active: "jwt", "develop", "prod", "aws", "credentials", "${profile}"
2022-08-03 16:52:58.449  INFO 31888 --- [    Test worker] .s.d.r.c.RepositoryConfigurationDelegate : Bootstrapping Spring Data JPA repositories in DEFAULT mode.
2022-08-03 16:52:58.458  INFO 31888 --- [    Test worker] .s.d.r.c.RepositoryConfigurationDelegate : Finished Spring Data repository scanning in 8 ms. Found 4 JPA repository interfaces.
2022-08-03 16:52:58.480  INFO 31888 --- [    Test worker] trationDelegate$BeanPostProcessorChecker : Bean '(inner bean)#6f1b0ead' of type [com.amazonaws.auth.BasicAWSCredentials] is not eligible for getting processed by all BeanPostProcessors (for example: not eligible for auto-proxying)
2022-08-03 16:52:58.480  INFO 31888 --- [    Test worker] trationDelegate$BeanPostProcessorChecker : Bean '(inner bean)#3f8090db' of type [com.amazonaws.auth.AWSStaticCredentialsProvider] is not eligible for getting processed by all BeanPostProcessors (for example: not eligible for auto-proxying)
2022-08-03 16:52:58.481  INFO 31888 --- [    Test worker] trationDelegate$BeanPostProcessorChecker : Bean '(inner bean)#3e0eb917' of type [com.amazonaws.auth.profile.ProfileCredentialsProvider] is not eligible for getting processed by all BeanPostProcessors (for example: not eligible for auto-proxying)
2022-08-03 16:52:58.482  INFO 31888 --- [    Test worker] trationDelegate$BeanPostProcessorChecker : Bean 'credentialsProvider' of type [org.springframework.cloud.aws.core.credentials.CredentialsProviderFactoryBean] is not eligible for getting processed by all BeanPostProcessors (for example: not eligible for auto-proxying)
2022-08-03 16:52:58.482  INFO 31888 --- [    Test worker] trationDelegate$BeanPostProcessorChecker : Bean 'credentialsProvider' of type [com.amazonaws.auth.AWSCredentialsProviderChain] is not eligible for getting processed by all BeanPostProcessors (for example: not eligible for auto-proxying)
2022-08-03 16:52:58.513  INFO 31888 --- [    Test worker] o.hibernate.jpa.internal.util.LogHelper  : HHH000204: Processing PersistenceUnitInfo [name: default]
2022-08-03 16:52:58.515  INFO 31888 --- [    Test worker] com.zaxxer.hikari.HikariDataSource       : HikariPool-2 - Starting...
2022-08-03 16:52:58.905  INFO 31888 --- [    Test worker] com.zaxxer.hikari.HikariDataSource       : HikariPool-2 - Start completed.
2022-08-03 16:52:58.907  INFO 31888 --- [    Test worker] org.hibernate.dialect.Dialect            : HHH000400: Using dialect: org.hibernate.dialect.MySQL57Dialect
2022-08-03 16:52:59.781  INFO 31888 --- [    Test worker] o.h.e.t.j.p.i.JtaPlatformInitiator       : HHH000490: Using JtaPlatform implementation: [org.hibernate.engine.transaction.jta.platform.internal.NoJtaPlatform]
2022-08-03 16:52:59.781  INFO 31888 --- [    Test worker] j.LocalContainerEntityManagerFactoryBean : Initialized JPA EntityManagerFactory for persistence unit 'default'
2022-08-03 16:52:59.894  WARN 31888 --- [    Test worker] JpaBaseConfiguration$JpaWebConfiguration : spring.jpa.open-in-view is enabled by default. Therefore, database queries may be performed during view rendering. Explicitly configure spring.jpa.open-in-view to disable this warning
2022-08-03 16:52:59.937  INFO 31888 --- [    Test worker] o.s.s.web.DefaultSecurityFilterChain     : Will secure any request with [org.springframework.security.web.context.request.async.WebAsyncManagerIntegrationFilter@1435b17, org.springframework.security.web.context.SecurityContextPersistenceFilter@19fdcaba, org.springframework.security.web.header.HeaderWriterFilter@71ea9a0d, appool.pool.project.jwt.filter.JwtAuthenticationProcessingFilter@11a8735d, org.springframework.security.web.authentication.logout.LogoutFilter@575a6540, appool.pool.project.login.filter.JsonUsernamePasswordAuthenticationFilter@7ebefdfa, org.springframework.security.web.savedrequest.RequestCacheAwareFilter@35738a92, org.springframework.security.web.servletapi.SecurityContextHolderAwareRequestFilter@10ec54c3, org.springframework.security.web.authentication.AnonymousAuthenticationFilter@2b3b25ad, org.springframework.security.web.session.SessionManagementFilter@62ba4c62, org.springframework.security.web.access.ExceptionTranslationFilter@62a9d176, org.springframework.security.web.access.intercept.FilterSecurityInterceptor@30741e9b]
2022-08-03 16:52:59.985  INFO 31888 --- [    Test worker] o.s.b.a.h2.H2ConsoleAutoConfiguration    : H2 console available at '/h2-console'. Database available at 'jdbc:mysql://my-rds-instance.ckalsgvhdig0.ap-northeast-2.rds.amazonaws.com:3306/my_rds_name?useUnicode=true&characterEncoding=utf8&useSSL=false'
2022-08-03 16:53:00.058  INFO 31888 --- [    Test worker] o.s.b.t.m.w.SpringBootMockServletContext : Initializing Spring TestDispatcherServlet ''
2022-08-03 16:53:00.058  INFO 31888 --- [    Test worker] o.s.t.web.servlet.TestDispatcherServlet  : Initializing Servlet ''
2022-08-03 16:53:00.058  INFO 31888 --- [    Test worker] o.s.t.web.servlet.TestDispatcherServlet  : Completed initialization in 0 ms
2022-08-03 16:53:00.069  INFO 31888 --- [    Test worker] a.p.p.u.controller.UserControllerTest    : Started UserControllerTest in 1.702 seconds (JVM running for 12.893)
2022-08-03 16:53:00.109  INFO 31888 --- [    Test worker] o.s.t.c.transaction.TransactionContext   : Began transaction (1) for test context [DefaultTestContext@5c190662 testClass = UserControllerTest, testInstance = appool.pool.project.user.controller.UserControllerTest@5d6de24e, testMethod = 회원가입_실패_필드가_없음@UserControllerTest, testException = [null], mergedContextConfiguration = [WebMergedContextConfiguration@3acd06b0 testClass = UserControllerTest, locations = '{}', classes = '{class appool.pool.project.ProjectApplication}', contextInitializerClasses = '[]', activeProfiles = '{}', propertySourceLocations = '{}', propertySourceProperties = '{org.springframework.boot.test.context.SpringBootTestContextBootstrapper=true}', contextCustomizers = set[org.springframework.boot.test.autoconfigure.actuate.metrics.MetricsExportContextCustomizerFactory$DisableMetricExportContextCustomizer@61544ae6, org.springframework.boot.test.autoconfigure.properties.PropertyMappingContextCustomizer@4b3fa0b3, org.springframework.boot.test.autoconfigure.web.servlet.WebDriverContextCustomizerFactory$Customizer@4c1f22f3, [ImportsContextCustomizer@796eeafb key = [org.springframework.boot.test.autoconfigure.web.servlet.MockMvcAutoConfiguration, org.springframework.boot.test.autoconfigure.web.servlet.MockMvcWebClientAutoConfiguration, org.springframework.boot.test.autoconfigure.web.servlet.MockMvcWebDriverAutoConfiguration, org.springframework.boot.autoconfigure.security.oauth2.client.servlet.OAuth2ClientAutoConfiguration, org.springframework.boot.autoconfigure.security.oauth2.resource.servlet.OAuth2ResourceServerAutoConfiguration, org.springframework.boot.autoconfigure.security.servlet.SecurityAutoConfiguration, org.springframework.boot.autoconfigure.security.servlet.SecurityFilterAutoConfiguration, org.springframework.boot.autoconfigure.security.servlet.UserDetailsServiceAutoConfiguration, org.springframework.boot.test.autoconfigure.web.servlet.MockMvcSecurityConfiguration, org.springframework.boot.test.autoconfigure.web.reactive.WebTestClientAutoConfiguration]], org.springframework.boot.test.context.filter.ExcludeFilterContextCustomizer@7ae42ce3, org.springframework.boot.test.json.DuplicateJsonObjectContextCustomizerFactory$DuplicateJsonObjectContextCustomizer@38234a38, org.springframework.boot.test.mock.mockito.MockitoContextCustomizer@0, org.springframework.boot.test.web.client.TestRestTemplateContextCustomizer@e70f13a, org.springframework.boot.test.context.SpringBootTestArgs@1, org.springframework.boot.test.context.SpringBootTestWebEnvironment@d21a74c], resourceBasePath = 'src/main/webapp', contextLoader = 'org.springframework.boot.test.context.SpringBootContextLoader', parent = [null]], attributes = map['org.springframework.test.context.web.ServletTestExecutionListener.activateListener' -> true, 'org.springframework.test.context.web.ServletTestExecutionListener.populatedRequestContextHolder' -> true, 'org.springframework.test.context.web.ServletTestExecutionListener.resetRequestContextHolder' -> true, 'org.springframework.test.context.event.ApplicationEventsTestExecutionListener.recordApplicationEvents' -> false]]; transaction manager [org.springframework.orm.jpa.JpaTransactionManager@d56d9f6]; rollback [true]
2022-08-03 16:53:00.165 ERROR 31888 --- [    Test worker] a.p.project.exception.ExceptionAdvice    : @ValidException 발생! Validation failed for argument [0] in public void appool.pool.project.user.controller.UserController.signUp(appool.pool.project.user.dto.UserSignUpDto,javax.servlet.http.HttpServletRequest,javax.servlet.http.HttpServletResponse) throws java.lang.Exception: [Field error in object 'userSignUpDto' on field 'username': rejected value [null]; codes [NotBlank.userSignUpDto.username,NotBlank.username,NotBlank.java.lang.String,NotBlank]; arguments [org.springframework.context.support.DefaultMessageSourceResolvable: codes [userSignUpDto.username,username]; arguments []; default message [username]]; default message [아이디는 필수 입력 사항입니다.]] 
2022-08-03 16:53:00.175 ERROR 31888 --- [    Test worker] a.p.project.exception.ExceptionAdvice    : @ValidException 발생! Validation failed for argument [0] in public void appool.pool.project.user.controller.UserController.signUp(appool.pool.project.user.dto.UserSignUpDto,javax.servlet.http.HttpServletRequest,javax.servlet.http.HttpServletResponse) throws java.lang.Exception: [Field error in object 'userSignUpDto' on field 'password': rejected value [null]; codes [NotBlank.userSignUpDto.password,NotBlank.password,NotBlank.java.lang.String,NotBlank]; arguments [org.springframework.context.support.DefaultMessageSourceResolvable: codes [userSignUpDto.password,password]; arguments []; default message [password]]; default message [비밀번호는 필수 입력 사항입니다.]] 
2022-08-03 16:53:00.177 ERROR 31888 --- [    Test worker] a.p.project.exception.ExceptionAdvice    : @ValidException 발생! Validation failed for argument [0] in public void appool.pool.project.user.controller.UserController.signUp(appool.pool.project.user.dto.UserSignUpDto,javax.servlet.http.HttpServletRequest,javax.servlet.http.HttpServletResponse) throws java.lang.Exception: [Field error in object 'userSignUpDto' on field 'nickName': rejected value [null]; codes [NotBlank.userSignUpDto.nickName,NotBlank.nickName,NotBlank.java.lang.String,NotBlank]; arguments [org.springframework.context.support.DefaultMessageSourceResolvable: codes [userSignUpDto.nickName,nickName]; arguments []; default message [nickName]]; default message [닉네임은 필수 입력 사항입니다.]] 
2022-08-03 16:53:00.179 ERROR 31888 --- [    Test worker] a.p.project.exception.ExceptionAdvice    : @ValidException 발생! Validation failed for argument [0] in public void appool.pool.project.user.controller.UserController.signUp(appool.pool.project.user.dto.UserSignUpDto,javax.servlet.http.HttpServletRequest,javax.servlet.http.HttpServletResponse) throws java.lang.Exception: [Field error in object 'userSignUpDto' on field 'phoneNumber': rejected value [null]; codes [NotBlank.userSignUpDto.phoneNumber,NotBlank.phoneNumber,NotBlank.java.lang.String,NotBlank]; arguments [org.springframework.context.support.DefaultMessageSourceResolvable: codes [userSignUpDto.phoneNumber,phoneNumber]; arguments []; default message [phoneNumber]]; default message [전화번호는 필수 입력 사항입니다.]] 
2022-08-03 16:53:00.180 ERROR 31888 --- [    Test worker] a.p.project.exception.ExceptionAdvice    : @ValidException 발생! Validation failed for argument [0] in public void appool.pool.project.user.controller.UserController.signUp(appool.pool.project.user.dto.UserSignUpDto,javax.servlet.http.HttpServletRequest,javax.servlet.http.HttpServletResponse) throws java.lang.Exception: [Field error in object 'userSignUpDto' on field 'gender': rejected value [null]; codes [NotBlank.userSignUpDto.gender,NotBlank.gender,NotBlank.java.lang.String,NotBlank]; arguments [org.springframework.context.support.DefaultMessageSourceResolvable: codes [userSignUpDto.gender,gender]; arguments []; default message [gender]]; default message [성별은 필수 입력 사항입니다.]] 
2022-08-03 16:53:00.258  INFO 31888 --- [    Test worker] o.s.t.c.transaction.TransactionContext   : Rolled back transaction for test: [DefaultTestContext@5c190662 testClass = UserControllerTest, testInstance = appool.pool.project.user.controller.UserControllerTest@5d6de24e, testMethod = 회원가입_실패_필드가_없음@UserControllerTest, testException = [null], mergedContextConfiguration = [WebMergedContextConfiguration@3acd06b0 testClass = UserControllerTest, locations = '{}', classes = '{class appool.pool.project.ProjectApplication}', contextInitializerClasses = '[]', activeProfiles = '{}', propertySourceLocations = '{}', propertySourceProperties = '{org.springframework.boot.test.context.SpringBootTestContextBootstrapper=true}', contextCustomizers = set[org.springframework.boot.test.autoconfigure.actuate.metrics.MetricsExportContextCustomizerFactory$DisableMetricExportContextCustomizer@61544ae6, org.springframework.boot.test.autoconfigure.properties.PropertyMappingContextCustomizer@4b3fa0b3, org.springframework.boot.test.autoconfigure.web.servlet.WebDriverContextCustomizerFactory$Customizer@4c1f22f3, [ImportsContextCustomizer@796eeafb key = [org.springframework.boot.test.autoconfigure.web.servlet.MockMvcAutoConfiguration, org.springframework.boot.test.autoconfigure.web.servlet.MockMvcWebClientAutoConfiguration, org.springframework.boot.test.autoconfigure.web.servlet.MockMvcWebDriverAutoConfiguration, org.springframework.boot.autoconfigure.security.oauth2.client.servlet.OAuth2ClientAutoConfiguration, org.springframework.boot.autoconfigure.security.oauth2.resource.servlet.OAuth2ResourceServerAutoConfiguration, org.springframework.boot.autoconfigure.security.servlet.SecurityAutoConfiguration, org.springframework.boot.autoconfigure.security.servlet.SecurityFilterAutoConfiguration, org.springframework.boot.autoconfigure.security.servlet.UserDetailsServiceAutoConfiguration, org.springframework.boot.test.autoconfigure.web.servlet.MockMvcSecurityConfiguration, org.springframework.boot.test.autoconfigure.web.reactive.WebTestClientAutoConfiguration]], org.springframework.boot.test.context.filter.ExcludeFilterContextCustomizer@7ae42ce3, org.springframework.boot.test.json.DuplicateJsonObjectContextCustomizerFactory$DuplicateJsonObjectContextCustomizer@38234a38, org.springframework.boot.test.mock.mockito.MockitoContextCustomizer@0, org.springframework.boot.test.web.client.TestRestTemplateContextCustomizer@e70f13a, org.springframework.boot.test.context.SpringBootTestArgs@1, org.springframework.boot.test.context.SpringBootTestWebEnvironment@d21a74c], resourceBasePath = 'src/main/webapp', contextLoader = 'org.springframework.boot.test.context.SpringBootContextLoader', parent = [null]], attributes = map['org.springframework.test.context.web.ServletTestExecutionListener.activateListener' -> true, 'org.springframework.test.context.web.ServletTestExecutionListener.populatedRequestContextHolder' -> true, 'org.springframework.test.context.web.ServletTestExecutionListener.resetRequestContextHolder' -> true, 'org.springframework.test.context.event.ApplicationEventsTestExecutionListener.recordApplicationEvents' -> false]]
2022-08-03 16:53:00.318  INFO 31888 --- [    Test worker] o.s.t.c.transaction.TransactionContext   : Began transaction (1) for test context [DefaultTestContext@5c190662 testClass = UserControllerTest, testInstance = appool.pool.project.user.controller.UserControllerTest@60ab906e, testMethod = 회원정보조회_실패_없는회원조회@UserControllerTest, testException = [null], mergedContextConfiguration = [WebMergedContextConfiguration@3acd06b0 testClass = UserControllerTest, locations = '{}', classes = '{class appool.pool.project.ProjectApplication}', contextInitializerClasses = '[]', activeProfiles = '{}', propertySourceLocations = '{}', propertySourceProperties = '{org.springframework.boot.test.context.SpringBootTestContextBootstrapper=true}', contextCustomizers = set[org.springframework.boot.test.autoconfigure.actuate.metrics.MetricsExportContextCustomizerFactory$DisableMetricExportContextCustomizer@61544ae6, org.springframework.boot.test.autoconfigure.properties.PropertyMappingContextCustomizer@4b3fa0b3, org.springframework.boot.test.autoconfigure.web.servlet.WebDriverContextCustomizerFactory$Customizer@4c1f22f3, [ImportsContextCustomizer@796eeafb key = [org.springframework.boot.test.autoconfigure.web.servlet.MockMvcAutoConfiguration, org.springframework.boot.test.autoconfigure.web.servlet.MockMvcWebClientAutoConfiguration, org.springframework.boot.test.autoconfigure.web.servlet.MockMvcWebDriverAutoConfiguration, org.springframework.boot.autoconfigure.security.oauth2.client.servlet.OAuth2ClientAutoConfiguration, org.springframework.boot.autoconfigure.security.oauth2.resource.servlet.OAuth2ResourceServerAutoConfiguration, org.springframework.boot.autoconfigure.security.servlet.SecurityAutoConfiguration, org.springframework.boot.autoconfigure.security.servlet.SecurityFilterAutoConfiguration, org.springframework.boot.autoconfigure.security.servlet.UserDetailsServiceAutoConfiguration, org.springframework.boot.test.autoconfigure.web.servlet.MockMvcSecurityConfiguration, org.springframework.boot.test.autoconfigure.web.reactive.WebTestClientAutoConfiguration]], org.springframework.boot.test.context.filter.ExcludeFilterContextCustomizer@7ae42ce3, org.springframework.boot.test.json.DuplicateJsonObjectContextCustomizerFactory$DuplicateJsonObjectContextCustomizer@38234a38, org.springframework.boot.test.mock.mockito.MockitoContextCustomizer@0, org.springframework.boot.test.web.client.TestRestTemplateContextCustomizer@e70f13a, org.springframework.boot.test.context.SpringBootTestArgs@1, org.springframework.boot.test.context.SpringBootTestWebEnvironment@d21a74c], resourceBasePath = 'src/main/webapp', contextLoader = 'org.springframework.boot.test.context.SpringBootContextLoader', parent = [null]], attributes = map['org.springframework.test.context.web.ServletTestExecutionListener.activateListener' -> true, 'org.springframework.test.context.web.ServletTestExecutionListener.populatedRequestContextHolder' -> true, 'org.springframework.test.context.web.ServletTestExecutionListener.resetRequestContextHolder' -> true, 'org.springframework.test.context.event.ApplicationEventsTestExecutionListener.recordApplicationEvents' -> false]]; transaction manager [org.springframework.orm.jpa.JpaTransactionManager@d56d9f6]; rollback [true]
Hibernate: select pooluser0_.pool_user_id as pool_use1_5_, pooluser0_.create_date as create_d2_5_, pooluser0_.last_modified_date as last_mod3_5_, pooluser0_.birthday as birthday4_5_, pooluser0_.brand_user_id as brand_u14_5_, pooluser0_.gender as gender5_5_, pooluser0_.nick_name as nick_nam6_5_, pooluser0_.password as password7_5_, pooluser0_.phone_number as phone_nu8_5_, pooluser0_.privacy_agreement as privacy_9_5_, pooluser0_.refresh_token as refresh10_5_, pooluser0_.term_agreement as term_ag11_5_, pooluser0_.user_status as user_st12_5_, pooluser0_.username as usernam13_5_ from pooluser pooluser0_ where pooluser0_.username=?
Hibernate: insert into pooluser (create_date, last_modified_date, birthday, brand_user_id, gender, nick_name, password, phone_number, privacy_agreement, refresh_token, term_agreement, user_status, username) values (?, ?, ?, ?, ?, ?, ?, ?, ?, ?, ?, ?, ?)
Hibernate: select pooluser0_.pool_user_id as pool_use1_5_, pooluser0_.create_date as create_d2_5_, pooluser0_.last_modified_date as last_mod3_5_, pooluser0_.birthday as birthday4_5_, pooluser0_.brand_user_id as brand_u14_5_, pooluser0_.gender as gender5_5_, pooluser0_.nick_name as nick_nam6_5_, pooluser0_.password as password7_5_, pooluser0_.phone_number as phone_nu8_5_, pooluser0_.privacy_agreement as privacy_9_5_, pooluser0_.refresh_token as refresh10_5_, pooluser0_.term_agreement as term_ag11_5_, pooluser0_.user_status as user_st12_5_, pooluser0_.username as usernam13_5_ from pooluser pooluser0_ where pooluser0_.username=?
Hibernate: select pooluser0_.pool_user_id as pool_use1_5_, pooluser0_.create_date as create_d2_5_, pooluser0_.last_modified_date as last_mod3_5_, pooluser0_.birthday as birthday4_5_, pooluser0_.brand_user_id as brand_u14_5_, pooluser0_.gender as gender5_5_, pooluser0_.nick_name as nick_nam6_5_, pooluser0_.password as password7_5_, pooluser0_.phone_number as phone_nu8_5_, pooluser0_.privacy_agreement as privacy_9_5_, pooluser0_.refresh_token as refresh10_5_, pooluser0_.term_agreement as term_ag11_5_, pooluser0_.user_status as user_st12_5_, pooluser0_.username as usernam13_5_ from pooluser pooluser0_ where pooluser0_.username=?
Hibernate: select pooluser0_.pool_user_id as pool_use1_5_, pooluser0_.create_date as create_d2_5_, pooluser0_.last_modified_date as last_mod3_5_, pooluser0_.birthday as birthday4_5_, pooluser0_.brand_user_id as brand_u14_5_, pooluser0_.gender as gender5_5_, pooluser0_.nick_name as nick_nam6_5_, pooluser0_.password as password7_5_, pooluser0_.phone_number as phone_nu8_5_, pooluser0_.privacy_agreement as privacy_9_5_, pooluser0_.refresh_token as refresh10_5_, pooluser0_.term_agreement as term_ag11_5_, pooluser0_.user_status as user_st12_5_, pooluser0_.username as usernam13_5_ from pooluser pooluser0_ where pooluser0_.username=?
2022-08-03 16:53:00.839  INFO 31888 --- [    Test worker] a.p.p.l.h.LoginSuccessJWTProvideHandler  : 로그인에 성공합니다. username: username
2022-08-03 16:53:00.839  INFO 31888 --- [    Test worker] a.p.p.l.h.LoginSuccessJWTProvideHandler  : AccessToken을 발급합니다. AccessToken: eyJ0eXAiOiJKV1QiLCJhbGciOiJIUzUxMiJ9.eyJzdWIiOiJBY2Nlc3NUb2tlbiIsImV4cCI6MTY1OTUxMzI2MCwidXNlcm5hbWUiOiJ1c2VybmFtZSJ9.7CBZk4fgAo677wMYcnyLPa-FzjZzCdhgof2w-z6hwm3HE2peOw208Lz1_DCdDUKJo7oR2IvsYaAgWZ5u23rTkA
2022-08-03 16:53:00.839  INFO 31888 --- [    Test worker] a.p.p.l.h.LoginSuccessJWTProvideHandler  : RefreshToken을 발급합니다. RefreshToken: eyJ0eXAiOiJKV1QiLCJhbGciOiJIUzUxMiJ9.eyJzdWIiOiJSZWZyZXNoVG9rZW4iLCJleHAiOjE2NTk1MTMyNzB9.7OiAO2ZHm1oEetEYqZRiI_O0mTIBfz60gNngCFdBZWhhQY_Euubaxx3zzwJBDfLixQ6eVkPgsbuPZCFCgMkP1g
Hibernate: update pooluser set last_modified_date=?, birthday=?, brand_user_id=?, gender=?, nick_name=?, password=?, phone_number=?, privacy_agreement=?, refresh_token=?, term_agreement=?, user_status=?, username=? where pool_user_id=?
Hibernate: insert into pool_user_category (pool_user_pool_user_id, category) values (?, ?)
Hibernate: insert into pool_user_category (pool_user_pool_user_id, category) values (?, ?)
Hibernate: select pooluser0_.pool_user_id as pool_use1_5_, pooluser0_.create_date as create_d2_5_, pooluser0_.last_modified_date as last_mod3_5_, pooluser0_.birthday as birthday4_5_, pooluser0_.brand_user_id as brand_u14_5_, pooluser0_.gender as gender5_5_, pooluser0_.nick_name as nick_nam6_5_, pooluser0_.password as password7_5_, pooluser0_.phone_number as phone_nu8_5_, pooluser0_.privacy_agreement as privacy_9_5_, pooluser0_.refresh_token as refresh10_5_, pooluser0_.term_agreement as term_ag11_5_, pooluser0_.user_status as user_st12_5_, pooluser0_.username as usernam13_5_ from pooluser pooluser0_ where pooluser0_.username=?
Hibernate: select pooluser0_.pool_user_id as pool_use1_5_0_, pooluser0_.create_date as create_d2_5_0_, pooluser0_.last_modified_date as last_mod3_5_0_, pooluser0_.birthday as birthday4_5_0_, pooluser0_.brand_user_id as brand_u14_5_0_, pooluser0_.gender as gender5_5_0_, pooluser0_.nick_name as nick_nam6_5_0_, pooluser0_.password as password7_5_0_, pooluser0_.phone_number as phone_nu8_5_0_, pooluser0_.privacy_agreement as privacy_9_5_0_, pooluser0_.refresh_token as refresh10_5_0_, pooluser0_.term_agreement as term_ag11_5_0_, pooluser0_.user_status as user_st12_5_0_, pooluser0_.username as usernam13_5_0_, branduser1_.brand_user_id as brand_us1_0_1_, branduser1_.create_date as create_d2_0_1_, branduser1_.last_modified_date as last_mod3_0_1_, branduser1_.brand_agreement as brand_ag4_0_1_, branduser1_.brand_info as brand_in5_0_1_, branduser1_.brand_profile_image as brand_pr6_0_1_, branduser1_.brand_username as brand_us7_0_1_ from pooluser pooluser0_ left outer join brand_user branduser1_ on pooluser0_.brand_user_id=branduser1_.brand_user_id where pooluser0_.pool_user_id=?
2022-08-03 16:53:01.048 ERROR 31888 --- [    Test worker] a.p.project.exception.ExceptionAdvice    : BaseException errorMessage(): 회원 정보가 없습니다.
2022-08-03 16:53:01.048 ERROR 31888 --- [    Test worker] a.p.project.exception.ExceptionAdvice    : BaseException errorCode() :602
2022-08-03 16:53:01.160  INFO 31888 --- [    Test worker] o.s.t.c.transaction.TransactionContext   : Rolled back transaction for test: [DefaultTestContext@5c190662 testClass = UserControllerTest, testInstance = appool.pool.project.user.controller.UserControllerTest@60ab906e, testMethod = 회원정보조회_실패_없는회원조회@UserControllerTest, testException = [null], mergedContextConfiguration = [WebMergedContextConfiguration@3acd06b0 testClass = UserControllerTest, locations = '{}', classes = '{class appool.pool.project.ProjectApplication}', contextInitializerClasses = '[]', activeProfiles = '{}', propertySourceLocations = '{}', propertySourceProperties = '{org.springframework.boot.test.context.SpringBootTestContextBootstrapper=true}', contextCustomizers = set[org.springframework.boot.test.autoconfigure.actuate.metrics.MetricsExportContextCustomizerFactory$DisableMetricExportContextCustomizer@61544ae6, org.springframework.boot.test.autoconfigure.properties.PropertyMappingContextCustomizer@4b3fa0b3, org.springframework.boot.test.autoconfigure.web.servlet.WebDriverContextCustomizerFactory$Customizer@4c1f22f3, [ImportsContextCustomizer@796eeafb key = [org.springframework.boot.test.autoconfigure.web.servlet.MockMvcAutoConfiguration, org.springframework.boot.test.autoconfigure.web.servlet.MockMvcWebClientAutoConfiguration, org.springframework.boot.test.autoconfigure.web.servlet.MockMvcWebDriverAutoConfiguration, org.springframework.boot.autoconfigure.security.oauth2.client.servlet.OAuth2ClientAutoConfiguration, org.springframework.boot.autoconfigure.security.oauth2.resource.servlet.OAuth2ResourceServerAutoConfiguration, org.springframework.boot.autoconfigure.security.servlet.SecurityAutoConfiguration, org.springframework.boot.autoconfigure.security.servlet.SecurityFilterAutoConfiguration, org.springframework.boot.autoconfigure.security.servlet.UserDetailsServiceAutoConfiguration, org.springframework.boot.test.autoconfigure.web.servlet.MockMvcSecurityConfiguration, org.springframework.boot.test.autoconfigure.web.reactive.WebTestClientAutoConfiguration]], org.springframework.boot.test.context.filter.ExcludeFilterContextCustomizer@7ae42ce3, org.springframework.boot.test.json.DuplicateJsonObjectContextCustomizerFactory$DuplicateJsonObjectContextCustomizer@38234a38, org.springframework.boot.test.mock.mockito.MockitoContextCustomizer@0, org.springframework.boot.test.web.client.TestRestTemplateContextCustomizer@e70f13a, org.springframework.boot.test.context.SpringBootTestArgs@1, org.springframework.boot.test.context.SpringBootTestWebEnvironment@d21a74c], resourceBasePath = 'src/main/webapp', contextLoader = 'org.springframework.boot.test.context.SpringBootContextLoader', parent = [null]], attributes = map['org.springframework.test.context.web.ServletTestExecutionListener.activateListener' -> true, 'org.springframework.test.context.web.ServletTestExecutionListener.populatedRequestContextHolder' -> true, 'org.springframework.test.context.web.ServletTestExecutionListener.resetRequestContextHolder' -> true, 'org.springframework.test.context.event.ApplicationEventsTestExecutionListener.recordApplicationEvents' -> false]]
2022-08-03 16:53:01.195  INFO 31888 --- [    Test worker] o.s.t.c.transaction.TransactionContext   : Began transaction (1) for test context [DefaultTestContext@5c190662 testClass = UserControllerTest, testInstance = appool.pool.project.user.controller.UserControllerTest@9cdceeb, testMethod = 내정보조회_성공@UserControllerTest, testException = [null], mergedContextConfiguration = [WebMergedContextConfiguration@3acd06b0 testClass = UserControllerTest, locations = '{}', classes = '{class appool.pool.project.ProjectApplication}', contextInitializerClasses = '[]', activeProfiles = '{}', propertySourceLocations = '{}', propertySourceProperties = '{org.springframework.boot.test.context.SpringBootTestContextBootstrapper=true}', contextCustomizers = set[org.springframework.boot.test.autoconfigure.actuate.metrics.MetricsExportContextCustomizerFactory$DisableMetricExportContextCustomizer@61544ae6, org.springframework.boot.test.autoconfigure.properties.PropertyMappingContextCustomizer@4b3fa0b3, org.springframework.boot.test.autoconfigure.web.servlet.WebDriverContextCustomizerFactory$Customizer@4c1f22f3, [ImportsContextCustomizer@796eeafb key = [org.springframework.boot.test.autoconfigure.web.servlet.MockMvcAutoConfiguration, org.springframework.boot.test.autoconfigure.web.servlet.MockMvcWebClientAutoConfiguration, org.springframework.boot.test.autoconfigure.web.servlet.MockMvcWebDriverAutoConfiguration, org.springframework.boot.autoconfigure.security.oauth2.client.servlet.OAuth2ClientAutoConfiguration, org.springframework.boot.autoconfigure.security.oauth2.resource.servlet.OAuth2ResourceServerAutoConfiguration, org.springframework.boot.autoconfigure.security.servlet.SecurityAutoConfiguration, org.springframework.boot.autoconfigure.security.servlet.SecurityFilterAutoConfiguration, org.springframework.boot.autoconfigure.security.servlet.UserDetailsServiceAutoConfiguration, org.springframework.boot.test.autoconfigure.web.servlet.MockMvcSecurityConfiguration, org.springframework.boot.test.autoconfigure.web.reactive.WebTestClientAutoConfiguration]], org.springframework.boot.test.context.filter.ExcludeFilterContextCustomizer@7ae42ce3, org.springframework.boot.test.json.DuplicateJsonObjectContextCustomizerFactory$DuplicateJsonObjectContextCustomizer@38234a38, org.springframework.boot.test.mock.mockito.MockitoContextCustomizer@0, org.springframework.boot.test.web.client.TestRestTemplateContextCustomizer@e70f13a, org.springframework.boot.test.context.SpringBootTestArgs@1, org.springframework.boot.test.context.SpringBootTestWebEnvironment@d21a74c], resourceBasePath = 'src/main/webapp', contextLoader = 'org.springframework.boot.test.context.SpringBootContextLoader', parent = [null]], attributes = map['org.springframework.test.context.web.ServletTestExecutionListener.activateListener' -> true, 'org.springframework.test.context.web.ServletTestExecutionListener.populatedRequestContextHolder' -> true, 'org.springframework.test.context.web.ServletTestExecutionListener.resetRequestContextHolder' -> true, 'org.springframework.test.context.event.ApplicationEventsTestExecutionListener.recordApplicationEvents' -> false]]; transaction manager [org.springframework.orm.jpa.JpaTransactionManager@d56d9f6]; rollback [true]
Hibernate: select pooluser0_.pool_user_id as pool_use1_5_, pooluser0_.create_date as create_d2_5_, pooluser0_.last_modified_date as last_mod3_5_, pooluser0_.birthday as birthday4_5_, pooluser0_.brand_user_id as brand_u14_5_, pooluser0_.gender as gender5_5_, pooluser0_.nick_name as nick_nam6_5_, pooluser0_.password as password7_5_, pooluser0_.phone_number as phone_nu8_5_, pooluser0_.privacy_agreement as privacy_9_5_, pooluser0_.refresh_token as refresh10_5_, pooluser0_.term_agreement as term_ag11_5_, pooluser0_.user_status as user_st12_5_, pooluser0_.username as usernam13_5_ from pooluser pooluser0_ where pooluser0_.username=?
Hibernate: insert into pooluser (create_date, last_modified_date, birthday, brand_user_id, gender, nick_name, password, phone_number, privacy_agreement, refresh_token, term_agreement, user_status, username) values (?, ?, ?, ?, ?, ?, ?, ?, ?, ?, ?, ?, ?)
Hibernate: select pooluser0_.pool_user_id as pool_use1_5_, pooluser0_.create_date as create_d2_5_, pooluser0_.last_modified_date as last_mod3_5_, pooluser0_.birthday as birthday4_5_, pooluser0_.brand_user_id as brand_u14_5_, pooluser0_.gender as gender5_5_, pooluser0_.nick_name as nick_nam6_5_, pooluser0_.password as password7_5_, pooluser0_.phone_number as phone_nu8_5_, pooluser0_.privacy_agreement as privacy_9_5_, pooluser0_.refresh_token as refresh10_5_, pooluser0_.term_agreement as term_ag11_5_, pooluser0_.user_status as user_st12_5_, pooluser0_.username as usernam13_5_ from pooluser pooluser0_ where pooluser0_.username=?
Hibernate: select pooluser0_.pool_user_id as pool_use1_5_, pooluser0_.create_date as create_d2_5_, pooluser0_.last_modified_date as last_mod3_5_, pooluser0_.birthday as birthday4_5_, pooluser0_.brand_user_id as brand_u14_5_, pooluser0_.gender as gender5_5_, pooluser0_.nick_name as nick_nam6_5_, pooluser0_.password as password7_5_, pooluser0_.phone_number as phone_nu8_5_, pooluser0_.privacy_agreement as privacy_9_5_, pooluser0_.refresh_token as refresh10_5_, pooluser0_.term_agreement as term_ag11_5_, pooluser0_.user_status as user_st12_5_, pooluser0_.username as usernam13_5_ from pooluser pooluser0_ where pooluser0_.username=?
Hibernate: select pooluser0_.pool_user_id as pool_use1_5_, pooluser0_.create_date as create_d2_5_, pooluser0_.last_modified_date as last_mod3_5_, pooluser0_.birthday as birthday4_5_, pooluser0_.brand_user_id as brand_u14_5_, pooluser0_.gender as gender5_5_, pooluser0_.nick_name as nick_nam6_5_, pooluser0_.password as password7_5_, pooluser0_.phone_number as phone_nu8_5_, pooluser0_.privacy_agreement as privacy_9_5_, pooluser0_.refresh_token as refresh10_5_, pooluser0_.term_agreement as term_ag11_5_, pooluser0_.user_status as user_st12_5_, pooluser0_.username as usernam13_5_ from pooluser pooluser0_ where pooluser0_.username=?
2022-08-03 16:53:01.550  INFO 31888 --- [    Test worker] a.p.p.l.h.LoginSuccessJWTProvideHandler  : 로그인에 성공합니다. username: username
2022-08-03 16:53:01.550  INFO 31888 --- [    Test worker] a.p.p.l.h.LoginSuccessJWTProvideHandler  : AccessToken을 발급합니다. AccessToken: eyJ0eXAiOiJKV1QiLCJhbGciOiJIUzUxMiJ9.eyJzdWIiOiJBY2Nlc3NUb2tlbiIsImV4cCI6MTY1OTUxMzI2MSwidXNlcm5hbWUiOiJ1c2VybmFtZSJ9.iFEt4AJqVCCzXXSwEPIlXd0x_acH7wHG4ir4IVmwOT-uhc1UAjdsRjOZWUVQ6OYJK5COUZtJbYnYdJGtWBi6vw
2022-08-03 16:53:01.550  INFO 31888 --- [    Test worker] a.p.p.l.h.LoginSuccessJWTProvideHandler  : RefreshToken을 발급합니다. RefreshToken: eyJ0eXAiOiJKV1QiLCJhbGciOiJIUzUxMiJ9.eyJzdWIiOiJSZWZyZXNoVG9rZW4iLCJleHAiOjE2NTk1MTMyNzF9.C_g98KYlC95tN3eU2JxjAv2GfuHP99w1tvhtl7S7CU8oOXq7-hBnLN7vd5CoJbimPiyUae8ExVcYuMI4rID_Yw
Hibernate: update pooluser set last_modified_date=?, birthday=?, brand_user_id=?, gender=?, nick_name=?, password=?, phone_number=?, privacy_agreement=?, refresh_token=?, term_agreement=?, user_status=?, username=? where pool_user_id=?
Hibernate: insert into pool_user_category (pool_user_pool_user_id, category) values (?, ?)
Hibernate: insert into pool_user_category (pool_user_pool_user_id, category) values (?, ?)
Hibernate: select pooluser0_.pool_user_id as pool_use1_5_, pooluser0_.create_date as create_d2_5_, pooluser0_.last_modified_date as last_mod3_5_, pooluser0_.birthday as birthday4_5_, pooluser0_.brand_user_id as brand_u14_5_, pooluser0_.gender as gender5_5_, pooluser0_.nick_name as nick_nam6_5_, pooluser0_.password as password7_5_, pooluser0_.phone_number as phone_nu8_5_, pooluser0_.privacy_agreement as privacy_9_5_, pooluser0_.refresh_token as refresh10_5_, pooluser0_.term_agreement as term_ag11_5_, pooluser0_.user_status as user_st12_5_, pooluser0_.username as usernam13_5_ from pooluser pooluser0_ where pooluser0_.username=?
Hibernate: select pooluser0_.pool_user_id as pool_use1_5_, pooluser0_.create_date as create_d2_5_, pooluser0_.last_modified_date as last_mod3_5_, pooluser0_.birthday as birthday4_5_, pooluser0_.brand_user_id as brand_u14_5_, pooluser0_.gender as gender5_5_, pooluser0_.nick_name as nick_nam6_5_, pooluser0_.password as password7_5_, pooluser0_.phone_number as phone_nu8_5_, pooluser0_.privacy_agreement as privacy_9_5_, pooluser0_.refresh_token as refresh10_5_, pooluser0_.term_agreement as term_ag11_5_, pooluser0_.user_status as user_st12_5_, pooluser0_.username as usernam13_5_ from pooluser pooluser0_ where pooluser0_.username=?

MockHttpServletRequest:
      HTTP Method = GET
      Request URI = /user
       Parameters = {}
          Headers = [Authorization:"Bearer eyJ0eXAiOiJKV1QiLCJhbGciOiJIUzUxMiJ9.eyJzdWIiOiJBY2Nlc3NUb2tlbiIsImV4cCI6MTY1OTUxMzI2MSwidXNlcm5hbWUiOiJ1c2VybmFtZSJ9.iFEt4AJqVCCzXXSwEPIlXd0x_acH7wHG4ir4IVmwOT-uhc1UAjdsRjOZWUVQ6OYJK5COUZtJbYnYdJGtWBi6vw"]
             Body = null
    Session Attrs = {}

Handler:
             Type = appool.pool.project.user.controller.UserController
           Method = appool.pool.project.user.controller.UserController#getMyInfo(HttpServletResponse)

Async:
    Async started = false
     Async result = null

Resolved Exception:
             Type = null

ModelAndView:
        View name = null
             View = null
            Model = null

FlashMap:
       Attributes = null

MockHttpServletResponse:
           Status = 200
    Error message = null
          Headers = [Content-Type:"application/json", X-Content-Type-Options:"nosniff", X-XSS-Protection:"1; mode=block", Cache-Control:"no-cache, no-store, max-age=0, must-revalidate", Pragma:"no-cache", Expires:"0", X-Frame-Options:"SAMEORIGIN"]
     Content type = application/json
             Body = {"username":"username","nickName":"doha123","userStatus":"USER","termAgreement":true,"privacyAgreement":true}
    Forwarded URL = null
   Redirected URL = null
          Cookies = []
Hibernate: select pooluser0_.pool_user_id as pool_use1_5_, pooluser0_.create_date as create_d2_5_, pooluser0_.last_modified_date as last_mod3_5_, pooluser0_.birthday as birthday4_5_, pooluser0_.brand_user_id as brand_u14_5_, pooluser0_.gender as gender5_5_, pooluser0_.nick_name as nick_nam6_5_, pooluser0_.password as password7_5_, pooluser0_.phone_number as phone_nu8_5_, pooluser0_.privacy_agreement as privacy_9_5_, pooluser0_.refresh_token as refresh10_5_, pooluser0_.term_agreement as term_ag11_5_, pooluser0_.user_status as user_st12_5_, pooluser0_.username as usernam13_5_ from pooluser pooluser0_ where pooluser0_.username=?
2022-08-03 16:53:01.862  INFO 31888 --- [    Test worker] o.s.t.c.transaction.TransactionContext   : Rolled back transaction for test: [DefaultTestContext@5c190662 testClass = UserControllerTest, testInstance = appool.pool.project.user.controller.UserControllerTest@9cdceeb, testMethod = 내정보조회_성공@UserControllerTest, testException = [null], mergedContextConfiguration = [WebMergedContextConfiguration@3acd06b0 testClass = UserControllerTest, locations = '{}', classes = '{class appool.pool.project.ProjectApplication}', contextInitializerClasses = '[]', activeProfiles = '{}', propertySourceLocations = '{}', propertySourceProperties = '{org.springframework.boot.test.context.SpringBootTestContextBootstrapper=true}', contextCustomizers = set[org.springframework.boot.test.autoconfigure.actuate.metrics.MetricsExportContextCustomizerFactory$DisableMetricExportContextCustomizer@61544ae6, org.springframework.boot.test.autoconfigure.properties.PropertyMappingContextCustomizer@4b3fa0b3, org.springframework.boot.test.autoconfigure.web.servlet.WebDriverContextCustomizerFactory$Customizer@4c1f22f3, [ImportsContextCustomizer@796eeafb key = [org.springframework.boot.test.autoconfigure.web.servlet.MockMvcAutoConfiguration, org.springframework.boot.test.autoconfigure.web.servlet.MockMvcWebClientAutoConfiguration, org.springframework.boot.test.autoconfigure.web.servlet.MockMvcWebDriverAutoConfiguration, org.springframework.boot.autoconfigure.security.oauth2.client.servlet.OAuth2ClientAutoConfiguration, org.springframework.boot.autoconfigure.security.oauth2.resource.servlet.OAuth2ResourceServerAutoConfiguration, org.springframework.boot.autoconfigure.security.servlet.SecurityAutoConfiguration, org.springframework.boot.autoconfigure.security.servlet.SecurityFilterAutoConfiguration, org.springframework.boot.autoconfigure.security.servlet.UserDetailsServiceAutoConfiguration, org.springframework.boot.test.autoconfigure.web.servlet.MockMvcSecurityConfiguration, org.springframework.boot.test.autoconfigure.web.reactive.WebTestClientAutoConfiguration]], org.springframework.boot.test.context.filter.ExcludeFilterContextCustomizer@7ae42ce3, org.springframework.boot.test.json.DuplicateJsonObjectContextCustomizerFactory$DuplicateJsonObjectContextCustomizer@38234a38, org.springframework.boot.test.mock.mockito.MockitoContextCustomizer@0, org.springframework.boot.test.web.client.TestRestTemplateContextCustomizer@e70f13a, org.springframework.boot.test.context.SpringBootTestArgs@1, org.springframework.boot.test.context.SpringBootTestWebEnvironment@d21a74c], resourceBasePath = 'src/main/webapp', contextLoader = 'org.springframework.boot.test.context.SpringBootContextLoader', parent = [null]], attributes = map['org.springframework.test.context.web.ServletTestExecutionListener.activateListener' -> true, 'org.springframework.test.context.web.ServletTestExecutionListener.populatedRequestContextHolder' -> true, 'org.springframework.test.context.web.ServletTestExecutionListener.resetRequestContextHolder' -> true, 'org.springframework.test.context.event.ApplicationEventsTestExecutionListener.recordApplicationEvents' -> false]]
2022-08-03 16:53:01.895  INFO 31888 --- [    Test worker] o.s.t.c.transaction.TransactionContext   : Began transaction (1) for test context [DefaultTestContext@5c190662 testClass = UserControllerTest, testInstance = appool.pool.project.user.controller.UserControllerTest@42d039ef, testMethod = test_signUp@UserControllerTest, testException = [null], mergedContextConfiguration = [WebMergedContextConfiguration@3acd06b0 testClass = UserControllerTest, locations = '{}', classes = '{class appool.pool.project.ProjectApplication}', contextInitializerClasses = '[]', activeProfiles = '{}', propertySourceLocations = '{}', propertySourceProperties = '{org.springframework.boot.test.context.SpringBootTestContextBootstrapper=true}', contextCustomizers = set[org.springframework.boot.test.autoconfigure.actuate.metrics.MetricsExportContextCustomizerFactory$DisableMetricExportContextCustomizer@61544ae6, org.springframework.boot.test.autoconfigure.properties.PropertyMappingContextCustomizer@4b3fa0b3, org.springframework.boot.test.autoconfigure.web.servlet.WebDriverContextCustomizerFactory$Customizer@4c1f22f3, [ImportsContextCustomizer@796eeafb key = [org.springframework.boot.test.autoconfigure.web.servlet.MockMvcAutoConfiguration, org.springframework.boot.test.autoconfigure.web.servlet.MockMvcWebClientAutoConfiguration, org.springframework.boot.test.autoconfigure.web.servlet.MockMvcWebDriverAutoConfiguration, org.springframework.boot.autoconfigure.security.oauth2.client.servlet.OAuth2ClientAutoConfiguration, org.springframework.boot.autoconfigure.security.oauth2.resource.servlet.OAuth2ResourceServerAutoConfiguration, org.springframework.boot.autoconfigure.security.servlet.SecurityAutoConfiguration, org.springframework.boot.autoconfigure.security.servlet.SecurityFilterAutoConfiguration, org.springframework.boot.autoconfigure.security.servlet.UserDetailsServiceAutoConfiguration, org.springframework.boot.test.autoconfigure.web.servlet.MockMvcSecurityConfiguration, org.springframework.boot.test.autoconfigure.web.reactive.WebTestClientAutoConfiguration]], org.springframework.boot.test.context.filter.ExcludeFilterContextCustomizer@7ae42ce3, org.springframework.boot.test.json.DuplicateJsonObjectContextCustomizerFactory$DuplicateJsonObjectContextCustomizer@38234a38, org.springframework.boot.test.mock.mockito.MockitoContextCustomizer@0, org.springframework.boot.test.web.client.TestRestTemplateContextCustomizer@e70f13a, org.springframework.boot.test.context.SpringBootTestArgs@1, org.springframework.boot.test.context.SpringBootTestWebEnvironment@d21a74c], resourceBasePath = 'src/main/webapp', contextLoader = 'org.springframework.boot.test.context.SpringBootContextLoader', parent = [null]], attributes = map['org.springframework.test.context.web.ServletTestExecutionListener.activateListener' -> true, 'org.springframework.test.context.web.ServletTestExecutionListener.populatedRequestContextHolder' -> true, 'org.springframework.test.context.web.ServletTestExecutionListener.resetRequestContextHolder' -> true, 'org.springframework.test.context.event.ApplicationEventsTestExecutionListener.recordApplicationEvents' -> false]]; transaction manager [org.springframework.orm.jpa.JpaTransactionManager@d56d9f6]; rollback [true]
Hibernate: select pooluser0_.pool_user_id as pool_use1_5_, pooluser0_.create_date as create_d2_5_, pooluser0_.last_modified_date as last_mod3_5_, pooluser0_.birthday as birthday4_5_, pooluser0_.brand_user_id as brand_u14_5_, pooluser0_.gender as gender5_5_, pooluser0_.nick_name as nick_nam6_5_, pooluser0_.password as password7_5_, pooluser0_.phone_number as phone_nu8_5_, pooluser0_.privacy_agreement as privacy_9_5_, pooluser0_.refresh_token as refresh10_5_, pooluser0_.term_agreement as term_ag11_5_, pooluser0_.user_status as user_st12_5_, pooluser0_.username as usernam13_5_ from pooluser pooluser0_ where pooluser0_.username=?
Hibernate: insert into pooluser (create_date, last_modified_date, birthday, brand_user_id, gender, nick_name, password, phone_number, privacy_agreement, refresh_token, term_agreement, user_status, username) values (?, ?, ?, ?, ?, ?, ?, ?, ?, ?, ?, ?, ?)
Hibernate: select pooluser0_.pool_user_id as pool_use1_5_, pooluser0_.create_date as create_d2_5_, pooluser0_.last_modified_date as last_mod3_5_, pooluser0_.birthday as birthday4_5_, pooluser0_.brand_user_id as brand_u14_5_, pooluser0_.gender as gender5_5_, pooluser0_.nick_name as nick_nam6_5_, pooluser0_.password as password7_5_, pooluser0_.phone_number as phone_nu8_5_, pooluser0_.privacy_agreement as privacy_9_5_, pooluser0_.refresh_token as refresh10_5_, pooluser0_.term_agreement as term_ag11_5_, pooluser0_.user_status as user_st12_5_, pooluser0_.username as usernam13_5_ from pooluser pooluser0_ where pooluser0_.username=?
2022-08-03 16:53:02.166  INFO 31888 --- [    Test worker] o.s.t.c.transaction.TransactionContext   : Rolled back transaction for test: [DefaultTestContext@5c190662 testClass = UserControllerTest, testInstance = appool.pool.project.user.controller.UserControllerTest@42d039ef, testMethod = test_signUp@UserControllerTest, testException = [null], mergedContextConfiguration = [WebMergedContextConfiguration@3acd06b0 testClass = UserControllerTest, locations = '{}', classes = '{class appool.pool.project.ProjectApplication}', contextInitializerClasses = '[]', activeProfiles = '{}', propertySourceLocations = '{}', propertySourceProperties = '{org.springframework.boot.test.context.SpringBootTestContextBootstrapper=true}', contextCustomizers = set[org.springframework.boot.test.autoconfigure.actuate.metrics.MetricsExportContextCustomizerFactory$DisableMetricExportContextCustomizer@61544ae6, org.springframework.boot.test.autoconfigure.properties.PropertyMappingContextCustomizer@4b3fa0b3, org.springframework.boot.test.autoconfigure.web.servlet.WebDriverContextCustomizerFactory$Customizer@4c1f22f3, [ImportsContextCustomizer@796eeafb key = [org.springframework.boot.test.autoconfigure.web.servlet.MockMvcAutoConfiguration, org.springframework.boot.test.autoconfigure.web.servlet.MockMvcWebClientAutoConfiguration, org.springframework.boot.test.autoconfigure.web.servlet.MockMvcWebDriverAutoConfiguration, org.springframework.boot.autoconfigure.security.oauth2.client.servlet.OAuth2ClientAutoConfiguration, org.springframework.boot.autoconfigure.security.oauth2.resource.servlet.OAuth2ResourceServerAutoConfiguration, org.springframework.boot.autoconfigure.security.servlet.SecurityAutoConfiguration, org.springframework.boot.autoconfigure.security.servlet.SecurityFilterAutoConfiguration, org.springframework.boot.autoconfigure.security.servlet.UserDetailsServiceAutoConfiguration, org.springframework.boot.test.autoconfigure.web.servlet.MockMvcSecurityConfiguration, org.springframework.boot.test.autoconfigure.web.reactive.WebTestClientAutoConfiguration]], org.springframework.boot.test.context.filter.ExcludeFilterContextCustomizer@7ae42ce3, org.springframework.boot.test.json.DuplicateJsonObjectContextCustomizerFactory$DuplicateJsonObjectContextCustomizer@38234a38, org.springframework.boot.test.mock.mockito.MockitoContextCustomizer@0, org.springframework.boot.test.web.client.TestRestTemplateContextCustomizer@e70f13a, org.springframework.boot.test.context.SpringBootTestArgs@1, org.springframework.boot.test.context.SpringBootTestWebEnvironment@d21a74c], resourceBasePath = 'src/main/webapp', contextLoader = 'org.springframework.boot.test.context.SpringBootContextLoader', parent = [null]], attributes = map['org.springframework.test.context.web.ServletTestExecutionListener.activateListener' -> true, 'org.springframework.test.context.web.ServletTestExecutionListener.populatedRequestContextHolder' -> true, 'org.springframework.test.context.web.ServletTestExecutionListener.resetRequestContextHolder' -> true, 'org.springframework.test.context.event.ApplicationEventsTestExecutionListener.recordApplicationEvents' -> false]]
]]></system-out>
  <system-err><![CDATA[]]></system-err>
</testsuite>
