<?xml version="1.0" encoding="UTF-8"?>
<testsuite name="appool.pool.project.file.service.FileServiceTest" tests="1" skipped="0" failures="0" errors="0" timestamp="2022-07-27T02:20:22" hostname="MacBook-Pro-4.local" time="0.021">
  <properties/>
  <testcase name="파일_저장_성공()" classname="appool.pool.project.file.service.FileServiceTest" time="0.021"/>
  <system-out><![CDATA[2022-07-27 11:20:22.396  INFO 20584 --- [    Test worker] .b.t.c.SpringBootTestContextBootstrapper : Neither @ContextConfiguration nor @ContextHierarchy found for test class [appool.pool.project.file.service.FileServiceTest], using SpringBootContextLoader
2022-07-27 11:20:22.396  INFO 20584 --- [    Test worker] o.s.t.c.support.AbstractContextLoader    : Could not detect default resource locations for test class [appool.pool.project.file.service.FileServiceTest]: no resource found for suffixes {-context.xml, Context.groovy}.
2022-07-27 11:20:22.396  INFO 20584 --- [    Test worker] t.c.s.AnnotationConfigContextLoaderUtils : Could not detect default configuration classes for test class [appool.pool.project.file.service.FileServiceTest]: FileServiceTest does not declare any static, non-private, non-final, nested classes annotated with @Configuration.
2022-07-27 11:20:22.398  INFO 20584 --- [    Test worker] .b.t.c.SpringBootTestContextBootstrapper : Found @SpringBootConfiguration appool.pool.project.ProjectApplication for test class appool.pool.project.file.service.FileServiceTest
2022-07-27 11:20:22.399  INFO 20584 --- [    Test worker] .b.t.c.SpringBootTestContextBootstrapper : Loaded default TestExecutionListener class names from location [META-INF/spring.factories]: [org.springframework.security.test.context.support.WithSecurityContextTestExecutionListener, org.springframework.security.test.context.support.ReactorContextTestExecutionListener, org.springframework.boot.test.autoconfigure.restdocs.RestDocsTestExecutionListener, org.springframework.boot.test.autoconfigure.web.client.MockRestServiceServerResetTestExecutionListener, org.springframework.boot.test.autoconfigure.web.servlet.MockMvcPrintOnlyOnFailureTestExecutionListener, org.springframework.boot.test.autoconfigure.web.servlet.WebDriverTestExecutionListener, org.springframework.boot.test.autoconfigure.webservices.client.MockWebServiceServerTestExecutionListener, org.springframework.boot.test.mock.mockito.MockitoTestExecutionListener, org.springframework.boot.test.mock.mockito.ResetMocksTestExecutionListener, org.springframework.test.context.web.ServletTestExecutionListener, org.springframework.test.context.support.DirtiesContextBeforeModesTestExecutionListener, org.springframework.test.context.event.ApplicationEventsTestExecutionListener, org.springframework.test.context.support.DependencyInjectionTestExecutionListener, org.springframework.test.context.support.DirtiesContextTestExecutionListener, org.springframework.test.context.transaction.TransactionalTestExecutionListener, org.springframework.test.context.jdbc.SqlScriptsTestExecutionListener, org.springframework.test.context.event.EventPublishingTestExecutionListener]
2022-07-27 11:20:22.399  INFO 20584 --- [    Test worker] .b.t.c.SpringBootTestContextBootstrapper : Using TestExecutionListeners: [org.springframework.test.context.web.ServletTestExecutionListener@7d6ccad7, org.springframework.test.context.support.DirtiesContextBeforeModesTestExecutionListener@4d9ad37e, org.springframework.test.context.event.ApplicationEventsTestExecutionListener@481b8d53, org.springframework.boot.test.mock.mockito.MockitoTestExecutionListener@6e8426aa, org.springframework.boot.test.autoconfigure.SpringBootDependencyInjectionTestExecutionListener@752573df, org.springframework.test.context.support.DirtiesContextTestExecutionListener@6ebf5f26, org.springframework.test.context.transaction.TransactionalTestExecutionListener@7a5a26b7, org.springframework.test.context.jdbc.SqlScriptsTestExecutionListener@3524ee20, org.springframework.security.test.context.support.WithSecurityContextTestExecutionListener@6bc1c8d0, org.springframework.test.context.event.EventPublishingTestExecutionListener@7f93fce1, org.springframework.security.test.context.support.ReactorContextTestExecutionListener@5457123a, org.springframework.boot.test.autoconfigure.restdocs.RestDocsTestExecutionListener@4690a37e, org.springframework.boot.test.autoconfigure.web.client.MockRestServiceServerResetTestExecutionListener@23f27434, org.springframework.boot.test.autoconfigure.web.servlet.MockMvcPrintOnlyOnFailureTestExecutionListener@43e6f05f, org.springframework.boot.test.autoconfigure.web.servlet.WebDriverTestExecutionListener@2fccfcdb, org.springframework.boot.test.autoconfigure.webservices.client.MockWebServiceServerTestExecutionListener@6c04310f, org.springframework.boot.test.mock.mockito.ResetMocksTestExecutionListener@5ce7ab6f]
]]></system-out>
  <system-err><![CDATA[]]></system-err>
</testsuite>
