<?xml version="1.0" encoding="UTF-8"?>
<testsuite name="appool.pool.project.user.controller.UserControllerTest" tests="4" skipped="0" failures="0" errors="0" timestamp="2022-07-26T06:39:05" hostname="MacBook-Pro-4.local" time="0.602">
  <properties/>
  <testcase name="회원가입_실패_필드가_없음()" classname="appool.pool.project.user.controller.UserControllerTest" time="0.08"/>
  <testcase name="회원정보조회_실패_없는회원조회()" classname="appool.pool.project.user.controller.UserControllerTest" time="0.273"/>
  <testcase name="내정보조회_성공()" classname="appool.pool.project.user.controller.UserControllerTest" time="0.167"/>
  <testcase name="test_signUp()" classname="appool.pool.project.user.controller.UserControllerTest" time="0.08"/>
  <system-out><![CDATA[2022-07-26 15:39:05.181  INFO 15694 --- [    Test worker] .b.t.c.SpringBootTestContextBootstrapper : Neither @ContextConfiguration nor @ContextHierarchy found for test class [appool.pool.project.user.controller.UserControllerTest], using SpringBootContextLoader
2022-07-26 15:39:05.181  INFO 15694 --- [    Test worker] o.s.t.c.support.AbstractContextLoader    : Could not detect default resource locations for test class [appool.pool.project.user.controller.UserControllerTest]: no resource found for suffixes {-context.xml, Context.groovy}.
2022-07-26 15:39:05.181  INFO 15694 --- [    Test worker] t.c.s.AnnotationConfigContextLoaderUtils : Could not detect default configuration classes for test class [appool.pool.project.user.controller.UserControllerTest]: UserControllerTest does not declare any static, non-private, non-final, nested classes annotated with @Configuration.
2022-07-26 15:39:05.186  INFO 15694 --- [    Test worker] .b.t.c.SpringBootTestContextBootstrapper : Found @SpringBootConfiguration appool.pool.project.ProjectApplication for test class appool.pool.project.user.controller.UserControllerTest
2022-07-26 15:39:05.187  INFO 15694 --- [    Test worker] .b.t.c.SpringBootTestContextBootstrapper : Loaded default TestExecutionListener class names from location [META-INF/spring.factories]: [org.springframework.security.test.context.support.WithSecurityContextTestExecutionListener, org.springframework.security.test.context.support.ReactorContextTestExecutionListener, org.springframework.boot.test.autoconfigure.restdocs.RestDocsTestExecutionListener, org.springframework.boot.test.autoconfigure.web.client.MockRestServiceServerResetTestExecutionListener, org.springframework.boot.test.autoconfigure.web.servlet.MockMvcPrintOnlyOnFailureTestExecutionListener, org.springframework.boot.test.autoconfigure.web.servlet.WebDriverTestExecutionListener, org.springframework.boot.test.autoconfigure.webservices.client.MockWebServiceServerTestExecutionListener, org.springframework.boot.test.mock.mockito.MockitoTestExecutionListener, org.springframework.boot.test.mock.mockito.ResetMocksTestExecutionListener, org.springframework.test.context.web.ServletTestExecutionListener, org.springframework.test.context.support.DirtiesContextBeforeModesTestExecutionListener, org.springframework.test.context.event.ApplicationEventsTestExecutionListener, org.springframework.test.context.support.DependencyInjectionTestExecutionListener, org.springframework.test.context.support.DirtiesContextTestExecutionListener, org.springframework.test.context.transaction.TransactionalTestExecutionListener, org.springframework.test.context.jdbc.SqlScriptsTestExecutionListener, org.springframework.test.context.event.EventPublishingTestExecutionListener]
2022-07-26 15:39:05.187  INFO 15694 --- [    Test worker] .b.t.c.SpringBootTestContextBootstrapper : Using TestExecutionListeners: [org.springframework.test.context.web.ServletTestExecutionListener@2b3e2039, org.springframework.test.context.support.DirtiesContextBeforeModesTestExecutionListener@487f025, org.springframework.test.context.event.ApplicationEventsTestExecutionListener@7ef570be, org.springframework.boot.test.mock.mockito.MockitoTestExecutionListener@39329d81, org.springframework.boot.test.autoconfigure.SpringBootDependencyInjectionTestExecutionListener@63574d76, org.springframework.test.context.support.DirtiesContextTestExecutionListener@586a9fe1, org.springframework.test.context.transaction.TransactionalTestExecutionListener@dcf64d2, org.springframework.test.context.jdbc.SqlScriptsTestExecutionListener@20bc3e7f, org.springframework.security.test.context.support.WithSecurityContextTestExecutionListener@7959fbe3, org.springframework.test.context.event.EventPublishingTestExecutionListener@75c0e6be, org.springframework.security.test.context.support.ReactorContextTestExecutionListener@3dfe520, org.springframework.boot.test.autoconfigure.restdocs.RestDocsTestExecutionListener@42516ce2, org.springframework.boot.test.autoconfigure.web.client.MockRestServiceServerResetTestExecutionListener@74e111a8, org.springframework.boot.test.autoconfigure.web.servlet.MockMvcPrintOnlyOnFailureTestExecutionListener@6e6ec9c, org.springframework.boot.test.autoconfigure.web.servlet.WebDriverTestExecutionListener@7aecff85, org.springframework.boot.test.autoconfigure.webservices.client.MockWebServiceServerTestExecutionListener@3393aa46, org.springframework.boot.test.mock.mockito.ResetMocksTestExecutionListener@4f0381cd]

  .   ____          _            __ _ _
 /\\ / ___'_ __ _ _(_)_ __  __ _ \ \ \ \
( ( )\___ | '_ | '_| | '_ \/ _` | \ \ \ \
 \\/  ___)| |_)| | | | | || (_| |  ) ) ) )
  '  |____| .__|_| |_|_| |_\__, | / / / /
 =========|_|==============|___/=/_/_/_/
 :: Spring Boot ::                (v2.6.9)

2022-07-26 15:39:05.198  INFO 15694 --- [    Test worker] a.p.p.u.controller.UserControllerTest    : Starting UserControllerTest using Java 17.0.1 on MacBook-Pro-4.local with PID 15694 (started by johnn in /Users/johnn/Desktop/2022/POOL/dev)
2022-07-26 15:39:05.199  INFO 15694 --- [    Test worker] a.p.p.u.controller.UserControllerTest    : The following 2 profiles are active: "jwt", "${profile}"
2022-07-26 15:39:05.264  INFO 15694 --- [    Test worker] .s.d.r.c.RepositoryConfigurationDelegate : Bootstrapping Spring Data JPA repositories in DEFAULT mode.
2022-07-26 15:39:05.272  INFO 15694 --- [    Test worker] .s.d.r.c.RepositoryConfigurationDelegate : Finished Spring Data repository scanning in 7 ms. Found 3 JPA repository interfaces.
2022-07-26 15:39:05.318  INFO 15694 --- [    Test worker] com.zaxxer.hikari.HikariDataSource       : HikariPool-2 - Starting...
2022-07-26 15:39:05.319  INFO 15694 --- [    Test worker] com.zaxxer.hikari.HikariDataSource       : HikariPool-2 - Start completed.
2022-07-26 15:39:05.324  INFO 15694 --- [    Test worker] o.hibernate.jpa.internal.util.LogHelper  : HHH000204: Processing PersistenceUnitInfo [name: default]
2022-07-26 15:39:05.326  INFO 15694 --- [    Test worker] org.hibernate.dialect.Dialect            : HHH000400: Using dialect: org.hibernate.dialect.H2Dialect
2022-07-26 15:39:05.358  INFO 15694 --- [    Test worker] o.h.e.t.j.p.i.JtaPlatformInitiator       : HHH000490: Using JtaPlatform implementation: [org.hibernate.engine.transaction.jta.platform.internal.NoJtaPlatform]
2022-07-26 15:39:05.359  INFO 15694 --- [    Test worker] j.LocalContainerEntityManagerFactoryBean : Initialized JPA EntityManagerFactory for persistence unit 'default'
2022-07-26 15:39:05.434  WARN 15694 --- [    Test worker] JpaBaseConfiguration$JpaWebConfiguration : spring.jpa.open-in-view is enabled by default. Therefore, database queries may be performed during view rendering. Explicitly configure spring.jpa.open-in-view to disable this warning
2022-07-26 15:39:05.467  INFO 15694 --- [    Test worker] o.s.s.web.DefaultSecurityFilterChain     : Will secure any request with [org.springframework.security.web.context.request.async.WebAsyncManagerIntegrationFilter@1766b009, org.springframework.security.web.context.SecurityContextPersistenceFilter@253a8bdb, org.springframework.security.web.header.HeaderWriterFilter@f8b6743, appool.pool.project.jwt.filter.JwtAuthenticationProcessingFilter@3446ab40, org.springframework.security.web.authentication.logout.LogoutFilter@3ef2f84c, appool.pool.project.login.filter.JsonUsernamePasswordAuthenticationFilter@2acbbee4, org.springframework.security.web.savedrequest.RequestCacheAwareFilter@834529e, org.springframework.security.web.servletapi.SecurityContextHolderAwareRequestFilter@5c519da4, org.springframework.security.web.authentication.AnonymousAuthenticationFilter@7be95197, org.springframework.security.web.session.SessionManagementFilter@644eed73, org.springframework.security.web.access.ExceptionTranslationFilter@35d31e1c, org.springframework.security.web.access.intercept.FilterSecurityInterceptor@1da40ae8]
2022-07-26 15:39:05.575  INFO 15694 --- [    Test worker] o.s.b.t.m.w.SpringBootMockServletContext : Initializing Spring TestDispatcherServlet ''
2022-07-26 15:39:05.575  INFO 15694 --- [    Test worker] o.s.t.web.servlet.TestDispatcherServlet  : Initializing Servlet ''
2022-07-26 15:39:05.575  INFO 15694 --- [    Test worker] o.s.t.web.servlet.TestDispatcherServlet  : Completed initialization in 0 ms
2022-07-26 15:39:05.580  INFO 15694 --- [    Test worker] a.p.p.u.controller.UserControllerTest    : Started UserControllerTest in 0.391 seconds (JVM running for 2.975)
2022-07-26 15:39:05.583  INFO 15694 --- [    Test worker] o.s.t.c.transaction.TransactionContext   : Began transaction (1) for test context [DefaultTestContext@3c2d4274 testClass = UserControllerTest, testInstance = appool.pool.project.user.controller.UserControllerTest@18b8518b, testMethod = 회원가입_실패_필드가_없음@UserControllerTest, testException = [null], mergedContextConfiguration = [WebMergedContextConfiguration@6960e7a6 testClass = UserControllerTest, locations = '{}', classes = '{class appool.pool.project.ProjectApplication}', contextInitializerClasses = '[]', activeProfiles = '{}', propertySourceLocations = '{}', propertySourceProperties = '{org.springframework.boot.test.context.SpringBootTestContextBootstrapper=true}', contextCustomizers = set[org.springframework.boot.test.autoconfigure.actuate.metrics.MetricsExportContextCustomizerFactory$DisableMetricExportContextCustomizer@60df60da, org.springframework.boot.test.autoconfigure.properties.PropertyMappingContextCustomizer@4b3fa0b3, org.springframework.boot.test.autoconfigure.web.servlet.WebDriverContextCustomizerFactory$Customizer@3b96c42e, [ImportsContextCustomizer@63fe055 key = [org.springframework.boot.test.autoconfigure.web.servlet.MockMvcAutoConfiguration, org.springframework.boot.test.autoconfigure.web.servlet.MockMvcWebClientAutoConfiguration, org.springframework.boot.test.autoconfigure.web.servlet.MockMvcWebDriverAutoConfiguration, org.springframework.boot.autoconfigure.security.oauth2.client.servlet.OAuth2ClientAutoConfiguration, org.springframework.boot.autoconfigure.security.oauth2.resource.servlet.OAuth2ResourceServerAutoConfiguration, org.springframework.boot.autoconfigure.security.servlet.SecurityAutoConfiguration, org.springframework.boot.autoconfigure.security.servlet.SecurityFilterAutoConfiguration, org.springframework.boot.autoconfigure.security.servlet.UserDetailsServiceAutoConfiguration, org.springframework.boot.test.autoconfigure.web.servlet.MockMvcSecurityConfiguration, org.springframework.boot.test.autoconfigure.web.reactive.WebTestClientAutoConfiguration]], org.springframework.boot.test.context.filter.ExcludeFilterContextCustomizer@5ba88be8, org.springframework.boot.test.json.DuplicateJsonObjectContextCustomizerFactory$DuplicateJsonObjectContextCustomizer@1603cd68, org.springframework.boot.test.mock.mockito.MockitoContextCustomizer@0, org.springframework.boot.test.web.client.TestRestTemplateContextCustomizer@484094a5, org.springframework.boot.test.context.SpringBootTestArgs@1, org.springframework.boot.test.context.SpringBootTestWebEnvironment@c86b9e3], resourceBasePath = 'src/main/webapp', contextLoader = 'org.springframework.boot.test.context.SpringBootContextLoader', parent = [null]], attributes = map['org.springframework.test.context.web.ServletTestExecutionListener.activateListener' -> true, 'org.springframework.test.context.web.ServletTestExecutionListener.populatedRequestContextHolder' -> true, 'org.springframework.test.context.web.ServletTestExecutionListener.resetRequestContextHolder' -> true, 'org.springframework.test.context.event.ApplicationEventsTestExecutionListener.recordApplicationEvents' -> false]]; transaction manager [org.springframework.orm.jpa.JpaTransactionManager@6ee34fe4]; rollback [true]
2022-07-26 15:39:05.644 ERROR 15694 --- [    Test worker] a.p.project.exception.ExceptionAdvice    : @ValidException 발생! Validation failed for argument [0] in public void appool.pool.project.user.controller.UserController.signUp(appool.pool.project.user.dto.UserSignUpDto) throws java.lang.Exception: [Field error in object 'userSignUpDto' on field 'username': rejected value [null]; codes [NotBlank.userSignUpDto.username,NotBlank.username,NotBlank.java.lang.String,NotBlank]; arguments [org.springframework.context.support.DefaultMessageSourceResolvable: codes [userSignUpDto.username,username]; arguments []; default message [username]]; default message [아이디는 필수 입력 사항입니다.]] 
2022-07-26 15:39:05.653 ERROR 15694 --- [    Test worker] a.p.project.exception.ExceptionAdvice    : @ValidException 발생! Validation failed for argument [0] in public void appool.pool.project.user.controller.UserController.signUp(appool.pool.project.user.dto.UserSignUpDto) throws java.lang.Exception: [Field error in object 'userSignUpDto' on field 'password': rejected value [null]; codes [NotBlank.userSignUpDto.password,NotBlank.password,NotBlank.java.lang.String,NotBlank]; arguments [org.springframework.context.support.DefaultMessageSourceResolvable: codes [userSignUpDto.password,password]; arguments []; default message [password]]; default message [비밀번호는 필수 입력 사항입니다.]] 
2022-07-26 15:39:05.655 ERROR 15694 --- [    Test worker] a.p.project.exception.ExceptionAdvice    : @ValidException 발생! Validation failed for argument [0] in public void appool.pool.project.user.controller.UserController.signUp(appool.pool.project.user.dto.UserSignUpDto) throws java.lang.Exception: [Field error in object 'userSignUpDto' on field 'nickName': rejected value [null]; codes [NotBlank.userSignUpDto.nickName,NotBlank.nickName,NotBlank.java.lang.String,NotBlank]; arguments [org.springframework.context.support.DefaultMessageSourceResolvable: codes [userSignUpDto.nickName,nickName]; arguments []; default message [nickName]]; default message [닉네임은 필수 입력 사항입니다.]] 
2022-07-26 15:39:05.656 ERROR 15694 --- [    Test worker] a.p.project.exception.ExceptionAdvice    : @ValidException 발생! Validation failed for argument [0] in public void appool.pool.project.user.controller.UserController.signUp(appool.pool.project.user.dto.UserSignUpDto) throws java.lang.Exception: [Field error in object 'userSignUpDto' on field 'phoneNumber': rejected value [null]; codes [NotBlank.userSignUpDto.phoneNumber,NotBlank.phoneNumber,NotBlank.java.lang.String,NotBlank]; arguments [org.springframework.context.support.DefaultMessageSourceResolvable: codes [userSignUpDto.phoneNumber,phoneNumber]; arguments []; default message [phoneNumber]]; default message [전화번호는 필수 입력 사항입니다.]] 
2022-07-26 15:39:05.657 ERROR 15694 --- [    Test worker] a.p.project.exception.ExceptionAdvice    : @ValidException 발생! Validation failed for argument [0] in public void appool.pool.project.user.controller.UserController.signUp(appool.pool.project.user.dto.UserSignUpDto) throws java.lang.Exception: [Field error in object 'userSignUpDto' on field 'gender': rejected value [null]; codes [NotBlank.userSignUpDto.gender,NotBlank.gender,NotBlank.java.lang.String,NotBlank]; arguments [org.springframework.context.support.DefaultMessageSourceResolvable: codes [userSignUpDto.gender,gender]; arguments []; default message [gender]]; default message [성별은 필수 입력 사항입니다.]] 
2022-07-26 15:39:05.662  INFO 15694 --- [    Test worker] o.s.t.c.transaction.TransactionContext   : Rolled back transaction for test: [DefaultTestContext@3c2d4274 testClass = UserControllerTest, testInstance = appool.pool.project.user.controller.UserControllerTest@18b8518b, testMethod = 회원가입_실패_필드가_없음@UserControllerTest, testException = [null], mergedContextConfiguration = [WebMergedContextConfiguration@6960e7a6 testClass = UserControllerTest, locations = '{}', classes = '{class appool.pool.project.ProjectApplication}', contextInitializerClasses = '[]', activeProfiles = '{}', propertySourceLocations = '{}', propertySourceProperties = '{org.springframework.boot.test.context.SpringBootTestContextBootstrapper=true}', contextCustomizers = set[org.springframework.boot.test.autoconfigure.actuate.metrics.MetricsExportContextCustomizerFactory$DisableMetricExportContextCustomizer@60df60da, org.springframework.boot.test.autoconfigure.properties.PropertyMappingContextCustomizer@4b3fa0b3, org.springframework.boot.test.autoconfigure.web.servlet.WebDriverContextCustomizerFactory$Customizer@3b96c42e, [ImportsContextCustomizer@63fe055 key = [org.springframework.boot.test.autoconfigure.web.servlet.MockMvcAutoConfiguration, org.springframework.boot.test.autoconfigure.web.servlet.MockMvcWebClientAutoConfiguration, org.springframework.boot.test.autoconfigure.web.servlet.MockMvcWebDriverAutoConfiguration, org.springframework.boot.autoconfigure.security.oauth2.client.servlet.OAuth2ClientAutoConfiguration, org.springframework.boot.autoconfigure.security.oauth2.resource.servlet.OAuth2ResourceServerAutoConfiguration, org.springframework.boot.autoconfigure.security.servlet.SecurityAutoConfiguration, org.springframework.boot.autoconfigure.security.servlet.SecurityFilterAutoConfiguration, org.springframework.boot.autoconfigure.security.servlet.UserDetailsServiceAutoConfiguration, org.springframework.boot.test.autoconfigure.web.servlet.MockMvcSecurityConfiguration, org.springframework.boot.test.autoconfigure.web.reactive.WebTestClientAutoConfiguration]], org.springframework.boot.test.context.filter.ExcludeFilterContextCustomizer@5ba88be8, org.springframework.boot.test.json.DuplicateJsonObjectContextCustomizerFactory$DuplicateJsonObjectContextCustomizer@1603cd68, org.springframework.boot.test.mock.mockito.MockitoContextCustomizer@0, org.springframework.boot.test.web.client.TestRestTemplateContextCustomizer@484094a5, org.springframework.boot.test.context.SpringBootTestArgs@1, org.springframework.boot.test.context.SpringBootTestWebEnvironment@c86b9e3], resourceBasePath = 'src/main/webapp', contextLoader = 'org.springframework.boot.test.context.SpringBootContextLoader', parent = [null]], attributes = map['org.springframework.test.context.web.ServletTestExecutionListener.activateListener' -> true, 'org.springframework.test.context.web.ServletTestExecutionListener.populatedRequestContextHolder' -> true, 'org.springframework.test.context.web.ServletTestExecutionListener.resetRequestContextHolder' -> true, 'org.springframework.test.context.event.ApplicationEventsTestExecutionListener.recordApplicationEvents' -> false]]
2022-07-26 15:39:05.664  INFO 15694 --- [    Test worker] o.s.t.c.transaction.TransactionContext   : Began transaction (1) for test context [DefaultTestContext@3c2d4274 testClass = UserControllerTest, testInstance = appool.pool.project.user.controller.UserControllerTest@504f2bcd, testMethod = 회원정보조회_실패_없는회원조회@UserControllerTest, testException = [null], mergedContextConfiguration = [WebMergedContextConfiguration@6960e7a6 testClass = UserControllerTest, locations = '{}', classes = '{class appool.pool.project.ProjectApplication}', contextInitializerClasses = '[]', activeProfiles = '{}', propertySourceLocations = '{}', propertySourceProperties = '{org.springframework.boot.test.context.SpringBootTestContextBootstrapper=true}', contextCustomizers = set[org.springframework.boot.test.autoconfigure.actuate.metrics.MetricsExportContextCustomizerFactory$DisableMetricExportContextCustomizer@60df60da, org.springframework.boot.test.autoconfigure.properties.PropertyMappingContextCustomizer@4b3fa0b3, org.springframework.boot.test.autoconfigure.web.servlet.WebDriverContextCustomizerFactory$Customizer@3b96c42e, [ImportsContextCustomizer@63fe055 key = [org.springframework.boot.test.autoconfigure.web.servlet.MockMvcAutoConfiguration, org.springframework.boot.test.autoconfigure.web.servlet.MockMvcWebClientAutoConfiguration, org.springframework.boot.test.autoconfigure.web.servlet.MockMvcWebDriverAutoConfiguration, org.springframework.boot.autoconfigure.security.oauth2.client.servlet.OAuth2ClientAutoConfiguration, org.springframework.boot.autoconfigure.security.oauth2.resource.servlet.OAuth2ResourceServerAutoConfiguration, org.springframework.boot.autoconfigure.security.servlet.SecurityAutoConfiguration, org.springframework.boot.autoconfigure.security.servlet.SecurityFilterAutoConfiguration, org.springframework.boot.autoconfigure.security.servlet.UserDetailsServiceAutoConfiguration, org.springframework.boot.test.autoconfigure.web.servlet.MockMvcSecurityConfiguration, org.springframework.boot.test.autoconfigure.web.reactive.WebTestClientAutoConfiguration]], org.springframework.boot.test.context.filter.ExcludeFilterContextCustomizer@5ba88be8, org.springframework.boot.test.json.DuplicateJsonObjectContextCustomizerFactory$DuplicateJsonObjectContextCustomizer@1603cd68, org.springframework.boot.test.mock.mockito.MockitoContextCustomizer@0, org.springframework.boot.test.web.client.TestRestTemplateContextCustomizer@484094a5, org.springframework.boot.test.context.SpringBootTestArgs@1, org.springframework.boot.test.context.SpringBootTestWebEnvironment@c86b9e3], resourceBasePath = 'src/main/webapp', contextLoader = 'org.springframework.boot.test.context.SpringBootContextLoader', parent = [null]], attributes = map['org.springframework.test.context.web.ServletTestExecutionListener.activateListener' -> true, 'org.springframework.test.context.web.ServletTestExecutionListener.populatedRequestContextHolder' -> true, 'org.springframework.test.context.web.ServletTestExecutionListener.resetRequestContextHolder' -> true, 'org.springframework.test.context.event.ApplicationEventsTestExecutionListener.recordApplicationEvents' -> false]]; transaction manager [org.springframework.orm.jpa.JpaTransactionManager@6ee34fe4]; rollback [true]
2022-07-26 15:39:05.917  INFO 15694 --- [    Test worker] a.p.p.l.h.LoginSuccessJWTProvideHandler  : 로그인에 성공합니다. username: username
2022-07-26 15:39:05.918  INFO 15694 --- [    Test worker] a.p.p.l.h.LoginSuccessJWTProvideHandler  : AccessToken을 발급합니다. AccessToken: eyJ0eXAiOiJKV1QiLCJhbGciOiJIUzUxMiJ9.eyJzdWIiOiJBY2Nlc3NUb2tlbiIsImV4cCI6MTY1ODgxNzYyNSwidXNlcm5hbWUiOiJ1c2VybmFtZSJ9.SPxmqtiaPbz6STguocpPG1OkECMLRZ7vgSPwBzUeae5dVbDjuESCM8L_TMiYSfy2tVPvF3YHtWfbNhwt1FCuAg
2022-07-26 15:39:05.918  INFO 15694 --- [    Test worker] a.p.p.l.h.LoginSuccessJWTProvideHandler  : RefreshToken을 발급합니다. RefreshToken: eyJ0eXAiOiJKV1QiLCJhbGciOiJIUzUxMiJ9.eyJzdWIiOiJSZWZyZXNoVG9rZW4iLCJleHAiOjE2NTg4MTc2MzV9.-2IVJ6KFQpC-MTOztU6uQ9QlQPjJOHt24UVYtvpwS2HzmZ1lTRUaqeRo9avsHGxozoDQMaGkFiL2MO1KwYWZjg
2022-07-26 15:39:05.932 ERROR 15694 --- [    Test worker] a.p.project.exception.ExceptionAdvice    : BaseException errorMessage(): 회원 정보가 없습니다.
2022-07-26 15:39:05.932 ERROR 15694 --- [    Test worker] a.p.project.exception.ExceptionAdvice    : BaseException errorCode() :602
2022-07-26 15:39:05.934  INFO 15694 --- [    Test worker] o.s.t.c.transaction.TransactionContext   : Rolled back transaction for test: [DefaultTestContext@3c2d4274 testClass = UserControllerTest, testInstance = appool.pool.project.user.controller.UserControllerTest@504f2bcd, testMethod = 회원정보조회_실패_없는회원조회@UserControllerTest, testException = [null], mergedContextConfiguration = [WebMergedContextConfiguration@6960e7a6 testClass = UserControllerTest, locations = '{}', classes = '{class appool.pool.project.ProjectApplication}', contextInitializerClasses = '[]', activeProfiles = '{}', propertySourceLocations = '{}', propertySourceProperties = '{org.springframework.boot.test.context.SpringBootTestContextBootstrapper=true}', contextCustomizers = set[org.springframework.boot.test.autoconfigure.actuate.metrics.MetricsExportContextCustomizerFactory$DisableMetricExportContextCustomizer@60df60da, org.springframework.boot.test.autoconfigure.properties.PropertyMappingContextCustomizer@4b3fa0b3, org.springframework.boot.test.autoconfigure.web.servlet.WebDriverContextCustomizerFactory$Customizer@3b96c42e, [ImportsContextCustomizer@63fe055 key = [org.springframework.boot.test.autoconfigure.web.servlet.MockMvcAutoConfiguration, org.springframework.boot.test.autoconfigure.web.servlet.MockMvcWebClientAutoConfiguration, org.springframework.boot.test.autoconfigure.web.servlet.MockMvcWebDriverAutoConfiguration, org.springframework.boot.autoconfigure.security.oauth2.client.servlet.OAuth2ClientAutoConfiguration, org.springframework.boot.autoconfigure.security.oauth2.resource.servlet.OAuth2ResourceServerAutoConfiguration, org.springframework.boot.autoconfigure.security.servlet.SecurityAutoConfiguration, org.springframework.boot.autoconfigure.security.servlet.SecurityFilterAutoConfiguration, org.springframework.boot.autoconfigure.security.servlet.UserDetailsServiceAutoConfiguration, org.springframework.boot.test.autoconfigure.web.servlet.MockMvcSecurityConfiguration, org.springframework.boot.test.autoconfigure.web.reactive.WebTestClientAutoConfiguration]], org.springframework.boot.test.context.filter.ExcludeFilterContextCustomizer@5ba88be8, org.springframework.boot.test.json.DuplicateJsonObjectContextCustomizerFactory$DuplicateJsonObjectContextCustomizer@1603cd68, org.springframework.boot.test.mock.mockito.MockitoContextCustomizer@0, org.springframework.boot.test.web.client.TestRestTemplateContextCustomizer@484094a5, org.springframework.boot.test.context.SpringBootTestArgs@1, org.springframework.boot.test.context.SpringBootTestWebEnvironment@c86b9e3], resourceBasePath = 'src/main/webapp', contextLoader = 'org.springframework.boot.test.context.SpringBootContextLoader', parent = [null]], attributes = map['org.springframework.test.context.web.ServletTestExecutionListener.activateListener' -> true, 'org.springframework.test.context.web.ServletTestExecutionListener.populatedRequestContextHolder' -> true, 'org.springframework.test.context.web.ServletTestExecutionListener.resetRequestContextHolder' -> true, 'org.springframework.test.context.event.ApplicationEventsTestExecutionListener.recordApplicationEvents' -> false]]
2022-07-26 15:39:05.936  INFO 15694 --- [    Test worker] o.s.t.c.transaction.TransactionContext   : Began transaction (1) for test context [DefaultTestContext@3c2d4274 testClass = UserControllerTest, testInstance = appool.pool.project.user.controller.UserControllerTest@2ab4c4e, testMethod = 내정보조회_성공@UserControllerTest, testException = [null], mergedContextConfiguration = [WebMergedContextConfiguration@6960e7a6 testClass = UserControllerTest, locations = '{}', classes = '{class appool.pool.project.ProjectApplication}', contextInitializerClasses = '[]', activeProfiles = '{}', propertySourceLocations = '{}', propertySourceProperties = '{org.springframework.boot.test.context.SpringBootTestContextBootstrapper=true}', contextCustomizers = set[org.springframework.boot.test.autoconfigure.actuate.metrics.MetricsExportContextCustomizerFactory$DisableMetricExportContextCustomizer@60df60da, org.springframework.boot.test.autoconfigure.properties.PropertyMappingContextCustomizer@4b3fa0b3, org.springframework.boot.test.autoconfigure.web.servlet.WebDriverContextCustomizerFactory$Customizer@3b96c42e, [ImportsContextCustomizer@63fe055 key = [org.springframework.boot.test.autoconfigure.web.servlet.MockMvcAutoConfiguration, org.springframework.boot.test.autoconfigure.web.servlet.MockMvcWebClientAutoConfiguration, org.springframework.boot.test.autoconfigure.web.servlet.MockMvcWebDriverAutoConfiguration, org.springframework.boot.autoconfigure.security.oauth2.client.servlet.OAuth2ClientAutoConfiguration, org.springframework.boot.autoconfigure.security.oauth2.resource.servlet.OAuth2ResourceServerAutoConfiguration, org.springframework.boot.autoconfigure.security.servlet.SecurityAutoConfiguration, org.springframework.boot.autoconfigure.security.servlet.SecurityFilterAutoConfiguration, org.springframework.boot.autoconfigure.security.servlet.UserDetailsServiceAutoConfiguration, org.springframework.boot.test.autoconfigure.web.servlet.MockMvcSecurityConfiguration, org.springframework.boot.test.autoconfigure.web.reactive.WebTestClientAutoConfiguration]], org.springframework.boot.test.context.filter.ExcludeFilterContextCustomizer@5ba88be8, org.springframework.boot.test.json.DuplicateJsonObjectContextCustomizerFactory$DuplicateJsonObjectContextCustomizer@1603cd68, org.springframework.boot.test.mock.mockito.MockitoContextCustomizer@0, org.springframework.boot.test.web.client.TestRestTemplateContextCustomizer@484094a5, org.springframework.boot.test.context.SpringBootTestArgs@1, org.springframework.boot.test.context.SpringBootTestWebEnvironment@c86b9e3], resourceBasePath = 'src/main/webapp', contextLoader = 'org.springframework.boot.test.context.SpringBootContextLoader', parent = [null]], attributes = map['org.springframework.test.context.web.ServletTestExecutionListener.activateListener' -> true, 'org.springframework.test.context.web.ServletTestExecutionListener.populatedRequestContextHolder' -> true, 'org.springframework.test.context.web.ServletTestExecutionListener.resetRequestContextHolder' -> true, 'org.springframework.test.context.event.ApplicationEventsTestExecutionListener.recordApplicationEvents' -> false]]; transaction manager [org.springframework.orm.jpa.JpaTransactionManager@6ee34fe4]; rollback [true]
2022-07-26 15:39:06.093  INFO 15694 --- [    Test worker] a.p.p.l.h.LoginSuccessJWTProvideHandler  : 로그인에 성공합니다. username: username
2022-07-26 15:39:06.093  INFO 15694 --- [    Test worker] a.p.p.l.h.LoginSuccessJWTProvideHandler  : AccessToken을 발급합니다. AccessToken: eyJ0eXAiOiJKV1QiLCJhbGciOiJIUzUxMiJ9.eyJzdWIiOiJBY2Nlc3NUb2tlbiIsImV4cCI6MTY1ODgxNzYyNiwidXNlcm5hbWUiOiJ1c2VybmFtZSJ9.Vp3l11TKfZ5uwcouSvtgr1KYgcP80g5P9lwhe-F5RrUNsyppH3gGXuO8KOTFA9Nc41UUVhB25wcjNyijQJ5F9w
2022-07-26 15:39:06.093  INFO 15694 --- [    Test worker] a.p.p.l.h.LoginSuccessJWTProvideHandler  : RefreshToken을 발급합니다. RefreshToken: eyJ0eXAiOiJKV1QiLCJhbGciOiJIUzUxMiJ9.eyJzdWIiOiJSZWZyZXNoVG9rZW4iLCJleHAiOjE2NTg4MTc2MzZ9.z-Hhpp7BgsO9InWx3nungHBr6qssQH6tYufPUBmOcjaVHJ9zOivrOqFXZ6lc-mvjwchMBPyXzLsgvqpwEgsHsA

MockHttpServletRequest:
      HTTP Method = GET
      Request URI = /user
       Parameters = {}
          Headers = [Authorization:"Bearer eyJ0eXAiOiJKV1QiLCJhbGciOiJIUzUxMiJ9.eyJzdWIiOiJBY2Nlc3NUb2tlbiIsImV4cCI6MTY1ODgxNzYyNiwidXNlcm5hbWUiOiJ1c2VybmFtZSJ9.Vp3l11TKfZ5uwcouSvtgr1KYgcP80g5P9lwhe-F5RrUNsyppH3gGXuO8KOTFA9Nc41UUVhB25wcjNyijQJ5F9w"]
             Body = null
    Session Attrs = {}

Handler:
             Type = appool.pool.project.user.controller.UserController
           Method = appool.pool.project.user.controller.UserController#getMyInfo(HttpServletResponse)

Async:
    Async started = false
     Async result = null

Resolved Exception:
             Type = null

ModelAndView:
        View name = null
             View = null
            Model = null

FlashMap:
       Attributes = null

MockHttpServletResponse:
           Status = 200
    Error message = null
          Headers = [Content-Type:"application/json", X-Content-Type-Options:"nosniff", X-XSS-Protection:"1; mode=block", Cache-Control:"no-cache, no-store, max-age=0, must-revalidate", Pragma:"no-cache", Expires:"0", X-Frame-Options:"SAMEORIGIN"]
     Content type = application/json
             Body = {"username":"username","nickName":"doha1","userStatus":"USER","termAgreement":true,"privacyAgreement":true}
    Forwarded URL = null
   Redirected URL = null
          Cookies = []
2022-07-26 15:39:06.102  INFO 15694 --- [    Test worker] o.s.t.c.transaction.TransactionContext   : Rolled back transaction for test: [DefaultTestContext@3c2d4274 testClass = UserControllerTest, testInstance = appool.pool.project.user.controller.UserControllerTest@2ab4c4e, testMethod = 내정보조회_성공@UserControllerTest, testException = [null], mergedContextConfiguration = [WebMergedContextConfiguration@6960e7a6 testClass = UserControllerTest, locations = '{}', classes = '{class appool.pool.project.ProjectApplication}', contextInitializerClasses = '[]', activeProfiles = '{}', propertySourceLocations = '{}', propertySourceProperties = '{org.springframework.boot.test.context.SpringBootTestContextBootstrapper=true}', contextCustomizers = set[org.springframework.boot.test.autoconfigure.actuate.metrics.MetricsExportContextCustomizerFactory$DisableMetricExportContextCustomizer@60df60da, org.springframework.boot.test.autoconfigure.properties.PropertyMappingContextCustomizer@4b3fa0b3, org.springframework.boot.test.autoconfigure.web.servlet.WebDriverContextCustomizerFactory$Customizer@3b96c42e, [ImportsContextCustomizer@63fe055 key = [org.springframework.boot.test.autoconfigure.web.servlet.MockMvcAutoConfiguration, org.springframework.boot.test.autoconfigure.web.servlet.MockMvcWebClientAutoConfiguration, org.springframework.boot.test.autoconfigure.web.servlet.MockMvcWebDriverAutoConfiguration, org.springframework.boot.autoconfigure.security.oauth2.client.servlet.OAuth2ClientAutoConfiguration, org.springframework.boot.autoconfigure.security.oauth2.resource.servlet.OAuth2ResourceServerAutoConfiguration, org.springframework.boot.autoconfigure.security.servlet.SecurityAutoConfiguration, org.springframework.boot.autoconfigure.security.servlet.SecurityFilterAutoConfiguration, org.springframework.boot.autoconfigure.security.servlet.UserDetailsServiceAutoConfiguration, org.springframework.boot.test.autoconfigure.web.servlet.MockMvcSecurityConfiguration, org.springframework.boot.test.autoconfigure.web.reactive.WebTestClientAutoConfiguration]], org.springframework.boot.test.context.filter.ExcludeFilterContextCustomizer@5ba88be8, org.springframework.boot.test.json.DuplicateJsonObjectContextCustomizerFactory$DuplicateJsonObjectContextCustomizer@1603cd68, org.springframework.boot.test.mock.mockito.MockitoContextCustomizer@0, org.springframework.boot.test.web.client.TestRestTemplateContextCustomizer@484094a5, org.springframework.boot.test.context.SpringBootTestArgs@1, org.springframework.boot.test.context.SpringBootTestWebEnvironment@c86b9e3], resourceBasePath = 'src/main/webapp', contextLoader = 'org.springframework.boot.test.context.SpringBootContextLoader', parent = [null]], attributes = map['org.springframework.test.context.web.ServletTestExecutionListener.activateListener' -> true, 'org.springframework.test.context.web.ServletTestExecutionListener.populatedRequestContextHolder' -> true, 'org.springframework.test.context.web.ServletTestExecutionListener.resetRequestContextHolder' -> true, 'org.springframework.test.context.event.ApplicationEventsTestExecutionListener.recordApplicationEvents' -> false]]
2022-07-26 15:39:06.103  INFO 15694 --- [    Test worker] o.s.t.c.transaction.TransactionContext   : Began transaction (1) for test context [DefaultTestContext@3c2d4274 testClass = UserControllerTest, testInstance = appool.pool.project.user.controller.UserControllerTest@5b0fc8c2, testMethod = test_signUp@UserControllerTest, testException = [null], mergedContextConfiguration = [WebMergedContextConfiguration@6960e7a6 testClass = UserControllerTest, locations = '{}', classes = '{class appool.pool.project.ProjectApplication}', contextInitializerClasses = '[]', activeProfiles = '{}', propertySourceLocations = '{}', propertySourceProperties = '{org.springframework.boot.test.context.SpringBootTestContextBootstrapper=true}', contextCustomizers = set[org.springframework.boot.test.autoconfigure.actuate.metrics.MetricsExportContextCustomizerFactory$DisableMetricExportContextCustomizer@60df60da, org.springframework.boot.test.autoconfigure.properties.PropertyMappingContextCustomizer@4b3fa0b3, org.springframework.boot.test.autoconfigure.web.servlet.WebDriverContextCustomizerFactory$Customizer@3b96c42e, [ImportsContextCustomizer@63fe055 key = [org.springframework.boot.test.autoconfigure.web.servlet.MockMvcAutoConfiguration, org.springframework.boot.test.autoconfigure.web.servlet.MockMvcWebClientAutoConfiguration, org.springframework.boot.test.autoconfigure.web.servlet.MockMvcWebDriverAutoConfiguration, org.springframework.boot.autoconfigure.security.oauth2.client.servlet.OAuth2ClientAutoConfiguration, org.springframework.boot.autoconfigure.security.oauth2.resource.servlet.OAuth2ResourceServerAutoConfiguration, org.springframework.boot.autoconfigure.security.servlet.SecurityAutoConfiguration, org.springframework.boot.autoconfigure.security.servlet.SecurityFilterAutoConfiguration, org.springframework.boot.autoconfigure.security.servlet.UserDetailsServiceAutoConfiguration, org.springframework.boot.test.autoconfigure.web.servlet.MockMvcSecurityConfiguration, org.springframework.boot.test.autoconfigure.web.reactive.WebTestClientAutoConfiguration]], org.springframework.boot.test.context.filter.ExcludeFilterContextCustomizer@5ba88be8, org.springframework.boot.test.json.DuplicateJsonObjectContextCustomizerFactory$DuplicateJsonObjectContextCustomizer@1603cd68, org.springframework.boot.test.mock.mockito.MockitoContextCustomizer@0, org.springframework.boot.test.web.client.TestRestTemplateContextCustomizer@484094a5, org.springframework.boot.test.context.SpringBootTestArgs@1, org.springframework.boot.test.context.SpringBootTestWebEnvironment@c86b9e3], resourceBasePath = 'src/main/webapp', contextLoader = 'org.springframework.boot.test.context.SpringBootContextLoader', parent = [null]], attributes = map['org.springframework.test.context.web.ServletTestExecutionListener.activateListener' -> true, 'org.springframework.test.context.web.ServletTestExecutionListener.populatedRequestContextHolder' -> true, 'org.springframework.test.context.web.ServletTestExecutionListener.resetRequestContextHolder' -> true, 'org.springframework.test.context.event.ApplicationEventsTestExecutionListener.recordApplicationEvents' -> false]]; transaction manager [org.springframework.orm.jpa.JpaTransactionManager@6ee34fe4]; rollback [true]
2022-07-26 15:39:06.183  INFO 15694 --- [    Test worker] o.s.t.c.transaction.TransactionContext   : Rolled back transaction for test: [DefaultTestContext@3c2d4274 testClass = UserControllerTest, testInstance = appool.pool.project.user.controller.UserControllerTest@5b0fc8c2, testMethod = test_signUp@UserControllerTest, testException = [null], mergedContextConfiguration = [WebMergedContextConfiguration@6960e7a6 testClass = UserControllerTest, locations = '{}', classes = '{class appool.pool.project.ProjectApplication}', contextInitializerClasses = '[]', activeProfiles = '{}', propertySourceLocations = '{}', propertySourceProperties = '{org.springframework.boot.test.context.SpringBootTestContextBootstrapper=true}', contextCustomizers = set[org.springframework.boot.test.autoconfigure.actuate.metrics.MetricsExportContextCustomizerFactory$DisableMetricExportContextCustomizer@60df60da, org.springframework.boot.test.autoconfigure.properties.PropertyMappingContextCustomizer@4b3fa0b3, org.springframework.boot.test.autoconfigure.web.servlet.WebDriverContextCustomizerFactory$Customizer@3b96c42e, [ImportsContextCustomizer@63fe055 key = [org.springframework.boot.test.autoconfigure.web.servlet.MockMvcAutoConfiguration, org.springframework.boot.test.autoconfigure.web.servlet.MockMvcWebClientAutoConfiguration, org.springframework.boot.test.autoconfigure.web.servlet.MockMvcWebDriverAutoConfiguration, org.springframework.boot.autoconfigure.security.oauth2.client.servlet.OAuth2ClientAutoConfiguration, org.springframework.boot.autoconfigure.security.oauth2.resource.servlet.OAuth2ResourceServerAutoConfiguration, org.springframework.boot.autoconfigure.security.servlet.SecurityAutoConfiguration, org.springframework.boot.autoconfigure.security.servlet.SecurityFilterAutoConfiguration, org.springframework.boot.autoconfigure.security.servlet.UserDetailsServiceAutoConfiguration, org.springframework.boot.test.autoconfigure.web.servlet.MockMvcSecurityConfiguration, org.springframework.boot.test.autoconfigure.web.reactive.WebTestClientAutoConfiguration]], org.springframework.boot.test.context.filter.ExcludeFilterContextCustomizer@5ba88be8, org.springframework.boot.test.json.DuplicateJsonObjectContextCustomizerFactory$DuplicateJsonObjectContextCustomizer@1603cd68, org.springframework.boot.test.mock.mockito.MockitoContextCustomizer@0, org.springframework.boot.test.web.client.TestRestTemplateContextCustomizer@484094a5, org.springframework.boot.test.context.SpringBootTestArgs@1, org.springframework.boot.test.context.SpringBootTestWebEnvironment@c86b9e3], resourceBasePath = 'src/main/webapp', contextLoader = 'org.springframework.boot.test.context.SpringBootContextLoader', parent = [null]], attributes = map['org.springframework.test.context.web.ServletTestExecutionListener.activateListener' -> true, 'org.springframework.test.context.web.ServletTestExecutionListener.populatedRequestContextHolder' -> true, 'org.springframework.test.context.web.ServletTestExecutionListener.resetRequestContextHolder' -> true, 'org.springframework.test.context.event.ApplicationEventsTestExecutionListener.recordApplicationEvents' -> false]]
]]></system-out>
  <system-err><![CDATA[]]></system-err>
</testsuite>
