<?xml version="1.0" encoding="UTF-8"?>
<testsuite name="appool.pool.project.file.service.FileServiceTest" tests="1" skipped="0" failures="0" errors="0" timestamp="2022-07-28T02:27:54" hostname="MacBook-Pro-4.local" time="0.031">
  <properties/>
  <testcase name="파일_저장_성공()" classname="appool.pool.project.file.service.FileServiceTest" time="0.031"/>
  <system-out><![CDATA[2022-07-28 11:27:54.117  INFO 27217 --- [    Test worker] .b.t.c.SpringBootTestContextBootstrapper : Neither @ContextConfiguration nor @ContextHierarchy found for test class [appool.pool.project.file.service.FileServiceTest], using SpringBootContextLoader
2022-07-28 11:27:54.117  INFO 27217 --- [    Test worker] o.s.t.c.support.AbstractContextLoader    : Could not detect default resource locations for test class [appool.pool.project.file.service.FileServiceTest]: no resource found for suffixes {-context.xml, Context.groovy}.
2022-07-28 11:27:54.117  INFO 27217 --- [    Test worker] t.c.s.AnnotationConfigContextLoaderUtils : Could not detect default configuration classes for test class [appool.pool.project.file.service.FileServiceTest]: FileServiceTest does not declare any static, non-private, non-final, nested classes annotated with @Configuration.
2022-07-28 11:27:54.119  INFO 27217 --- [    Test worker] .b.t.c.SpringBootTestContextBootstrapper : Found @SpringBootConfiguration appool.pool.project.ProjectApplication for test class appool.pool.project.file.service.FileServiceTest
2022-07-28 11:27:54.120  INFO 27217 --- [    Test worker] .b.t.c.SpringBootTestContextBootstrapper : Loaded default TestExecutionListener class names from location [META-INF/spring.factories]: [org.springframework.security.test.context.support.WithSecurityContextTestExecutionListener, org.springframework.security.test.context.support.ReactorContextTestExecutionListener, org.springframework.boot.test.autoconfigure.restdocs.RestDocsTestExecutionListener, org.springframework.boot.test.autoconfigure.web.client.MockRestServiceServerResetTestExecutionListener, org.springframework.boot.test.autoconfigure.web.servlet.MockMvcPrintOnlyOnFailureTestExecutionListener, org.springframework.boot.test.autoconfigure.web.servlet.WebDriverTestExecutionListener, org.springframework.boot.test.autoconfigure.webservices.client.MockWebServiceServerTestExecutionListener, org.springframework.boot.test.mock.mockito.MockitoTestExecutionListener, org.springframework.boot.test.mock.mockito.ResetMocksTestExecutionListener, org.springframework.test.context.web.ServletTestExecutionListener, org.springframework.test.context.support.DirtiesContextBeforeModesTestExecutionListener, org.springframework.test.context.event.ApplicationEventsTestExecutionListener, org.springframework.test.context.support.DependencyInjectionTestExecutionListener, org.springframework.test.context.support.DirtiesContextTestExecutionListener, org.springframework.test.context.transaction.TransactionalTestExecutionListener, org.springframework.test.context.jdbc.SqlScriptsTestExecutionListener, org.springframework.test.context.event.EventPublishingTestExecutionListener]
2022-07-28 11:27:54.120  INFO 27217 --- [    Test worker] .b.t.c.SpringBootTestContextBootstrapper : Using TestExecutionListeners: [org.springframework.test.context.web.ServletTestExecutionListener@2e10f765, org.springframework.test.context.support.DirtiesContextBeforeModesTestExecutionListener@100d071, org.springframework.test.context.event.ApplicationEventsTestExecutionListener@4c5379f5, org.springframework.boot.test.mock.mockito.MockitoTestExecutionListener@333d5a0c, org.springframework.boot.test.autoconfigure.SpringBootDependencyInjectionTestExecutionListener@1abf38d1, org.springframework.test.context.support.DirtiesContextTestExecutionListener@1d3bf0af, org.springframework.test.context.transaction.TransactionalTestExecutionListener@4af0ae2c, org.springframework.test.context.jdbc.SqlScriptsTestExecutionListener@13446044, org.springframework.security.test.context.support.WithSecurityContextTestExecutionListener@705ebb4d, org.springframework.test.context.event.EventPublishingTestExecutionListener@32a29361, org.springframework.security.test.context.support.ReactorContextTestExecutionListener@7d6ccad7, org.springframework.boot.test.autoconfigure.restdocs.RestDocsTestExecutionListener@4d9ad37e, org.springframework.boot.test.autoconfigure.web.client.MockRestServiceServerResetTestExecutionListener@481b8d53, org.springframework.boot.test.autoconfigure.web.servlet.MockMvcPrintOnlyOnFailureTestExecutionListener@6e8426aa, org.springframework.boot.test.autoconfigure.web.servlet.WebDriverTestExecutionListener@752573df, org.springframework.boot.test.autoconfigure.webservices.client.MockWebServiceServerTestExecutionListener@6ebf5f26, org.springframework.boot.test.mock.mockito.ResetMocksTestExecutionListener@7a5a26b7]
]]></system-out>
  <system-err><![CDATA[]]></system-err>
</testsuite>
