<?xml version="1.0" encoding="UTF-8"?>
<testsuite name="appool.pool.project.user.controller.UserControllerTest" tests="4" skipped="0" failures="0" errors="0" timestamp="2022-07-28T06:57:41" hostname="MacBook-Pro-4.local" time="1.294">
  <properties/>
  <testcase name="회원가입_실패_필드가_없음()" classname="appool.pool.project.user.controller.UserControllerTest" time="0.205"/>
  <testcase name="회원정보조회_실패_없는회원조회()" classname="appool.pool.project.user.controller.UserControllerTest" time="0.56"/>
  <testcase name="내정보조회_성공()" classname="appool.pool.project.user.controller.UserControllerTest" time="0.252"/>
  <testcase name="test_signUp()" classname="appool.pool.project.user.controller.UserControllerTest" time="0.275"/>
  <system-out><![CDATA[2022-07-28 15:57:40.735  INFO 29887 --- [    Test worker] .b.t.c.SpringBootTestContextBootstrapper : Neither @ContextConfiguration nor @ContextHierarchy found for test class [appool.pool.project.user.controller.UserControllerTest], using SpringBootContextLoader
2022-07-28 15:57:40.736  INFO 29887 --- [    Test worker] o.s.t.c.support.AbstractContextLoader    : Could not detect default resource locations for test class [appool.pool.project.user.controller.UserControllerTest]: no resource found for suffixes {-context.xml, Context.groovy}.
2022-07-28 15:57:40.736  INFO 29887 --- [    Test worker] t.c.s.AnnotationConfigContextLoaderUtils : Could not detect default configuration classes for test class [appool.pool.project.user.controller.UserControllerTest]: UserControllerTest does not declare any static, non-private, non-final, nested classes annotated with @Configuration.
2022-07-28 15:57:40.741  INFO 29887 --- [    Test worker] .b.t.c.SpringBootTestContextBootstrapper : Found @SpringBootConfiguration appool.pool.project.ProjectApplication for test class appool.pool.project.user.controller.UserControllerTest
2022-07-28 15:57:40.741  INFO 29887 --- [    Test worker] .b.t.c.SpringBootTestContextBootstrapper : Loaded default TestExecutionListener class names from location [META-INF/spring.factories]: [org.springframework.security.test.context.support.WithSecurityContextTestExecutionListener, org.springframework.security.test.context.support.ReactorContextTestExecutionListener, org.springframework.boot.test.autoconfigure.restdocs.RestDocsTestExecutionListener, org.springframework.boot.test.autoconfigure.web.client.MockRestServiceServerResetTestExecutionListener, org.springframework.boot.test.autoconfigure.web.servlet.MockMvcPrintOnlyOnFailureTestExecutionListener, org.springframework.boot.test.autoconfigure.web.servlet.WebDriverTestExecutionListener, org.springframework.boot.test.autoconfigure.webservices.client.MockWebServiceServerTestExecutionListener, org.springframework.boot.test.mock.mockito.MockitoTestExecutionListener, org.springframework.boot.test.mock.mockito.ResetMocksTestExecutionListener, org.springframework.test.context.web.ServletTestExecutionListener, org.springframework.test.context.support.DirtiesContextBeforeModesTestExecutionListener, org.springframework.test.context.event.ApplicationEventsTestExecutionListener, org.springframework.test.context.support.DependencyInjectionTestExecutionListener, org.springframework.test.context.support.DirtiesContextTestExecutionListener, org.springframework.test.context.transaction.TransactionalTestExecutionListener, org.springframework.test.context.jdbc.SqlScriptsTestExecutionListener, org.springframework.test.context.event.EventPublishingTestExecutionListener]
2022-07-28 15:57:40.741  INFO 29887 --- [    Test worker] .b.t.c.SpringBootTestContextBootstrapper : Using TestExecutionListeners: [org.springframework.test.context.web.ServletTestExecutionListener@31a9eaa, org.springframework.test.context.support.DirtiesContextBeforeModesTestExecutionListener@19370af1, org.springframework.test.context.event.ApplicationEventsTestExecutionListener@67c912d3, org.springframework.boot.test.mock.mockito.MockitoTestExecutionListener@60515ab1, org.springframework.boot.test.autoconfigure.SpringBootDependencyInjectionTestExecutionListener@37e967df, org.springframework.test.context.support.DirtiesContextTestExecutionListener@16a89351, org.springframework.test.context.transaction.TransactionalTestExecutionListener@395854dd, org.springframework.test.context.jdbc.SqlScriptsTestExecutionListener@53b60595, org.springframework.security.test.context.support.WithSecurityContextTestExecutionListener@2f9d47a3, org.springframework.test.context.event.EventPublishingTestExecutionListener@7d7d7b1a, org.springframework.security.test.context.support.ReactorContextTestExecutionListener@67836d4, org.springframework.boot.test.autoconfigure.restdocs.RestDocsTestExecutionListener@65011123, org.springframework.boot.test.autoconfigure.web.client.MockRestServiceServerResetTestExecutionListener@20e4e27f, org.springframework.boot.test.autoconfigure.web.servlet.MockMvcPrintOnlyOnFailureTestExecutionListener@36d7e8d2, org.springframework.boot.test.autoconfigure.web.servlet.WebDriverTestExecutionListener@715ea64a, org.springframework.boot.test.autoconfigure.webservices.client.MockWebServiceServerTestExecutionListener@1cbb394b, org.springframework.boot.test.mock.mockito.ResetMocksTestExecutionListener@1b4bc7b9]

  .   ____          _            __ _ _
 /\\ / ___'_ __ _ _(_)_ __  __ _ \ \ \ \
( ( )\___ | '_ | '_| | '_ \/ _` | \ \ \ \
 \\/  ___)| |_)| | | | | || (_| |  ) ) ) )
  '  |____| .__|_| |_|_| |_\__, | / / / /
 =========|_|==============|___/=/_/_/_/
 :: Spring Boot ::                (v2.6.9)

2022-07-28 15:57:40.758  INFO 29887 --- [    Test worker] a.p.p.u.controller.UserControllerTest    : Starting UserControllerTest using Java 17.0.1 on MacBook-Pro-4.local with PID 29887 (started by johnn in /Users/johnn/Desktop/2022/POOL/dev)
2022-07-28 15:57:40.758  INFO 29887 --- [    Test worker] a.p.p.u.controller.UserControllerTest    : The following 4 profiles are active: "jwt", "develop", "prod", "${profile}"
2022-07-28 15:57:40.819  INFO 29887 --- [    Test worker] .s.d.r.c.RepositoryConfigurationDelegate : Bootstrapping Spring Data JPA repositories in DEFAULT mode.
2022-07-28 15:57:40.829  INFO 29887 --- [    Test worker] .s.d.r.c.RepositoryConfigurationDelegate : Finished Spring Data repository scanning in 9 ms. Found 3 JPA repository interfaces.
2022-07-28 15:57:40.882  INFO 29887 --- [    Test worker] o.hibernate.jpa.internal.util.LogHelper  : HHH000204: Processing PersistenceUnitInfo [name: default]
2022-07-28 15:57:40.884  INFO 29887 --- [    Test worker] com.zaxxer.hikari.HikariDataSource       : HikariPool-2 - Starting...
2022-07-28 15:57:41.040  INFO 29887 --- [    Test worker] com.zaxxer.hikari.HikariDataSource       : HikariPool-2 - Start completed.
2022-07-28 15:57:41.040  INFO 29887 --- [    Test worker] org.hibernate.dialect.Dialect            : HHH000400: Using dialect: org.hibernate.dialect.MySQL57Dialect
2022-07-28 15:57:41.188  INFO 29887 --- [    Test worker] o.h.e.t.j.p.i.JtaPlatformInitiator       : HHH000490: Using JtaPlatform implementation: [org.hibernate.engine.transaction.jta.platform.internal.NoJtaPlatform]
2022-07-28 15:57:41.189  INFO 29887 --- [    Test worker] j.LocalContainerEntityManagerFactoryBean : Initialized JPA EntityManagerFactory for persistence unit 'default'
2022-07-28 15:57:41.262  WARN 29887 --- [    Test worker] JpaBaseConfiguration$JpaWebConfiguration : spring.jpa.open-in-view is enabled by default. Therefore, database queries may be performed during view rendering. Explicitly configure spring.jpa.open-in-view to disable this warning
2022-07-28 15:57:41.294  INFO 29887 --- [    Test worker] o.s.s.web.DefaultSecurityFilterChain     : Will secure any request with [org.springframework.security.web.context.request.async.WebAsyncManagerIntegrationFilter@3f4fd0dc, org.springframework.security.web.context.SecurityContextPersistenceFilter@3dfb1626, org.springframework.security.web.header.HeaderWriterFilter@453961d7, appool.pool.project.jwt.filter.JwtAuthenticationProcessingFilter@27b9d5b7, org.springframework.security.web.authentication.logout.LogoutFilter@12830e23, appool.pool.project.login.filter.JsonUsernamePasswordAuthenticationFilter@63019596, org.springframework.security.web.savedrequest.RequestCacheAwareFilter@52c919f3, org.springframework.security.web.servletapi.SecurityContextHolderAwareRequestFilter@5c70eda4, org.springframework.security.web.authentication.AnonymousAuthenticationFilter@3723de42, org.springframework.security.web.session.SessionManagementFilter@505f6511, org.springframework.security.web.access.ExceptionTranslationFilter@4eb43d2f, org.springframework.security.web.access.intercept.FilterSecurityInterceptor@6860c000]
2022-07-28 15:57:41.338  INFO 29887 --- [    Test worker] o.s.b.a.h2.H2ConsoleAutoConfiguration    : H2 console available at '/h2-console'. Database available at 'jdbc:mysql://my-rds-instance.ckalsgvhdig0.ap-northeast-2.rds.amazonaws.com:3306/my_rds_name?useUnicode=true&characterEncoding=utf8'
2022-07-28 15:57:41.402  INFO 29887 --- [    Test worker] o.s.b.t.m.w.SpringBootMockServletContext : Initializing Spring TestDispatcherServlet ''
2022-07-28 15:57:41.402  INFO 29887 --- [    Test worker] o.s.t.web.servlet.TestDispatcherServlet  : Initializing Servlet ''
2022-07-28 15:57:41.403  INFO 29887 --- [    Test worker] o.s.t.web.servlet.TestDispatcherServlet  : Completed initialization in 1 ms
2022-07-28 15:57:41.407  INFO 29887 --- [    Test worker] a.p.p.u.controller.UserControllerTest    : Started UserControllerTest in 0.664 seconds (JVM running for 3.678)
2022-07-28 15:57:41.427  INFO 29887 --- [    Test worker] o.s.t.c.transaction.TransactionContext   : Began transaction (1) for test context [DefaultTestContext@2b6d9650 testClass = UserControllerTest, testInstance = appool.pool.project.user.controller.UserControllerTest@2287bbd1, testMethod = 회원가입_실패_필드가_없음@UserControllerTest, testException = [null], mergedContextConfiguration = [WebMergedContextConfiguration@41a6cd9e testClass = UserControllerTest, locations = '{}', classes = '{class appool.pool.project.ProjectApplication}', contextInitializerClasses = '[]', activeProfiles = '{}', propertySourceLocations = '{}', propertySourceProperties = '{org.springframework.boot.test.context.SpringBootTestContextBootstrapper=true}', contextCustomizers = set[org.springframework.boot.test.autoconfigure.actuate.metrics.MetricsExportContextCustomizerFactory$DisableMetricExportContextCustomizer@73cd37c0, org.springframework.boot.test.autoconfigure.properties.PropertyMappingContextCustomizer@4b3fa0b3, org.springframework.boot.test.autoconfigure.web.servlet.WebDriverContextCustomizerFactory$Customizer@265adfad, [ImportsContextCustomizer@6915b614 key = [org.springframework.boot.test.autoconfigure.web.servlet.MockMvcAutoConfiguration, org.springframework.boot.test.autoconfigure.web.servlet.MockMvcWebClientAutoConfiguration, org.springframework.boot.test.autoconfigure.web.servlet.MockMvcWebDriverAutoConfiguration, org.springframework.boot.autoconfigure.security.oauth2.client.servlet.OAuth2ClientAutoConfiguration, org.springframework.boot.autoconfigure.security.oauth2.resource.servlet.OAuth2ResourceServerAutoConfiguration, org.springframework.boot.autoconfigure.security.servlet.SecurityAutoConfiguration, org.springframework.boot.autoconfigure.security.servlet.SecurityFilterAutoConfiguration, org.springframework.boot.autoconfigure.security.servlet.UserDetailsServiceAutoConfiguration, org.springframework.boot.test.autoconfigure.web.servlet.MockMvcSecurityConfiguration, org.springframework.boot.test.autoconfigure.web.reactive.WebTestClientAutoConfiguration]], org.springframework.boot.test.context.filter.ExcludeFilterContextCustomizer@4b41dd5c, org.springframework.boot.test.json.DuplicateJsonObjectContextCustomizerFactory$DuplicateJsonObjectContextCustomizer@1e461e41, org.springframework.boot.test.mock.mockito.MockitoContextCustomizer@0, org.springframework.boot.test.web.client.TestRestTemplateContextCustomizer@598bd2ba, org.springframework.boot.test.context.SpringBootTestArgs@1, org.springframework.boot.test.context.SpringBootTestWebEnvironment@c86b9e3], resourceBasePath = 'src/main/webapp', contextLoader = 'org.springframework.boot.test.context.SpringBootContextLoader', parent = [null]], attributes = map['org.springframework.test.context.web.ServletTestExecutionListener.activateListener' -> true, 'org.springframework.test.context.web.ServletTestExecutionListener.populatedRequestContextHolder' -> true, 'org.springframework.test.context.web.ServletTestExecutionListener.resetRequestContextHolder' -> true, 'org.springframework.test.context.event.ApplicationEventsTestExecutionListener.recordApplicationEvents' -> false]]; transaction manager [org.springframework.orm.jpa.JpaTransactionManager@35ec3604]; rollback [true]
2022-07-28 15:57:41.497 ERROR 29887 --- [    Test worker] a.p.project.exception.ExceptionAdvice    : @ValidException 발생! Validation failed for argument [0] in public void appool.pool.project.user.controller.UserController.signUp(appool.pool.project.user.dto.UserSignUpDto,javax.servlet.http.HttpServletRequest,javax.servlet.http.HttpServletResponse) throws java.lang.Exception: [Field error in object 'userSignUpDto' on field 'username': rejected value [null]; codes [NotBlank.userSignUpDto.username,NotBlank.username,NotBlank.java.lang.String,NotBlank]; arguments [org.springframework.context.support.DefaultMessageSourceResolvable: codes [userSignUpDto.username,username]; arguments []; default message [username]]; default message [아이디는 필수 입력 사항입니다.]] 
2022-07-28 15:57:41.509 ERROR 29887 --- [    Test worker] a.p.project.exception.ExceptionAdvice    : @ValidException 발생! Validation failed for argument [0] in public void appool.pool.project.user.controller.UserController.signUp(appool.pool.project.user.dto.UserSignUpDto,javax.servlet.http.HttpServletRequest,javax.servlet.http.HttpServletResponse) throws java.lang.Exception: [Field error in object 'userSignUpDto' on field 'password': rejected value [null]; codes [NotBlank.userSignUpDto.password,NotBlank.password,NotBlank.java.lang.String,NotBlank]; arguments [org.springframework.context.support.DefaultMessageSourceResolvable: codes [userSignUpDto.password,password]; arguments []; default message [password]]; default message [비밀번호는 필수 입력 사항입니다.]] 
2022-07-28 15:57:41.510 ERROR 29887 --- [    Test worker] a.p.project.exception.ExceptionAdvice    : @ValidException 발생! Validation failed for argument [0] in public void appool.pool.project.user.controller.UserController.signUp(appool.pool.project.user.dto.UserSignUpDto,javax.servlet.http.HttpServletRequest,javax.servlet.http.HttpServletResponse) throws java.lang.Exception: [Field error in object 'userSignUpDto' on field 'nickName': rejected value [null]; codes [NotBlank.userSignUpDto.nickName,NotBlank.nickName,NotBlank.java.lang.String,NotBlank]; arguments [org.springframework.context.support.DefaultMessageSourceResolvable: codes [userSignUpDto.nickName,nickName]; arguments []; default message [nickName]]; default message [닉네임은 필수 입력 사항입니다.]] 
2022-07-28 15:57:41.512 ERROR 29887 --- [    Test worker] a.p.project.exception.ExceptionAdvice    : @ValidException 발생! Validation failed for argument [0] in public void appool.pool.project.user.controller.UserController.signUp(appool.pool.project.user.dto.UserSignUpDto,javax.servlet.http.HttpServletRequest,javax.servlet.http.HttpServletResponse) throws java.lang.Exception: [Field error in object 'userSignUpDto' on field 'phoneNumber': rejected value [null]; codes [NotBlank.userSignUpDto.phoneNumber,NotBlank.phoneNumber,NotBlank.java.lang.String,NotBlank]; arguments [org.springframework.context.support.DefaultMessageSourceResolvable: codes [userSignUpDto.phoneNumber,phoneNumber]; arguments []; default message [phoneNumber]]; default message [전화번호는 필수 입력 사항입니다.]] 
2022-07-28 15:57:41.513 ERROR 29887 --- [    Test worker] a.p.project.exception.ExceptionAdvice    : @ValidException 발생! Validation failed for argument [0] in public void appool.pool.project.user.controller.UserController.signUp(appool.pool.project.user.dto.UserSignUpDto,javax.servlet.http.HttpServletRequest,javax.servlet.http.HttpServletResponse) throws java.lang.Exception: [Field error in object 'userSignUpDto' on field 'gender': rejected value [null]; codes [NotBlank.userSignUpDto.gender,NotBlank.gender,NotBlank.java.lang.String,NotBlank]; arguments [org.springframework.context.support.DefaultMessageSourceResolvable: codes [userSignUpDto.gender,gender]; arguments []; default message [gender]]; default message [성별은 필수 입력 사항입니다.]] 
2022-07-28 15:57:41.615  INFO 29887 --- [    Test worker] o.s.t.c.transaction.TransactionContext   : Rolled back transaction for test: [DefaultTestContext@2b6d9650 testClass = UserControllerTest, testInstance = appool.pool.project.user.controller.UserControllerTest@2287bbd1, testMethod = 회원가입_실패_필드가_없음@UserControllerTest, testException = [null], mergedContextConfiguration = [WebMergedContextConfiguration@41a6cd9e testClass = UserControllerTest, locations = '{}', classes = '{class appool.pool.project.ProjectApplication}', contextInitializerClasses = '[]', activeProfiles = '{}', propertySourceLocations = '{}', propertySourceProperties = '{org.springframework.boot.test.context.SpringBootTestContextBootstrapper=true}', contextCustomizers = set[org.springframework.boot.test.autoconfigure.actuate.metrics.MetricsExportContextCustomizerFactory$DisableMetricExportContextCustomizer@73cd37c0, org.springframework.boot.test.autoconfigure.properties.PropertyMappingContextCustomizer@4b3fa0b3, org.springframework.boot.test.autoconfigure.web.servlet.WebDriverContextCustomizerFactory$Customizer@265adfad, [ImportsContextCustomizer@6915b614 key = [org.springframework.boot.test.autoconfigure.web.servlet.MockMvcAutoConfiguration, org.springframework.boot.test.autoconfigure.web.servlet.MockMvcWebClientAutoConfiguration, org.springframework.boot.test.autoconfigure.web.servlet.MockMvcWebDriverAutoConfiguration, org.springframework.boot.autoconfigure.security.oauth2.client.servlet.OAuth2ClientAutoConfiguration, org.springframework.boot.autoconfigure.security.oauth2.resource.servlet.OAuth2ResourceServerAutoConfiguration, org.springframework.boot.autoconfigure.security.servlet.SecurityAutoConfiguration, org.springframework.boot.autoconfigure.security.servlet.SecurityFilterAutoConfiguration, org.springframework.boot.autoconfigure.security.servlet.UserDetailsServiceAutoConfiguration, org.springframework.boot.test.autoconfigure.web.servlet.MockMvcSecurityConfiguration, org.springframework.boot.test.autoconfigure.web.reactive.WebTestClientAutoConfiguration]], org.springframework.boot.test.context.filter.ExcludeFilterContextCustomizer@4b41dd5c, org.springframework.boot.test.json.DuplicateJsonObjectContextCustomizerFactory$DuplicateJsonObjectContextCustomizer@1e461e41, org.springframework.boot.test.mock.mockito.MockitoContextCustomizer@0, org.springframework.boot.test.web.client.TestRestTemplateContextCustomizer@598bd2ba, org.springframework.boot.test.context.SpringBootTestArgs@1, org.springframework.boot.test.context.SpringBootTestWebEnvironment@c86b9e3], resourceBasePath = 'src/main/webapp', contextLoader = 'org.springframework.boot.test.context.SpringBootContextLoader', parent = [null]], attributes = map['org.springframework.test.context.web.ServletTestExecutionListener.activateListener' -> true, 'org.springframework.test.context.web.ServletTestExecutionListener.populatedRequestContextHolder' -> true, 'org.springframework.test.context.web.ServletTestExecutionListener.resetRequestContextHolder' -> true, 'org.springframework.test.context.event.ApplicationEventsTestExecutionListener.recordApplicationEvents' -> false]]
2022-07-28 15:57:41.622  INFO 29887 --- [    Test worker] o.s.t.c.transaction.TransactionContext   : Began transaction (1) for test context [DefaultTestContext@2b6d9650 testClass = UserControllerTest, testInstance = appool.pool.project.user.controller.UserControllerTest@76a90ecb, testMethod = 회원정보조회_실패_없는회원조회@UserControllerTest, testException = [null], mergedContextConfiguration = [WebMergedContextConfiguration@41a6cd9e testClass = UserControllerTest, locations = '{}', classes = '{class appool.pool.project.ProjectApplication}', contextInitializerClasses = '[]', activeProfiles = '{}', propertySourceLocations = '{}', propertySourceProperties = '{org.springframework.boot.test.context.SpringBootTestContextBootstrapper=true}', contextCustomizers = set[org.springframework.boot.test.autoconfigure.actuate.metrics.MetricsExportContextCustomizerFactory$DisableMetricExportContextCustomizer@73cd37c0, org.springframework.boot.test.autoconfigure.properties.PropertyMappingContextCustomizer@4b3fa0b3, org.springframework.boot.test.autoconfigure.web.servlet.WebDriverContextCustomizerFactory$Customizer@265adfad, [ImportsContextCustomizer@6915b614 key = [org.springframework.boot.test.autoconfigure.web.servlet.MockMvcAutoConfiguration, org.springframework.boot.test.autoconfigure.web.servlet.MockMvcWebClientAutoConfiguration, org.springframework.boot.test.autoconfigure.web.servlet.MockMvcWebDriverAutoConfiguration, org.springframework.boot.autoconfigure.security.oauth2.client.servlet.OAuth2ClientAutoConfiguration, org.springframework.boot.autoconfigure.security.oauth2.resource.servlet.OAuth2ResourceServerAutoConfiguration, org.springframework.boot.autoconfigure.security.servlet.SecurityAutoConfiguration, org.springframework.boot.autoconfigure.security.servlet.SecurityFilterAutoConfiguration, org.springframework.boot.autoconfigure.security.servlet.UserDetailsServiceAutoConfiguration, org.springframework.boot.test.autoconfigure.web.servlet.MockMvcSecurityConfiguration, org.springframework.boot.test.autoconfigure.web.reactive.WebTestClientAutoConfiguration]], org.springframework.boot.test.context.filter.ExcludeFilterContextCustomizer@4b41dd5c, org.springframework.boot.test.json.DuplicateJsonObjectContextCustomizerFactory$DuplicateJsonObjectContextCustomizer@1e461e41, org.springframework.boot.test.mock.mockito.MockitoContextCustomizer@0, org.springframework.boot.test.web.client.TestRestTemplateContextCustomizer@598bd2ba, org.springframework.boot.test.context.SpringBootTestArgs@1, org.springframework.boot.test.context.SpringBootTestWebEnvironment@c86b9e3], resourceBasePath = 'src/main/webapp', contextLoader = 'org.springframework.boot.test.context.SpringBootContextLoader', parent = [null]], attributes = map['org.springframework.test.context.web.ServletTestExecutionListener.activateListener' -> true, 'org.springframework.test.context.web.ServletTestExecutionListener.populatedRequestContextHolder' -> true, 'org.springframework.test.context.web.ServletTestExecutionListener.resetRequestContextHolder' -> true, 'org.springframework.test.context.event.ApplicationEventsTestExecutionListener.recordApplicationEvents' -> false]]; transaction manager [org.springframework.orm.jpa.JpaTransactionManager@35ec3604]; rollback [true]
Hibernate: select pooluser0_.pool_user_id as pool_use1_2_, pooluser0_.create_date as create_d2_2_, pooluser0_.last_modified_date as last_mod3_2_, pooluser0_.birthday as birthday4_2_, pooluser0_.gender as gender5_2_, pooluser0_.nick_name as nick_nam6_2_, pooluser0_.password as password7_2_, pooluser0_.phone_number as phone_nu8_2_, pooluser0_.privacy_agreement as privacy_9_2_, pooluser0_.refresh_token as refresh10_2_, pooluser0_.term_agreement as term_ag11_2_, pooluser0_.user_status as user_st12_2_, pooluser0_.username as usernam13_2_ from pooluser pooluser0_ where pooluser0_.username=?
Hibernate: insert into pooluser (create_date, last_modified_date, birthday, gender, nick_name, password, phone_number, privacy_agreement, refresh_token, term_agreement, user_status, username) values (?, ?, ?, ?, ?, ?, ?, ?, ?, ?, ?, ?)
Hibernate: select pooluser0_.pool_user_id as pool_use1_2_, pooluser0_.create_date as create_d2_2_, pooluser0_.last_modified_date as last_mod3_2_, pooluser0_.birthday as birthday4_2_, pooluser0_.gender as gender5_2_, pooluser0_.nick_name as nick_nam6_2_, pooluser0_.password as password7_2_, pooluser0_.phone_number as phone_nu8_2_, pooluser0_.privacy_agreement as privacy_9_2_, pooluser0_.refresh_token as refresh10_2_, pooluser0_.term_agreement as term_ag11_2_, pooluser0_.user_status as user_st12_2_, pooluser0_.username as usernam13_2_ from pooluser pooluser0_ where pooluser0_.username=?
Hibernate: select pooluser0_.pool_user_id as pool_use1_2_, pooluser0_.create_date as create_d2_2_, pooluser0_.last_modified_date as last_mod3_2_, pooluser0_.birthday as birthday4_2_, pooluser0_.gender as gender5_2_, pooluser0_.nick_name as nick_nam6_2_, pooluser0_.password as password7_2_, pooluser0_.phone_number as phone_nu8_2_, pooluser0_.privacy_agreement as privacy_9_2_, pooluser0_.refresh_token as refresh10_2_, pooluser0_.term_agreement as term_ag11_2_, pooluser0_.user_status as user_st12_2_, pooluser0_.username as usernam13_2_ from pooluser pooluser0_ where pooluser0_.username=?
Hibernate: select pooluser0_.pool_user_id as pool_use1_2_, pooluser0_.create_date as create_d2_2_, pooluser0_.last_modified_date as last_mod3_2_, pooluser0_.birthday as birthday4_2_, pooluser0_.gender as gender5_2_, pooluser0_.nick_name as nick_nam6_2_, pooluser0_.password as password7_2_, pooluser0_.phone_number as phone_nu8_2_, pooluser0_.privacy_agreement as privacy_9_2_, pooluser0_.refresh_token as refresh10_2_, pooluser0_.term_agreement as term_ag11_2_, pooluser0_.user_status as user_st12_2_, pooluser0_.username as usernam13_2_ from pooluser pooluser0_ where pooluser0_.username=?
2022-07-28 15:57:42.088  INFO 29887 --- [    Test worker] a.p.p.l.h.LoginSuccessJWTProvideHandler  : 로그인에 성공합니다. username: username
2022-07-28 15:57:42.088  INFO 29887 --- [    Test worker] a.p.p.l.h.LoginSuccessJWTProvideHandler  : AccessToken을 발급합니다. AccessToken: eyJ0eXAiOiJKV1QiLCJhbGciOiJIUzUxMiJ9.eyJzdWIiOiJBY2Nlc3NUb2tlbiIsImV4cCI6MTY1ODk5MTU0MiwidXNlcm5hbWUiOiJ1c2VybmFtZSJ9.SF5trd7x4deQ5g3AUYqU-FyUI8iS6BlVnrUlLLbyVSC1ophvWUQZy0x9PI07NqzLDe5BU7BjMPSF1O1YvrJP0w
2022-07-28 15:57:42.088  INFO 29887 --- [    Test worker] a.p.p.l.h.LoginSuccessJWTProvideHandler  : RefreshToken을 발급합니다. RefreshToken: eyJ0eXAiOiJKV1QiLCJhbGciOiJIUzUxMiJ9.eyJzdWIiOiJSZWZyZXNoVG9rZW4iLCJleHAiOjE2NTg5OTE1NTJ9.A0VKoHWZzobXXLI1o0d8S4V-NBU24p--4eZvl9DQhGL3LclgkckcfKuGUZ-KuLBsa3DNfXDPQiWLnsfN0yujpA
Hibernate: update pooluser set last_modified_date=?, birthday=?, gender=?, nick_name=?, password=?, phone_number=?, privacy_agreement=?, refresh_token=?, term_agreement=?, user_status=?, username=? where pool_user_id=?
Hibernate: insert into pool_user_category (pool_user_pool_user_id, category) values (?, ?)
Hibernate: insert into pool_user_category (pool_user_pool_user_id, category) values (?, ?)
Hibernate: select pooluser0_.pool_user_id as pool_use1_2_, pooluser0_.create_date as create_d2_2_, pooluser0_.last_modified_date as last_mod3_2_, pooluser0_.birthday as birthday4_2_, pooluser0_.gender as gender5_2_, pooluser0_.nick_name as nick_nam6_2_, pooluser0_.password as password7_2_, pooluser0_.phone_number as phone_nu8_2_, pooluser0_.privacy_agreement as privacy_9_2_, pooluser0_.refresh_token as refresh10_2_, pooluser0_.term_agreement as term_ag11_2_, pooluser0_.user_status as user_st12_2_, pooluser0_.username as usernam13_2_ from pooluser pooluser0_ where pooluser0_.username=?
Hibernate: select pooluser0_.pool_user_id as pool_use1_2_0_, pooluser0_.create_date as create_d2_2_0_, pooluser0_.last_modified_date as last_mod3_2_0_, pooluser0_.birthday as birthday4_2_0_, pooluser0_.gender as gender5_2_0_, pooluser0_.nick_name as nick_nam6_2_0_, pooluser0_.password as password7_2_0_, pooluser0_.phone_number as phone_nu8_2_0_, pooluser0_.privacy_agreement as privacy_9_2_0_, pooluser0_.refresh_token as refresh10_2_0_, pooluser0_.term_agreement as term_ag11_2_0_, pooluser0_.user_status as user_st12_2_0_, pooluser0_.username as usernam13_2_0_ from pooluser pooluser0_ where pooluser0_.pool_user_id=?
2022-07-28 15:57:42.157 ERROR 29887 --- [    Test worker] a.p.project.exception.ExceptionAdvice    : BaseException errorMessage(): 회원 정보가 없습니다.
2022-07-28 15:57:42.158 ERROR 29887 --- [    Test worker] a.p.project.exception.ExceptionAdvice    : BaseException errorCode() :602
2022-07-28 15:57:42.175  INFO 29887 --- [    Test worker] o.s.t.c.transaction.TransactionContext   : Rolled back transaction for test: [DefaultTestContext@2b6d9650 testClass = UserControllerTest, testInstance = appool.pool.project.user.controller.UserControllerTest@76a90ecb, testMethod = 회원정보조회_실패_없는회원조회@UserControllerTest, testException = [null], mergedContextConfiguration = [WebMergedContextConfiguration@41a6cd9e testClass = UserControllerTest, locations = '{}', classes = '{class appool.pool.project.ProjectApplication}', contextInitializerClasses = '[]', activeProfiles = '{}', propertySourceLocations = '{}', propertySourceProperties = '{org.springframework.boot.test.context.SpringBootTestContextBootstrapper=true}', contextCustomizers = set[org.springframework.boot.test.autoconfigure.actuate.metrics.MetricsExportContextCustomizerFactory$DisableMetricExportContextCustomizer@73cd37c0, org.springframework.boot.test.autoconfigure.properties.PropertyMappingContextCustomizer@4b3fa0b3, org.springframework.boot.test.autoconfigure.web.servlet.WebDriverContextCustomizerFactory$Customizer@265adfad, [ImportsContextCustomizer@6915b614 key = [org.springframework.boot.test.autoconfigure.web.servlet.MockMvcAutoConfiguration, org.springframework.boot.test.autoconfigure.web.servlet.MockMvcWebClientAutoConfiguration, org.springframework.boot.test.autoconfigure.web.servlet.MockMvcWebDriverAutoConfiguration, org.springframework.boot.autoconfigure.security.oauth2.client.servlet.OAuth2ClientAutoConfiguration, org.springframework.boot.autoconfigure.security.oauth2.resource.servlet.OAuth2ResourceServerAutoConfiguration, org.springframework.boot.autoconfigure.security.servlet.SecurityAutoConfiguration, org.springframework.boot.autoconfigure.security.servlet.SecurityFilterAutoConfiguration, org.springframework.boot.autoconfigure.security.servlet.UserDetailsServiceAutoConfiguration, org.springframework.boot.test.autoconfigure.web.servlet.MockMvcSecurityConfiguration, org.springframework.boot.test.autoconfigure.web.reactive.WebTestClientAutoConfiguration]], org.springframework.boot.test.context.filter.ExcludeFilterContextCustomizer@4b41dd5c, org.springframework.boot.test.json.DuplicateJsonObjectContextCustomizerFactory$DuplicateJsonObjectContextCustomizer@1e461e41, org.springframework.boot.test.mock.mockito.MockitoContextCustomizer@0, org.springframework.boot.test.web.client.TestRestTemplateContextCustomizer@598bd2ba, org.springframework.boot.test.context.SpringBootTestArgs@1, org.springframework.boot.test.context.SpringBootTestWebEnvironment@c86b9e3], resourceBasePath = 'src/main/webapp', contextLoader = 'org.springframework.boot.test.context.SpringBootContextLoader', parent = [null]], attributes = map['org.springframework.test.context.web.ServletTestExecutionListener.activateListener' -> true, 'org.springframework.test.context.web.ServletTestExecutionListener.populatedRequestContextHolder' -> true, 'org.springframework.test.context.web.ServletTestExecutionListener.resetRequestContextHolder' -> true, 'org.springframework.test.context.event.ApplicationEventsTestExecutionListener.recordApplicationEvents' -> false]]
2022-07-28 15:57:42.183  INFO 29887 --- [    Test worker] o.s.t.c.transaction.TransactionContext   : Began transaction (1) for test context [DefaultTestContext@2b6d9650 testClass = UserControllerTest, testInstance = appool.pool.project.user.controller.UserControllerTest@5963a2c9, testMethod = 내정보조회_성공@UserControllerTest, testException = [null], mergedContextConfiguration = [WebMergedContextConfiguration@41a6cd9e testClass = UserControllerTest, locations = '{}', classes = '{class appool.pool.project.ProjectApplication}', contextInitializerClasses = '[]', activeProfiles = '{}', propertySourceLocations = '{}', propertySourceProperties = '{org.springframework.boot.test.context.SpringBootTestContextBootstrapper=true}', contextCustomizers = set[org.springframework.boot.test.autoconfigure.actuate.metrics.MetricsExportContextCustomizerFactory$DisableMetricExportContextCustomizer@73cd37c0, org.springframework.boot.test.autoconfigure.properties.PropertyMappingContextCustomizer@4b3fa0b3, org.springframework.boot.test.autoconfigure.web.servlet.WebDriverContextCustomizerFactory$Customizer@265adfad, [ImportsContextCustomizer@6915b614 key = [org.springframework.boot.test.autoconfigure.web.servlet.MockMvcAutoConfiguration, org.springframework.boot.test.autoconfigure.web.servlet.MockMvcWebClientAutoConfiguration, org.springframework.boot.test.autoconfigure.web.servlet.MockMvcWebDriverAutoConfiguration, org.springframework.boot.autoconfigure.security.oauth2.client.servlet.OAuth2ClientAutoConfiguration, org.springframework.boot.autoconfigure.security.oauth2.resource.servlet.OAuth2ResourceServerAutoConfiguration, org.springframework.boot.autoconfigure.security.servlet.SecurityAutoConfiguration, org.springframework.boot.autoconfigure.security.servlet.SecurityFilterAutoConfiguration, org.springframework.boot.autoconfigure.security.servlet.UserDetailsServiceAutoConfiguration, org.springframework.boot.test.autoconfigure.web.servlet.MockMvcSecurityConfiguration, org.springframework.boot.test.autoconfigure.web.reactive.WebTestClientAutoConfiguration]], org.springframework.boot.test.context.filter.ExcludeFilterContextCustomizer@4b41dd5c, org.springframework.boot.test.json.DuplicateJsonObjectContextCustomizerFactory$DuplicateJsonObjectContextCustomizer@1e461e41, org.springframework.boot.test.mock.mockito.MockitoContextCustomizer@0, org.springframework.boot.test.web.client.TestRestTemplateContextCustomizer@598bd2ba, org.springframework.boot.test.context.SpringBootTestArgs@1, org.springframework.boot.test.context.SpringBootTestWebEnvironment@c86b9e3], resourceBasePath = 'src/main/webapp', contextLoader = 'org.springframework.boot.test.context.SpringBootContextLoader', parent = [null]], attributes = map['org.springframework.test.context.web.ServletTestExecutionListener.activateListener' -> true, 'org.springframework.test.context.web.ServletTestExecutionListener.populatedRequestContextHolder' -> true, 'org.springframework.test.context.web.ServletTestExecutionListener.resetRequestContextHolder' -> true, 'org.springframework.test.context.event.ApplicationEventsTestExecutionListener.recordApplicationEvents' -> false]]; transaction manager [org.springframework.orm.jpa.JpaTransactionManager@35ec3604]; rollback [true]
Hibernate: select pooluser0_.pool_user_id as pool_use1_2_, pooluser0_.create_date as create_d2_2_, pooluser0_.last_modified_date as last_mod3_2_, pooluser0_.birthday as birthday4_2_, pooluser0_.gender as gender5_2_, pooluser0_.nick_name as nick_nam6_2_, pooluser0_.password as password7_2_, pooluser0_.phone_number as phone_nu8_2_, pooluser0_.privacy_agreement as privacy_9_2_, pooluser0_.refresh_token as refresh10_2_, pooluser0_.term_agreement as term_ag11_2_, pooluser0_.user_status as user_st12_2_, pooluser0_.username as usernam13_2_ from pooluser pooluser0_ where pooluser0_.username=?
Hibernate: insert into pooluser (create_date, last_modified_date, birthday, gender, nick_name, password, phone_number, privacy_agreement, refresh_token, term_agreement, user_status, username) values (?, ?, ?, ?, ?, ?, ?, ?, ?, ?, ?, ?)
Hibernate: select pooluser0_.pool_user_id as pool_use1_2_, pooluser0_.create_date as create_d2_2_, pooluser0_.last_modified_date as last_mod3_2_, pooluser0_.birthday as birthday4_2_, pooluser0_.gender as gender5_2_, pooluser0_.nick_name as nick_nam6_2_, pooluser0_.password as password7_2_, pooluser0_.phone_number as phone_nu8_2_, pooluser0_.privacy_agreement as privacy_9_2_, pooluser0_.refresh_token as refresh10_2_, pooluser0_.term_agreement as term_ag11_2_, pooluser0_.user_status as user_st12_2_, pooluser0_.username as usernam13_2_ from pooluser pooluser0_ where pooluser0_.username=?
Hibernate: select pooluser0_.pool_user_id as pool_use1_2_, pooluser0_.create_date as create_d2_2_, pooluser0_.last_modified_date as last_mod3_2_, pooluser0_.birthday as birthday4_2_, pooluser0_.gender as gender5_2_, pooluser0_.nick_name as nick_nam6_2_, pooluser0_.password as password7_2_, pooluser0_.phone_number as phone_nu8_2_, pooluser0_.privacy_agreement as privacy_9_2_, pooluser0_.refresh_token as refresh10_2_, pooluser0_.term_agreement as term_ag11_2_, pooluser0_.user_status as user_st12_2_, pooluser0_.username as usernam13_2_ from pooluser pooluser0_ where pooluser0_.username=?
Hibernate: select pooluser0_.pool_user_id as pool_use1_2_, pooluser0_.create_date as create_d2_2_, pooluser0_.last_modified_date as last_mod3_2_, pooluser0_.birthday as birthday4_2_, pooluser0_.gender as gender5_2_, pooluser0_.nick_name as nick_nam6_2_, pooluser0_.password as password7_2_, pooluser0_.phone_number as phone_nu8_2_, pooluser0_.privacy_agreement as privacy_9_2_, pooluser0_.refresh_token as refresh10_2_, pooluser0_.term_agreement as term_ag11_2_, pooluser0_.user_status as user_st12_2_, pooluser0_.username as usernam13_2_ from pooluser pooluser0_ where pooluser0_.username=?
2022-07-28 15:57:42.369  INFO 29887 --- [    Test worker] a.p.p.l.h.LoginSuccessJWTProvideHandler  : 로그인에 성공합니다. username: username
2022-07-28 15:57:42.369  INFO 29887 --- [    Test worker] a.p.p.l.h.LoginSuccessJWTProvideHandler  : AccessToken을 발급합니다. AccessToken: eyJ0eXAiOiJKV1QiLCJhbGciOiJIUzUxMiJ9.eyJzdWIiOiJBY2Nlc3NUb2tlbiIsImV4cCI6MTY1ODk5MTU0MiwidXNlcm5hbWUiOiJ1c2VybmFtZSJ9.SF5trd7x4deQ5g3AUYqU-FyUI8iS6BlVnrUlLLbyVSC1ophvWUQZy0x9PI07NqzLDe5BU7BjMPSF1O1YvrJP0w
2022-07-28 15:57:42.369  INFO 29887 --- [    Test worker] a.p.p.l.h.LoginSuccessJWTProvideHandler  : RefreshToken을 발급합니다. RefreshToken: eyJ0eXAiOiJKV1QiLCJhbGciOiJIUzUxMiJ9.eyJzdWIiOiJSZWZyZXNoVG9rZW4iLCJleHAiOjE2NTg5OTE1NTJ9.A0VKoHWZzobXXLI1o0d8S4V-NBU24p--4eZvl9DQhGL3LclgkckcfKuGUZ-KuLBsa3DNfXDPQiWLnsfN0yujpA
Hibernate: update pooluser set last_modified_date=?, birthday=?, gender=?, nick_name=?, password=?, phone_number=?, privacy_agreement=?, refresh_token=?, term_agreement=?, user_status=?, username=? where pool_user_id=?
Hibernate: insert into pool_user_category (pool_user_pool_user_id, category) values (?, ?)
Hibernate: insert into pool_user_category (pool_user_pool_user_id, category) values (?, ?)
Hibernate: select pooluser0_.pool_user_id as pool_use1_2_, pooluser0_.create_date as create_d2_2_, pooluser0_.last_modified_date as last_mod3_2_, pooluser0_.birthday as birthday4_2_, pooluser0_.gender as gender5_2_, pooluser0_.nick_name as nick_nam6_2_, pooluser0_.password as password7_2_, pooluser0_.phone_number as phone_nu8_2_, pooluser0_.privacy_agreement as privacy_9_2_, pooluser0_.refresh_token as refresh10_2_, pooluser0_.term_agreement as term_ag11_2_, pooluser0_.user_status as user_st12_2_, pooluser0_.username as usernam13_2_ from pooluser pooluser0_ where pooluser0_.username=?
Hibernate: select pooluser0_.pool_user_id as pool_use1_2_, pooluser0_.create_date as create_d2_2_, pooluser0_.last_modified_date as last_mod3_2_, pooluser0_.birthday as birthday4_2_, pooluser0_.gender as gender5_2_, pooluser0_.nick_name as nick_nam6_2_, pooluser0_.password as password7_2_, pooluser0_.phone_number as phone_nu8_2_, pooluser0_.privacy_agreement as privacy_9_2_, pooluser0_.refresh_token as refresh10_2_, pooluser0_.term_agreement as term_ag11_2_, pooluser0_.user_status as user_st12_2_, pooluser0_.username as usernam13_2_ from pooluser pooluser0_ where pooluser0_.username=?

MockHttpServletRequest:
      HTTP Method = GET
      Request URI = /user
       Parameters = {}
          Headers = [Authorization:"Bearer eyJ0eXAiOiJKV1QiLCJhbGciOiJIUzUxMiJ9.eyJzdWIiOiJBY2Nlc3NUb2tlbiIsImV4cCI6MTY1ODk5MTU0MiwidXNlcm5hbWUiOiJ1c2VybmFtZSJ9.SF5trd7x4deQ5g3AUYqU-FyUI8iS6BlVnrUlLLbyVSC1ophvWUQZy0x9PI07NqzLDe5BU7BjMPSF1O1YvrJP0w"]
             Body = null
    Session Attrs = {}

Handler:
             Type = appool.pool.project.user.controller.UserController
           Method = appool.pool.project.user.controller.UserController#getMyInfo(HttpServletResponse)

Async:
    Async started = false
     Async result = null

Resolved Exception:
             Type = null

ModelAndView:
        View name = null
             View = null
            Model = null

FlashMap:
       Attributes = null

MockHttpServletResponse:
           Status = 200
    Error message = null
          Headers = [Content-Type:"application/json", X-Content-Type-Options:"nosniff", X-XSS-Protection:"1; mode=block", Cache-Control:"no-cache, no-store, max-age=0, must-revalidate", Pragma:"no-cache", Expires:"0", X-Frame-Options:"SAMEORIGIN"]
     Content type = application/json
             Body = {"username":"username","nickName":"doha123","userStatus":"USER","termAgreement":true,"privacyAgreement":true}
    Forwarded URL = null
   Redirected URL = null
          Cookies = []
Hibernate: select pooluser0_.pool_user_id as pool_use1_2_, pooluser0_.create_date as create_d2_2_, pooluser0_.last_modified_date as last_mod3_2_, pooluser0_.birthday as birthday4_2_, pooluser0_.gender as gender5_2_, pooluser0_.nick_name as nick_nam6_2_, pooluser0_.password as password7_2_, pooluser0_.phone_number as phone_nu8_2_, pooluser0_.privacy_agreement as privacy_9_2_, pooluser0_.refresh_token as refresh10_2_, pooluser0_.term_agreement as term_ag11_2_, pooluser0_.user_status as user_st12_2_, pooluser0_.username as usernam13_2_ from pooluser pooluser0_ where pooluser0_.username=?
2022-07-28 15:57:42.428  INFO 29887 --- [    Test worker] o.s.t.c.transaction.TransactionContext   : Rolled back transaction for test: [DefaultTestContext@2b6d9650 testClass = UserControllerTest, testInstance = appool.pool.project.user.controller.UserControllerTest@5963a2c9, testMethod = 내정보조회_성공@UserControllerTest, testException = [null], mergedContextConfiguration = [WebMergedContextConfiguration@41a6cd9e testClass = UserControllerTest, locations = '{}', classes = '{class appool.pool.project.ProjectApplication}', contextInitializerClasses = '[]', activeProfiles = '{}', propertySourceLocations = '{}', propertySourceProperties = '{org.springframework.boot.test.context.SpringBootTestContextBootstrapper=true}', contextCustomizers = set[org.springframework.boot.test.autoconfigure.actuate.metrics.MetricsExportContextCustomizerFactory$DisableMetricExportContextCustomizer@73cd37c0, org.springframework.boot.test.autoconfigure.properties.PropertyMappingContextCustomizer@4b3fa0b3, org.springframework.boot.test.autoconfigure.web.servlet.WebDriverContextCustomizerFactory$Customizer@265adfad, [ImportsContextCustomizer@6915b614 key = [org.springframework.boot.test.autoconfigure.web.servlet.MockMvcAutoConfiguration, org.springframework.boot.test.autoconfigure.web.servlet.MockMvcWebClientAutoConfiguration, org.springframework.boot.test.autoconfigure.web.servlet.MockMvcWebDriverAutoConfiguration, org.springframework.boot.autoconfigure.security.oauth2.client.servlet.OAuth2ClientAutoConfiguration, org.springframework.boot.autoconfigure.security.oauth2.resource.servlet.OAuth2ResourceServerAutoConfiguration, org.springframework.boot.autoconfigure.security.servlet.SecurityAutoConfiguration, org.springframework.boot.autoconfigure.security.servlet.SecurityFilterAutoConfiguration, org.springframework.boot.autoconfigure.security.servlet.UserDetailsServiceAutoConfiguration, org.springframework.boot.test.autoconfigure.web.servlet.MockMvcSecurityConfiguration, org.springframework.boot.test.autoconfigure.web.reactive.WebTestClientAutoConfiguration]], org.springframework.boot.test.context.filter.ExcludeFilterContextCustomizer@4b41dd5c, org.springframework.boot.test.json.DuplicateJsonObjectContextCustomizerFactory$DuplicateJsonObjectContextCustomizer@1e461e41, org.springframework.boot.test.mock.mockito.MockitoContextCustomizer@0, org.springframework.boot.test.web.client.TestRestTemplateContextCustomizer@598bd2ba, org.springframework.boot.test.context.SpringBootTestArgs@1, org.springframework.boot.test.context.SpringBootTestWebEnvironment@c86b9e3], resourceBasePath = 'src/main/webapp', contextLoader = 'org.springframework.boot.test.context.SpringBootContextLoader', parent = [null]], attributes = map['org.springframework.test.context.web.ServletTestExecutionListener.activateListener' -> true, 'org.springframework.test.context.web.ServletTestExecutionListener.populatedRequestContextHolder' -> true, 'org.springframework.test.context.web.ServletTestExecutionListener.resetRequestContextHolder' -> true, 'org.springframework.test.context.event.ApplicationEventsTestExecutionListener.recordApplicationEvents' -> false]]
2022-07-28 15:57:42.461  INFO 29887 --- [    Test worker] o.s.t.c.transaction.TransactionContext   : Began transaction (1) for test context [DefaultTestContext@2b6d9650 testClass = UserControllerTest, testInstance = appool.pool.project.user.controller.UserControllerTest@27e80cfa, testMethod = test_signUp@UserControllerTest, testException = [null], mergedContextConfiguration = [WebMergedContextConfiguration@41a6cd9e testClass = UserControllerTest, locations = '{}', classes = '{class appool.pool.project.ProjectApplication}', contextInitializerClasses = '[]', activeProfiles = '{}', propertySourceLocations = '{}', propertySourceProperties = '{org.springframework.boot.test.context.SpringBootTestContextBootstrapper=true}', contextCustomizers = set[org.springframework.boot.test.autoconfigure.actuate.metrics.MetricsExportContextCustomizerFactory$DisableMetricExportContextCustomizer@73cd37c0, org.springframework.boot.test.autoconfigure.properties.PropertyMappingContextCustomizer@4b3fa0b3, org.springframework.boot.test.autoconfigure.web.servlet.WebDriverContextCustomizerFactory$Customizer@265adfad, [ImportsContextCustomizer@6915b614 key = [org.springframework.boot.test.autoconfigure.web.servlet.MockMvcAutoConfiguration, org.springframework.boot.test.autoconfigure.web.servlet.MockMvcWebClientAutoConfiguration, org.springframework.boot.test.autoconfigure.web.servlet.MockMvcWebDriverAutoConfiguration, org.springframework.boot.autoconfigure.security.oauth2.client.servlet.OAuth2ClientAutoConfiguration, org.springframework.boot.autoconfigure.security.oauth2.resource.servlet.OAuth2ResourceServerAutoConfiguration, org.springframework.boot.autoconfigure.security.servlet.SecurityAutoConfiguration, org.springframework.boot.autoconfigure.security.servlet.SecurityFilterAutoConfiguration, org.springframework.boot.autoconfigure.security.servlet.UserDetailsServiceAutoConfiguration, org.springframework.boot.test.autoconfigure.web.servlet.MockMvcSecurityConfiguration, org.springframework.boot.test.autoconfigure.web.reactive.WebTestClientAutoConfiguration]], org.springframework.boot.test.context.filter.ExcludeFilterContextCustomizer@4b41dd5c, org.springframework.boot.test.json.DuplicateJsonObjectContextCustomizerFactory$DuplicateJsonObjectContextCustomizer@1e461e41, org.springframework.boot.test.mock.mockito.MockitoContextCustomizer@0, org.springframework.boot.test.web.client.TestRestTemplateContextCustomizer@598bd2ba, org.springframework.boot.test.context.SpringBootTestArgs@1, org.springframework.boot.test.context.SpringBootTestWebEnvironment@c86b9e3], resourceBasePath = 'src/main/webapp', contextLoader = 'org.springframework.boot.test.context.SpringBootContextLoader', parent = [null]], attributes = map['org.springframework.test.context.web.ServletTestExecutionListener.activateListener' -> true, 'org.springframework.test.context.web.ServletTestExecutionListener.populatedRequestContextHolder' -> true, 'org.springframework.test.context.web.ServletTestExecutionListener.resetRequestContextHolder' -> true, 'org.springframework.test.context.event.ApplicationEventsTestExecutionListener.recordApplicationEvents' -> false]]; transaction manager [org.springframework.orm.jpa.JpaTransactionManager@35ec3604]; rollback [true]
Hibernate: select pooluser0_.pool_user_id as pool_use1_2_, pooluser0_.create_date as create_d2_2_, pooluser0_.last_modified_date as last_mod3_2_, pooluser0_.birthday as birthday4_2_, pooluser0_.gender as gender5_2_, pooluser0_.nick_name as nick_nam6_2_, pooluser0_.password as password7_2_, pooluser0_.phone_number as phone_nu8_2_, pooluser0_.privacy_agreement as privacy_9_2_, pooluser0_.refresh_token as refresh10_2_, pooluser0_.term_agreement as term_ag11_2_, pooluser0_.user_status as user_st12_2_, pooluser0_.username as usernam13_2_ from pooluser pooluser0_ where pooluser0_.username=?
Hibernate: insert into pooluser (create_date, last_modified_date, birthday, gender, nick_name, password, phone_number, privacy_agreement, refresh_token, term_agreement, user_status, username) values (?, ?, ?, ?, ?, ?, ?, ?, ?, ?, ?, ?)
Hibernate: select pooluser0_.pool_user_id as pool_use1_2_, pooluser0_.create_date as create_d2_2_, pooluser0_.last_modified_date as last_mod3_2_, pooluser0_.birthday as birthday4_2_, pooluser0_.gender as gender5_2_, pooluser0_.nick_name as nick_nam6_2_, pooluser0_.password as password7_2_, pooluser0_.phone_number as phone_nu8_2_, pooluser0_.privacy_agreement as privacy_9_2_, pooluser0_.refresh_token as refresh10_2_, pooluser0_.term_agreement as term_ag11_2_, pooluser0_.user_status as user_st12_2_, pooluser0_.username as usernam13_2_ from pooluser pooluser0_ where pooluser0_.username=?
2022-07-28 15:57:42.704  INFO 29887 --- [    Test worker] o.s.t.c.transaction.TransactionContext   : Rolled back transaction for test: [DefaultTestContext@2b6d9650 testClass = UserControllerTest, testInstance = appool.pool.project.user.controller.UserControllerTest@27e80cfa, testMethod = test_signUp@UserControllerTest, testException = [null], mergedContextConfiguration = [WebMergedContextConfiguration@41a6cd9e testClass = UserControllerTest, locations = '{}', classes = '{class appool.pool.project.ProjectApplication}', contextInitializerClasses = '[]', activeProfiles = '{}', propertySourceLocations = '{}', propertySourceProperties = '{org.springframework.boot.test.context.SpringBootTestContextBootstrapper=true}', contextCustomizers = set[org.springframework.boot.test.autoconfigure.actuate.metrics.MetricsExportContextCustomizerFactory$DisableMetricExportContextCustomizer@73cd37c0, org.springframework.boot.test.autoconfigure.properties.PropertyMappingContextCustomizer@4b3fa0b3, org.springframework.boot.test.autoconfigure.web.servlet.WebDriverContextCustomizerFactory$Customizer@265adfad, [ImportsContextCustomizer@6915b614 key = [org.springframework.boot.test.autoconfigure.web.servlet.MockMvcAutoConfiguration, org.springframework.boot.test.autoconfigure.web.servlet.MockMvcWebClientAutoConfiguration, org.springframework.boot.test.autoconfigure.web.servlet.MockMvcWebDriverAutoConfiguration, org.springframework.boot.autoconfigure.security.oauth2.client.servlet.OAuth2ClientAutoConfiguration, org.springframework.boot.autoconfigure.security.oauth2.resource.servlet.OAuth2ResourceServerAutoConfiguration, org.springframework.boot.autoconfigure.security.servlet.SecurityAutoConfiguration, org.springframework.boot.autoconfigure.security.servlet.SecurityFilterAutoConfiguration, org.springframework.boot.autoconfigure.security.servlet.UserDetailsServiceAutoConfiguration, org.springframework.boot.test.autoconfigure.web.servlet.MockMvcSecurityConfiguration, org.springframework.boot.test.autoconfigure.web.reactive.WebTestClientAutoConfiguration]], org.springframework.boot.test.context.filter.ExcludeFilterContextCustomizer@4b41dd5c, org.springframework.boot.test.json.DuplicateJsonObjectContextCustomizerFactory$DuplicateJsonObjectContextCustomizer@1e461e41, org.springframework.boot.test.mock.mockito.MockitoContextCustomizer@0, org.springframework.boot.test.web.client.TestRestTemplateContextCustomizer@598bd2ba, org.springframework.boot.test.context.SpringBootTestArgs@1, org.springframework.boot.test.context.SpringBootTestWebEnvironment@c86b9e3], resourceBasePath = 'src/main/webapp', contextLoader = 'org.springframework.boot.test.context.SpringBootContextLoader', parent = [null]], attributes = map['org.springframework.test.context.web.ServletTestExecutionListener.activateListener' -> true, 'org.springframework.test.context.web.ServletTestExecutionListener.populatedRequestContextHolder' -> true, 'org.springframework.test.context.web.ServletTestExecutionListener.resetRequestContextHolder' -> true, 'org.springframework.test.context.event.ApplicationEventsTestExecutionListener.recordApplicationEvents' -> false]]
]]></system-out>
  <system-err><![CDATA[]]></system-err>
</testsuite>
