<?xml version="1.0" encoding="UTF-8"?>
<testsuite name="appool.pool.project.controller.MessageControllerDocTest" tests="1" skipped="0" failures="0" errors="0" timestamp="2022-07-22T07:27:44" hostname="MacBook-Pro-4.local" time="0.095">
  <properties/>
  <testcase name="메시지 작성" classname="appool.pool.project.controller.MessageControllerDocTest" time="0.095"/>
  <system-out><![CDATA[2022-07-22 16:27:43.750  INFO 16661 --- [    Test worker] .b.t.c.SpringBootTestContextBootstrapper : Neither @ContextConfiguration nor @ContextHierarchy found for test class [appool.pool.project.controller.MessageControllerDocTest], using SpringBootContextLoader
2022-07-22 16:27:43.751  INFO 16661 --- [    Test worker] o.s.t.c.support.AbstractContextLoader    : Could not detect default resource locations for test class [appool.pool.project.controller.MessageControllerDocTest]: no resource found for suffixes {-context.xml, Context.groovy}.
2022-07-22 16:27:43.751  INFO 16661 --- [    Test worker] t.c.s.AnnotationConfigContextLoaderUtils : Could not detect default configuration classes for test class [appool.pool.project.controller.MessageControllerDocTest]: MessageControllerDocTest does not declare any static, non-private, non-final, nested classes annotated with @Configuration.
2022-07-22 16:27:43.755  INFO 16661 --- [    Test worker] .b.t.c.SpringBootTestContextBootstrapper : Found @SpringBootConfiguration appool.pool.project.ProjectApplication for test class appool.pool.project.controller.MessageControllerDocTest
2022-07-22 16:27:43.755  INFO 16661 --- [    Test worker] .b.t.c.SpringBootTestContextBootstrapper : Loaded default TestExecutionListener class names from location [META-INF/spring.factories]: [org.springframework.security.test.context.support.WithSecurityContextTestExecutionListener, org.springframework.security.test.context.support.ReactorContextTestExecutionListener, org.springframework.boot.test.autoconfigure.restdocs.RestDocsTestExecutionListener, org.springframework.boot.test.autoconfigure.web.client.MockRestServiceServerResetTestExecutionListener, org.springframework.boot.test.autoconfigure.web.servlet.MockMvcPrintOnlyOnFailureTestExecutionListener, org.springframework.boot.test.autoconfigure.web.servlet.WebDriverTestExecutionListener, org.springframework.boot.test.autoconfigure.webservices.client.MockWebServiceServerTestExecutionListener, org.springframework.boot.test.mock.mockito.MockitoTestExecutionListener, org.springframework.boot.test.mock.mockito.ResetMocksTestExecutionListener, org.springframework.test.context.web.ServletTestExecutionListener, org.springframework.test.context.support.DirtiesContextBeforeModesTestExecutionListener, org.springframework.test.context.event.ApplicationEventsTestExecutionListener, org.springframework.test.context.support.DependencyInjectionTestExecutionListener, org.springframework.test.context.support.DirtiesContextTestExecutionListener, org.springframework.test.context.transaction.TransactionalTestExecutionListener, org.springframework.test.context.jdbc.SqlScriptsTestExecutionListener, org.springframework.test.context.event.EventPublishingTestExecutionListener]
2022-07-22 16:27:43.756  INFO 16661 --- [    Test worker] .b.t.c.SpringBootTestContextBootstrapper : Using TestExecutionListeners: [org.springframework.test.context.web.ServletTestExecutionListener@602e7a9e, org.springframework.test.context.support.DirtiesContextBeforeModesTestExecutionListener@59f5a376, org.springframework.test.context.event.ApplicationEventsTestExecutionListener@19c6e821, org.springframework.boot.test.mock.mockito.MockitoTestExecutionListener@1dfd3635, org.springframework.boot.test.autoconfigure.SpringBootDependencyInjectionTestExecutionListener@e14559e, org.springframework.test.context.support.DirtiesContextTestExecutionListener@7a0eb939, org.springframework.test.context.transaction.TransactionalTestExecutionListener@54a7d1b9, org.springframework.test.context.jdbc.SqlScriptsTestExecutionListener@209f0986, org.springframework.security.test.context.support.WithSecurityContextTestExecutionListener@c0b10ae, org.springframework.test.context.event.EventPublishingTestExecutionListener@3c3a767, org.springframework.security.test.context.support.ReactorContextTestExecutionListener@698394bf, org.springframework.boot.test.autoconfigure.restdocs.RestDocsTestExecutionListener@31887330, org.springframework.boot.test.autoconfigure.web.client.MockRestServiceServerResetTestExecutionListener@65528bcf, org.springframework.boot.test.autoconfigure.web.servlet.MockMvcPrintOnlyOnFailureTestExecutionListener@7bb4f09d, org.springframework.boot.test.autoconfigure.web.servlet.WebDriverTestExecutionListener@ee7a538, org.springframework.boot.test.autoconfigure.webservices.client.MockWebServiceServerTestExecutionListener@7c045627, org.springframework.boot.test.mock.mockito.ResetMocksTestExecutionListener@d79a69b]

  .   ____          _            __ _ _
 /\\ / ___'_ __ _ _(_)_ __  __ _ \ \ \ \
( ( )\___ | '_ | '_| | '_ \/ _` | \ \ \ \
 \\/  ___)| |_)| | | | | || (_| |  ) ) ) )
  '  |____| .__|_| |_|_| |_\__, | / / / /
 =========|_|==============|___/=/_/_/_/
 :: Spring Boot ::                (v2.6.9)

2022-07-22 16:27:43.767  INFO 16661 --- [    Test worker] a.p.p.c.MessageControllerDocTest         : Starting MessageControllerDocTest using Java 17.0.1 on MacBook-Pro-4.local with PID 16661 (started by johnn in /Users/johnn/Desktop/2022/POOL/dev)
2022-07-22 16:27:43.767  INFO 16661 --- [    Test worker] a.p.p.c.MessageControllerDocTest         : The following 1 profile is active: "jwt"
2022-07-22 16:27:43.839  INFO 16661 --- [    Test worker] .s.d.r.c.RepositoryConfigurationDelegate : Bootstrapping Spring Data JPA repositories in DEFAULT mode.
2022-07-22 16:27:43.850  INFO 16661 --- [    Test worker] .s.d.r.c.RepositoryConfigurationDelegate : Finished Spring Data repository scanning in 11 ms. Found 3 JPA repository interfaces.
2022-07-22 16:27:43.907  INFO 16661 --- [    Test worker] com.zaxxer.hikari.HikariDataSource       : HikariPool-2 - Starting...
2022-07-22 16:27:43.907  INFO 16661 --- [    Test worker] com.zaxxer.hikari.HikariDataSource       : HikariPool-2 - Start completed.
2022-07-22 16:27:43.912  INFO 16661 --- [    Test worker] o.hibernate.jpa.internal.util.LogHelper  : HHH000204: Processing PersistenceUnitInfo [name: default]
2022-07-22 16:27:43.914  INFO 16661 --- [    Test worker] org.hibernate.dialect.Dialect            : HHH000400: Using dialect: org.hibernate.dialect.H2Dialect
2022-07-22 16:27:43.952  INFO 16661 --- [    Test worker] o.h.e.t.j.p.i.JtaPlatformInitiator       : HHH000490: Using JtaPlatform implementation: [org.hibernate.engine.transaction.jta.platform.internal.NoJtaPlatform]
2022-07-22 16:27:43.952  INFO 16661 --- [    Test worker] j.LocalContainerEntityManagerFactoryBean : Initialized JPA EntityManagerFactory for persistence unit 'default'
2022-07-22 16:27:44.024  WARN 16661 --- [    Test worker] JpaBaseConfiguration$JpaWebConfiguration : spring.jpa.open-in-view is enabled by default. Therefore, database queries may be performed during view rendering. Explicitly configure spring.jpa.open-in-view to disable this warning
2022-07-22 16:27:44.057  INFO 16661 --- [    Test worker] o.s.s.web.DefaultSecurityFilterChain     : Will secure any request with [org.springframework.security.web.context.request.async.WebAsyncManagerIntegrationFilter@17e2ad13, org.springframework.security.web.context.SecurityContextPersistenceFilter@da2303c, org.springframework.security.web.header.HeaderWriterFilter@6f7e5e11, appool.pool.project.jwt.filter.JwtAuthenticationProcessingFilter@35ffe3ac, org.springframework.security.web.authentication.logout.LogoutFilter@44233014, appool.pool.project.login.filter.JsonUsernamePasswordAuthenticationFilter@45398bb0, org.springframework.security.web.savedrequest.RequestCacheAwareFilter@72b60be8, org.springframework.security.web.servletapi.SecurityContextHolderAwareRequestFilter@6f254d79, org.springframework.security.web.authentication.AnonymousAuthenticationFilter@6a94bd69, org.springframework.security.web.session.SessionManagementFilter@7bb996e0, org.springframework.security.web.access.ExceptionTranslationFilter@6d224921, org.springframework.security.web.access.intercept.FilterSecurityInterceptor@76ea1cb5]
2022-07-22 16:27:44.099  INFO 16661 --- [    Test worker] o.s.b.a.h2.H2ConsoleAutoConfiguration    : H2 console available at '/h2-console'. Database available at 'jdbc:h2:mem:pool'
2022-07-22 16:27:44.169  INFO 16661 --- [    Test worker] o.s.b.t.m.w.SpringBootMockServletContext : Initializing Spring TestDispatcherServlet ''
2022-07-22 16:27:44.169  INFO 16661 --- [    Test worker] o.s.t.web.servlet.TestDispatcherServlet  : Initializing Servlet ''
2022-07-22 16:27:44.169  INFO 16661 --- [    Test worker] o.s.t.web.servlet.TestDispatcherServlet  : Completed initialization in 0 ms
2022-07-22 16:27:44.173  INFO 16661 --- [    Test worker] a.p.p.c.MessageControllerDocTest         : Started MessageControllerDocTest in 0.416 seconds (JVM running for 2.861)

MockHttpServletRequest:
      HTTP Method = POST
      Request URI = /messages
       Parameters = {}
          Headers = [Content-Type:"application/json", Accept:"application/json", Content-Length:"98"]
             Body = <no character encoding set>
    Session Attrs = {}

Handler:
             Type = appool.pool.project.message.controller.MessageController
           Method = appool.pool.project.message.controller.MessageController#message(MessageCreate)

Async:
    Async started = false
     Async result = null

Resolved Exception:
             Type = null

ModelAndView:
        View name = null
             View = null
            Model = null

FlashMap:
       Attributes = null

MockHttpServletResponse:
           Status = 200
    Error message = null
          Headers = [Vary:"Origin", "Access-Control-Request-Method", "Access-Control-Request-Headers"]
     Content type = null
             Body = 
    Forwarded URL = null
   Redirected URL = null
          Cookies = []
]]></system-out>
  <system-err><![CDATA[]]></system-err>
</testsuite>
