<?xml version="1.0" encoding="UTF-8"?>
<testsuite name="appool.pool.project.file.service.FileServiceTest" tests="1" skipped="0" failures="0" errors="0" timestamp="2022-07-29T04:33:16" hostname="MacBook-Pro-4.local" time="0.021">
  <properties/>
  <testcase name="파일_저장_성공()" classname="appool.pool.project.file.service.FileServiceTest" time="0.021"/>
  <system-out><![CDATA[2022-07-29 13:33:16.173  INFO 11484 --- [    Test worker] .b.t.c.SpringBootTestContextBootstrapper : Neither @ContextConfiguration nor @ContextHierarchy found for test class [appool.pool.project.file.service.FileServiceTest], using SpringBootContextLoader
2022-07-29 13:33:16.173  INFO 11484 --- [    Test worker] o.s.t.c.support.AbstractContextLoader    : Could not detect default resource locations for test class [appool.pool.project.file.service.FileServiceTest]: no resource found for suffixes {-context.xml, Context.groovy}.
2022-07-29 13:33:16.173  INFO 11484 --- [    Test worker] t.c.s.AnnotationConfigContextLoaderUtils : Could not detect default configuration classes for test class [appool.pool.project.file.service.FileServiceTest]: FileServiceTest does not declare any static, non-private, non-final, nested classes annotated with @Configuration.
2022-07-29 13:33:16.175  INFO 11484 --- [    Test worker] .b.t.c.SpringBootTestContextBootstrapper : Found @SpringBootConfiguration appool.pool.project.ProjectApplication for test class appool.pool.project.file.service.FileServiceTest
2022-07-29 13:33:16.176  INFO 11484 --- [    Test worker] .b.t.c.SpringBootTestContextBootstrapper : Loaded default TestExecutionListener class names from location [META-INF/spring.factories]: [org.springframework.security.test.context.support.WithSecurityContextTestExecutionListener, org.springframework.security.test.context.support.ReactorContextTestExecutionListener, org.springframework.boot.test.autoconfigure.restdocs.RestDocsTestExecutionListener, org.springframework.boot.test.autoconfigure.web.client.MockRestServiceServerResetTestExecutionListener, org.springframework.boot.test.autoconfigure.web.servlet.MockMvcPrintOnlyOnFailureTestExecutionListener, org.springframework.boot.test.autoconfigure.web.servlet.WebDriverTestExecutionListener, org.springframework.boot.test.autoconfigure.webservices.client.MockWebServiceServerTestExecutionListener, org.springframework.boot.test.mock.mockito.MockitoTestExecutionListener, org.springframework.boot.test.mock.mockito.ResetMocksTestExecutionListener, org.springframework.test.context.web.ServletTestExecutionListener, org.springframework.test.context.support.DirtiesContextBeforeModesTestExecutionListener, org.springframework.test.context.event.ApplicationEventsTestExecutionListener, org.springframework.test.context.support.DependencyInjectionTestExecutionListener, org.springframework.test.context.support.DirtiesContextTestExecutionListener, org.springframework.test.context.transaction.TransactionalTestExecutionListener, org.springframework.test.context.jdbc.SqlScriptsTestExecutionListener, org.springframework.test.context.event.EventPublishingTestExecutionListener]
2022-07-29 13:33:16.176  INFO 11484 --- [    Test worker] .b.t.c.SpringBootTestContextBootstrapper : Using TestExecutionListeners: [org.springframework.test.context.web.ServletTestExecutionListener@7593716d, org.springframework.test.context.support.DirtiesContextBeforeModesTestExecutionListener@4086e003, org.springframework.test.context.event.ApplicationEventsTestExecutionListener@3a7be6e6, org.springframework.boot.test.mock.mockito.MockitoTestExecutionListener@33c590, org.springframework.boot.test.autoconfigure.SpringBootDependencyInjectionTestExecutionListener@6ec5c4e2, org.springframework.test.context.support.DirtiesContextTestExecutionListener@1934a7c1, org.springframework.test.context.transaction.TransactionalTestExecutionListener@7c9d2ed7, org.springframework.test.context.jdbc.SqlScriptsTestExecutionListener@621c7b91, org.springframework.security.test.context.support.WithSecurityContextTestExecutionListener@223e51e4, org.springframework.test.context.event.EventPublishingTestExecutionListener@1e08f0cd, org.springframework.security.test.context.support.ReactorContextTestExecutionListener@b768e4d, org.springframework.boot.test.autoconfigure.restdocs.RestDocsTestExecutionListener@ab7ac41, org.springframework.boot.test.autoconfigure.web.client.MockRestServiceServerResetTestExecutionListener@5ad67d82, org.springframework.boot.test.autoconfigure.web.servlet.MockMvcPrintOnlyOnFailureTestExecutionListener@301608d, org.springframework.boot.test.autoconfigure.web.servlet.WebDriverTestExecutionListener@3c3a8246, org.springframework.boot.test.autoconfigure.webservices.client.MockWebServiceServerTestExecutionListener@bd8f424, org.springframework.boot.test.mock.mockito.ResetMocksTestExecutionListener@620ba2b0]
]]></system-out>
  <system-err><![CDATA[]]></system-err>
</testsuite>
