<?xml version="1.0" encoding="UTF-8"?>
<testsuite name="appool.pool.project.user.controller.UserControllerTest" tests="4" skipped="0" failures="0" errors="0" timestamp="2022-07-29T05:45:38" hostname="MacBook-Pro-4.local" time="1.162">
  <properties/>
  <testcase name="회원가입_실패_필드가_없음()" classname="appool.pool.project.user.controller.UserControllerTest" time="0.099"/>
  <testcase name="회원정보조회_실패_없는회원조회()" classname="appool.pool.project.user.controller.UserControllerTest" time="0.526"/>
  <testcase name="내정보조회_성공()" classname="appool.pool.project.user.controller.UserControllerTest" time="0.413"/>
  <testcase name="test_signUp()" classname="appool.pool.project.user.controller.UserControllerTest" time="0.121"/>
  <system-out><![CDATA[2022-07-29 14:45:38.231  INFO 12079 --- [    Test worker] .b.t.c.SpringBootTestContextBootstrapper : Neither @ContextConfiguration nor @ContextHierarchy found for test class [appool.pool.project.user.controller.UserControllerTest], using SpringBootContextLoader
2022-07-29 14:45:38.231  INFO 12079 --- [    Test worker] o.s.t.c.support.AbstractContextLoader    : Could not detect default resource locations for test class [appool.pool.project.user.controller.UserControllerTest]: no resource found for suffixes {-context.xml, Context.groovy}.
2022-07-29 14:45:38.231  INFO 12079 --- [    Test worker] t.c.s.AnnotationConfigContextLoaderUtils : Could not detect default configuration classes for test class [appool.pool.project.user.controller.UserControllerTest]: UserControllerTest does not declare any static, non-private, non-final, nested classes annotated with @Configuration.
2022-07-29 14:45:38.236  INFO 12079 --- [    Test worker] .b.t.c.SpringBootTestContextBootstrapper : Found @SpringBootConfiguration appool.pool.project.ProjectApplication for test class appool.pool.project.user.controller.UserControllerTest
2022-07-29 14:45:38.236  INFO 12079 --- [    Test worker] .b.t.c.SpringBootTestContextBootstrapper : Loaded default TestExecutionListener class names from location [META-INF/spring.factories]: [org.springframework.security.test.context.support.WithSecurityContextTestExecutionListener, org.springframework.security.test.context.support.ReactorContextTestExecutionListener, org.springframework.boot.test.autoconfigure.restdocs.RestDocsTestExecutionListener, org.springframework.boot.test.autoconfigure.web.client.MockRestServiceServerResetTestExecutionListener, org.springframework.boot.test.autoconfigure.web.servlet.MockMvcPrintOnlyOnFailureTestExecutionListener, org.springframework.boot.test.autoconfigure.web.servlet.WebDriverTestExecutionListener, org.springframework.boot.test.autoconfigure.webservices.client.MockWebServiceServerTestExecutionListener, org.springframework.boot.test.mock.mockito.MockitoTestExecutionListener, org.springframework.boot.test.mock.mockito.ResetMocksTestExecutionListener, org.springframework.test.context.web.ServletTestExecutionListener, org.springframework.test.context.support.DirtiesContextBeforeModesTestExecutionListener, org.springframework.test.context.event.ApplicationEventsTestExecutionListener, org.springframework.test.context.support.DependencyInjectionTestExecutionListener, org.springframework.test.context.support.DirtiesContextTestExecutionListener, org.springframework.test.context.transaction.TransactionalTestExecutionListener, org.springframework.test.context.jdbc.SqlScriptsTestExecutionListener, org.springframework.test.context.event.EventPublishingTestExecutionListener]
2022-07-29 14:45:38.237  INFO 12079 --- [    Test worker] .b.t.c.SpringBootTestContextBootstrapper : Using TestExecutionListeners: [org.springframework.test.context.web.ServletTestExecutionListener@16ef07fa, org.springframework.test.context.support.DirtiesContextBeforeModesTestExecutionListener@7227e3f1, org.springframework.test.context.event.ApplicationEventsTestExecutionListener@245b009a, org.springframework.boot.test.mock.mockito.MockitoTestExecutionListener@50ccd6a, org.springframework.boot.test.autoconfigure.SpringBootDependencyInjectionTestExecutionListener@6bb2dae6, org.springframework.test.context.support.DirtiesContextTestExecutionListener@26c7940a, org.springframework.test.context.transaction.TransactionalTestExecutionListener@5a640f98, org.springframework.test.context.jdbc.SqlScriptsTestExecutionListener@39e0fe23, org.springframework.security.test.context.support.WithSecurityContextTestExecutionListener@44f86613, org.springframework.test.context.event.EventPublishingTestExecutionListener@5e05dd42, org.springframework.security.test.context.support.ReactorContextTestExecutionListener@246701d5, org.springframework.boot.test.autoconfigure.restdocs.RestDocsTestExecutionListener@1ac8f29c, org.springframework.boot.test.autoconfigure.web.client.MockRestServiceServerResetTestExecutionListener@1d07d728, org.springframework.boot.test.autoconfigure.web.servlet.MockMvcPrintOnlyOnFailureTestExecutionListener@6d98e607, org.springframework.boot.test.autoconfigure.web.servlet.WebDriverTestExecutionListener@71ed3bc8, org.springframework.boot.test.autoconfigure.webservices.client.MockWebServiceServerTestExecutionListener@2c6c6b7b, org.springframework.boot.test.mock.mockito.ResetMocksTestExecutionListener@f714749]

  .   ____          _            __ _ _
 /\\ / ___'_ __ _ _(_)_ __  __ _ \ \ \ \
( ( )\___ | '_ | '_| | '_ \/ _` | \ \ \ \
 \\/  ___)| |_)| | | | | || (_| |  ) ) ) )
  '  |____| .__|_| |_|_| |_\__, | / / / /
 =========|_|==============|___/=/_/_/_/
 :: Spring Boot ::                (v2.6.9)

2022-07-29 14:45:38.260  INFO 12079 --- [    Test worker] a.p.p.u.controller.UserControllerTest    : Starting UserControllerTest using Java 17.0.1 on MacBook-Pro-4.local with PID 12079 (started by johnn in /Users/johnn/Desktop/2022/POOL/dev)
2022-07-29 14:45:38.260  INFO 12079 --- [    Test worker] a.p.p.u.controller.UserControllerTest    : The following 6 profiles are active: "jwt", "develop", "prod", "aws", "credentials", "${profile}"
2022-07-29 14:45:38.327  INFO 12079 --- [    Test worker] .s.d.r.c.RepositoryConfigurationDelegate : Bootstrapping Spring Data JPA repositories in DEFAULT mode.
2022-07-29 14:45:38.336  INFO 12079 --- [    Test worker] .s.d.r.c.RepositoryConfigurationDelegate : Finished Spring Data repository scanning in 8 ms. Found 3 JPA repository interfaces.
2022-07-29 14:45:38.363  INFO 12079 --- [    Test worker] trationDelegate$BeanPostProcessorChecker : Bean '(inner bean)#6e6bb211' of type [com.amazonaws.auth.BasicAWSCredentials] is not eligible for getting processed by all BeanPostProcessors (for example: not eligible for auto-proxying)
2022-07-29 14:45:38.363  INFO 12079 --- [    Test worker] trationDelegate$BeanPostProcessorChecker : Bean '(inner bean)#4a7b42db' of type [com.amazonaws.auth.AWSStaticCredentialsProvider] is not eligible for getting processed by all BeanPostProcessors (for example: not eligible for auto-proxying)
2022-07-29 14:45:38.364  INFO 12079 --- [    Test worker] trationDelegate$BeanPostProcessorChecker : Bean '(inner bean)#4a6c33a0' of type [com.amazonaws.auth.profile.ProfileCredentialsProvider] is not eligible for getting processed by all BeanPostProcessors (for example: not eligible for auto-proxying)
2022-07-29 14:45:38.365  INFO 12079 --- [    Test worker] trationDelegate$BeanPostProcessorChecker : Bean 'credentialsProvider' of type [org.springframework.cloud.aws.core.credentials.CredentialsProviderFactoryBean] is not eligible for getting processed by all BeanPostProcessors (for example: not eligible for auto-proxying)
2022-07-29 14:45:38.365  INFO 12079 --- [    Test worker] trationDelegate$BeanPostProcessorChecker : Bean 'credentialsProvider' of type [com.amazonaws.auth.AWSCredentialsProviderChain] is not eligible for getting processed by all BeanPostProcessors (for example: not eligible for auto-proxying)
2022-07-29 14:45:38.396  INFO 12079 --- [    Test worker] o.hibernate.jpa.internal.util.LogHelper  : HHH000204: Processing PersistenceUnitInfo [name: default]
2022-07-29 14:45:38.398  INFO 12079 --- [    Test worker] com.zaxxer.hikari.HikariDataSource       : HikariPool-2 - Starting...
2022-07-29 14:45:38.471  INFO 12079 --- [    Test worker] com.zaxxer.hikari.HikariDataSource       : HikariPool-2 - Start completed.
2022-07-29 14:45:38.472  INFO 12079 --- [    Test worker] org.hibernate.dialect.Dialect            : HHH000400: Using dialect: org.hibernate.dialect.MySQL57Dialect
2022-07-29 14:45:38.643  INFO 12079 --- [    Test worker] o.h.e.t.j.p.i.JtaPlatformInitiator       : HHH000490: Using JtaPlatform implementation: [org.hibernate.engine.transaction.jta.platform.internal.NoJtaPlatform]
2022-07-29 14:45:38.643  INFO 12079 --- [    Test worker] j.LocalContainerEntityManagerFactoryBean : Initialized JPA EntityManagerFactory for persistence unit 'default'
2022-07-29 14:45:38.734  WARN 12079 --- [    Test worker] JpaBaseConfiguration$JpaWebConfiguration : spring.jpa.open-in-view is enabled by default. Therefore, database queries may be performed during view rendering. Explicitly configure spring.jpa.open-in-view to disable this warning
2022-07-29 14:45:38.772  INFO 12079 --- [    Test worker] o.s.s.web.DefaultSecurityFilterChain     : Will secure any request with [org.springframework.security.web.context.request.async.WebAsyncManagerIntegrationFilter@7a7b6556, org.springframework.security.web.context.SecurityContextPersistenceFilter@6f9c272b, org.springframework.security.web.header.HeaderWriterFilter@4d484961, appool.pool.project.jwt.filter.JwtAuthenticationProcessingFilter@73ec417b, org.springframework.security.web.authentication.logout.LogoutFilter@4fe0aa21, appool.pool.project.login.filter.JsonUsernamePasswordAuthenticationFilter@70b7fec0, org.springframework.security.web.savedrequest.RequestCacheAwareFilter@6bbb3ec8, org.springframework.security.web.servletapi.SecurityContextHolderAwareRequestFilter@64b7719f, org.springframework.security.web.authentication.AnonymousAuthenticationFilter@c04b755, org.springframework.security.web.session.SessionManagementFilter@497d9489, org.springframework.security.web.access.ExceptionTranslationFilter@745e1fb7, org.springframework.security.web.access.intercept.FilterSecurityInterceptor@17fd9fbb]
2022-07-29 14:45:38.819  INFO 12079 --- [    Test worker] o.s.b.a.h2.H2ConsoleAutoConfiguration    : H2 console available at '/h2-console'. Database available at 'jdbc:mysql://my-rds-instance.ckalsgvhdig0.ap-northeast-2.rds.amazonaws.com:3306/my_rds_name?useUnicode=true&characterEncoding=utf8'
2022-07-29 14:45:38.891  INFO 12079 --- [    Test worker] o.s.b.t.m.w.SpringBootMockServletContext : Initializing Spring TestDispatcherServlet ''
2022-07-29 14:45:38.891  INFO 12079 --- [    Test worker] o.s.t.web.servlet.TestDispatcherServlet  : Initializing Servlet ''
2022-07-29 14:45:38.891  INFO 12079 --- [    Test worker] o.s.t.web.servlet.TestDispatcherServlet  : Completed initialization in 0 ms
2022-07-29 14:45:38.901  INFO 12079 --- [    Test worker] a.p.p.u.controller.UserControllerTest    : Started UserControllerTest in 0.663 seconds (JVM running for 11.012)
2022-07-29 14:45:38.913  INFO 12079 --- [    Test worker] o.s.t.c.transaction.TransactionContext   : Began transaction (1) for test context [DefaultTestContext@2662997a testClass = UserControllerTest, testInstance = appool.pool.project.user.controller.UserControllerTest@329b4814, testMethod = 회원가입_실패_필드가_없음@UserControllerTest, testException = [null], mergedContextConfiguration = [WebMergedContextConfiguration@26204f8f testClass = UserControllerTest, locations = '{}', classes = '{class appool.pool.project.ProjectApplication}', contextInitializerClasses = '[]', activeProfiles = '{}', propertySourceLocations = '{}', propertySourceProperties = '{org.springframework.boot.test.context.SpringBootTestContextBootstrapper=true}', contextCustomizers = set[org.springframework.boot.test.autoconfigure.actuate.metrics.MetricsExportContextCustomizerFactory$DisableMetricExportContextCustomizer@5d066c7d, org.springframework.boot.test.autoconfigure.properties.PropertyMappingContextCustomizer@4b3fa0b3, org.springframework.boot.test.autoconfigure.web.servlet.WebDriverContextCustomizerFactory$Customizer@7ae42ce3, [ImportsContextCustomizer@1419f703 key = [org.springframework.boot.test.autoconfigure.web.servlet.MockMvcAutoConfiguration, org.springframework.boot.test.autoconfigure.web.servlet.MockMvcWebClientAutoConfiguration, org.springframework.boot.test.autoconfigure.web.servlet.MockMvcWebDriverAutoConfiguration, org.springframework.boot.autoconfigure.security.oauth2.client.servlet.OAuth2ClientAutoConfiguration, org.springframework.boot.autoconfigure.security.oauth2.resource.servlet.OAuth2ResourceServerAutoConfiguration, org.springframework.boot.autoconfigure.security.servlet.SecurityAutoConfiguration, org.springframework.boot.autoconfigure.security.servlet.SecurityFilterAutoConfiguration, org.springframework.boot.autoconfigure.security.servlet.UserDetailsServiceAutoConfiguration, org.springframework.boot.test.autoconfigure.web.servlet.MockMvcSecurityConfiguration, org.springframework.boot.test.autoconfigure.web.reactive.WebTestClientAutoConfiguration]], org.springframework.boot.test.context.filter.ExcludeFilterContextCustomizer@38234a38, org.springframework.boot.test.json.DuplicateJsonObjectContextCustomizerFactory$DuplicateJsonObjectContextCustomizer@2c07545f, org.springframework.boot.test.mock.mockito.MockitoContextCustomizer@0, org.springframework.boot.test.web.client.TestRestTemplateContextCustomizer@4b40f651, org.springframework.boot.test.context.SpringBootTestArgs@1, org.springframework.boot.test.context.SpringBootTestWebEnvironment@d21a74c], resourceBasePath = 'src/main/webapp', contextLoader = 'org.springframework.boot.test.context.SpringBootContextLoader', parent = [null]], attributes = map['org.springframework.test.context.web.ServletTestExecutionListener.activateListener' -> true, 'org.springframework.test.context.web.ServletTestExecutionListener.populatedRequestContextHolder' -> true, 'org.springframework.test.context.web.ServletTestExecutionListener.resetRequestContextHolder' -> true, 'org.springframework.test.context.event.ApplicationEventsTestExecutionListener.recordApplicationEvents' -> false]]; transaction manager [org.springframework.orm.jpa.JpaTransactionManager@55a4a0ab]; rollback [true]
2022-07-29 14:45:38.974 ERROR 12079 --- [    Test worker] a.p.project.exception.ExceptionAdvice    : @ValidException 발생! Validation failed for argument [0] in public void appool.pool.project.user.controller.UserController.signUp(appool.pool.project.user.dto.UserSignUpDto,javax.servlet.http.HttpServletRequest,javax.servlet.http.HttpServletResponse) throws java.lang.Exception: [Field error in object 'userSignUpDto' on field 'username': rejected value [null]; codes [NotBlank.userSignUpDto.username,NotBlank.username,NotBlank.java.lang.String,NotBlank]; arguments [org.springframework.context.support.DefaultMessageSourceResolvable: codes [userSignUpDto.username,username]; arguments []; default message [username]]; default message [아이디는 필수 입력 사항입니다.]] 
2022-07-29 14:45:38.985 ERROR 12079 --- [    Test worker] a.p.project.exception.ExceptionAdvice    : @ValidException 발생! Validation failed for argument [0] in public void appool.pool.project.user.controller.UserController.signUp(appool.pool.project.user.dto.UserSignUpDto,javax.servlet.http.HttpServletRequest,javax.servlet.http.HttpServletResponse) throws java.lang.Exception: [Field error in object 'userSignUpDto' on field 'password': rejected value [null]; codes [NotBlank.userSignUpDto.password,NotBlank.password,NotBlank.java.lang.String,NotBlank]; arguments [org.springframework.context.support.DefaultMessageSourceResolvable: codes [userSignUpDto.password,password]; arguments []; default message [password]]; default message [비밀번호는 필수 입력 사항입니다.]] 
2022-07-29 14:45:38.987 ERROR 12079 --- [    Test worker] a.p.project.exception.ExceptionAdvice    : @ValidException 발생! Validation failed for argument [0] in public void appool.pool.project.user.controller.UserController.signUp(appool.pool.project.user.dto.UserSignUpDto,javax.servlet.http.HttpServletRequest,javax.servlet.http.HttpServletResponse) throws java.lang.Exception: [Field error in object 'userSignUpDto' on field 'nickName': rejected value [null]; codes [NotBlank.userSignUpDto.nickName,NotBlank.nickName,NotBlank.java.lang.String,NotBlank]; arguments [org.springframework.context.support.DefaultMessageSourceResolvable: codes [userSignUpDto.nickName,nickName]; arguments []; default message [nickName]]; default message [닉네임은 필수 입력 사항입니다.]] 
2022-07-29 14:45:38.989 ERROR 12079 --- [    Test worker] a.p.project.exception.ExceptionAdvice    : @ValidException 발생! Validation failed for argument [0] in public void appool.pool.project.user.controller.UserController.signUp(appool.pool.project.user.dto.UserSignUpDto,javax.servlet.http.HttpServletRequest,javax.servlet.http.HttpServletResponse) throws java.lang.Exception: [Field error in object 'userSignUpDto' on field 'phoneNumber': rejected value [null]; codes [NotBlank.userSignUpDto.phoneNumber,NotBlank.phoneNumber,NotBlank.java.lang.String,NotBlank]; arguments [org.springframework.context.support.DefaultMessageSourceResolvable: codes [userSignUpDto.phoneNumber,phoneNumber]; arguments []; default message [phoneNumber]]; default message [전화번호는 필수 입력 사항입니다.]] 
2022-07-29 14:45:38.990 ERROR 12079 --- [    Test worker] a.p.project.exception.ExceptionAdvice    : @ValidException 발생! Validation failed for argument [0] in public void appool.pool.project.user.controller.UserController.signUp(appool.pool.project.user.dto.UserSignUpDto,javax.servlet.http.HttpServletRequest,javax.servlet.http.HttpServletResponse) throws java.lang.Exception: [Field error in object 'userSignUpDto' on field 'gender': rejected value [null]; codes [NotBlank.userSignUpDto.gender,NotBlank.gender,NotBlank.java.lang.String,NotBlank]; arguments [org.springframework.context.support.DefaultMessageSourceResolvable: codes [userSignUpDto.gender,gender]; arguments []; default message [gender]]; default message [성별은 필수 입력 사항입니다.]] 
2022-07-29 14:45:39.003  INFO 12079 --- [    Test worker] o.s.t.c.transaction.TransactionContext   : Rolled back transaction for test: [DefaultTestContext@2662997a testClass = UserControllerTest, testInstance = appool.pool.project.user.controller.UserControllerTest@329b4814, testMethod = 회원가입_실패_필드가_없음@UserControllerTest, testException = [null], mergedContextConfiguration = [WebMergedContextConfiguration@26204f8f testClass = UserControllerTest, locations = '{}', classes = '{class appool.pool.project.ProjectApplication}', contextInitializerClasses = '[]', activeProfiles = '{}', propertySourceLocations = '{}', propertySourceProperties = '{org.springframework.boot.test.context.SpringBootTestContextBootstrapper=true}', contextCustomizers = set[org.springframework.boot.test.autoconfigure.actuate.metrics.MetricsExportContextCustomizerFactory$DisableMetricExportContextCustomizer@5d066c7d, org.springframework.boot.test.autoconfigure.properties.PropertyMappingContextCustomizer@4b3fa0b3, org.springframework.boot.test.autoconfigure.web.servlet.WebDriverContextCustomizerFactory$Customizer@7ae42ce3, [ImportsContextCustomizer@1419f703 key = [org.springframework.boot.test.autoconfigure.web.servlet.MockMvcAutoConfiguration, org.springframework.boot.test.autoconfigure.web.servlet.MockMvcWebClientAutoConfiguration, org.springframework.boot.test.autoconfigure.web.servlet.MockMvcWebDriverAutoConfiguration, org.springframework.boot.autoconfigure.security.oauth2.client.servlet.OAuth2ClientAutoConfiguration, org.springframework.boot.autoconfigure.security.oauth2.resource.servlet.OAuth2ResourceServerAutoConfiguration, org.springframework.boot.autoconfigure.security.servlet.SecurityAutoConfiguration, org.springframework.boot.autoconfigure.security.servlet.SecurityFilterAutoConfiguration, org.springframework.boot.autoconfigure.security.servlet.UserDetailsServiceAutoConfiguration, org.springframework.boot.test.autoconfigure.web.servlet.MockMvcSecurityConfiguration, org.springframework.boot.test.autoconfigure.web.reactive.WebTestClientAutoConfiguration]], org.springframework.boot.test.context.filter.ExcludeFilterContextCustomizer@38234a38, org.springframework.boot.test.json.DuplicateJsonObjectContextCustomizerFactory$DuplicateJsonObjectContextCustomizer@2c07545f, org.springframework.boot.test.mock.mockito.MockitoContextCustomizer@0, org.springframework.boot.test.web.client.TestRestTemplateContextCustomizer@4b40f651, org.springframework.boot.test.context.SpringBootTestArgs@1, org.springframework.boot.test.context.SpringBootTestWebEnvironment@d21a74c], resourceBasePath = 'src/main/webapp', contextLoader = 'org.springframework.boot.test.context.SpringBootContextLoader', parent = [null]], attributes = map['org.springframework.test.context.web.ServletTestExecutionListener.activateListener' -> true, 'org.springframework.test.context.web.ServletTestExecutionListener.populatedRequestContextHolder' -> true, 'org.springframework.test.context.web.ServletTestExecutionListener.resetRequestContextHolder' -> true, 'org.springframework.test.context.event.ApplicationEventsTestExecutionListener.recordApplicationEvents' -> false]]
2022-07-29 14:45:39.009  INFO 12079 --- [    Test worker] o.s.t.c.transaction.TransactionContext   : Began transaction (1) for test context [DefaultTestContext@2662997a testClass = UserControllerTest, testInstance = appool.pool.project.user.controller.UserControllerTest@6005cfe5, testMethod = 회원정보조회_실패_없는회원조회@UserControllerTest, testException = [null], mergedContextConfiguration = [WebMergedContextConfiguration@26204f8f testClass = UserControllerTest, locations = '{}', classes = '{class appool.pool.project.ProjectApplication}', contextInitializerClasses = '[]', activeProfiles = '{}', propertySourceLocations = '{}', propertySourceProperties = '{org.springframework.boot.test.context.SpringBootTestContextBootstrapper=true}', contextCustomizers = set[org.springframework.boot.test.autoconfigure.actuate.metrics.MetricsExportContextCustomizerFactory$DisableMetricExportContextCustomizer@5d066c7d, org.springframework.boot.test.autoconfigure.properties.PropertyMappingContextCustomizer@4b3fa0b3, org.springframework.boot.test.autoconfigure.web.servlet.WebDriverContextCustomizerFactory$Customizer@7ae42ce3, [ImportsContextCustomizer@1419f703 key = [org.springframework.boot.test.autoconfigure.web.servlet.MockMvcAutoConfiguration, org.springframework.boot.test.autoconfigure.web.servlet.MockMvcWebClientAutoConfiguration, org.springframework.boot.test.autoconfigure.web.servlet.MockMvcWebDriverAutoConfiguration, org.springframework.boot.autoconfigure.security.oauth2.client.servlet.OAuth2ClientAutoConfiguration, org.springframework.boot.autoconfigure.security.oauth2.resource.servlet.OAuth2ResourceServerAutoConfiguration, org.springframework.boot.autoconfigure.security.servlet.SecurityAutoConfiguration, org.springframework.boot.autoconfigure.security.servlet.SecurityFilterAutoConfiguration, org.springframework.boot.autoconfigure.security.servlet.UserDetailsServiceAutoConfiguration, org.springframework.boot.test.autoconfigure.web.servlet.MockMvcSecurityConfiguration, org.springframework.boot.test.autoconfigure.web.reactive.WebTestClientAutoConfiguration]], org.springframework.boot.test.context.filter.ExcludeFilterContextCustomizer@38234a38, org.springframework.boot.test.json.DuplicateJsonObjectContextCustomizerFactory$DuplicateJsonObjectContextCustomizer@2c07545f, org.springframework.boot.test.mock.mockito.MockitoContextCustomizer@0, org.springframework.boot.test.web.client.TestRestTemplateContextCustomizer@4b40f651, org.springframework.boot.test.context.SpringBootTestArgs@1, org.springframework.boot.test.context.SpringBootTestWebEnvironment@d21a74c], resourceBasePath = 'src/main/webapp', contextLoader = 'org.springframework.boot.test.context.SpringBootContextLoader', parent = [null]], attributes = map['org.springframework.test.context.web.ServletTestExecutionListener.activateListener' -> true, 'org.springframework.test.context.web.ServletTestExecutionListener.populatedRequestContextHolder' -> true, 'org.springframework.test.context.web.ServletTestExecutionListener.resetRequestContextHolder' -> true, 'org.springframework.test.context.event.ApplicationEventsTestExecutionListener.recordApplicationEvents' -> false]]; transaction manager [org.springframework.orm.jpa.JpaTransactionManager@55a4a0ab]; rollback [true]
Hibernate: select pooluser0_.pool_user_id as pool_use1_2_, pooluser0_.create_date as create_d2_2_, pooluser0_.last_modified_date as last_mod3_2_, pooluser0_.birthday as birthday4_2_, pooluser0_.gender as gender5_2_, pooluser0_.nick_name as nick_nam6_2_, pooluser0_.password as password7_2_, pooluser0_.phone_number as phone_nu8_2_, pooluser0_.privacy_agreement as privacy_9_2_, pooluser0_.refresh_token as refresh10_2_, pooluser0_.term_agreement as term_ag11_2_, pooluser0_.user_status as user_st12_2_, pooluser0_.username as usernam13_2_ from pooluser pooluser0_ where pooluser0_.username=?
Hibernate: insert into pooluser (create_date, last_modified_date, birthday, gender, nick_name, password, phone_number, privacy_agreement, refresh_token, term_agreement, user_status, username) values (?, ?, ?, ?, ?, ?, ?, ?, ?, ?, ?, ?)
Hibernate: select pooluser0_.pool_user_id as pool_use1_2_, pooluser0_.create_date as create_d2_2_, pooluser0_.last_modified_date as last_mod3_2_, pooluser0_.birthday as birthday4_2_, pooluser0_.gender as gender5_2_, pooluser0_.nick_name as nick_nam6_2_, pooluser0_.password as password7_2_, pooluser0_.phone_number as phone_nu8_2_, pooluser0_.privacy_agreement as privacy_9_2_, pooluser0_.refresh_token as refresh10_2_, pooluser0_.term_agreement as term_ag11_2_, pooluser0_.user_status as user_st12_2_, pooluser0_.username as usernam13_2_ from pooluser pooluser0_ where pooluser0_.username=?
Hibernate: select pooluser0_.pool_user_id as pool_use1_2_, pooluser0_.create_date as create_d2_2_, pooluser0_.last_modified_date as last_mod3_2_, pooluser0_.birthday as birthday4_2_, pooluser0_.gender as gender5_2_, pooluser0_.nick_name as nick_nam6_2_, pooluser0_.password as password7_2_, pooluser0_.phone_number as phone_nu8_2_, pooluser0_.privacy_agreement as privacy_9_2_, pooluser0_.refresh_token as refresh10_2_, pooluser0_.term_agreement as term_ag11_2_, pooluser0_.user_status as user_st12_2_, pooluser0_.username as usernam13_2_ from pooluser pooluser0_ where pooluser0_.username=?
Hibernate: select pooluser0_.pool_user_id as pool_use1_2_, pooluser0_.create_date as create_d2_2_, pooluser0_.last_modified_date as last_mod3_2_, pooluser0_.birthday as birthday4_2_, pooluser0_.gender as gender5_2_, pooluser0_.nick_name as nick_nam6_2_, pooluser0_.password as password7_2_, pooluser0_.phone_number as phone_nu8_2_, pooluser0_.privacy_agreement as privacy_9_2_, pooluser0_.refresh_token as refresh10_2_, pooluser0_.term_agreement as term_ag11_2_, pooluser0_.user_status as user_st12_2_, pooluser0_.username as usernam13_2_ from pooluser pooluser0_ where pooluser0_.username=?
2022-07-29 14:45:39.467  INFO 12079 --- [    Test worker] a.p.p.l.h.LoginSuccessJWTProvideHandler  : 로그인에 성공합니다. username: username
2022-07-29 14:45:39.467  INFO 12079 --- [    Test worker] a.p.p.l.h.LoginSuccessJWTProvideHandler  : AccessToken을 발급합니다. AccessToken: eyJ0eXAiOiJKV1QiLCJhbGciOiJIUzUxMiJ9.eyJzdWIiOiJBY2Nlc3NUb2tlbiIsImV4cCI6MTY1OTA3MzYxOSwidXNlcm5hbWUiOiJ1c2VybmFtZSJ9.VFb7c_2O0unCWsRCxHJNm0dEWGTgIc2YwqXNaurpdDCL8alPVH70JM-FF89esogNZ3Yhv6c_KWfu6CrQr3cMYg
2022-07-29 14:45:39.467  INFO 12079 --- [    Test worker] a.p.p.l.h.LoginSuccessJWTProvideHandler  : RefreshToken을 발급합니다. RefreshToken: eyJ0eXAiOiJKV1QiLCJhbGciOiJIUzUxMiJ9.eyJzdWIiOiJSZWZyZXNoVG9rZW4iLCJleHAiOjE2NTkwNzM2Mjl9.k9uiXO2_Io7wTKibSqwP6JXxiCLDjRQjMruw-1fbc_vrvZmWQziAA4xkGJYQII56SG7sq1CtnNV9mxXy5z5esA
Hibernate: update pooluser set last_modified_date=?, birthday=?, gender=?, nick_name=?, password=?, phone_number=?, privacy_agreement=?, refresh_token=?, term_agreement=?, user_status=?, username=? where pool_user_id=?
Hibernate: insert into pool_user_category (pool_user_pool_user_id, category) values (?, ?)
Hibernate: insert into pool_user_category (pool_user_pool_user_id, category) values (?, ?)
Hibernate: select pooluser0_.pool_user_id as pool_use1_2_, pooluser0_.create_date as create_d2_2_, pooluser0_.last_modified_date as last_mod3_2_, pooluser0_.birthday as birthday4_2_, pooluser0_.gender as gender5_2_, pooluser0_.nick_name as nick_nam6_2_, pooluser0_.password as password7_2_, pooluser0_.phone_number as phone_nu8_2_, pooluser0_.privacy_agreement as privacy_9_2_, pooluser0_.refresh_token as refresh10_2_, pooluser0_.term_agreement as term_ag11_2_, pooluser0_.user_status as user_st12_2_, pooluser0_.username as usernam13_2_ from pooluser pooluser0_ where pooluser0_.username=?
Hibernate: select pooluser0_.pool_user_id as pool_use1_2_0_, pooluser0_.create_date as create_d2_2_0_, pooluser0_.last_modified_date as last_mod3_2_0_, pooluser0_.birthday as birthday4_2_0_, pooluser0_.gender as gender5_2_0_, pooluser0_.nick_name as nick_nam6_2_0_, pooluser0_.password as password7_2_0_, pooluser0_.phone_number as phone_nu8_2_0_, pooluser0_.privacy_agreement as privacy_9_2_0_, pooluser0_.refresh_token as refresh10_2_0_, pooluser0_.term_agreement as term_ag11_2_0_, pooluser0_.user_status as user_st12_2_0_, pooluser0_.username as usernam13_2_0_ from pooluser pooluser0_ where pooluser0_.pool_user_id=?
2022-07-29 14:45:39.513 ERROR 12079 --- [    Test worker] a.p.project.exception.ExceptionAdvice    : BaseException errorMessage(): 회원 정보가 없습니다.
2022-07-29 14:45:39.513 ERROR 12079 --- [    Test worker] a.p.project.exception.ExceptionAdvice    : BaseException errorCode() :602
2022-07-29 14:45:39.530  INFO 12079 --- [    Test worker] o.s.t.c.transaction.TransactionContext   : Rolled back transaction for test: [DefaultTestContext@2662997a testClass = UserControllerTest, testInstance = appool.pool.project.user.controller.UserControllerTest@6005cfe5, testMethod = 회원정보조회_실패_없는회원조회@UserControllerTest, testException = [null], mergedContextConfiguration = [WebMergedContextConfiguration@26204f8f testClass = UserControllerTest, locations = '{}', classes = '{class appool.pool.project.ProjectApplication}', contextInitializerClasses = '[]', activeProfiles = '{}', propertySourceLocations = '{}', propertySourceProperties = '{org.springframework.boot.test.context.SpringBootTestContextBootstrapper=true}', contextCustomizers = set[org.springframework.boot.test.autoconfigure.actuate.metrics.MetricsExportContextCustomizerFactory$DisableMetricExportContextCustomizer@5d066c7d, org.springframework.boot.test.autoconfigure.properties.PropertyMappingContextCustomizer@4b3fa0b3, org.springframework.boot.test.autoconfigure.web.servlet.WebDriverContextCustomizerFactory$Customizer@7ae42ce3, [ImportsContextCustomizer@1419f703 key = [org.springframework.boot.test.autoconfigure.web.servlet.MockMvcAutoConfiguration, org.springframework.boot.test.autoconfigure.web.servlet.MockMvcWebClientAutoConfiguration, org.springframework.boot.test.autoconfigure.web.servlet.MockMvcWebDriverAutoConfiguration, org.springframework.boot.autoconfigure.security.oauth2.client.servlet.OAuth2ClientAutoConfiguration, org.springframework.boot.autoconfigure.security.oauth2.resource.servlet.OAuth2ResourceServerAutoConfiguration, org.springframework.boot.autoconfigure.security.servlet.SecurityAutoConfiguration, org.springframework.boot.autoconfigure.security.servlet.SecurityFilterAutoConfiguration, org.springframework.boot.autoconfigure.security.servlet.UserDetailsServiceAutoConfiguration, org.springframework.boot.test.autoconfigure.web.servlet.MockMvcSecurityConfiguration, org.springframework.boot.test.autoconfigure.web.reactive.WebTestClientAutoConfiguration]], org.springframework.boot.test.context.filter.ExcludeFilterContextCustomizer@38234a38, org.springframework.boot.test.json.DuplicateJsonObjectContextCustomizerFactory$DuplicateJsonObjectContextCustomizer@2c07545f, org.springframework.boot.test.mock.mockito.MockitoContextCustomizer@0, org.springframework.boot.test.web.client.TestRestTemplateContextCustomizer@4b40f651, org.springframework.boot.test.context.SpringBootTestArgs@1, org.springframework.boot.test.context.SpringBootTestWebEnvironment@d21a74c], resourceBasePath = 'src/main/webapp', contextLoader = 'org.springframework.boot.test.context.SpringBootContextLoader', parent = [null]], attributes = map['org.springframework.test.context.web.ServletTestExecutionListener.activateListener' -> true, 'org.springframework.test.context.web.ServletTestExecutionListener.populatedRequestContextHolder' -> true, 'org.springframework.test.context.web.ServletTestExecutionListener.resetRequestContextHolder' -> true, 'org.springframework.test.context.event.ApplicationEventsTestExecutionListener.recordApplicationEvents' -> false]]
2022-07-29 14:45:39.538  INFO 12079 --- [    Test worker] o.s.t.c.transaction.TransactionContext   : Began transaction (1) for test context [DefaultTestContext@2662997a testClass = UserControllerTest, testInstance = appool.pool.project.user.controller.UserControllerTest@49d26eba, testMethod = 내정보조회_성공@UserControllerTest, testException = [null], mergedContextConfiguration = [WebMergedContextConfiguration@26204f8f testClass = UserControllerTest, locations = '{}', classes = '{class appool.pool.project.ProjectApplication}', contextInitializerClasses = '[]', activeProfiles = '{}', propertySourceLocations = '{}', propertySourceProperties = '{org.springframework.boot.test.context.SpringBootTestContextBootstrapper=true}', contextCustomizers = set[org.springframework.boot.test.autoconfigure.actuate.metrics.MetricsExportContextCustomizerFactory$DisableMetricExportContextCustomizer@5d066c7d, org.springframework.boot.test.autoconfigure.properties.PropertyMappingContextCustomizer@4b3fa0b3, org.springframework.boot.test.autoconfigure.web.servlet.WebDriverContextCustomizerFactory$Customizer@7ae42ce3, [ImportsContextCustomizer@1419f703 key = [org.springframework.boot.test.autoconfigure.web.servlet.MockMvcAutoConfiguration, org.springframework.boot.test.autoconfigure.web.servlet.MockMvcWebClientAutoConfiguration, org.springframework.boot.test.autoconfigure.web.servlet.MockMvcWebDriverAutoConfiguration, org.springframework.boot.autoconfigure.security.oauth2.client.servlet.OAuth2ClientAutoConfiguration, org.springframework.boot.autoconfigure.security.oauth2.resource.servlet.OAuth2ResourceServerAutoConfiguration, org.springframework.boot.autoconfigure.security.servlet.SecurityAutoConfiguration, org.springframework.boot.autoconfigure.security.servlet.SecurityFilterAutoConfiguration, org.springframework.boot.autoconfigure.security.servlet.UserDetailsServiceAutoConfiguration, org.springframework.boot.test.autoconfigure.web.servlet.MockMvcSecurityConfiguration, org.springframework.boot.test.autoconfigure.web.reactive.WebTestClientAutoConfiguration]], org.springframework.boot.test.context.filter.ExcludeFilterContextCustomizer@38234a38, org.springframework.boot.test.json.DuplicateJsonObjectContextCustomizerFactory$DuplicateJsonObjectContextCustomizer@2c07545f, org.springframework.boot.test.mock.mockito.MockitoContextCustomizer@0, org.springframework.boot.test.web.client.TestRestTemplateContextCustomizer@4b40f651, org.springframework.boot.test.context.SpringBootTestArgs@1, org.springframework.boot.test.context.SpringBootTestWebEnvironment@d21a74c], resourceBasePath = 'src/main/webapp', contextLoader = 'org.springframework.boot.test.context.SpringBootContextLoader', parent = [null]], attributes = map['org.springframework.test.context.web.ServletTestExecutionListener.activateListener' -> true, 'org.springframework.test.context.web.ServletTestExecutionListener.populatedRequestContextHolder' -> true, 'org.springframework.test.context.web.ServletTestExecutionListener.resetRequestContextHolder' -> true, 'org.springframework.test.context.event.ApplicationEventsTestExecutionListener.recordApplicationEvents' -> false]]; transaction manager [org.springframework.orm.jpa.JpaTransactionManager@55a4a0ab]; rollback [true]
Hibernate: select pooluser0_.pool_user_id as pool_use1_2_, pooluser0_.create_date as create_d2_2_, pooluser0_.last_modified_date as last_mod3_2_, pooluser0_.birthday as birthday4_2_, pooluser0_.gender as gender5_2_, pooluser0_.nick_name as nick_nam6_2_, pooluser0_.password as password7_2_, pooluser0_.phone_number as phone_nu8_2_, pooluser0_.privacy_agreement as privacy_9_2_, pooluser0_.refresh_token as refresh10_2_, pooluser0_.term_agreement as term_ag11_2_, pooluser0_.user_status as user_st12_2_, pooluser0_.username as usernam13_2_ from pooluser pooluser0_ where pooluser0_.username=?
Hibernate: insert into pooluser (create_date, last_modified_date, birthday, gender, nick_name, password, phone_number, privacy_agreement, refresh_token, term_agreement, user_status, username) values (?, ?, ?, ?, ?, ?, ?, ?, ?, ?, ?, ?)
Hibernate: select pooluser0_.pool_user_id as pool_use1_2_, pooluser0_.create_date as create_d2_2_, pooluser0_.last_modified_date as last_mod3_2_, pooluser0_.birthday as birthday4_2_, pooluser0_.gender as gender5_2_, pooluser0_.nick_name as nick_nam6_2_, pooluser0_.password as password7_2_, pooluser0_.phone_number as phone_nu8_2_, pooluser0_.privacy_agreement as privacy_9_2_, pooluser0_.refresh_token as refresh10_2_, pooluser0_.term_agreement as term_ag11_2_, pooluser0_.user_status as user_st12_2_, pooluser0_.username as usernam13_2_ from pooluser pooluser0_ where pooluser0_.username=?
Hibernate: select pooluser0_.pool_user_id as pool_use1_2_, pooluser0_.create_date as create_d2_2_, pooluser0_.last_modified_date as last_mod3_2_, pooluser0_.birthday as birthday4_2_, pooluser0_.gender as gender5_2_, pooluser0_.nick_name as nick_nam6_2_, pooluser0_.password as password7_2_, pooluser0_.phone_number as phone_nu8_2_, pooluser0_.privacy_agreement as privacy_9_2_, pooluser0_.refresh_token as refresh10_2_, pooluser0_.term_agreement as term_ag11_2_, pooluser0_.user_status as user_st12_2_, pooluser0_.username as usernam13_2_ from pooluser pooluser0_ where pooluser0_.username=?
Hibernate: select pooluser0_.pool_user_id as pool_use1_2_, pooluser0_.create_date as create_d2_2_, pooluser0_.last_modified_date as last_mod3_2_, pooluser0_.birthday as birthday4_2_, pooluser0_.gender as gender5_2_, pooluser0_.nick_name as nick_nam6_2_, pooluser0_.password as password7_2_, pooluser0_.phone_number as phone_nu8_2_, pooluser0_.privacy_agreement as privacy_9_2_, pooluser0_.refresh_token as refresh10_2_, pooluser0_.term_agreement as term_ag11_2_, pooluser0_.user_status as user_st12_2_, pooluser0_.username as usernam13_2_ from pooluser pooluser0_ where pooluser0_.username=?
2022-07-29 14:45:39.877  INFO 12079 --- [    Test worker] a.p.p.l.h.LoginSuccessJWTProvideHandler  : 로그인에 성공합니다. username: username
2022-07-29 14:45:39.877  INFO 12079 --- [    Test worker] a.p.p.l.h.LoginSuccessJWTProvideHandler  : AccessToken을 발급합니다. AccessToken: eyJ0eXAiOiJKV1QiLCJhbGciOiJIUzUxMiJ9.eyJzdWIiOiJBY2Nlc3NUb2tlbiIsImV4cCI6MTY1OTA3MzYxOSwidXNlcm5hbWUiOiJ1c2VybmFtZSJ9.VFb7c_2O0unCWsRCxHJNm0dEWGTgIc2YwqXNaurpdDCL8alPVH70JM-FF89esogNZ3Yhv6c_KWfu6CrQr3cMYg
2022-07-29 14:45:39.877  INFO 12079 --- [    Test worker] a.p.p.l.h.LoginSuccessJWTProvideHandler  : RefreshToken을 발급합니다. RefreshToken: eyJ0eXAiOiJKV1QiLCJhbGciOiJIUzUxMiJ9.eyJzdWIiOiJSZWZyZXNoVG9rZW4iLCJleHAiOjE2NTkwNzM2Mjl9.k9uiXO2_Io7wTKibSqwP6JXxiCLDjRQjMruw-1fbc_vrvZmWQziAA4xkGJYQII56SG7sq1CtnNV9mxXy5z5esA
Hibernate: update pooluser set last_modified_date=?, birthday=?, gender=?, nick_name=?, password=?, phone_number=?, privacy_agreement=?, refresh_token=?, term_agreement=?, user_status=?, username=? where pool_user_id=?
Hibernate: insert into pool_user_category (pool_user_pool_user_id, category) values (?, ?)
Hibernate: insert into pool_user_category (pool_user_pool_user_id, category) values (?, ?)
Hibernate: select pooluser0_.pool_user_id as pool_use1_2_, pooluser0_.create_date as create_d2_2_, pooluser0_.last_modified_date as last_mod3_2_, pooluser0_.birthday as birthday4_2_, pooluser0_.gender as gender5_2_, pooluser0_.nick_name as nick_nam6_2_, pooluser0_.password as password7_2_, pooluser0_.phone_number as phone_nu8_2_, pooluser0_.privacy_agreement as privacy_9_2_, pooluser0_.refresh_token as refresh10_2_, pooluser0_.term_agreement as term_ag11_2_, pooluser0_.user_status as user_st12_2_, pooluser0_.username as usernam13_2_ from pooluser pooluser0_ where pooluser0_.username=?
Hibernate: select pooluser0_.pool_user_id as pool_use1_2_, pooluser0_.create_date as create_d2_2_, pooluser0_.last_modified_date as last_mod3_2_, pooluser0_.birthday as birthday4_2_, pooluser0_.gender as gender5_2_, pooluser0_.nick_name as nick_nam6_2_, pooluser0_.password as password7_2_, pooluser0_.phone_number as phone_nu8_2_, pooluser0_.privacy_agreement as privacy_9_2_, pooluser0_.refresh_token as refresh10_2_, pooluser0_.term_agreement as term_ag11_2_, pooluser0_.user_status as user_st12_2_, pooluser0_.username as usernam13_2_ from pooluser pooluser0_ where pooluser0_.username=?

MockHttpServletRequest:
      HTTP Method = GET
      Request URI = /user
       Parameters = {}
          Headers = [Authorization:"Bearer eyJ0eXAiOiJKV1QiLCJhbGciOiJIUzUxMiJ9.eyJzdWIiOiJBY2Nlc3NUb2tlbiIsImV4cCI6MTY1OTA3MzYxOSwidXNlcm5hbWUiOiJ1c2VybmFtZSJ9.VFb7c_2O0unCWsRCxHJNm0dEWGTgIc2YwqXNaurpdDCL8alPVH70JM-FF89esogNZ3Yhv6c_KWfu6CrQr3cMYg"]
             Body = null
    Session Attrs = {}

Handler:
             Type = appool.pool.project.user.controller.UserController
           Method = appool.pool.project.user.controller.UserController#getMyInfo(HttpServletResponse)

Async:
    Async started = false
     Async result = null

Resolved Exception:
             Type = null

ModelAndView:
        View name = null
             View = null
            Model = null

FlashMap:
       Attributes = null

MockHttpServletResponse:
           Status = 200
    Error message = null
          Headers = [Content-Type:"application/json", X-Content-Type-Options:"nosniff", X-XSS-Protection:"1; mode=block", Cache-Control:"no-cache, no-store, max-age=0, must-revalidate", Pragma:"no-cache", Expires:"0", X-Frame-Options:"SAMEORIGIN"]
     Content type = application/json
             Body = {"username":"username","nickName":"doha123","userStatus":"USER","termAgreement":true,"privacyAgreement":true}
    Forwarded URL = null
   Redirected URL = null
          Cookies = []
Hibernate: select pooluser0_.pool_user_id as pool_use1_2_, pooluser0_.create_date as create_d2_2_, pooluser0_.last_modified_date as last_mod3_2_, pooluser0_.birthday as birthday4_2_, pooluser0_.gender as gender5_2_, pooluser0_.nick_name as nick_nam6_2_, pooluser0_.password as password7_2_, pooluser0_.phone_number as phone_nu8_2_, pooluser0_.privacy_agreement as privacy_9_2_, pooluser0_.refresh_token as refresh10_2_, pooluser0_.term_agreement as term_ag11_2_, pooluser0_.user_status as user_st12_2_, pooluser0_.username as usernam13_2_ from pooluser pooluser0_ where pooluser0_.username=?
2022-07-29 14:45:39.943  INFO 12079 --- [    Test worker] o.s.t.c.transaction.TransactionContext   : Rolled back transaction for test: [DefaultTestContext@2662997a testClass = UserControllerTest, testInstance = appool.pool.project.user.controller.UserControllerTest@49d26eba, testMethod = 내정보조회_성공@UserControllerTest, testException = [null], mergedContextConfiguration = [WebMergedContextConfiguration@26204f8f testClass = UserControllerTest, locations = '{}', classes = '{class appool.pool.project.ProjectApplication}', contextInitializerClasses = '[]', activeProfiles = '{}', propertySourceLocations = '{}', propertySourceProperties = '{org.springframework.boot.test.context.SpringBootTestContextBootstrapper=true}', contextCustomizers = set[org.springframework.boot.test.autoconfigure.actuate.metrics.MetricsExportContextCustomizerFactory$DisableMetricExportContextCustomizer@5d066c7d, org.springframework.boot.test.autoconfigure.properties.PropertyMappingContextCustomizer@4b3fa0b3, org.springframework.boot.test.autoconfigure.web.servlet.WebDriverContextCustomizerFactory$Customizer@7ae42ce3, [ImportsContextCustomizer@1419f703 key = [org.springframework.boot.test.autoconfigure.web.servlet.MockMvcAutoConfiguration, org.springframework.boot.test.autoconfigure.web.servlet.MockMvcWebClientAutoConfiguration, org.springframework.boot.test.autoconfigure.web.servlet.MockMvcWebDriverAutoConfiguration, org.springframework.boot.autoconfigure.security.oauth2.client.servlet.OAuth2ClientAutoConfiguration, org.springframework.boot.autoconfigure.security.oauth2.resource.servlet.OAuth2ResourceServerAutoConfiguration, org.springframework.boot.autoconfigure.security.servlet.SecurityAutoConfiguration, org.springframework.boot.autoconfigure.security.servlet.SecurityFilterAutoConfiguration, org.springframework.boot.autoconfigure.security.servlet.UserDetailsServiceAutoConfiguration, org.springframework.boot.test.autoconfigure.web.servlet.MockMvcSecurityConfiguration, org.springframework.boot.test.autoconfigure.web.reactive.WebTestClientAutoConfiguration]], org.springframework.boot.test.context.filter.ExcludeFilterContextCustomizer@38234a38, org.springframework.boot.test.json.DuplicateJsonObjectContextCustomizerFactory$DuplicateJsonObjectContextCustomizer@2c07545f, org.springframework.boot.test.mock.mockito.MockitoContextCustomizer@0, org.springframework.boot.test.web.client.TestRestTemplateContextCustomizer@4b40f651, org.springframework.boot.test.context.SpringBootTestArgs@1, org.springframework.boot.test.context.SpringBootTestWebEnvironment@d21a74c], resourceBasePath = 'src/main/webapp', contextLoader = 'org.springframework.boot.test.context.SpringBootContextLoader', parent = [null]], attributes = map['org.springframework.test.context.web.ServletTestExecutionListener.activateListener' -> true, 'org.springframework.test.context.web.ServletTestExecutionListener.populatedRequestContextHolder' -> true, 'org.springframework.test.context.web.ServletTestExecutionListener.resetRequestContextHolder' -> true, 'org.springframework.test.context.event.ApplicationEventsTestExecutionListener.recordApplicationEvents' -> false]]
2022-07-29 14:45:39.951  INFO 12079 --- [    Test worker] o.s.t.c.transaction.TransactionContext   : Began transaction (1) for test context [DefaultTestContext@2662997a testClass = UserControllerTest, testInstance = appool.pool.project.user.controller.UserControllerTest@df9bfaa, testMethod = test_signUp@UserControllerTest, testException = [null], mergedContextConfiguration = [WebMergedContextConfiguration@26204f8f testClass = UserControllerTest, locations = '{}', classes = '{class appool.pool.project.ProjectApplication}', contextInitializerClasses = '[]', activeProfiles = '{}', propertySourceLocations = '{}', propertySourceProperties = '{org.springframework.boot.test.context.SpringBootTestContextBootstrapper=true}', contextCustomizers = set[org.springframework.boot.test.autoconfigure.actuate.metrics.MetricsExportContextCustomizerFactory$DisableMetricExportContextCustomizer@5d066c7d, org.springframework.boot.test.autoconfigure.properties.PropertyMappingContextCustomizer@4b3fa0b3, org.springframework.boot.test.autoconfigure.web.servlet.WebDriverContextCustomizerFactory$Customizer@7ae42ce3, [ImportsContextCustomizer@1419f703 key = [org.springframework.boot.test.autoconfigure.web.servlet.MockMvcAutoConfiguration, org.springframework.boot.test.autoconfigure.web.servlet.MockMvcWebClientAutoConfiguration, org.springframework.boot.test.autoconfigure.web.servlet.MockMvcWebDriverAutoConfiguration, org.springframework.boot.autoconfigure.security.oauth2.client.servlet.OAuth2ClientAutoConfiguration, org.springframework.boot.autoconfigure.security.oauth2.resource.servlet.OAuth2ResourceServerAutoConfiguration, org.springframework.boot.autoconfigure.security.servlet.SecurityAutoConfiguration, org.springframework.boot.autoconfigure.security.servlet.SecurityFilterAutoConfiguration, org.springframework.boot.autoconfigure.security.servlet.UserDetailsServiceAutoConfiguration, org.springframework.boot.test.autoconfigure.web.servlet.MockMvcSecurityConfiguration, org.springframework.boot.test.autoconfigure.web.reactive.WebTestClientAutoConfiguration]], org.springframework.boot.test.context.filter.ExcludeFilterContextCustomizer@38234a38, org.springframework.boot.test.json.DuplicateJsonObjectContextCustomizerFactory$DuplicateJsonObjectContextCustomizer@2c07545f, org.springframework.boot.test.mock.mockito.MockitoContextCustomizer@0, org.springframework.boot.test.web.client.TestRestTemplateContextCustomizer@4b40f651, org.springframework.boot.test.context.SpringBootTestArgs@1, org.springframework.boot.test.context.SpringBootTestWebEnvironment@d21a74c], resourceBasePath = 'src/main/webapp', contextLoader = 'org.springframework.boot.test.context.SpringBootContextLoader', parent = [null]], attributes = map['org.springframework.test.context.web.ServletTestExecutionListener.activateListener' -> true, 'org.springframework.test.context.web.ServletTestExecutionListener.populatedRequestContextHolder' -> true, 'org.springframework.test.context.web.ServletTestExecutionListener.resetRequestContextHolder' -> true, 'org.springframework.test.context.event.ApplicationEventsTestExecutionListener.recordApplicationEvents' -> false]]; transaction manager [org.springframework.orm.jpa.JpaTransactionManager@55a4a0ab]; rollback [true]
Hibernate: select pooluser0_.pool_user_id as pool_use1_2_, pooluser0_.create_date as create_d2_2_, pooluser0_.last_modified_date as last_mod3_2_, pooluser0_.birthday as birthday4_2_, pooluser0_.gender as gender5_2_, pooluser0_.nick_name as nick_nam6_2_, pooluser0_.password as password7_2_, pooluser0_.phone_number as phone_nu8_2_, pooluser0_.privacy_agreement as privacy_9_2_, pooluser0_.refresh_token as refresh10_2_, pooluser0_.term_agreement as term_ag11_2_, pooluser0_.user_status as user_st12_2_, pooluser0_.username as usernam13_2_ from pooluser pooluser0_ where pooluser0_.username=?
Hibernate: insert into pooluser (create_date, last_modified_date, birthday, gender, nick_name, password, phone_number, privacy_agreement, refresh_token, term_agreement, user_status, username) values (?, ?, ?, ?, ?, ?, ?, ?, ?, ?, ?, ?)
Hibernate: select pooluser0_.pool_user_id as pool_use1_2_, pooluser0_.create_date as create_d2_2_, pooluser0_.last_modified_date as last_mod3_2_, pooluser0_.birthday as birthday4_2_, pooluser0_.gender as gender5_2_, pooluser0_.nick_name as nick_nam6_2_, pooluser0_.password as password7_2_, pooluser0_.phone_number as phone_nu8_2_, pooluser0_.privacy_agreement as privacy_9_2_, pooluser0_.refresh_token as refresh10_2_, pooluser0_.term_agreement as term_ag11_2_, pooluser0_.user_status as user_st12_2_, pooluser0_.username as usernam13_2_ from pooluser pooluser0_ where pooluser0_.username=?
2022-07-29 14:45:40.065  INFO 12079 --- [    Test worker] o.s.t.c.transaction.TransactionContext   : Rolled back transaction for test: [DefaultTestContext@2662997a testClass = UserControllerTest, testInstance = appool.pool.project.user.controller.UserControllerTest@df9bfaa, testMethod = test_signUp@UserControllerTest, testException = [null], mergedContextConfiguration = [WebMergedContextConfiguration@26204f8f testClass = UserControllerTest, locations = '{}', classes = '{class appool.pool.project.ProjectApplication}', contextInitializerClasses = '[]', activeProfiles = '{}', propertySourceLocations = '{}', propertySourceProperties = '{org.springframework.boot.test.context.SpringBootTestContextBootstrapper=true}', contextCustomizers = set[org.springframework.boot.test.autoconfigure.actuate.metrics.MetricsExportContextCustomizerFactory$DisableMetricExportContextCustomizer@5d066c7d, org.springframework.boot.test.autoconfigure.properties.PropertyMappingContextCustomizer@4b3fa0b3, org.springframework.boot.test.autoconfigure.web.servlet.WebDriverContextCustomizerFactory$Customizer@7ae42ce3, [ImportsContextCustomizer@1419f703 key = [org.springframework.boot.test.autoconfigure.web.servlet.MockMvcAutoConfiguration, org.springframework.boot.test.autoconfigure.web.servlet.MockMvcWebClientAutoConfiguration, org.springframework.boot.test.autoconfigure.web.servlet.MockMvcWebDriverAutoConfiguration, org.springframework.boot.autoconfigure.security.oauth2.client.servlet.OAuth2ClientAutoConfiguration, org.springframework.boot.autoconfigure.security.oauth2.resource.servlet.OAuth2ResourceServerAutoConfiguration, org.springframework.boot.autoconfigure.security.servlet.SecurityAutoConfiguration, org.springframework.boot.autoconfigure.security.servlet.SecurityFilterAutoConfiguration, org.springframework.boot.autoconfigure.security.servlet.UserDetailsServiceAutoConfiguration, org.springframework.boot.test.autoconfigure.web.servlet.MockMvcSecurityConfiguration, org.springframework.boot.test.autoconfigure.web.reactive.WebTestClientAutoConfiguration]], org.springframework.boot.test.context.filter.ExcludeFilterContextCustomizer@38234a38, org.springframework.boot.test.json.DuplicateJsonObjectContextCustomizerFactory$DuplicateJsonObjectContextCustomizer@2c07545f, org.springframework.boot.test.mock.mockito.MockitoContextCustomizer@0, org.springframework.boot.test.web.client.TestRestTemplateContextCustomizer@4b40f651, org.springframework.boot.test.context.SpringBootTestArgs@1, org.springframework.boot.test.context.SpringBootTestWebEnvironment@d21a74c], resourceBasePath = 'src/main/webapp', contextLoader = 'org.springframework.boot.test.context.SpringBootContextLoader', parent = [null]], attributes = map['org.springframework.test.context.web.ServletTestExecutionListener.activateListener' -> true, 'org.springframework.test.context.web.ServletTestExecutionListener.populatedRequestContextHolder' -> true, 'org.springframework.test.context.web.ServletTestExecutionListener.resetRequestContextHolder' -> true, 'org.springframework.test.context.event.ApplicationEventsTestExecutionListener.recordApplicationEvents' -> false]]
]]></system-out>
  <system-err><![CDATA[]]></system-err>
</testsuite>
