<?xml version="1.0" encoding="UTF-8"?>
<testsuite name="app.pool.project.controller.MessageControllerDocTest" tests="1" skipped="0" failures="0" errors="0" timestamp="2022-07-20T02:02:08" hostname="MacBook-Pro-4.local" time="0.104">
  <properties/>
  <testcase name="메시지 작성" classname="app.pool.project.controller.MessageControllerDocTest" time="0.104"/>
  <system-out><![CDATA[2022-07-20 11:02:07.615  INFO 96990 --- [    Test worker] .b.t.c.SpringBootTestContextBootstrapper : Neither @ContextConfiguration nor @ContextHierarchy found for test class [app.pool.project.controller.MessageControllerDocTest], using SpringBootContextLoader
2022-07-20 11:02:07.615  INFO 96990 --- [    Test worker] o.s.t.c.support.AbstractContextLoader    : Could not detect default resource locations for test class [app.pool.project.controller.MessageControllerDocTest]: no resource found for suffixes {-context.xml, Context.groovy}.
2022-07-20 11:02:07.615  INFO 96990 --- [    Test worker] t.c.s.AnnotationConfigContextLoaderUtils : Could not detect default configuration classes for test class [app.pool.project.controller.MessageControllerDocTest]: MessageControllerDocTest does not declare any static, non-private, non-final, nested classes annotated with @Configuration.
2022-07-20 11:02:07.619  INFO 96990 --- [    Test worker] .b.t.c.SpringBootTestContextBootstrapper : Found @SpringBootConfiguration app.pool.project.ProjectApplication for test class app.pool.project.controller.MessageControllerDocTest
2022-07-20 11:02:07.620  INFO 96990 --- [    Test worker] .b.t.c.SpringBootTestContextBootstrapper : Loaded default TestExecutionListener class names from location [META-INF/spring.factories]: [org.springframework.security.test.context.support.WithSecurityContextTestExecutionListener, org.springframework.security.test.context.support.ReactorContextTestExecutionListener, org.springframework.boot.test.autoconfigure.restdocs.RestDocsTestExecutionListener, org.springframework.boot.test.autoconfigure.web.client.MockRestServiceServerResetTestExecutionListener, org.springframework.boot.test.autoconfigure.web.servlet.MockMvcPrintOnlyOnFailureTestExecutionListener, org.springframework.boot.test.autoconfigure.web.servlet.WebDriverTestExecutionListener, org.springframework.boot.test.autoconfigure.webservices.client.MockWebServiceServerTestExecutionListener, org.springframework.boot.test.mock.mockito.MockitoTestExecutionListener, org.springframework.boot.test.mock.mockito.ResetMocksTestExecutionListener, org.springframework.test.context.web.ServletTestExecutionListener, org.springframework.test.context.support.DirtiesContextBeforeModesTestExecutionListener, org.springframework.test.context.event.ApplicationEventsTestExecutionListener, org.springframework.test.context.support.DependencyInjectionTestExecutionListener, org.springframework.test.context.support.DirtiesContextTestExecutionListener, org.springframework.test.context.transaction.TransactionalTestExecutionListener, org.springframework.test.context.jdbc.SqlScriptsTestExecutionListener, org.springframework.test.context.event.EventPublishingTestExecutionListener]
2022-07-20 11:02:07.620  INFO 96990 --- [    Test worker] .b.t.c.SpringBootTestContextBootstrapper : Using TestExecutionListeners: [org.springframework.test.context.web.ServletTestExecutionListener@67748053, org.springframework.test.context.support.DirtiesContextBeforeModesTestExecutionListener@7da59f6e, org.springframework.test.context.event.ApplicationEventsTestExecutionListener@7fb8d720, org.springframework.boot.test.mock.mockito.MockitoTestExecutionListener@21b792c2, org.springframework.boot.test.autoconfigure.SpringBootDependencyInjectionTestExecutionListener@6202f8bf, org.springframework.test.context.support.DirtiesContextTestExecutionListener@330d557e, org.springframework.test.context.transaction.TransactionalTestExecutionListener@ab595e8, org.springframework.test.context.jdbc.SqlScriptsTestExecutionListener@170937fe, org.springframework.security.test.context.support.WithSecurityContextTestExecutionListener@623be2a0, org.springframework.test.context.event.EventPublishingTestExecutionListener@3b44ed3c, org.springframework.security.test.context.support.ReactorContextTestExecutionListener@1df83569, org.springframework.boot.test.autoconfigure.restdocs.RestDocsTestExecutionListener@439047ef, org.springframework.boot.test.autoconfigure.web.client.MockRestServiceServerResetTestExecutionListener@7e0393df, org.springframework.boot.test.autoconfigure.web.servlet.MockMvcPrintOnlyOnFailureTestExecutionListener@62b2bc2e, org.springframework.boot.test.autoconfigure.web.servlet.WebDriverTestExecutionListener@3e3d8e6c, org.springframework.boot.test.autoconfigure.webservices.client.MockWebServiceServerTestExecutionListener@7fd3197b, org.springframework.boot.test.mock.mockito.ResetMocksTestExecutionListener@1d2ce035]

  .   ____          _            __ _ _
 /\\ / ___'_ __ _ _(_)_ __  __ _ \ \ \ \
( ( )\___ | '_ | '_| | '_ \/ _` | \ \ \ \
 \\/  ___)| |_)| | | | | || (_| |  ) ) ) )
  '  |____| .__|_| |_|_| |_\__, | / / / /
 =========|_|==============|___/=/_/_/_/
 :: Spring Boot ::                (v2.6.9)

2022-07-20 11:02:07.634  INFO 96990 --- [    Test worker] a.p.p.c.MessageControllerDocTest         : Starting MessageControllerDocTest using Java 17.0.1 on MacBook-Pro-4.local with PID 96990 (started by johnn in /Users/johnn/Desktop/2022/POOL/dev)
2022-07-20 11:02:07.634  INFO 96990 --- [    Test worker] a.p.p.c.MessageControllerDocTest         : The following 1 profile is active: "jwt"
2022-07-20 11:02:07.711  INFO 96990 --- [    Test worker] .s.d.r.c.RepositoryConfigurationDelegate : Bootstrapping Spring Data JPA repositories in DEFAULT mode.
2022-07-20 11:02:07.719  INFO 96990 --- [    Test worker] .s.d.r.c.RepositoryConfigurationDelegate : Finished Spring Data repository scanning in 7 ms. Found 3 JPA repository interfaces.
2022-07-20 11:02:07.766  INFO 96990 --- [    Test worker] com.zaxxer.hikari.HikariDataSource       : HikariPool-2 - Starting...
2022-07-20 11:02:07.767  INFO 96990 --- [    Test worker] com.zaxxer.hikari.HikariDataSource       : HikariPool-2 - Start completed.
2022-07-20 11:02:07.775  INFO 96990 --- [    Test worker] o.hibernate.jpa.internal.util.LogHelper  : HHH000204: Processing PersistenceUnitInfo [name: default]
2022-07-20 11:02:07.777  INFO 96990 --- [    Test worker] org.hibernate.dialect.Dialect            : HHH000400: Using dialect: org.hibernate.dialect.H2Dialect
2022-07-20 11:02:07.811  INFO 96990 --- [    Test worker] o.h.e.t.j.p.i.JtaPlatformInitiator       : HHH000490: Using JtaPlatform implementation: [org.hibernate.engine.transaction.jta.platform.internal.NoJtaPlatform]
2022-07-20 11:02:07.811  INFO 96990 --- [    Test worker] j.LocalContainerEntityManagerFactoryBean : Initialized JPA EntityManagerFactory for persistence unit 'default'
2022-07-20 11:02:07.878  WARN 96990 --- [    Test worker] JpaBaseConfiguration$JpaWebConfiguration : spring.jpa.open-in-view is enabled by default. Therefore, database queries may be performed during view rendering. Explicitly configure spring.jpa.open-in-view to disable this warning
2022-07-20 11:02:07.908  INFO 96990 --- [    Test worker] o.s.s.web.DefaultSecurityFilterChain     : Will secure any request with [org.springframework.security.web.context.request.async.WebAsyncManagerIntegrationFilter@25131637, org.springframework.security.web.context.SecurityContextPersistenceFilter@52e44f71, org.springframework.security.web.header.HeaderWriterFilter@29ec5005, app.pool.project.jwt.filter.JwtAuthenticationProcessingFilter@3380313d, org.springframework.security.web.authentication.logout.LogoutFilter@221961f2, app.pool.project.login.filter.JsonUsernamePasswordAuthenticationFilter@1f50fe84, org.springframework.security.web.savedrequest.RequestCacheAwareFilter@2e1b1d22, org.springframework.security.web.servletapi.SecurityContextHolderAwareRequestFilter@653c0c9c, org.springframework.security.web.authentication.AnonymousAuthenticationFilter@5d7f4cbb, org.springframework.security.web.session.SessionManagementFilter@42ceb67f, org.springframework.security.web.access.ExceptionTranslationFilter@37596b44, org.springframework.security.web.access.intercept.FilterSecurityInterceptor@6c7bc8ac]
2022-07-20 11:02:07.951  INFO 96990 --- [    Test worker] o.s.b.a.h2.H2ConsoleAutoConfiguration    : H2 console available at '/h2-console'. Database available at 'jdbc:h2:mem:pool'
2022-07-20 11:02:08.018  INFO 96990 --- [    Test worker] o.s.b.t.m.w.SpringBootMockServletContext : Initializing Spring TestDispatcherServlet ''
2022-07-20 11:02:08.018  INFO 96990 --- [    Test worker] o.s.t.web.servlet.TestDispatcherServlet  : Initializing Servlet ''
2022-07-20 11:02:08.018  INFO 96990 --- [    Test worker] o.s.t.web.servlet.TestDispatcherServlet  : Completed initialization in 0 ms
2022-07-20 11:02:08.022  INFO 96990 --- [    Test worker] a.p.p.c.MessageControllerDocTest         : Started MessageControllerDocTest in 0.401 seconds (JVM running for 2.961)

MockHttpServletRequest:
      HTTP Method = POST
      Request URI = /messages
       Parameters = {}
          Headers = [Content-Type:"application/json", Accept:"application/json", Content-Length:"98"]
             Body = <no character encoding set>
    Session Attrs = {}

Handler:
             Type = app.pool.project.message.controller.MessageController
           Method = app.pool.project.message.controller.MessageController#message(MessageCreate)

Async:
    Async started = false
     Async result = null

Resolved Exception:
             Type = null

ModelAndView:
        View name = null
             View = null
            Model = null

FlashMap:
       Attributes = null

MockHttpServletResponse:
           Status = 200
    Error message = null
          Headers = [Vary:"Origin", "Access-Control-Request-Method", "Access-Control-Request-Headers"]
     Content type = null
             Body = 
    Forwarded URL = null
   Redirected URL = null
          Cookies = []
]]></system-out>
  <system-err><![CDATA[]]></system-err>
</testsuite>
