<?xml version="1.0" encoding="UTF-8"?>
<testsuite name="appool.pool.project.file.service.FileServiceTest" tests="1" skipped="0" failures="0" errors="0" timestamp="2022-07-27T08:39:33" hostname="MacBook-Pro-4.local" time="0.044">
  <properties/>
  <testcase name="파일_저장_성공()" classname="appool.pool.project.file.service.FileServiceTest" time="0.044"/>
  <system-out><![CDATA[2022-07-27 17:39:33.336  INFO 23950 --- [    Test worker] .b.t.c.SpringBootTestContextBootstrapper : Neither @ContextConfiguration nor @ContextHierarchy found for test class [appool.pool.project.file.service.FileServiceTest], using SpringBootContextLoader
2022-07-27 17:39:33.336  INFO 23950 --- [    Test worker] o.s.t.c.support.AbstractContextLoader    : Could not detect default resource locations for test class [appool.pool.project.file.service.FileServiceTest]: no resource found for suffixes {-context.xml, Context.groovy}.
2022-07-27 17:39:33.336  INFO 23950 --- [    Test worker] t.c.s.AnnotationConfigContextLoaderUtils : Could not detect default configuration classes for test class [appool.pool.project.file.service.FileServiceTest]: FileServiceTest does not declare any static, non-private, non-final, nested classes annotated with @Configuration.
2022-07-27 17:39:33.338  INFO 23950 --- [    Test worker] .b.t.c.SpringBootTestContextBootstrapper : Found @SpringBootConfiguration appool.pool.project.ProjectApplication for test class appool.pool.project.file.service.FileServiceTest
2022-07-27 17:39:33.339  INFO 23950 --- [    Test worker] .b.t.c.SpringBootTestContextBootstrapper : Loaded default TestExecutionListener class names from location [META-INF/spring.factories]: [org.springframework.security.test.context.support.WithSecurityContextTestExecutionListener, org.springframework.security.test.context.support.ReactorContextTestExecutionListener, org.springframework.boot.test.autoconfigure.restdocs.RestDocsTestExecutionListener, org.springframework.boot.test.autoconfigure.web.client.MockRestServiceServerResetTestExecutionListener, org.springframework.boot.test.autoconfigure.web.servlet.MockMvcPrintOnlyOnFailureTestExecutionListener, org.springframework.boot.test.autoconfigure.web.servlet.WebDriverTestExecutionListener, org.springframework.boot.test.autoconfigure.webservices.client.MockWebServiceServerTestExecutionListener, org.springframework.boot.test.mock.mockito.MockitoTestExecutionListener, org.springframework.boot.test.mock.mockito.ResetMocksTestExecutionListener, org.springframework.test.context.web.ServletTestExecutionListener, org.springframework.test.context.support.DirtiesContextBeforeModesTestExecutionListener, org.springframework.test.context.event.ApplicationEventsTestExecutionListener, org.springframework.test.context.support.DependencyInjectionTestExecutionListener, org.springframework.test.context.support.DirtiesContextTestExecutionListener, org.springframework.test.context.transaction.TransactionalTestExecutionListener, org.springframework.test.context.jdbc.SqlScriptsTestExecutionListener, org.springframework.test.context.event.EventPublishingTestExecutionListener]
2022-07-27 17:39:33.339  INFO 23950 --- [    Test worker] .b.t.c.SpringBootTestContextBootstrapper : Using TestExecutionListeners: [org.springframework.test.context.web.ServletTestExecutionListener@1dd4c691, org.springframework.test.context.support.DirtiesContextBeforeModesTestExecutionListener@54972f9a, org.springframework.test.context.event.ApplicationEventsTestExecutionListener@1abb719a, org.springframework.boot.test.mock.mockito.MockitoTestExecutionListener@706dee4, org.springframework.boot.test.autoconfigure.SpringBootDependencyInjectionTestExecutionListener@3c5d60db, org.springframework.test.context.support.DirtiesContextTestExecutionListener@515b7335, org.springframework.test.context.transaction.TransactionalTestExecutionListener@102dff25, org.springframework.test.context.jdbc.SqlScriptsTestExecutionListener@216de23a, org.springframework.security.test.context.support.WithSecurityContextTestExecutionListener@76e10574, org.springframework.test.context.event.EventPublishingTestExecutionListener@7c290246, org.springframework.security.test.context.support.ReactorContextTestExecutionListener@3021e31, org.springframework.boot.test.autoconfigure.restdocs.RestDocsTestExecutionListener@4d305059, org.springframework.boot.test.autoconfigure.web.client.MockRestServiceServerResetTestExecutionListener@3304362e, org.springframework.boot.test.autoconfigure.web.servlet.MockMvcPrintOnlyOnFailureTestExecutionListener@78b293a, org.springframework.boot.test.autoconfigure.web.servlet.WebDriverTestExecutionListener@146b4c6c, org.springframework.boot.test.autoconfigure.webservices.client.MockWebServiceServerTestExecutionListener@5b166420, org.springframework.boot.test.mock.mockito.ResetMocksTestExecutionListener@49318c2a]
]]></system-out>
  <system-err><![CDATA[]]></system-err>
</testsuite>
