<?xml version="1.0" encoding="UTF-8"?>
<testsuite name="appool.pool.project.controller.MessageControllerDocTest" tests="1" skipped="0" failures="0" errors="0" timestamp="2022-07-23T05:58:48" hostname="MacBook-Pro-4.local" time="0.096">
  <properties/>
  <testcase name="메시지 작성" classname="appool.pool.project.controller.MessageControllerDocTest" time="0.096"/>
  <system-out><![CDATA[2022-07-23 14:58:48.547  INFO 22073 --- [    Test worker] .b.t.c.SpringBootTestContextBootstrapper : Neither @ContextConfiguration nor @ContextHierarchy found for test class [appool.pool.project.controller.MessageControllerDocTest], using SpringBootContextLoader
2022-07-23 14:58:48.547  INFO 22073 --- [    Test worker] o.s.t.c.support.AbstractContextLoader    : Could not detect default resource locations for test class [appool.pool.project.controller.MessageControllerDocTest]: no resource found for suffixes {-context.xml, Context.groovy}.
2022-07-23 14:58:48.547  INFO 22073 --- [    Test worker] t.c.s.AnnotationConfigContextLoaderUtils : Could not detect default configuration classes for test class [appool.pool.project.controller.MessageControllerDocTest]: MessageControllerDocTest does not declare any static, non-private, non-final, nested classes annotated with @Configuration.
2022-07-23 14:58:48.551  INFO 22073 --- [    Test worker] .b.t.c.SpringBootTestContextBootstrapper : Found @SpringBootConfiguration appool.pool.project.ProjectApplication for test class appool.pool.project.controller.MessageControllerDocTest
2022-07-23 14:58:48.552  INFO 22073 --- [    Test worker] .b.t.c.SpringBootTestContextBootstrapper : Loaded default TestExecutionListener class names from location [META-INF/spring.factories]: [org.springframework.security.test.context.support.WithSecurityContextTestExecutionListener, org.springframework.security.test.context.support.ReactorContextTestExecutionListener, org.springframework.boot.test.autoconfigure.restdocs.RestDocsTestExecutionListener, org.springframework.boot.test.autoconfigure.web.client.MockRestServiceServerResetTestExecutionListener, org.springframework.boot.test.autoconfigure.web.servlet.MockMvcPrintOnlyOnFailureTestExecutionListener, org.springframework.boot.test.autoconfigure.web.servlet.WebDriverTestExecutionListener, org.springframework.boot.test.autoconfigure.webservices.client.MockWebServiceServerTestExecutionListener, org.springframework.boot.test.mock.mockito.MockitoTestExecutionListener, org.springframework.boot.test.mock.mockito.ResetMocksTestExecutionListener, org.springframework.test.context.web.ServletTestExecutionListener, org.springframework.test.context.support.DirtiesContextBeforeModesTestExecutionListener, org.springframework.test.context.event.ApplicationEventsTestExecutionListener, org.springframework.test.context.support.DependencyInjectionTestExecutionListener, org.springframework.test.context.support.DirtiesContextTestExecutionListener, org.springframework.test.context.transaction.TransactionalTestExecutionListener, org.springframework.test.context.jdbc.SqlScriptsTestExecutionListener, org.springframework.test.context.event.EventPublishingTestExecutionListener]
2022-07-23 14:58:48.552  INFO 22073 --- [    Test worker] .b.t.c.SpringBootTestContextBootstrapper : Using TestExecutionListeners: [org.springframework.test.context.web.ServletTestExecutionListener@2314f013, org.springframework.test.context.support.DirtiesContextBeforeModesTestExecutionListener@72ae1007, org.springframework.test.context.event.ApplicationEventsTestExecutionListener@4545cfc0, org.springframework.boot.test.mock.mockito.MockitoTestExecutionListener@5cdafb4d, org.springframework.boot.test.autoconfigure.SpringBootDependencyInjectionTestExecutionListener@58ca1cad, org.springframework.test.context.support.DirtiesContextTestExecutionListener@5ae6119b, org.springframework.test.context.transaction.TransactionalTestExecutionListener@31b6eec8, org.springframework.test.context.jdbc.SqlScriptsTestExecutionListener@3abd7b20, org.springframework.security.test.context.support.WithSecurityContextTestExecutionListener@329a27ae, org.springframework.test.context.event.EventPublishingTestExecutionListener@589a82af, org.springframework.security.test.context.support.ReactorContextTestExecutionListener@5edce7da, org.springframework.boot.test.autoconfigure.restdocs.RestDocsTestExecutionListener@f69e35a, org.springframework.boot.test.autoconfigure.web.client.MockRestServiceServerResetTestExecutionListener@6c2d124e, org.springframework.boot.test.autoconfigure.web.servlet.MockMvcPrintOnlyOnFailureTestExecutionListener@602e7a9e, org.springframework.boot.test.autoconfigure.web.servlet.WebDriverTestExecutionListener@59f5a376, org.springframework.boot.test.autoconfigure.webservices.client.MockWebServiceServerTestExecutionListener@19c6e821, org.springframework.boot.test.mock.mockito.ResetMocksTestExecutionListener@1dfd3635]

  .   ____          _            __ _ _
 /\\ / ___'_ __ _ _(_)_ __  __ _ \ \ \ \
( ( )\___ | '_ | '_| | '_ \/ _` | \ \ \ \
 \\/  ___)| |_)| | | | | || (_| |  ) ) ) )
  '  |____| .__|_| |_|_| |_\__, | / / / /
 =========|_|==============|___/=/_/_/_/
 :: Spring Boot ::                (v2.6.9)

2022-07-23 14:58:48.563  INFO 22073 --- [    Test worker] a.p.p.c.MessageControllerDocTest         : Starting MessageControllerDocTest using Java 17.0.1 on MacBook-Pro-4.local with PID 22073 (started by johnn in /Users/johnn/Desktop/2022/POOL/dev)
2022-07-23 14:58:48.563  INFO 22073 --- [    Test worker] a.p.p.c.MessageControllerDocTest         : The following 1 profile is active: "jwt"
2022-07-23 14:58:48.643  INFO 22073 --- [    Test worker] .s.d.r.c.RepositoryConfigurationDelegate : Bootstrapping Spring Data JPA repositories in DEFAULT mode.
2022-07-23 14:58:48.652  INFO 22073 --- [    Test worker] .s.d.r.c.RepositoryConfigurationDelegate : Finished Spring Data repository scanning in 8 ms. Found 3 JPA repository interfaces.
2022-07-23 14:58:48.704  INFO 22073 --- [    Test worker] com.zaxxer.hikari.HikariDataSource       : HikariPool-2 - Starting...
2022-07-23 14:58:48.705  INFO 22073 --- [    Test worker] com.zaxxer.hikari.HikariDataSource       : HikariPool-2 - Start completed.
2022-07-23 14:58:48.710  INFO 22073 --- [    Test worker] o.hibernate.jpa.internal.util.LogHelper  : HHH000204: Processing PersistenceUnitInfo [name: default]
2022-07-23 14:58:48.712  INFO 22073 --- [    Test worker] org.hibernate.dialect.Dialect            : HHH000400: Using dialect: org.hibernate.dialect.H2Dialect
2022-07-23 14:58:48.754  INFO 22073 --- [    Test worker] o.h.e.t.j.p.i.JtaPlatformInitiator       : HHH000490: Using JtaPlatform implementation: [org.hibernate.engine.transaction.jta.platform.internal.NoJtaPlatform]
2022-07-23 14:58:48.754  INFO 22073 --- [    Test worker] j.LocalContainerEntityManagerFactoryBean : Initialized JPA EntityManagerFactory for persistence unit 'default'
2022-07-23 14:58:48.829  WARN 22073 --- [    Test worker] JpaBaseConfiguration$JpaWebConfiguration : spring.jpa.open-in-view is enabled by default. Therefore, database queries may be performed during view rendering. Explicitly configure spring.jpa.open-in-view to disable this warning
2022-07-23 14:58:48.859  INFO 22073 --- [    Test worker] o.s.s.web.DefaultSecurityFilterChain     : Will secure any request with [org.springframework.security.web.context.request.async.WebAsyncManagerIntegrationFilter@44233014, org.springframework.security.web.context.SecurityContextPersistenceFilter@feb57b4, org.springframework.security.web.header.HeaderWriterFilter@77a6aa9f, appool.pool.project.jwt.filter.JwtAuthenticationProcessingFilter@4ecc4b43, org.springframework.security.web.authentication.logout.LogoutFilter@60fc4450, appool.pool.project.login.filter.JsonUsernamePasswordAuthenticationFilter@4e7e7763, org.springframework.security.web.savedrequest.RequestCacheAwareFilter@7893b8c, org.springframework.security.web.servletapi.SecurityContextHolderAwareRequestFilter@45398bb0, org.springframework.security.web.authentication.AnonymousAuthenticationFilter@6888a33, org.springframework.security.web.session.SessionManagementFilter@7d41aefd, org.springframework.security.web.access.ExceptionTranslationFilter@c509742, org.springframework.security.web.access.intercept.FilterSecurityInterceptor@589cc8eb]
2022-07-23 14:58:48.905  INFO 22073 --- [    Test worker] o.s.b.a.h2.H2ConsoleAutoConfiguration    : H2 console available at '/h2-console'. Database available at 'jdbc:h2:mem:pool'
2022-07-23 14:58:48.981  INFO 22073 --- [    Test worker] o.s.b.t.m.w.SpringBootMockServletContext : Initializing Spring TestDispatcherServlet ''
2022-07-23 14:58:48.981  INFO 22073 --- [    Test worker] o.s.t.web.servlet.TestDispatcherServlet  : Initializing Servlet ''
2022-07-23 14:58:48.981  INFO 22073 --- [    Test worker] o.s.t.web.servlet.TestDispatcherServlet  : Completed initialization in 0 ms
2022-07-23 14:58:48.986  INFO 22073 --- [    Test worker] a.p.p.c.MessageControllerDocTest         : Started MessageControllerDocTest in 0.433 seconds (JVM running for 3.056)

MockHttpServletRequest:
      HTTP Method = POST
      Request URI = /messages
       Parameters = {}
          Headers = [Content-Type:"application/json", Accept:"application/json", Content-Length:"98"]
             Body = <no character encoding set>
    Session Attrs = {}

Handler:
             Type = appool.pool.project.message.controller.MessageController
           Method = appool.pool.project.message.controller.MessageController#message(MessageCreate)

Async:
    Async started = false
     Async result = null

Resolved Exception:
             Type = null

ModelAndView:
        View name = null
             View = null
            Model = null

FlashMap:
       Attributes = null

MockHttpServletResponse:
           Status = 200
    Error message = null
          Headers = [Vary:"Origin", "Access-Control-Request-Method", "Access-Control-Request-Headers"]
     Content type = null
             Body = 
    Forwarded URL = null
   Redirected URL = null
          Cookies = []
]]></system-out>
  <system-err><![CDATA[]]></system-err>
</testsuite>
