<?xml version="1.0" encoding="UTF-8"?>
<testsuite name="app.pool.project.ProjectApplicationTests" tests="1" skipped="0" failures="0" errors="0" timestamp="2022-07-19T02:38:31" hostname="MacBook-Pro-4.local" time="0.076">
  <properties/>
  <testcase name="contextLoads()" classname="app.pool.project.ProjectApplicationTests" time="0.076"/>
  <system-out><![CDATA[11:38:29.657 [Test worker] DEBUG org.springframework.test.context.BootstrapUtils - Instantiating CacheAwareContextLoaderDelegate from class [org.springframework.test.context.cache.DefaultCacheAwareContextLoaderDelegate]
11:38:29.663 [Test worker] DEBUG org.springframework.test.context.BootstrapUtils - Instantiating BootstrapContext using constructor [public org.springframework.test.context.support.DefaultBootstrapContext(java.lang.Class,org.springframework.test.context.CacheAwareContextLoaderDelegate)]
11:38:29.681 [Test worker] DEBUG org.springframework.test.context.BootstrapUtils - Instantiating TestContextBootstrapper for test class [app.pool.project.ProjectApplicationTests] from class [org.springframework.boot.test.context.SpringBootTestContextBootstrapper]
11:38:29.689 [Test worker] INFO org.springframework.boot.test.context.SpringBootTestContextBootstrapper - Neither @ContextConfiguration nor @ContextHierarchy found for test class [app.pool.project.ProjectApplicationTests], using SpringBootContextLoader
11:38:29.691 [Test worker] DEBUG org.springframework.test.context.support.AbstractContextLoader - Did not detect default resource location for test class [app.pool.project.ProjectApplicationTests]: class path resource [app/pool/project/ProjectApplicationTests-context.xml] does not exist
11:38:29.691 [Test worker] DEBUG org.springframework.test.context.support.AbstractContextLoader - Did not detect default resource location for test class [app.pool.project.ProjectApplicationTests]: class path resource [app/pool/project/ProjectApplicationTestsContext.groovy] does not exist
11:38:29.692 [Test worker] INFO org.springframework.test.context.support.AbstractContextLoader - Could not detect default resource locations for test class [app.pool.project.ProjectApplicationTests]: no resource found for suffixes {-context.xml, Context.groovy}.
11:38:29.692 [Test worker] INFO org.springframework.test.context.support.AnnotationConfigContextLoaderUtils - Could not detect default configuration classes for test class [app.pool.project.ProjectApplicationTests]: ProjectApplicationTests does not declare any static, non-private, non-final, nested classes annotated with @Configuration.
11:38:29.713 [Test worker] DEBUG org.springframework.test.context.support.ActiveProfilesUtils - Could not find an 'annotation declaring class' for annotation type [org.springframework.test.context.ActiveProfiles] and class [app.pool.project.ProjectApplicationTests]
11:38:29.747 [Test worker] DEBUG org.springframework.context.annotation.ClassPathScanningCandidateComponentProvider - Identified candidate component class: file [/Users/johnn/Desktop/2022/POOL/dev/build/classes/java/main/app/pool/project/ProjectApplication.class]
11:38:29.748 [Test worker] INFO org.springframework.boot.test.context.SpringBootTestContextBootstrapper - Found @SpringBootConfiguration app.pool.project.ProjectApplication for test class app.pool.project.ProjectApplicationTests
11:38:29.792 [Test worker] DEBUG org.springframework.boot.test.context.SpringBootTestContextBootstrapper - @TestExecutionListeners is not present for class [app.pool.project.ProjectApplicationTests]: using defaults.
11:38:29.792 [Test worker] INFO org.springframework.boot.test.context.SpringBootTestContextBootstrapper - Loaded default TestExecutionListener class names from location [META-INF/spring.factories]: [org.springframework.security.test.context.support.WithSecurityContextTestExecutionListener, org.springframework.security.test.context.support.ReactorContextTestExecutionListener, org.springframework.boot.test.autoconfigure.restdocs.RestDocsTestExecutionListener, org.springframework.boot.test.autoconfigure.web.client.MockRestServiceServerResetTestExecutionListener, org.springframework.boot.test.autoconfigure.web.servlet.MockMvcPrintOnlyOnFailureTestExecutionListener, org.springframework.boot.test.autoconfigure.web.servlet.WebDriverTestExecutionListener, org.springframework.boot.test.autoconfigure.webservices.client.MockWebServiceServerTestExecutionListener, org.springframework.boot.test.mock.mockito.MockitoTestExecutionListener, org.springframework.boot.test.mock.mockito.ResetMocksTestExecutionListener, org.springframework.test.context.web.ServletTestExecutionListener, org.springframework.test.context.support.DirtiesContextBeforeModesTestExecutionListener, org.springframework.test.context.event.ApplicationEventsTestExecutionListener, org.springframework.test.context.support.DependencyInjectionTestExecutionListener, org.springframework.test.context.support.DirtiesContextTestExecutionListener, org.springframework.test.context.transaction.TransactionalTestExecutionListener, org.springframework.test.context.jdbc.SqlScriptsTestExecutionListener, org.springframework.test.context.event.EventPublishingTestExecutionListener]
11:38:29.802 [Test worker] INFO org.springframework.boot.test.context.SpringBootTestContextBootstrapper - Using TestExecutionListeners: [org.springframework.test.context.web.ServletTestExecutionListener@47605f2f, org.springframework.test.context.support.DirtiesContextBeforeModesTestExecutionListener@2ece4966, org.springframework.test.context.event.ApplicationEventsTestExecutionListener@1dd0e7c4, org.springframework.boot.test.mock.mockito.MockitoTestExecutionListener@7894f09b, org.springframework.boot.test.autoconfigure.SpringBootDependencyInjectionTestExecutionListener@3d484181, org.springframework.test.context.support.DirtiesContextTestExecutionListener@6111ba37, org.springframework.test.context.transaction.TransactionalTestExecutionListener@7be58f16, org.springframework.test.context.jdbc.SqlScriptsTestExecutionListener@242aa8d9, org.springframework.security.test.context.support.WithSecurityContextTestExecutionListener@5b11a194, org.springframework.test.context.event.EventPublishingTestExecutionListener@37bd68c3, org.springframework.security.test.context.support.ReactorContextTestExecutionListener@60f7cc1d, org.springframework.boot.test.autoconfigure.restdocs.RestDocsTestExecutionListener@11eadcba, org.springframework.boot.test.autoconfigure.web.client.MockRestServiceServerResetTestExecutionListener@4721d212, org.springframework.boot.test.autoconfigure.web.servlet.MockMvcPrintOnlyOnFailureTestExecutionListener@1b065145, org.springframework.boot.test.autoconfigure.web.servlet.WebDriverTestExecutionListener@45cff11c, org.springframework.boot.test.autoconfigure.webservices.client.MockWebServiceServerTestExecutionListener@207ea13, org.springframework.boot.test.mock.mockito.ResetMocksTestExecutionListener@4bff1903]
11:38:29.804 [Test worker] DEBUG org.springframework.test.context.support.AbstractDirtiesContextTestExecutionListener - Before test class: context [DefaultTestContext@73db4768 testClass = ProjectApplicationTests, testInstance = [null], testMethod = [null], testException = [null], mergedContextConfiguration = [WebMergedContextConfiguration@71b3bc45 testClass = ProjectApplicationTests, locations = '{}', classes = '{class app.pool.project.ProjectApplication}', contextInitializerClasses = '[]', activeProfiles = '{}', propertySourceLocations = '{}', propertySourceProperties = '{org.springframework.boot.test.context.SpringBootTestContextBootstrapper=true}', contextCustomizers = set[org.springframework.boot.test.autoconfigure.actuate.metrics.MetricsExportContextCustomizerFactory$DisableMetricExportContextCustomizer@d771cc9, org.springframework.boot.test.autoconfigure.properties.PropertyMappingContextCustomizer@0, org.springframework.boot.test.autoconfigure.web.servlet.WebDriverContextCustomizerFactory$Customizer@3e6104fc, org.springframework.boot.test.context.filter.ExcludeFilterContextCustomizer@4f3bbf68, org.springframework.boot.test.json.DuplicateJsonObjectContextCustomizerFactory$DuplicateJsonObjectContextCustomizer@68702e03, org.springframework.boot.test.mock.mockito.MockitoContextCustomizer@0, org.springframework.boot.test.web.client.TestRestTemplateContextCustomizer@26ceffa8, org.springframework.boot.test.context.SpringBootTestArgs@1, org.springframework.boot.test.context.SpringBootTestWebEnvironment@3af9c5b7], resourceBasePath = 'src/main/webapp', contextLoader = 'org.springframework.boot.test.context.SpringBootContextLoader', parent = [null]], attributes = map['org.springframework.test.context.web.ServletTestExecutionListener.activateListener' -> true]], class annotated with @DirtiesContext [false] with mode [null].

  .   ____          _            __ _ _
 /\\ / ___'_ __ _ _(_)_ __  __ _ \ \ \ \
( ( )\___ | '_ | '_| | '_ \/ _` | \ \ \ \
 \\/  ___)| |_)| | | | | || (_| |  ) ) ) )
  '  |____| .__|_| |_|_| |_\__, | / / / /
 =========|_|==============|___/=/_/_/_/
 :: Spring Boot ::                (v2.6.9)

2022-07-19 11:38:29.987  INFO 91697 --- [    Test worker] a.pool.project.ProjectApplicationTests   : Starting ProjectApplicationTests using Java 17.0.1 on MacBook-Pro-4.local with PID 91697 (started by johnn in /Users/johnn/Desktop/2022/POOL/dev)
2022-07-19 11:38:29.988  INFO 91697 --- [    Test worker] a.pool.project.ProjectApplicationTests   : The following 1 profile is active: "jwt"
2022-07-19 11:38:30.365  INFO 91697 --- [    Test worker] .s.d.r.c.RepositoryConfigurationDelegate : Bootstrapping Spring Data JPA repositories in DEFAULT mode.
2022-07-19 11:38:30.395  INFO 91697 --- [    Test worker] .s.d.r.c.RepositoryConfigurationDelegate : Finished Spring Data repository scanning in 26 ms. Found 3 JPA repository interfaces.
2022-07-19 11:38:30.624  INFO 91697 --- [    Test worker] com.zaxxer.hikari.HikariDataSource       : HikariPool-1 - Starting...
2022-07-19 11:38:30.708  INFO 91697 --- [    Test worker] com.zaxxer.hikari.HikariDataSource       : HikariPool-1 - Start completed.
2022-07-19 11:38:30.745  INFO 91697 --- [    Test worker] o.hibernate.jpa.internal.util.LogHelper  : HHH000204: Processing PersistenceUnitInfo [name: default]
2022-07-19 11:38:30.771  INFO 91697 --- [    Test worker] org.hibernate.Version                    : HHH000412: Hibernate ORM core version 5.6.9.Final
2022-07-19 11:38:30.849  INFO 91697 --- [    Test worker] o.hibernate.annotations.common.Version   : HCANN000001: Hibernate Commons Annotations {5.1.2.Final}
2022-07-19 11:38:30.909  INFO 91697 --- [    Test worker] org.hibernate.dialect.Dialect            : HHH000400: Using dialect: org.hibernate.dialect.H2Dialect
2022-07-19 11:38:31.212  INFO 91697 --- [    Test worker] o.h.e.t.j.p.i.JtaPlatformInitiator       : HHH000490: Using JtaPlatform implementation: [org.hibernate.engine.transaction.jta.platform.internal.NoJtaPlatform]
2022-07-19 11:38:31.215  INFO 91697 --- [    Test worker] j.LocalContainerEntityManagerFactoryBean : Initialized JPA EntityManagerFactory for persistence unit 'default'
2022-07-19 11:38:31.461  WARN 91697 --- [    Test worker] JpaBaseConfiguration$JpaWebConfiguration : spring.jpa.open-in-view is enabled by default. Therefore, database queries may be performed during view rendering. Explicitly configure spring.jpa.open-in-view to disable this warning
2022-07-19 11:38:31.567  INFO 91697 --- [    Test worker] o.s.s.web.DefaultSecurityFilterChain     : Will secure any request with [org.springframework.security.web.context.request.async.WebAsyncManagerIntegrationFilter@1c512bb, org.springframework.security.web.context.SecurityContextPersistenceFilter@79454d8e, org.springframework.security.web.header.HeaderWriterFilter@498503cb, app.pool.project.jwt.filter.JwtAuthenticationProcessingFilter@63ccb1b2, org.springframework.security.web.authentication.logout.LogoutFilter@394950ad, app.pool.project.login.filter.JsonUsernamePasswordAuthenticationFilter@1ae23815, org.springframework.security.web.savedrequest.RequestCacheAwareFilter@468eff41, org.springframework.security.web.servletapi.SecurityContextHolderAwareRequestFilter@2809e38a, org.springframework.security.web.authentication.AnonymousAuthenticationFilter@4d142b53, org.springframework.security.web.session.SessionManagementFilter@1fc386f8, org.springframework.security.web.access.ExceptionTranslationFilter@6785786d, org.springframework.security.web.access.intercept.FilterSecurityInterceptor@7e58b0f6]
2022-07-19 11:38:31.708  INFO 91697 --- [    Test worker] o.s.b.a.h2.H2ConsoleAutoConfiguration    : H2 console available at '/h2-console'. Database available at 'jdbc:h2:mem:pool'
2022-07-19 11:38:31.821  INFO 91697 --- [    Test worker] a.pool.project.ProjectApplicationTests   : Started ProjectApplicationTests in 1.997 seconds (JVM running for 2.514)
]]></system-out>
  <system-err><![CDATA[]]></system-err>
</testsuite>
