<?xml version="1.0" encoding="UTF-8"?>
<testsuite name="appool.pool.project.file.service.FileServiceTest" tests="1" skipped="0" failures="0" errors="0" timestamp="2022-07-26T06:33:58" hostname="MacBook-Pro-4.local" time="0.032">
  <properties/>
  <testcase name="파일_저장_성공()" classname="appool.pool.project.file.service.FileServiceTest" time="0.032"/>
  <system-out><![CDATA[2022-07-26 15:33:58.521  INFO 15592 --- [    Test worker] .b.t.c.SpringBootTestContextBootstrapper : Neither @ContextConfiguration nor @ContextHierarchy found for test class [appool.pool.project.file.service.FileServiceTest], using SpringBootContextLoader
2022-07-26 15:33:58.521  INFO 15592 --- [    Test worker] o.s.t.c.support.AbstractContextLoader    : Could not detect default resource locations for test class [appool.pool.project.file.service.FileServiceTest]: no resource found for suffixes {-context.xml, Context.groovy}.
2022-07-26 15:33:58.521  INFO 15592 --- [    Test worker] t.c.s.AnnotationConfigContextLoaderUtils : Could not detect default configuration classes for test class [appool.pool.project.file.service.FileServiceTest]: FileServiceTest does not declare any static, non-private, non-final, nested classes annotated with @Configuration.
2022-07-26 15:33:58.524  INFO 15592 --- [    Test worker] .b.t.c.SpringBootTestContextBootstrapper : Found @SpringBootConfiguration appool.pool.project.ProjectApplication for test class appool.pool.project.file.service.FileServiceTest
2022-07-26 15:33:58.525  INFO 15592 --- [    Test worker] .b.t.c.SpringBootTestContextBootstrapper : Loaded default TestExecutionListener class names from location [META-INF/spring.factories]: [org.springframework.security.test.context.support.WithSecurityContextTestExecutionListener, org.springframework.security.test.context.support.ReactorContextTestExecutionListener, org.springframework.boot.test.autoconfigure.restdocs.RestDocsTestExecutionListener, org.springframework.boot.test.autoconfigure.web.client.MockRestServiceServerResetTestExecutionListener, org.springframework.boot.test.autoconfigure.web.servlet.MockMvcPrintOnlyOnFailureTestExecutionListener, org.springframework.boot.test.autoconfigure.web.servlet.WebDriverTestExecutionListener, org.springframework.boot.test.autoconfigure.webservices.client.MockWebServiceServerTestExecutionListener, org.springframework.boot.test.mock.mockito.MockitoTestExecutionListener, org.springframework.boot.test.mock.mockito.ResetMocksTestExecutionListener, org.springframework.test.context.web.ServletTestExecutionListener, org.springframework.test.context.support.DirtiesContextBeforeModesTestExecutionListener, org.springframework.test.context.event.ApplicationEventsTestExecutionListener, org.springframework.test.context.support.DependencyInjectionTestExecutionListener, org.springframework.test.context.support.DirtiesContextTestExecutionListener, org.springframework.test.context.transaction.TransactionalTestExecutionListener, org.springframework.test.context.jdbc.SqlScriptsTestExecutionListener, org.springframework.test.context.event.EventPublishingTestExecutionListener]
2022-07-26 15:33:58.525  INFO 15592 --- [    Test worker] .b.t.c.SpringBootTestContextBootstrapper : Using TestExecutionListeners: [org.springframework.test.context.web.ServletTestExecutionListener@c0b10ae, org.springframework.test.context.support.DirtiesContextBeforeModesTestExecutionListener@3c3a767, org.springframework.test.context.event.ApplicationEventsTestExecutionListener@698394bf, org.springframework.boot.test.mock.mockito.MockitoTestExecutionListener@31887330, org.springframework.boot.test.autoconfigure.SpringBootDependencyInjectionTestExecutionListener@65528bcf, org.springframework.test.context.support.DirtiesContextTestExecutionListener@7bb4f09d, org.springframework.test.context.transaction.TransactionalTestExecutionListener@ee7a538, org.springframework.test.context.jdbc.SqlScriptsTestExecutionListener@7c045627, org.springframework.security.test.context.support.WithSecurityContextTestExecutionListener@d79a69b, org.springframework.test.context.event.EventPublishingTestExecutionListener@51158fb1, org.springframework.security.test.context.support.ReactorContextTestExecutionListener@62682ece, org.springframework.boot.test.autoconfigure.restdocs.RestDocsTestExecutionListener@3c83e9ca, org.springframework.boot.test.autoconfigure.web.client.MockRestServiceServerResetTestExecutionListener@7c0ecdbf, org.springframework.boot.test.autoconfigure.web.servlet.MockMvcPrintOnlyOnFailureTestExecutionListener@19bad88, org.springframework.boot.test.autoconfigure.web.servlet.WebDriverTestExecutionListener@2226fd2b, org.springframework.boot.test.autoconfigure.webservices.client.MockWebServiceServerTestExecutionListener@1488d1c, org.springframework.boot.test.mock.mockito.ResetMocksTestExecutionListener@b21cbbf]
]]></system-out>
  <system-err><![CDATA[]]></system-err>
</testsuite>
