<?xml version="1.0" encoding="UTF-8"?>
<testsuite name="appool.pool.project.user.controller.UserControllerTest" tests="4" skipped="0" failures="0" errors="0" timestamp="2022-08-10T02:25:41" hostname="MacBook-Pro-4.local" time="1.428">
  <properties/>
  <testcase name="회원가입_실패_필드가_없음()" classname="appool.pool.project.user.controller.UserControllerTest" time="0.112"/>
  <testcase name="회원정보조회_실패_없는회원조회()" classname="appool.pool.project.user.controller.UserControllerTest" time="0.583"/>
  <testcase name="내정보조회_성공()" classname="appool.pool.project.user.controller.UserControllerTest" time="0.515"/>
  <testcase name="test_signUp()" classname="appool.pool.project.user.controller.UserControllerTest" time="0.217"/>
  <system-out><![CDATA[2022-08-10 11:25:40.360  INFO 68606 --- [    Test worker] .b.t.c.SpringBootTestContextBootstrapper : Neither @ContextConfiguration nor @ContextHierarchy found for test class [appool.pool.project.user.controller.UserControllerTest], using SpringBootContextLoader
2022-08-10 11:25:40.361  INFO 68606 --- [    Test worker] o.s.t.c.support.AbstractContextLoader    : Could not detect default resource locations for test class [appool.pool.project.user.controller.UserControllerTest]: no resource found for suffixes {-context.xml, Context.groovy}.
2022-08-10 11:25:40.361  INFO 68606 --- [    Test worker] t.c.s.AnnotationConfigContextLoaderUtils : Could not detect default configuration classes for test class [appool.pool.project.user.controller.UserControllerTest]: UserControllerTest does not declare any static, non-private, non-final, nested classes annotated with @Configuration.
2022-08-10 11:25:40.366  INFO 68606 --- [    Test worker] .b.t.c.SpringBootTestContextBootstrapper : Found @SpringBootConfiguration appool.pool.project.ProjectApplication for test class appool.pool.project.user.controller.UserControllerTest
2022-08-10 11:25:40.367  INFO 68606 --- [    Test worker] .b.t.c.SpringBootTestContextBootstrapper : Loaded default TestExecutionListener class names from location [META-INF/spring.factories]: [org.springframework.security.test.context.support.WithSecurityContextTestExecutionListener, org.springframework.security.test.context.support.ReactorContextTestExecutionListener, org.springframework.boot.test.autoconfigure.restdocs.RestDocsTestExecutionListener, org.springframework.boot.test.autoconfigure.web.client.MockRestServiceServerResetTestExecutionListener, org.springframework.boot.test.autoconfigure.web.servlet.MockMvcPrintOnlyOnFailureTestExecutionListener, org.springframework.boot.test.autoconfigure.web.servlet.WebDriverTestExecutionListener, org.springframework.boot.test.autoconfigure.webservices.client.MockWebServiceServerTestExecutionListener, org.springframework.boot.test.mock.mockito.MockitoTestExecutionListener, org.springframework.boot.test.mock.mockito.ResetMocksTestExecutionListener, org.springframework.test.context.web.ServletTestExecutionListener, org.springframework.test.context.support.DirtiesContextBeforeModesTestExecutionListener, org.springframework.test.context.event.ApplicationEventsTestExecutionListener, org.springframework.test.context.support.DependencyInjectionTestExecutionListener, org.springframework.test.context.support.DirtiesContextTestExecutionListener, org.springframework.test.context.transaction.TransactionalTestExecutionListener, org.springframework.test.context.jdbc.SqlScriptsTestExecutionListener, org.springframework.test.context.event.EventPublishingTestExecutionListener]
2022-08-10 11:25:40.367  INFO 68606 --- [    Test worker] .b.t.c.SpringBootTestContextBootstrapper : Using TestExecutionListeners: [org.springframework.test.context.web.ServletTestExecutionListener@d88d9d7, org.springframework.test.context.support.DirtiesContextBeforeModesTestExecutionListener@54c15e, org.springframework.test.context.event.ApplicationEventsTestExecutionListener@5d38758a, org.springframework.boot.test.mock.mockito.MockitoTestExecutionListener@4acae4c7, org.springframework.boot.test.autoconfigure.SpringBootDependencyInjectionTestExecutionListener@1c7da28, org.springframework.test.context.support.DirtiesContextTestExecutionListener@27bfa57f, org.springframework.test.context.transaction.TransactionalTestExecutionListener@39b50027, org.springframework.test.context.jdbc.SqlScriptsTestExecutionListener@24c4370a, org.springframework.security.test.context.support.WithSecurityContextTestExecutionListener@1b6daf20, org.springframework.test.context.event.EventPublishingTestExecutionListener@41a3656f, org.springframework.security.test.context.support.ReactorContextTestExecutionListener@5086e144, org.springframework.boot.test.autoconfigure.restdocs.RestDocsTestExecutionListener@557fe039, org.springframework.boot.test.autoconfigure.web.client.MockRestServiceServerResetTestExecutionListener@231d5119, org.springframework.boot.test.autoconfigure.web.servlet.MockMvcPrintOnlyOnFailureTestExecutionListener@79cfc008, org.springframework.boot.test.autoconfigure.web.servlet.WebDriverTestExecutionListener@1ea482b4, org.springframework.boot.test.autoconfigure.webservices.client.MockWebServiceServerTestExecutionListener@3470c771, org.springframework.boot.test.mock.mockito.ResetMocksTestExecutionListener@7d2ccd7f]

  .   ____          _            __ _ _
 /\\ / ___'_ __ _ _(_)_ __  __ _ \ \ \ \
( ( )\___ | '_ | '_| | '_ \/ _` | \ \ \ \
 \\/  ___)| |_)| | | | | || (_| |  ) ) ) )
  '  |____| .__|_| |_|_| |_\__, | / / / /
 =========|_|==============|___/=/_/_/_/
 :: Spring Boot ::                (v2.6.9)

2022-08-10 11:25:40.385  INFO 68606 --- [    Test worker] a.p.p.u.controller.UserControllerTest    : Starting UserControllerTest using Java 17.0.1 on MacBook-Pro-4.local with PID 68606 (started by johnn in /Users/johnn/Desktop/2022/POOL/dev)
2022-08-10 11:25:40.385  INFO 68606 --- [    Test worker] a.p.p.u.controller.UserControllerTest    : The following 6 profiles are active: "jwt", "develop", "prod", "aws", "credentials", "${profile}"
2022-08-10 11:25:40.456  INFO 68606 --- [    Test worker] .s.d.r.c.RepositoryConfigurationDelegate : Bootstrapping Spring Data JPA repositories in DEFAULT mode.
2022-08-10 11:25:40.466  INFO 68606 --- [    Test worker] .s.d.r.c.RepositoryConfigurationDelegate : Finished Spring Data repository scanning in 9 ms. Found 5 JPA repository interfaces.
2022-08-10 11:25:40.490  INFO 68606 --- [    Test worker] trationDelegate$BeanPostProcessorChecker : Bean '(inner bean)#4f93816d' of type [com.amazonaws.auth.BasicAWSCredentials] is not eligible for getting processed by all BeanPostProcessors (for example: not eligible for auto-proxying)
2022-08-10 11:25:40.491  INFO 68606 --- [    Test worker] trationDelegate$BeanPostProcessorChecker : Bean '(inner bean)#1ccfa4b8' of type [com.amazonaws.auth.AWSStaticCredentialsProvider] is not eligible for getting processed by all BeanPostProcessors (for example: not eligible for auto-proxying)
2022-08-10 11:25:40.491  INFO 68606 --- [    Test worker] trationDelegate$BeanPostProcessorChecker : Bean '(inner bean)#13cfe28b' of type [com.amazonaws.auth.profile.ProfileCredentialsProvider] is not eligible for getting processed by all BeanPostProcessors (for example: not eligible for auto-proxying)
2022-08-10 11:25:40.493  INFO 68606 --- [    Test worker] trationDelegate$BeanPostProcessorChecker : Bean 'credentialsProvider' of type [org.springframework.cloud.aws.core.credentials.CredentialsProviderFactoryBean] is not eligible for getting processed by all BeanPostProcessors (for example: not eligible for auto-proxying)
2022-08-10 11:25:40.493  INFO 68606 --- [    Test worker] trationDelegate$BeanPostProcessorChecker : Bean 'credentialsProvider' of type [com.amazonaws.auth.AWSCredentialsProviderChain] is not eligible for getting processed by all BeanPostProcessors (for example: not eligible for auto-proxying)
2022-08-10 11:25:40.531  INFO 68606 --- [    Test worker] o.hibernate.jpa.internal.util.LogHelper  : HHH000204: Processing PersistenceUnitInfo [name: default]
2022-08-10 11:25:40.533  INFO 68606 --- [    Test worker] com.zaxxer.hikari.HikariDataSource       : HikariPool-2 - Starting...
2022-08-10 11:25:40.639  INFO 68606 --- [    Test worker] com.zaxxer.hikari.HikariDataSource       : HikariPool-2 - Start completed.
2022-08-10 11:25:40.639  INFO 68606 --- [    Test worker] org.hibernate.dialect.Dialect            : HHH000400: Using dialect: org.hibernate.dialect.MySQL57Dialect
2022-08-10 11:25:40.954  INFO 68606 --- [    Test worker] o.h.e.t.j.p.i.JtaPlatformInitiator       : HHH000490: Using JtaPlatform implementation: [org.hibernate.engine.transaction.jta.platform.internal.NoJtaPlatform]
2022-08-10 11:25:40.954  INFO 68606 --- [    Test worker] j.LocalContainerEntityManagerFactoryBean : Initialized JPA EntityManagerFactory for persistence unit 'default'
2022-08-10 11:25:41.082  WARN 68606 --- [    Test worker] JpaBaseConfiguration$JpaWebConfiguration : spring.jpa.open-in-view is enabled by default. Therefore, database queries may be performed during view rendering. Explicitly configure spring.jpa.open-in-view to disable this warning
2022-08-10 11:25:41.115  INFO 68606 --- [    Test worker] o.s.s.web.DefaultSecurityFilterChain     : Will secure any request with [org.springframework.security.web.context.request.async.WebAsyncManagerIntegrationFilter@30c0993e, org.springframework.security.web.context.SecurityContextPersistenceFilter@5b20024b, org.springframework.security.web.header.HeaderWriterFilter@72187492, appool.pool.project.jwt.filter.JwtAuthenticationProcessingFilter@6e1bd2b, org.springframework.security.web.authentication.logout.LogoutFilter@548d9d87, appool.pool.project.login.filter.JsonUsernamePasswordAuthenticationFilter@28d48616, org.springframework.security.web.savedrequest.RequestCacheAwareFilter@2f8ede54, org.springframework.security.web.servletapi.SecurityContextHolderAwareRequestFilter@1e0383d3, org.springframework.security.web.authentication.AnonymousAuthenticationFilter@12de62aa, org.springframework.security.web.session.SessionManagementFilter@3ba55a6b, org.springframework.security.web.access.ExceptionTranslationFilter@5935ade6, org.springframework.security.web.access.intercept.FilterSecurityInterceptor@154ea177]
2022-08-10 11:25:41.159  INFO 68606 --- [    Test worker] o.s.b.a.h2.H2ConsoleAutoConfiguration    : H2 console available at '/h2-console'. Database available at 'jdbc:mysql://my-rds-instance.ckalsgvhdig0.ap-northeast-2.rds.amazonaws.com:3306/my_rds_name?useUnicode=true&characterEncoding=utf8&useSSL=false'
2022-08-10 11:25:41.227  INFO 68606 --- [    Test worker] o.s.b.t.m.w.SpringBootMockServletContext : Initializing Spring TestDispatcherServlet ''
2022-08-10 11:25:41.227  INFO 68606 --- [    Test worker] o.s.t.web.servlet.TestDispatcherServlet  : Initializing Servlet ''
2022-08-10 11:25:41.228  INFO 68606 --- [    Test worker] o.s.t.web.servlet.TestDispatcherServlet  : Completed initialization in 1 ms
2022-08-10 11:25:41.238  INFO 68606 --- [    Test worker] a.p.p.u.controller.UserControllerTest    : Started UserControllerTest in 0.87 seconds (JVM running for 10.503)
2022-08-10 11:25:41.272  INFO 68606 --- [    Test worker] o.s.t.c.transaction.TransactionContext   : Began transaction (1) for test context [DefaultTestContext@420307f9 testClass = UserControllerTest, testInstance = appool.pool.project.user.controller.UserControllerTest@630e5803, testMethod = 회원가입_실패_필드가_없음@UserControllerTest, testException = [null], mergedContextConfiguration = [WebMergedContextConfiguration@7e822c11 testClass = UserControllerTest, locations = '{}', classes = '{class appool.pool.project.ProjectApplication}', contextInitializerClasses = '[]', activeProfiles = '{}', propertySourceLocations = '{}', propertySourceProperties = '{org.springframework.boot.test.context.SpringBootTestContextBootstrapper=true}', contextCustomizers = set[org.springframework.boot.test.autoconfigure.actuate.metrics.MetricsExportContextCustomizerFactory$DisableMetricExportContextCustomizer@61544ae6, org.springframework.boot.test.autoconfigure.properties.PropertyMappingContextCustomizer@4b3fa0b3, org.springframework.boot.test.autoconfigure.web.servlet.WebDriverContextCustomizerFactory$Customizer@4c1f22f3, [ImportsContextCustomizer@5b810b54 key = [org.springframework.boot.test.autoconfigure.web.servlet.MockMvcAutoConfiguration, org.springframework.boot.test.autoconfigure.web.servlet.MockMvcWebClientAutoConfiguration, org.springframework.boot.test.autoconfigure.web.servlet.MockMvcWebDriverAutoConfiguration, org.springframework.boot.autoconfigure.security.oauth2.client.servlet.OAuth2ClientAutoConfiguration, org.springframework.boot.autoconfigure.security.oauth2.resource.servlet.OAuth2ResourceServerAutoConfiguration, org.springframework.boot.autoconfigure.security.servlet.SecurityAutoConfiguration, org.springframework.boot.autoconfigure.security.servlet.SecurityFilterAutoConfiguration, org.springframework.boot.autoconfigure.security.servlet.UserDetailsServiceAutoConfiguration, org.springframework.boot.test.autoconfigure.web.servlet.MockMvcSecurityConfiguration, org.springframework.boot.test.autoconfigure.web.reactive.WebTestClientAutoConfiguration]], org.springframework.boot.test.context.filter.ExcludeFilterContextCustomizer@7ae42ce3, org.springframework.boot.test.json.DuplicateJsonObjectContextCustomizerFactory$DuplicateJsonObjectContextCustomizer@38234a38, org.springframework.boot.test.mock.mockito.MockitoContextCustomizer@0, org.springframework.boot.test.web.client.TestRestTemplateContextCustomizer@e70f13a, org.springframework.boot.test.context.SpringBootTestArgs@1, org.springframework.boot.test.context.SpringBootTestWebEnvironment@d21a74c], resourceBasePath = 'src/main/webapp', contextLoader = 'org.springframework.boot.test.context.SpringBootContextLoader', parent = [null]], attributes = map['org.springframework.test.context.web.ServletTestExecutionListener.activateListener' -> true, 'org.springframework.test.context.web.ServletTestExecutionListener.populatedRequestContextHolder' -> true, 'org.springframework.test.context.web.ServletTestExecutionListener.resetRequestContextHolder' -> true, 'org.springframework.test.context.event.ApplicationEventsTestExecutionListener.recordApplicationEvents' -> false]]; transaction manager [org.springframework.orm.jpa.JpaTransactionManager@5f83b506]; rollback [true]
2022-08-10 11:25:41.324 ERROR 68606 --- [    Test worker] a.p.project.exception.ExceptionAdvice    : @ValidException 발생! Validation failed for argument [0] in public void appool.pool.project.user.controller.UserController.signUp(appool.pool.project.user.dto.UserSignUpDto,javax.servlet.http.HttpServletRequest,javax.servlet.http.HttpServletResponse) throws java.lang.Exception: [Field error in object 'userSignUpDto' on field 'username': rejected value [null]; codes [NotBlank.userSignUpDto.username,NotBlank.username,NotBlank.java.lang.String,NotBlank]; arguments [org.springframework.context.support.DefaultMessageSourceResolvable: codes [userSignUpDto.username,username]; arguments []; default message [username]]; default message [아이디는 필수 입력 사항입니다.]] 
2022-08-10 11:25:41.336 ERROR 68606 --- [    Test worker] a.p.project.exception.ExceptionAdvice    : @ValidException 발생! Validation failed for argument [0] in public void appool.pool.project.user.controller.UserController.signUp(appool.pool.project.user.dto.UserSignUpDto,javax.servlet.http.HttpServletRequest,javax.servlet.http.HttpServletResponse) throws java.lang.Exception: [Field error in object 'userSignUpDto' on field 'password': rejected value [null]; codes [NotBlank.userSignUpDto.password,NotBlank.password,NotBlank.java.lang.String,NotBlank]; arguments [org.springframework.context.support.DefaultMessageSourceResolvable: codes [userSignUpDto.password,password]; arguments []; default message [password]]; default message [비밀번호는 필수 입력 사항입니다.]] 
2022-08-10 11:25:41.338 ERROR 68606 --- [    Test worker] a.p.project.exception.ExceptionAdvice    : @ValidException 발생! Validation failed for argument [0] in public void appool.pool.project.user.controller.UserController.signUp(appool.pool.project.user.dto.UserSignUpDto,javax.servlet.http.HttpServletRequest,javax.servlet.http.HttpServletResponse) throws java.lang.Exception: [Field error in object 'userSignUpDto' on field 'nickName': rejected value [null]; codes [NotBlank.userSignUpDto.nickName,NotBlank.nickName,NotBlank.java.lang.String,NotBlank]; arguments [org.springframework.context.support.DefaultMessageSourceResolvable: codes [userSignUpDto.nickName,nickName]; arguments []; default message [nickName]]; default message [닉네임은 필수 입력 사항입니다.]] 
2022-08-10 11:25:41.339 ERROR 68606 --- [    Test worker] a.p.project.exception.ExceptionAdvice    : @ValidException 발생! Validation failed for argument [0] in public void appool.pool.project.user.controller.UserController.signUp(appool.pool.project.user.dto.UserSignUpDto,javax.servlet.http.HttpServletRequest,javax.servlet.http.HttpServletResponse) throws java.lang.Exception: [Field error in object 'userSignUpDto' on field 'phoneNumber': rejected value [null]; codes [NotBlank.userSignUpDto.phoneNumber,NotBlank.phoneNumber,NotBlank.java.lang.String,NotBlank]; arguments [org.springframework.context.support.DefaultMessageSourceResolvable: codes [userSignUpDto.phoneNumber,phoneNumber]; arguments []; default message [phoneNumber]]; default message [전화번호는 필수 입력 사항입니다.]] 
2022-08-10 11:25:41.341 ERROR 68606 --- [    Test worker] a.p.project.exception.ExceptionAdvice    : @ValidException 발생! Validation failed for argument [0] in public void appool.pool.project.user.controller.UserController.signUp(appool.pool.project.user.dto.UserSignUpDto,javax.servlet.http.HttpServletRequest,javax.servlet.http.HttpServletResponse) throws java.lang.Exception: [Field error in object 'userSignUpDto' on field 'gender': rejected value [null]; codes [NotBlank.userSignUpDto.gender,NotBlank.gender,NotBlank.java.lang.String,NotBlank]; arguments [org.springframework.context.support.DefaultMessageSourceResolvable: codes [userSignUpDto.gender,gender]; arguments []; default message [gender]]; default message [성별은 필수 입력 사항입니다.]] 
2022-08-10 11:25:41.353  INFO 68606 --- [    Test worker] o.s.t.c.transaction.TransactionContext   : Rolled back transaction for test: [DefaultTestContext@420307f9 testClass = UserControllerTest, testInstance = appool.pool.project.user.controller.UserControllerTest@630e5803, testMethod = 회원가입_실패_필드가_없음@UserControllerTest, testException = [null], mergedContextConfiguration = [WebMergedContextConfiguration@7e822c11 testClass = UserControllerTest, locations = '{}', classes = '{class appool.pool.project.ProjectApplication}', contextInitializerClasses = '[]', activeProfiles = '{}', propertySourceLocations = '{}', propertySourceProperties = '{org.springframework.boot.test.context.SpringBootTestContextBootstrapper=true}', contextCustomizers = set[org.springframework.boot.test.autoconfigure.actuate.metrics.MetricsExportContextCustomizerFactory$DisableMetricExportContextCustomizer@61544ae6, org.springframework.boot.test.autoconfigure.properties.PropertyMappingContextCustomizer@4b3fa0b3, org.springframework.boot.test.autoconfigure.web.servlet.WebDriverContextCustomizerFactory$Customizer@4c1f22f3, [ImportsContextCustomizer@5b810b54 key = [org.springframework.boot.test.autoconfigure.web.servlet.MockMvcAutoConfiguration, org.springframework.boot.test.autoconfigure.web.servlet.MockMvcWebClientAutoConfiguration, org.springframework.boot.test.autoconfigure.web.servlet.MockMvcWebDriverAutoConfiguration, org.springframework.boot.autoconfigure.security.oauth2.client.servlet.OAuth2ClientAutoConfiguration, org.springframework.boot.autoconfigure.security.oauth2.resource.servlet.OAuth2ResourceServerAutoConfiguration, org.springframework.boot.autoconfigure.security.servlet.SecurityAutoConfiguration, org.springframework.boot.autoconfigure.security.servlet.SecurityFilterAutoConfiguration, org.springframework.boot.autoconfigure.security.servlet.UserDetailsServiceAutoConfiguration, org.springframework.boot.test.autoconfigure.web.servlet.MockMvcSecurityConfiguration, org.springframework.boot.test.autoconfigure.web.reactive.WebTestClientAutoConfiguration]], org.springframework.boot.test.context.filter.ExcludeFilterContextCustomizer@7ae42ce3, org.springframework.boot.test.json.DuplicateJsonObjectContextCustomizerFactory$DuplicateJsonObjectContextCustomizer@38234a38, org.springframework.boot.test.mock.mockito.MockitoContextCustomizer@0, org.springframework.boot.test.web.client.TestRestTemplateContextCustomizer@e70f13a, org.springframework.boot.test.context.SpringBootTestArgs@1, org.springframework.boot.test.context.SpringBootTestWebEnvironment@d21a74c], resourceBasePath = 'src/main/webapp', contextLoader = 'org.springframework.boot.test.context.SpringBootContextLoader', parent = [null]], attributes = map['org.springframework.test.context.web.ServletTestExecutionListener.activateListener' -> true, 'org.springframework.test.context.web.ServletTestExecutionListener.populatedRequestContextHolder' -> true, 'org.springframework.test.context.web.ServletTestExecutionListener.resetRequestContextHolder' -> true, 'org.springframework.test.context.event.ApplicationEventsTestExecutionListener.recordApplicationEvents' -> false]]
2022-08-10 11:25:41.360  INFO 68606 --- [    Test worker] o.s.t.c.transaction.TransactionContext   : Began transaction (1) for test context [DefaultTestContext@420307f9 testClass = UserControllerTest, testInstance = appool.pool.project.user.controller.UserControllerTest@67171221, testMethod = 회원정보조회_실패_없는회원조회@UserControllerTest, testException = [null], mergedContextConfiguration = [WebMergedContextConfiguration@7e822c11 testClass = UserControllerTest, locations = '{}', classes = '{class appool.pool.project.ProjectApplication}', contextInitializerClasses = '[]', activeProfiles = '{}', propertySourceLocations = '{}', propertySourceProperties = '{org.springframework.boot.test.context.SpringBootTestContextBootstrapper=true}', contextCustomizers = set[org.springframework.boot.test.autoconfigure.actuate.metrics.MetricsExportContextCustomizerFactory$DisableMetricExportContextCustomizer@61544ae6, org.springframework.boot.test.autoconfigure.properties.PropertyMappingContextCustomizer@4b3fa0b3, org.springframework.boot.test.autoconfigure.web.servlet.WebDriverContextCustomizerFactory$Customizer@4c1f22f3, [ImportsContextCustomizer@5b810b54 key = [org.springframework.boot.test.autoconfigure.web.servlet.MockMvcAutoConfiguration, org.springframework.boot.test.autoconfigure.web.servlet.MockMvcWebClientAutoConfiguration, org.springframework.boot.test.autoconfigure.web.servlet.MockMvcWebDriverAutoConfiguration, org.springframework.boot.autoconfigure.security.oauth2.client.servlet.OAuth2ClientAutoConfiguration, org.springframework.boot.autoconfigure.security.oauth2.resource.servlet.OAuth2ResourceServerAutoConfiguration, org.springframework.boot.autoconfigure.security.servlet.SecurityAutoConfiguration, org.springframework.boot.autoconfigure.security.servlet.SecurityFilterAutoConfiguration, org.springframework.boot.autoconfigure.security.servlet.UserDetailsServiceAutoConfiguration, org.springframework.boot.test.autoconfigure.web.servlet.MockMvcSecurityConfiguration, org.springframework.boot.test.autoconfigure.web.reactive.WebTestClientAutoConfiguration]], org.springframework.boot.test.context.filter.ExcludeFilterContextCustomizer@7ae42ce3, org.springframework.boot.test.json.DuplicateJsonObjectContextCustomizerFactory$DuplicateJsonObjectContextCustomizer@38234a38, org.springframework.boot.test.mock.mockito.MockitoContextCustomizer@0, org.springframework.boot.test.web.client.TestRestTemplateContextCustomizer@e70f13a, org.springframework.boot.test.context.SpringBootTestArgs@1, org.springframework.boot.test.context.SpringBootTestWebEnvironment@d21a74c], resourceBasePath = 'src/main/webapp', contextLoader = 'org.springframework.boot.test.context.SpringBootContextLoader', parent = [null]], attributes = map['org.springframework.test.context.web.ServletTestExecutionListener.activateListener' -> true, 'org.springframework.test.context.web.ServletTestExecutionListener.populatedRequestContextHolder' -> true, 'org.springframework.test.context.web.ServletTestExecutionListener.resetRequestContextHolder' -> true, 'org.springframework.test.context.event.ApplicationEventsTestExecutionListener.recordApplicationEvents' -> false]]; transaction manager [org.springframework.orm.jpa.JpaTransactionManager@5f83b506]; rollback [true]
Hibernate: select pooluser0_.pool_user_id as pool_use1_6_, pooluser0_.create_date as create_d2_6_, pooluser0_.last_modified_date as last_mod3_6_, pooluser0_.birthday as birthday4_6_, pooluser0_.gender as gender5_6_, pooluser0_.nick_name as nick_nam6_6_, pooluser0_.password as password7_6_, pooluser0_.phone_number as phone_nu8_6_, pooluser0_.privacy_agreement as privacy_9_6_, pooluser0_.refresh_token as refresh10_6_, pooluser0_.term_agreement as term_ag11_6_, pooluser0_.user_status as user_st12_6_, pooluser0_.username as usernam13_6_ from pooluser pooluser0_ where pooluser0_.username=?
Hibernate: insert into pooluser (create_date, last_modified_date, birthday, gender, nick_name, password, phone_number, privacy_agreement, refresh_token, term_agreement, user_status, username) values (?, ?, ?, ?, ?, ?, ?, ?, ?, ?, ?, ?)
Hibernate: select pooluser0_.pool_user_id as pool_use1_6_, pooluser0_.create_date as create_d2_6_, pooluser0_.last_modified_date as last_mod3_6_, pooluser0_.birthday as birthday4_6_, pooluser0_.gender as gender5_6_, pooluser0_.nick_name as nick_nam6_6_, pooluser0_.password as password7_6_, pooluser0_.phone_number as phone_nu8_6_, pooluser0_.privacy_agreement as privacy_9_6_, pooluser0_.refresh_token as refresh10_6_, pooluser0_.term_agreement as term_ag11_6_, pooluser0_.user_status as user_st12_6_, pooluser0_.username as usernam13_6_ from pooluser pooluser0_ where pooluser0_.username=?
Hibernate: select pooluser0_.pool_user_id as pool_use1_6_, pooluser0_.create_date as create_d2_6_, pooluser0_.last_modified_date as last_mod3_6_, pooluser0_.birthday as birthday4_6_, pooluser0_.gender as gender5_6_, pooluser0_.nick_name as nick_nam6_6_, pooluser0_.password as password7_6_, pooluser0_.phone_number as phone_nu8_6_, pooluser0_.privacy_agreement as privacy_9_6_, pooluser0_.refresh_token as refresh10_6_, pooluser0_.term_agreement as term_ag11_6_, pooluser0_.user_status as user_st12_6_, pooluser0_.username as usernam13_6_ from pooluser pooluser0_ where pooluser0_.username=?
Hibernate: select pooluser0_.pool_user_id as pool_use1_6_, pooluser0_.create_date as create_d2_6_, pooluser0_.last_modified_date as last_mod3_6_, pooluser0_.birthday as birthday4_6_, pooluser0_.gender as gender5_6_, pooluser0_.nick_name as nick_nam6_6_, pooluser0_.password as password7_6_, pooluser0_.phone_number as phone_nu8_6_, pooluser0_.privacy_agreement as privacy_9_6_, pooluser0_.refresh_token as refresh10_6_, pooluser0_.term_agreement as term_ag11_6_, pooluser0_.user_status as user_st12_6_, pooluser0_.username as usernam13_6_ from pooluser pooluser0_ where pooluser0_.username=?
2022-08-10 11:25:41.847  INFO 68606 --- [    Test worker] a.p.p.l.h.LoginSuccessJWTProvideHandler  : eyJ0eXAiOiJKV1QiLCJhbGciOiJIUzUxMiJ9.eyJzdWIiOiJSZWZyZXNoVG9rZW4iLCJleHAiOjE2NjAwOTg1MDF9.UZdHppJ65G0-xUIJYM8A0aopsADxbgNX_DOpA7NrxcRgnEwgG-kJl86NAmDsZy2XgwuPVxyfhnmZgUeRxtYa0A
2022-08-10 11:25:41.847  INFO 68606 --- [    Test worker] a.p.p.l.h.LoginSuccessJWTProvideHandler  : 로그인에 성공합니다. username: username
2022-08-10 11:25:41.847  INFO 68606 --- [    Test worker] a.p.p.l.h.LoginSuccessJWTProvideHandler  : AccessToken을 발급합니다. AccessToken: eyJ0eXAiOiJKV1QiLCJhbGciOiJIUzUxMiJ9.eyJzdWIiOiJBY2Nlc3NUb2tlbiIsInJvbGUiOiJVU0VSIiwibmlja05hbWUiOiJkb2hhaGExIiwiZXhwIjoxNjYwMDk4NDIxLCJ1c2VybmFtZSI6InVzZXJuYW1lIn0.pcNYzeX2TJ_Vr1HqXO23__Ke8VAr1RjSt0TPBB1g8SbJIMqdBoE2URz_8cEFqJvnv40bYtgwDPDq2WPjczGUvA
2022-08-10 11:25:41.847  INFO 68606 --- [    Test worker] a.p.p.l.h.LoginSuccessJWTProvideHandler  : RefreshToken을 발급합니다. RefreshToken: eyJ0eXAiOiJKV1QiLCJhbGciOiJIUzUxMiJ9.eyJzdWIiOiJSZWZyZXNoVG9rZW4iLCJleHAiOjE2NjAwOTg1MDF9.UZdHppJ65G0-xUIJYM8A0aopsADxbgNX_DOpA7NrxcRgnEwgG-kJl86NAmDsZy2XgwuPVxyfhnmZgUeRxtYa0A
Hibernate: update pooluser set last_modified_date=?, birthday=?, gender=?, nick_name=?, password=?, phone_number=?, privacy_agreement=?, refresh_token=?, term_agreement=?, user_status=?, username=? where pool_user_id=?
Hibernate: insert into pool_user_category (pool_user_pool_user_id, category) values (?, ?)
Hibernate: insert into pool_user_category (pool_user_pool_user_id, category) values (?, ?)
Hibernate: select pooluser0_.pool_user_id as pool_use1_6_, pooluser0_.create_date as create_d2_6_, pooluser0_.last_modified_date as last_mod3_6_, pooluser0_.birthday as birthday4_6_, pooluser0_.gender as gender5_6_, pooluser0_.nick_name as nick_nam6_6_, pooluser0_.password as password7_6_, pooluser0_.phone_number as phone_nu8_6_, pooluser0_.privacy_agreement as privacy_9_6_, pooluser0_.refresh_token as refresh10_6_, pooluser0_.term_agreement as term_ag11_6_, pooluser0_.user_status as user_st12_6_, pooluser0_.username as usernam13_6_ from pooluser pooluser0_ where pooluser0_.username=?
Hibernate: select pooluser0_.pool_user_id as pool_use1_6_0_, pooluser0_.create_date as create_d2_6_0_, pooluser0_.last_modified_date as last_mod3_6_0_, pooluser0_.birthday as birthday4_6_0_, pooluser0_.gender as gender5_6_0_, pooluser0_.nick_name as nick_nam6_6_0_, pooluser0_.password as password7_6_0_, pooluser0_.phone_number as phone_nu8_6_0_, pooluser0_.privacy_agreement as privacy_9_6_0_, pooluser0_.refresh_token as refresh10_6_0_, pooluser0_.term_agreement as term_ag11_6_0_, pooluser0_.user_status as user_st12_6_0_, pooluser0_.username as usernam13_6_0_, branduser1_.brand_user_id as brand_us1_0_1_, branduser1_.create_date as create_d2_0_1_, branduser1_.last_modified_date as last_mod3_0_1_, branduser1_.brand_agreement as brand_ag4_0_1_, branduser1_.brand_info as brand_in5_0_1_, branduser1_.brand_profile_image as brand_pr6_0_1_, branduser1_.brand_username as brand_us7_0_1_, branduser1_.pool_user_id as pool_use8_0_1_ from pooluser pooluser0_ left outer join brand_user branduser1_ on pooluser0_.pool_user_id=branduser1_.pool_user_id where pooluser0_.pool_user_id=?
2022-08-10 11:25:41.895 ERROR 68606 --- [    Test worker] a.p.project.exception.ExceptionAdvice    : BaseException errorMessage(): 회원 정보가 없습니다.
2022-08-10 11:25:41.896 ERROR 68606 --- [    Test worker] a.p.project.exception.ExceptionAdvice    : BaseException errorCode() :602
2022-08-10 11:25:41.936  INFO 68606 --- [    Test worker] o.s.t.c.transaction.TransactionContext   : Rolled back transaction for test: [DefaultTestContext@420307f9 testClass = UserControllerTest, testInstance = appool.pool.project.user.controller.UserControllerTest@67171221, testMethod = 회원정보조회_실패_없는회원조회@UserControllerTest, testException = [null], mergedContextConfiguration = [WebMergedContextConfiguration@7e822c11 testClass = UserControllerTest, locations = '{}', classes = '{class appool.pool.project.ProjectApplication}', contextInitializerClasses = '[]', activeProfiles = '{}', propertySourceLocations = '{}', propertySourceProperties = '{org.springframework.boot.test.context.SpringBootTestContextBootstrapper=true}', contextCustomizers = set[org.springframework.boot.test.autoconfigure.actuate.metrics.MetricsExportContextCustomizerFactory$DisableMetricExportContextCustomizer@61544ae6, org.springframework.boot.test.autoconfigure.properties.PropertyMappingContextCustomizer@4b3fa0b3, org.springframework.boot.test.autoconfigure.web.servlet.WebDriverContextCustomizerFactory$Customizer@4c1f22f3, [ImportsContextCustomizer@5b810b54 key = [org.springframework.boot.test.autoconfigure.web.servlet.MockMvcAutoConfiguration, org.springframework.boot.test.autoconfigure.web.servlet.MockMvcWebClientAutoConfiguration, org.springframework.boot.test.autoconfigure.web.servlet.MockMvcWebDriverAutoConfiguration, org.springframework.boot.autoconfigure.security.oauth2.client.servlet.OAuth2ClientAutoConfiguration, org.springframework.boot.autoconfigure.security.oauth2.resource.servlet.OAuth2ResourceServerAutoConfiguration, org.springframework.boot.autoconfigure.security.servlet.SecurityAutoConfiguration, org.springframework.boot.autoconfigure.security.servlet.SecurityFilterAutoConfiguration, org.springframework.boot.autoconfigure.security.servlet.UserDetailsServiceAutoConfiguration, org.springframework.boot.test.autoconfigure.web.servlet.MockMvcSecurityConfiguration, org.springframework.boot.test.autoconfigure.web.reactive.WebTestClientAutoConfiguration]], org.springframework.boot.test.context.filter.ExcludeFilterContextCustomizer@7ae42ce3, org.springframework.boot.test.json.DuplicateJsonObjectContextCustomizerFactory$DuplicateJsonObjectContextCustomizer@38234a38, org.springframework.boot.test.mock.mockito.MockitoContextCustomizer@0, org.springframework.boot.test.web.client.TestRestTemplateContextCustomizer@e70f13a, org.springframework.boot.test.context.SpringBootTestArgs@1, org.springframework.boot.test.context.SpringBootTestWebEnvironment@d21a74c], resourceBasePath = 'src/main/webapp', contextLoader = 'org.springframework.boot.test.context.SpringBootContextLoader', parent = [null]], attributes = map['org.springframework.test.context.web.ServletTestExecutionListener.activateListener' -> true, 'org.springframework.test.context.web.ServletTestExecutionListener.populatedRequestContextHolder' -> true, 'org.springframework.test.context.web.ServletTestExecutionListener.resetRequestContextHolder' -> true, 'org.springframework.test.context.event.ApplicationEventsTestExecutionListener.recordApplicationEvents' -> false]]
2022-08-10 11:25:41.944  INFO 68606 --- [    Test worker] o.s.t.c.transaction.TransactionContext   : Began transaction (1) for test context [DefaultTestContext@420307f9 testClass = UserControllerTest, testInstance = appool.pool.project.user.controller.UserControllerTest@79ae2d13, testMethod = 내정보조회_성공@UserControllerTest, testException = [null], mergedContextConfiguration = [WebMergedContextConfiguration@7e822c11 testClass = UserControllerTest, locations = '{}', classes = '{class appool.pool.project.ProjectApplication}', contextInitializerClasses = '[]', activeProfiles = '{}', propertySourceLocations = '{}', propertySourceProperties = '{org.springframework.boot.test.context.SpringBootTestContextBootstrapper=true}', contextCustomizers = set[org.springframework.boot.test.autoconfigure.actuate.metrics.MetricsExportContextCustomizerFactory$DisableMetricExportContextCustomizer@61544ae6, org.springframework.boot.test.autoconfigure.properties.PropertyMappingContextCustomizer@4b3fa0b3, org.springframework.boot.test.autoconfigure.web.servlet.WebDriverContextCustomizerFactory$Customizer@4c1f22f3, [ImportsContextCustomizer@5b810b54 key = [org.springframework.boot.test.autoconfigure.web.servlet.MockMvcAutoConfiguration, org.springframework.boot.test.autoconfigure.web.servlet.MockMvcWebClientAutoConfiguration, org.springframework.boot.test.autoconfigure.web.servlet.MockMvcWebDriverAutoConfiguration, org.springframework.boot.autoconfigure.security.oauth2.client.servlet.OAuth2ClientAutoConfiguration, org.springframework.boot.autoconfigure.security.oauth2.resource.servlet.OAuth2ResourceServerAutoConfiguration, org.springframework.boot.autoconfigure.security.servlet.SecurityAutoConfiguration, org.springframework.boot.autoconfigure.security.servlet.SecurityFilterAutoConfiguration, org.springframework.boot.autoconfigure.security.servlet.UserDetailsServiceAutoConfiguration, org.springframework.boot.test.autoconfigure.web.servlet.MockMvcSecurityConfiguration, org.springframework.boot.test.autoconfigure.web.reactive.WebTestClientAutoConfiguration]], org.springframework.boot.test.context.filter.ExcludeFilterContextCustomizer@7ae42ce3, org.springframework.boot.test.json.DuplicateJsonObjectContextCustomizerFactory$DuplicateJsonObjectContextCustomizer@38234a38, org.springframework.boot.test.mock.mockito.MockitoContextCustomizer@0, org.springframework.boot.test.web.client.TestRestTemplateContextCustomizer@e70f13a, org.springframework.boot.test.context.SpringBootTestArgs@1, org.springframework.boot.test.context.SpringBootTestWebEnvironment@d21a74c], resourceBasePath = 'src/main/webapp', contextLoader = 'org.springframework.boot.test.context.SpringBootContextLoader', parent = [null]], attributes = map['org.springframework.test.context.web.ServletTestExecutionListener.activateListener' -> true, 'org.springframework.test.context.web.ServletTestExecutionListener.populatedRequestContextHolder' -> true, 'org.springframework.test.context.web.ServletTestExecutionListener.resetRequestContextHolder' -> true, 'org.springframework.test.context.event.ApplicationEventsTestExecutionListener.recordApplicationEvents' -> false]]; transaction manager [org.springframework.orm.jpa.JpaTransactionManager@5f83b506]; rollback [true]
Hibernate: select pooluser0_.pool_user_id as pool_use1_6_, pooluser0_.create_date as create_d2_6_, pooluser0_.last_modified_date as last_mod3_6_, pooluser0_.birthday as birthday4_6_, pooluser0_.gender as gender5_6_, pooluser0_.nick_name as nick_nam6_6_, pooluser0_.password as password7_6_, pooluser0_.phone_number as phone_nu8_6_, pooluser0_.privacy_agreement as privacy_9_6_, pooluser0_.refresh_token as refresh10_6_, pooluser0_.term_agreement as term_ag11_6_, pooluser0_.user_status as user_st12_6_, pooluser0_.username as usernam13_6_ from pooluser pooluser0_ where pooluser0_.username=?
Hibernate: insert into pooluser (create_date, last_modified_date, birthday, gender, nick_name, password, phone_number, privacy_agreement, refresh_token, term_agreement, user_status, username) values (?, ?, ?, ?, ?, ?, ?, ?, ?, ?, ?, ?)
Hibernate: select pooluser0_.pool_user_id as pool_use1_6_, pooluser0_.create_date as create_d2_6_, pooluser0_.last_modified_date as last_mod3_6_, pooluser0_.birthday as birthday4_6_, pooluser0_.gender as gender5_6_, pooluser0_.nick_name as nick_nam6_6_, pooluser0_.password as password7_6_, pooluser0_.phone_number as phone_nu8_6_, pooluser0_.privacy_agreement as privacy_9_6_, pooluser0_.refresh_token as refresh10_6_, pooluser0_.term_agreement as term_ag11_6_, pooluser0_.user_status as user_st12_6_, pooluser0_.username as usernam13_6_ from pooluser pooluser0_ where pooluser0_.username=?
Hibernate: select pooluser0_.pool_user_id as pool_use1_6_, pooluser0_.create_date as create_d2_6_, pooluser0_.last_modified_date as last_mod3_6_, pooluser0_.birthday as birthday4_6_, pooluser0_.gender as gender5_6_, pooluser0_.nick_name as nick_nam6_6_, pooluser0_.password as password7_6_, pooluser0_.phone_number as phone_nu8_6_, pooluser0_.privacy_agreement as privacy_9_6_, pooluser0_.refresh_token as refresh10_6_, pooluser0_.term_agreement as term_ag11_6_, pooluser0_.user_status as user_st12_6_, pooluser0_.username as usernam13_6_ from pooluser pooluser0_ where pooluser0_.username=?
Hibernate: select pooluser0_.pool_user_id as pool_use1_6_, pooluser0_.create_date as create_d2_6_, pooluser0_.last_modified_date as last_mod3_6_, pooluser0_.birthday as birthday4_6_, pooluser0_.gender as gender5_6_, pooluser0_.nick_name as nick_nam6_6_, pooluser0_.password as password7_6_, pooluser0_.phone_number as phone_nu8_6_, pooluser0_.privacy_agreement as privacy_9_6_, pooluser0_.refresh_token as refresh10_6_, pooluser0_.term_agreement as term_ag11_6_, pooluser0_.user_status as user_st12_6_, pooluser0_.username as usernam13_6_ from pooluser pooluser0_ where pooluser0_.username=?
2022-08-10 11:25:42.340  INFO 68606 --- [    Test worker] a.p.p.l.h.LoginSuccessJWTProvideHandler  : eyJ0eXAiOiJKV1QiLCJhbGciOiJIUzUxMiJ9.eyJzdWIiOiJSZWZyZXNoVG9rZW4iLCJleHAiOjE2NjAwOTg1MDJ9.mcWx6mAjTEep-9Tbp4VXtpEyfkDIu5rYQGp0lEbLt9DMJxZK6KnBYUeP9txQlsI0yiDNH73OdmMZrMJfrfp8pw
2022-08-10 11:25:42.341  INFO 68606 --- [    Test worker] a.p.p.l.h.LoginSuccessJWTProvideHandler  : 로그인에 성공합니다. username: username
2022-08-10 11:25:42.341  INFO 68606 --- [    Test worker] a.p.p.l.h.LoginSuccessJWTProvideHandler  : AccessToken을 발급합니다. AccessToken: eyJ0eXAiOiJKV1QiLCJhbGciOiJIUzUxMiJ9.eyJzdWIiOiJBY2Nlc3NUb2tlbiIsInJvbGUiOiJVU0VSIiwibmlja05hbWUiOiJkb2hhMTIzIiwiZXhwIjoxNjYwMDk4NDIyLCJ1c2VybmFtZSI6InVzZXJuYW1lIn0.yM4LUpO1IG2qcek7gDX0IEhtZoK-f1EGdr0cnaWhvbLOZZH2gMJd6ex3FBVGC4pEm4HksvuIU05-wobO7Gigvw
2022-08-10 11:25:42.341  INFO 68606 --- [    Test worker] a.p.p.l.h.LoginSuccessJWTProvideHandler  : RefreshToken을 발급합니다. RefreshToken: eyJ0eXAiOiJKV1QiLCJhbGciOiJIUzUxMiJ9.eyJzdWIiOiJSZWZyZXNoVG9rZW4iLCJleHAiOjE2NjAwOTg1MDJ9.mcWx6mAjTEep-9Tbp4VXtpEyfkDIu5rYQGp0lEbLt9DMJxZK6KnBYUeP9txQlsI0yiDNH73OdmMZrMJfrfp8pw
Hibernate: update pooluser set last_modified_date=?, birthday=?, gender=?, nick_name=?, password=?, phone_number=?, privacy_agreement=?, refresh_token=?, term_agreement=?, user_status=?, username=? where pool_user_id=?
Hibernate: insert into pool_user_category (pool_user_pool_user_id, category) values (?, ?)
Hibernate: insert into pool_user_category (pool_user_pool_user_id, category) values (?, ?)
Hibernate: select pooluser0_.pool_user_id as pool_use1_6_, pooluser0_.create_date as create_d2_6_, pooluser0_.last_modified_date as last_mod3_6_, pooluser0_.birthday as birthday4_6_, pooluser0_.gender as gender5_6_, pooluser0_.nick_name as nick_nam6_6_, pooluser0_.password as password7_6_, pooluser0_.phone_number as phone_nu8_6_, pooluser0_.privacy_agreement as privacy_9_6_, pooluser0_.refresh_token as refresh10_6_, pooluser0_.term_agreement as term_ag11_6_, pooluser0_.user_status as user_st12_6_, pooluser0_.username as usernam13_6_ from pooluser pooluser0_ where pooluser0_.username=?
Hibernate: select pooluser0_.pool_user_id as pool_use1_6_, pooluser0_.create_date as create_d2_6_, pooluser0_.last_modified_date as last_mod3_6_, pooluser0_.birthday as birthday4_6_, pooluser0_.gender as gender5_6_, pooluser0_.nick_name as nick_nam6_6_, pooluser0_.password as password7_6_, pooluser0_.phone_number as phone_nu8_6_, pooluser0_.privacy_agreement as privacy_9_6_, pooluser0_.refresh_token as refresh10_6_, pooluser0_.term_agreement as term_ag11_6_, pooluser0_.user_status as user_st12_6_, pooluser0_.username as usernam13_6_ from pooluser pooluser0_ where pooluser0_.username=?
Hibernate: SELECT COUNT(*) FROM follow WHERE from_user_id = ?

MockHttpServletRequest:
      HTTP Method = GET
      Request URI = /user
       Parameters = {}
          Headers = [Authorization:"Bearer eyJ0eXAiOiJKV1QiLCJhbGciOiJIUzUxMiJ9.eyJzdWIiOiJBY2Nlc3NUb2tlbiIsInJvbGUiOiJVU0VSIiwibmlja05hbWUiOiJkb2hhMTIzIiwiZXhwIjoxNjYwMDk4NDIyLCJ1c2VybmFtZSI6InVzZXJuYW1lIn0.yM4LUpO1IG2qcek7gDX0IEhtZoK-f1EGdr0cnaWhvbLOZZH2gMJd6ex3FBVGC4pEm4HksvuIU05-wobO7Gigvw"]
             Body = null
    Session Attrs = {}

Handler:
             Type = appool.pool.project.user.controller.UserController
           Method = appool.pool.project.user.controller.UserController#getMyInfo(HttpServletResponse)

Async:
    Async started = false
     Async result = null

Resolved Exception:
             Type = null

ModelAndView:
        View name = null
             View = null
            Model = null

FlashMap:
       Attributes = null

MockHttpServletResponse:
           Status = 200
    Error message = null
          Headers = [Content-Type:"application/json", X-Content-Type-Options:"nosniff", X-XSS-Protection:"1; mode=block", Cache-Control:"no-cache, no-store, max-age=0, must-revalidate", Pragma:"no-cache", Expires:"0", X-Frame-Options:"SAMEORIGIN"]
     Content type = application/json
             Body = {"username":"username","nickName":"doha123","userStatus":"USER","follow":false,"userFollowerCount":0,"userFollowingCount":0}
    Forwarded URL = null
   Redirected URL = null
          Cookies = []
Hibernate: select pooluser0_.pool_user_id as pool_use1_6_, pooluser0_.create_date as create_d2_6_, pooluser0_.last_modified_date as last_mod3_6_, pooluser0_.birthday as birthday4_6_, pooluser0_.gender as gender5_6_, pooluser0_.nick_name as nick_nam6_6_, pooluser0_.password as password7_6_, pooluser0_.phone_number as phone_nu8_6_, pooluser0_.privacy_agreement as privacy_9_6_, pooluser0_.refresh_token as refresh10_6_, pooluser0_.term_agreement as term_ag11_6_, pooluser0_.user_status as user_st12_6_, pooluser0_.username as usernam13_6_ from pooluser pooluser0_ where pooluser0_.username=?
2022-08-10 11:25:42.452  INFO 68606 --- [    Test worker] o.s.t.c.transaction.TransactionContext   : Rolled back transaction for test: [DefaultTestContext@420307f9 testClass = UserControllerTest, testInstance = appool.pool.project.user.controller.UserControllerTest@79ae2d13, testMethod = 내정보조회_성공@UserControllerTest, testException = [null], mergedContextConfiguration = [WebMergedContextConfiguration@7e822c11 testClass = UserControllerTest, locations = '{}', classes = '{class appool.pool.project.ProjectApplication}', contextInitializerClasses = '[]', activeProfiles = '{}', propertySourceLocations = '{}', propertySourceProperties = '{org.springframework.boot.test.context.SpringBootTestContextBootstrapper=true}', contextCustomizers = set[org.springframework.boot.test.autoconfigure.actuate.metrics.MetricsExportContextCustomizerFactory$DisableMetricExportContextCustomizer@61544ae6, org.springframework.boot.test.autoconfigure.properties.PropertyMappingContextCustomizer@4b3fa0b3, org.springframework.boot.test.autoconfigure.web.servlet.WebDriverContextCustomizerFactory$Customizer@4c1f22f3, [ImportsContextCustomizer@5b810b54 key = [org.springframework.boot.test.autoconfigure.web.servlet.MockMvcAutoConfiguration, org.springframework.boot.test.autoconfigure.web.servlet.MockMvcWebClientAutoConfiguration, org.springframework.boot.test.autoconfigure.web.servlet.MockMvcWebDriverAutoConfiguration, org.springframework.boot.autoconfigure.security.oauth2.client.servlet.OAuth2ClientAutoConfiguration, org.springframework.boot.autoconfigure.security.oauth2.resource.servlet.OAuth2ResourceServerAutoConfiguration, org.springframework.boot.autoconfigure.security.servlet.SecurityAutoConfiguration, org.springframework.boot.autoconfigure.security.servlet.SecurityFilterAutoConfiguration, org.springframework.boot.autoconfigure.security.servlet.UserDetailsServiceAutoConfiguration, org.springframework.boot.test.autoconfigure.web.servlet.MockMvcSecurityConfiguration, org.springframework.boot.test.autoconfigure.web.reactive.WebTestClientAutoConfiguration]], org.springframework.boot.test.context.filter.ExcludeFilterContextCustomizer@7ae42ce3, org.springframework.boot.test.json.DuplicateJsonObjectContextCustomizerFactory$DuplicateJsonObjectContextCustomizer@38234a38, org.springframework.boot.test.mock.mockito.MockitoContextCustomizer@0, org.springframework.boot.test.web.client.TestRestTemplateContextCustomizer@e70f13a, org.springframework.boot.test.context.SpringBootTestArgs@1, org.springframework.boot.test.context.SpringBootTestWebEnvironment@d21a74c], resourceBasePath = 'src/main/webapp', contextLoader = 'org.springframework.boot.test.context.SpringBootContextLoader', parent = [null]], attributes = map['org.springframework.test.context.web.ServletTestExecutionListener.activateListener' -> true, 'org.springframework.test.context.web.ServletTestExecutionListener.populatedRequestContextHolder' -> true, 'org.springframework.test.context.web.ServletTestExecutionListener.resetRequestContextHolder' -> true, 'org.springframework.test.context.event.ApplicationEventsTestExecutionListener.recordApplicationEvents' -> false]]
2022-08-10 11:25:42.459  INFO 68606 --- [    Test worker] o.s.t.c.transaction.TransactionContext   : Began transaction (1) for test context [DefaultTestContext@420307f9 testClass = UserControllerTest, testInstance = appool.pool.project.user.controller.UserControllerTest@9a88a92, testMethod = test_signUp@UserControllerTest, testException = [null], mergedContextConfiguration = [WebMergedContextConfiguration@7e822c11 testClass = UserControllerTest, locations = '{}', classes = '{class appool.pool.project.ProjectApplication}', contextInitializerClasses = '[]', activeProfiles = '{}', propertySourceLocations = '{}', propertySourceProperties = '{org.springframework.boot.test.context.SpringBootTestContextBootstrapper=true}', contextCustomizers = set[org.springframework.boot.test.autoconfigure.actuate.metrics.MetricsExportContextCustomizerFactory$DisableMetricExportContextCustomizer@61544ae6, org.springframework.boot.test.autoconfigure.properties.PropertyMappingContextCustomizer@4b3fa0b3, org.springframework.boot.test.autoconfigure.web.servlet.WebDriverContextCustomizerFactory$Customizer@4c1f22f3, [ImportsContextCustomizer@5b810b54 key = [org.springframework.boot.test.autoconfigure.web.servlet.MockMvcAutoConfiguration, org.springframework.boot.test.autoconfigure.web.servlet.MockMvcWebClientAutoConfiguration, org.springframework.boot.test.autoconfigure.web.servlet.MockMvcWebDriverAutoConfiguration, org.springframework.boot.autoconfigure.security.oauth2.client.servlet.OAuth2ClientAutoConfiguration, org.springframework.boot.autoconfigure.security.oauth2.resource.servlet.OAuth2ResourceServerAutoConfiguration, org.springframework.boot.autoconfigure.security.servlet.SecurityAutoConfiguration, org.springframework.boot.autoconfigure.security.servlet.SecurityFilterAutoConfiguration, org.springframework.boot.autoconfigure.security.servlet.UserDetailsServiceAutoConfiguration, org.springframework.boot.test.autoconfigure.web.servlet.MockMvcSecurityConfiguration, org.springframework.boot.test.autoconfigure.web.reactive.WebTestClientAutoConfiguration]], org.springframework.boot.test.context.filter.ExcludeFilterContextCustomizer@7ae42ce3, org.springframework.boot.test.json.DuplicateJsonObjectContextCustomizerFactory$DuplicateJsonObjectContextCustomizer@38234a38, org.springframework.boot.test.mock.mockito.MockitoContextCustomizer@0, org.springframework.boot.test.web.client.TestRestTemplateContextCustomizer@e70f13a, org.springframework.boot.test.context.SpringBootTestArgs@1, org.springframework.boot.test.context.SpringBootTestWebEnvironment@d21a74c], resourceBasePath = 'src/main/webapp', contextLoader = 'org.springframework.boot.test.context.SpringBootContextLoader', parent = [null]], attributes = map['org.springframework.test.context.web.ServletTestExecutionListener.activateListener' -> true, 'org.springframework.test.context.web.ServletTestExecutionListener.populatedRequestContextHolder' -> true, 'org.springframework.test.context.web.ServletTestExecutionListener.resetRequestContextHolder' -> true, 'org.springframework.test.context.event.ApplicationEventsTestExecutionListener.recordApplicationEvents' -> false]]; transaction manager [org.springframework.orm.jpa.JpaTransactionManager@5f83b506]; rollback [true]
Hibernate: select pooluser0_.pool_user_id as pool_use1_6_, pooluser0_.create_date as create_d2_6_, pooluser0_.last_modified_date as last_mod3_6_, pooluser0_.birthday as birthday4_6_, pooluser0_.gender as gender5_6_, pooluser0_.nick_name as nick_nam6_6_, pooluser0_.password as password7_6_, pooluser0_.phone_number as phone_nu8_6_, pooluser0_.privacy_agreement as privacy_9_6_, pooluser0_.refresh_token as refresh10_6_, pooluser0_.term_agreement as term_ag11_6_, pooluser0_.user_status as user_st12_6_, pooluser0_.username as usernam13_6_ from pooluser pooluser0_ where pooluser0_.username=?
Hibernate: insert into pooluser (create_date, last_modified_date, birthday, gender, nick_name, password, phone_number, privacy_agreement, refresh_token, term_agreement, user_status, username) values (?, ?, ?, ?, ?, ?, ?, ?, ?, ?, ?, ?)
Hibernate: select pooluser0_.pool_user_id as pool_use1_6_, pooluser0_.create_date as create_d2_6_, pooluser0_.last_modified_date as last_mod3_6_, pooluser0_.birthday as birthday4_6_, pooluser0_.gender as gender5_6_, pooluser0_.nick_name as nick_nam6_6_, pooluser0_.password as password7_6_, pooluser0_.phone_number as phone_nu8_6_, pooluser0_.privacy_agreement as privacy_9_6_, pooluser0_.refresh_token as refresh10_6_, pooluser0_.term_agreement as term_ag11_6_, pooluser0_.user_status as user_st12_6_, pooluser0_.username as usernam13_6_ from pooluser pooluser0_ where pooluser0_.username=?
2022-08-10 11:25:42.670  INFO 68606 --- [    Test worker] o.s.t.c.transaction.TransactionContext   : Rolled back transaction for test: [DefaultTestContext@420307f9 testClass = UserControllerTest, testInstance = appool.pool.project.user.controller.UserControllerTest@9a88a92, testMethod = test_signUp@UserControllerTest, testException = [null], mergedContextConfiguration = [WebMergedContextConfiguration@7e822c11 testClass = UserControllerTest, locations = '{}', classes = '{class appool.pool.project.ProjectApplication}', contextInitializerClasses = '[]', activeProfiles = '{}', propertySourceLocations = '{}', propertySourceProperties = '{org.springframework.boot.test.context.SpringBootTestContextBootstrapper=true}', contextCustomizers = set[org.springframework.boot.test.autoconfigure.actuate.metrics.MetricsExportContextCustomizerFactory$DisableMetricExportContextCustomizer@61544ae6, org.springframework.boot.test.autoconfigure.properties.PropertyMappingContextCustomizer@4b3fa0b3, org.springframework.boot.test.autoconfigure.web.servlet.WebDriverContextCustomizerFactory$Customizer@4c1f22f3, [ImportsContextCustomizer@5b810b54 key = [org.springframework.boot.test.autoconfigure.web.servlet.MockMvcAutoConfiguration, org.springframework.boot.test.autoconfigure.web.servlet.MockMvcWebClientAutoConfiguration, org.springframework.boot.test.autoconfigure.web.servlet.MockMvcWebDriverAutoConfiguration, org.springframework.boot.autoconfigure.security.oauth2.client.servlet.OAuth2ClientAutoConfiguration, org.springframework.boot.autoconfigure.security.oauth2.resource.servlet.OAuth2ResourceServerAutoConfiguration, org.springframework.boot.autoconfigure.security.servlet.SecurityAutoConfiguration, org.springframework.boot.autoconfigure.security.servlet.SecurityFilterAutoConfiguration, org.springframework.boot.autoconfigure.security.servlet.UserDetailsServiceAutoConfiguration, org.springframework.boot.test.autoconfigure.web.servlet.MockMvcSecurityConfiguration, org.springframework.boot.test.autoconfigure.web.reactive.WebTestClientAutoConfiguration]], org.springframework.boot.test.context.filter.ExcludeFilterContextCustomizer@7ae42ce3, org.springframework.boot.test.json.DuplicateJsonObjectContextCustomizerFactory$DuplicateJsonObjectContextCustomizer@38234a38, org.springframework.boot.test.mock.mockito.MockitoContextCustomizer@0, org.springframework.boot.test.web.client.TestRestTemplateContextCustomizer@e70f13a, org.springframework.boot.test.context.SpringBootTestArgs@1, org.springframework.boot.test.context.SpringBootTestWebEnvironment@d21a74c], resourceBasePath = 'src/main/webapp', contextLoader = 'org.springframework.boot.test.context.SpringBootContextLoader', parent = [null]], attributes = map['org.springframework.test.context.web.ServletTestExecutionListener.activateListener' -> true, 'org.springframework.test.context.web.ServletTestExecutionListener.populatedRequestContextHolder' -> true, 'org.springframework.test.context.web.ServletTestExecutionListener.resetRequestContextHolder' -> true, 'org.springframework.test.context.event.ApplicationEventsTestExecutionListener.recordApplicationEvents' -> false]]
]]></system-out>
  <system-err><![CDATA[]]></system-err>
</testsuite>
