<?xml version="1.0" encoding="UTF-8"?>
<testsuite name="app.pool.project.ProjectApplicationTests" tests="1" skipped="0" failures="0" errors="0" timestamp="2022-07-20T06:37:39" hostname="MacBook-Pro-4.local" time="0.075">
  <properties/>
  <testcase name="contextLoads()" classname="app.pool.project.ProjectApplicationTests" time="0.075"/>
  <system-out><![CDATA[15:37:37.737 [Test worker] DEBUG org.springframework.test.context.BootstrapUtils - Instantiating CacheAwareContextLoaderDelegate from class [org.springframework.test.context.cache.DefaultCacheAwareContextLoaderDelegate]
15:37:37.741 [Test worker] DEBUG org.springframework.test.context.BootstrapUtils - Instantiating BootstrapContext using constructor [public org.springframework.test.context.support.DefaultBootstrapContext(java.lang.Class,org.springframework.test.context.CacheAwareContextLoaderDelegate)]
15:37:37.754 [Test worker] DEBUG org.springframework.test.context.BootstrapUtils - Instantiating TestContextBootstrapper for test class [app.pool.project.ProjectApplicationTests] from class [org.springframework.boot.test.context.SpringBootTestContextBootstrapper]
15:37:37.758 [Test worker] INFO org.springframework.boot.test.context.SpringBootTestContextBootstrapper - Neither @ContextConfiguration nor @ContextHierarchy found for test class [app.pool.project.ProjectApplicationTests], using SpringBootContextLoader
15:37:37.759 [Test worker] DEBUG org.springframework.test.context.support.AbstractContextLoader - Did not detect default resource location for test class [app.pool.project.ProjectApplicationTests]: class path resource [app/pool/project/ProjectApplicationTests-context.xml] does not exist
15:37:37.760 [Test worker] DEBUG org.springframework.test.context.support.AbstractContextLoader - Did not detect default resource location for test class [app.pool.project.ProjectApplicationTests]: class path resource [app/pool/project/ProjectApplicationTestsContext.groovy] does not exist
15:37:37.760 [Test worker] INFO org.springframework.test.context.support.AbstractContextLoader - Could not detect default resource locations for test class [app.pool.project.ProjectApplicationTests]: no resource found for suffixes {-context.xml, Context.groovy}.
15:37:37.760 [Test worker] INFO org.springframework.test.context.support.AnnotationConfigContextLoaderUtils - Could not detect default configuration classes for test class [app.pool.project.ProjectApplicationTests]: ProjectApplicationTests does not declare any static, non-private, non-final, nested classes annotated with @Configuration.
15:37:37.774 [Test worker] DEBUG org.springframework.test.context.support.ActiveProfilesUtils - Could not find an 'annotation declaring class' for annotation type [org.springframework.test.context.ActiveProfiles] and class [app.pool.project.ProjectApplicationTests]
15:37:37.795 [Test worker] DEBUG org.springframework.context.annotation.ClassPathScanningCandidateComponentProvider - Identified candidate component class: file [/Users/johnn/Desktop/2022/POOL/dev/build/classes/java/main/app/pool/project/ProjectApplication.class]
15:37:37.796 [Test worker] INFO org.springframework.boot.test.context.SpringBootTestContextBootstrapper - Found @SpringBootConfiguration app.pool.project.ProjectApplication for test class app.pool.project.ProjectApplicationTests
15:37:37.827 [Test worker] DEBUG org.springframework.boot.test.context.SpringBootTestContextBootstrapper - @TestExecutionListeners is not present for class [app.pool.project.ProjectApplicationTests]: using defaults.
15:37:37.827 [Test worker] INFO org.springframework.boot.test.context.SpringBootTestContextBootstrapper - Loaded default TestExecutionListener class names from location [META-INF/spring.factories]: [org.springframework.security.test.context.support.WithSecurityContextTestExecutionListener, org.springframework.security.test.context.support.ReactorContextTestExecutionListener, org.springframework.boot.test.autoconfigure.restdocs.RestDocsTestExecutionListener, org.springframework.boot.test.autoconfigure.web.client.MockRestServiceServerResetTestExecutionListener, org.springframework.boot.test.autoconfigure.web.servlet.MockMvcPrintOnlyOnFailureTestExecutionListener, org.springframework.boot.test.autoconfigure.web.servlet.WebDriverTestExecutionListener, org.springframework.boot.test.autoconfigure.webservices.client.MockWebServiceServerTestExecutionListener, org.springframework.boot.test.mock.mockito.MockitoTestExecutionListener, org.springframework.boot.test.mock.mockito.ResetMocksTestExecutionListener, org.springframework.test.context.web.ServletTestExecutionListener, org.springframework.test.context.support.DirtiesContextBeforeModesTestExecutionListener, org.springframework.test.context.event.ApplicationEventsTestExecutionListener, org.springframework.test.context.support.DependencyInjectionTestExecutionListener, org.springframework.test.context.support.DirtiesContextTestExecutionListener, org.springframework.test.context.transaction.TransactionalTestExecutionListener, org.springframework.test.context.jdbc.SqlScriptsTestExecutionListener, org.springframework.test.context.event.EventPublishingTestExecutionListener]
15:37:37.833 [Test worker] INFO org.springframework.boot.test.context.SpringBootTestContextBootstrapper - Using TestExecutionListeners: [org.springframework.test.context.web.ServletTestExecutionListener@44828f6b, org.springframework.test.context.support.DirtiesContextBeforeModesTestExecutionListener@2dbe250d, org.springframework.test.context.event.ApplicationEventsTestExecutionListener@553f1d75, org.springframework.boot.test.mock.mockito.MockitoTestExecutionListener@6e1d8f9e, org.springframework.boot.test.autoconfigure.SpringBootDependencyInjectionTestExecutionListener@3e34ace1, org.springframework.test.context.support.DirtiesContextTestExecutionListener@62fe6067, org.springframework.test.context.transaction.TransactionalTestExecutionListener@4f071df8, org.springframework.test.context.jdbc.SqlScriptsTestExecutionListener@4de41af9, org.springframework.security.test.context.support.WithSecurityContextTestExecutionListener@56ace400, org.springframework.test.context.event.EventPublishingTestExecutionListener@47404bea, org.springframework.security.test.context.support.ReactorContextTestExecutionListener@305f7627, org.springframework.boot.test.autoconfigure.restdocs.RestDocsTestExecutionListener@5d018107, org.springframework.boot.test.autoconfigure.web.client.MockRestServiceServerResetTestExecutionListener@6cbcf243, org.springframework.boot.test.autoconfigure.web.servlet.MockMvcPrintOnlyOnFailureTestExecutionListener@29e6eb25, org.springframework.boot.test.autoconfigure.web.servlet.WebDriverTestExecutionListener@62435e70, org.springframework.boot.test.autoconfigure.webservices.client.MockWebServiceServerTestExecutionListener@339bf286, org.springframework.boot.test.mock.mockito.ResetMocksTestExecutionListener@38be305c]
15:37:37.834 [Test worker] DEBUG org.springframework.test.context.support.AbstractDirtiesContextTestExecutionListener - Before test class: context [DefaultTestContext@5778826f testClass = ProjectApplicationTests, testInstance = [null], testMethod = [null], testException = [null], mergedContextConfiguration = [WebMergedContextConfiguration@5b64c4b7 testClass = ProjectApplicationTests, locations = '{}', classes = '{class app.pool.project.ProjectApplication}', contextInitializerClasses = '[]', activeProfiles = '{}', propertySourceLocations = '{}', propertySourceProperties = '{org.springframework.boot.test.context.SpringBootTestContextBootstrapper=true}', contextCustomizers = set[org.springframework.boot.test.autoconfigure.actuate.metrics.MetricsExportContextCustomizerFactory$DisableMetricExportContextCustomizer@4ae9cfc1, org.springframework.boot.test.autoconfigure.properties.PropertyMappingContextCustomizer@0, org.springframework.boot.test.autoconfigure.web.servlet.WebDriverContextCustomizerFactory$Customizer@5ba88be8, org.springframework.boot.test.context.filter.ExcludeFilterContextCustomizer@1603cd68, org.springframework.boot.test.json.DuplicateJsonObjectContextCustomizerFactory$DuplicateJsonObjectContextCustomizer@38089a5a, org.springframework.boot.test.mock.mockito.MockitoContextCustomizer@0, org.springframework.boot.test.web.client.TestRestTemplateContextCustomizer@602e0143, org.springframework.boot.test.context.SpringBootTestArgs@1, org.springframework.boot.test.context.SpringBootTestWebEnvironment@3af9c5b7], resourceBasePath = 'src/main/webapp', contextLoader = 'org.springframework.boot.test.context.SpringBootContextLoader', parent = [null]], attributes = map['org.springframework.test.context.web.ServletTestExecutionListener.activateListener' -> true]], class annotated with @DirtiesContext [false] with mode [null].

  .   ____          _            __ _ _
 /\\ / ___'_ __ _ _(_)_ __  __ _ \ \ \ \
( ( )\___ | '_ | '_| | '_ \/ _` | \ \ \ \
 \\/  ___)| |_)| | | | | || (_| |  ) ) ) )
  '  |____| .__|_| |_|_| |_\__, | / / / /
 =========|_|==============|___/=/_/_/_/
 :: Spring Boot ::                (v2.6.9)

2022-07-20 15:37:37.978  INFO 99257 --- [    Test worker] a.pool.project.ProjectApplicationTests   : Starting ProjectApplicationTests using Java 17.0.1 on MacBook-Pro-4.local with PID 99257 (started by johnn in /Users/johnn/Desktop/2022/POOL/dev)
2022-07-20 15:37:37.979  INFO 99257 --- [    Test worker] a.pool.project.ProjectApplicationTests   : The following 1 profile is active: "jwt"
2022-07-20 15:37:38.297  INFO 99257 --- [    Test worker] .s.d.r.c.RepositoryConfigurationDelegate : Bootstrapping Spring Data JPA repositories in DEFAULT mode.
2022-07-20 15:37:38.326  INFO 99257 --- [    Test worker] .s.d.r.c.RepositoryConfigurationDelegate : Finished Spring Data repository scanning in 26 ms. Found 3 JPA repository interfaces.
2022-07-20 15:37:38.523  INFO 99257 --- [    Test worker] com.zaxxer.hikari.HikariDataSource       : HikariPool-1 - Starting...
2022-07-20 15:37:38.591  INFO 99257 --- [    Test worker] com.zaxxer.hikari.HikariDataSource       : HikariPool-1 - Start completed.
2022-07-20 15:37:38.623  INFO 99257 --- [    Test worker] o.hibernate.jpa.internal.util.LogHelper  : HHH000204: Processing PersistenceUnitInfo [name: default]
2022-07-20 15:37:38.642  INFO 99257 --- [    Test worker] org.hibernate.Version                    : HHH000412: Hibernate ORM core version 5.6.9.Final
2022-07-20 15:37:38.700  INFO 99257 --- [    Test worker] o.hibernate.annotations.common.Version   : HCANN000001: Hibernate Commons Annotations {5.1.2.Final}
2022-07-20 15:37:38.745  INFO 99257 --- [    Test worker] org.hibernate.dialect.Dialect            : HHH000400: Using dialect: org.hibernate.dialect.H2Dialect
2022-07-20 15:37:39.018  INFO 99257 --- [    Test worker] o.h.e.t.j.p.i.JtaPlatformInitiator       : HHH000490: Using JtaPlatform implementation: [org.hibernate.engine.transaction.jta.platform.internal.NoJtaPlatform]
2022-07-20 15:37:39.021  INFO 99257 --- [    Test worker] j.LocalContainerEntityManagerFactoryBean : Initialized JPA EntityManagerFactory for persistence unit 'default'
2022-07-20 15:37:39.271  WARN 99257 --- [    Test worker] JpaBaseConfiguration$JpaWebConfiguration : spring.jpa.open-in-view is enabled by default. Therefore, database queries may be performed during view rendering. Explicitly configure spring.jpa.open-in-view to disable this warning
2022-07-20 15:37:39.374  INFO 99257 --- [    Test worker] o.s.s.web.DefaultSecurityFilterChain     : Will secure any request with [org.springframework.security.web.context.request.async.WebAsyncManagerIntegrationFilter@5e8e02a3, org.springframework.security.web.context.SecurityContextPersistenceFilter@167bae0b, org.springframework.security.web.header.HeaderWriterFilter@670aac24, app.pool.project.jwt.filter.JwtAuthenticationProcessingFilter@73dd3a46, org.springframework.security.web.authentication.logout.LogoutFilter@68fa8ea5, app.pool.project.login.filter.JsonUsernamePasswordAuthenticationFilter@394950ad, org.springframework.security.web.savedrequest.RequestCacheAwareFilter@294a12b5, org.springframework.security.web.servletapi.SecurityContextHolderAwareRequestFilter@52fed5b7, org.springframework.security.web.authentication.AnonymousAuthenticationFilter@a74c940, org.springframework.security.web.session.SessionManagementFilter@4a490518, org.springframework.security.web.access.ExceptionTranslationFilter@1164990a, org.springframework.security.web.access.intercept.FilterSecurityInterceptor@71ac5723]
2022-07-20 15:37:39.512  INFO 99257 --- [    Test worker] o.s.b.a.h2.H2ConsoleAutoConfiguration    : H2 console available at '/h2-console'. Database available at 'jdbc:h2:mem:pool'
2022-07-20 15:37:39.624  INFO 99257 --- [    Test worker] a.pool.project.ProjectApplicationTests   : Started ProjectApplicationTests in 1.774 seconds (JVM running for 2.197)
]]></system-out>
  <system-err><![CDATA[]]></system-err>
</testsuite>
