<?xml version="1.0" encoding="UTF-8"?>
<testsuite name="appool.pool.project.file.service.FileServiceTest" tests="1" skipped="0" failures="0" errors="0" timestamp="2022-07-29T02:52:01" hostname="MacBook-Pro-4.local" time="0.032">
  <properties/>
  <testcase name="파일_저장_성공()" classname="appool.pool.project.file.service.FileServiceTest" time="0.032"/>
  <system-out><![CDATA[2022-07-29 11:52:01.538  INFO 33841 --- [    Test worker] .b.t.c.SpringBootTestContextBootstrapper : Neither @ContextConfiguration nor @ContextHierarchy found for test class [appool.pool.project.file.service.FileServiceTest], using SpringBootContextLoader
2022-07-29 11:52:01.539  INFO 33841 --- [    Test worker] o.s.t.c.support.AbstractContextLoader    : Could not detect default resource locations for test class [appool.pool.project.file.service.FileServiceTest]: no resource found for suffixes {-context.xml, Context.groovy}.
2022-07-29 11:52:01.539  INFO 33841 --- [    Test worker] t.c.s.AnnotationConfigContextLoaderUtils : Could not detect default configuration classes for test class [appool.pool.project.file.service.FileServiceTest]: FileServiceTest does not declare any static, non-private, non-final, nested classes annotated with @Configuration.
2022-07-29 11:52:01.542  INFO 33841 --- [    Test worker] .b.t.c.SpringBootTestContextBootstrapper : Found @SpringBootConfiguration appool.pool.project.ProjectApplication for test class appool.pool.project.file.service.FileServiceTest
2022-07-29 11:52:01.543  INFO 33841 --- [    Test worker] .b.t.c.SpringBootTestContextBootstrapper : Loaded default TestExecutionListener class names from location [META-INF/spring.factories]: [org.springframework.security.test.context.support.WithSecurityContextTestExecutionListener, org.springframework.security.test.context.support.ReactorContextTestExecutionListener, org.springframework.boot.test.autoconfigure.restdocs.RestDocsTestExecutionListener, org.springframework.boot.test.autoconfigure.web.client.MockRestServiceServerResetTestExecutionListener, org.springframework.boot.test.autoconfigure.web.servlet.MockMvcPrintOnlyOnFailureTestExecutionListener, org.springframework.boot.test.autoconfigure.web.servlet.WebDriverTestExecutionListener, org.springframework.boot.test.autoconfigure.webservices.client.MockWebServiceServerTestExecutionListener, org.springframework.boot.test.mock.mockito.MockitoTestExecutionListener, org.springframework.boot.test.mock.mockito.ResetMocksTestExecutionListener, org.springframework.test.context.web.ServletTestExecutionListener, org.springframework.test.context.support.DirtiesContextBeforeModesTestExecutionListener, org.springframework.test.context.event.ApplicationEventsTestExecutionListener, org.springframework.test.context.support.DependencyInjectionTestExecutionListener, org.springframework.test.context.support.DirtiesContextTestExecutionListener, org.springframework.test.context.transaction.TransactionalTestExecutionListener, org.springframework.test.context.jdbc.SqlScriptsTestExecutionListener, org.springframework.test.context.event.EventPublishingTestExecutionListener]
2022-07-29 11:52:01.543  INFO 33841 --- [    Test worker] .b.t.c.SpringBootTestContextBootstrapper : Using TestExecutionListeners: [org.springframework.test.context.web.ServletTestExecutionListener@1e08f0cd, org.springframework.test.context.support.DirtiesContextBeforeModesTestExecutionListener@b768e4d, org.springframework.test.context.event.ApplicationEventsTestExecutionListener@ab7ac41, org.springframework.boot.test.mock.mockito.MockitoTestExecutionListener@5ad67d82, org.springframework.boot.test.autoconfigure.SpringBootDependencyInjectionTestExecutionListener@301608d, org.springframework.test.context.support.DirtiesContextTestExecutionListener@3c3a8246, org.springframework.test.context.transaction.TransactionalTestExecutionListener@bd8f424, org.springframework.test.context.jdbc.SqlScriptsTestExecutionListener@620ba2b0, org.springframework.security.test.context.support.WithSecurityContextTestExecutionListener@6a06b374, org.springframework.test.context.event.EventPublishingTestExecutionListener@2c634c0, org.springframework.security.test.context.support.ReactorContextTestExecutionListener@4e739968, org.springframework.boot.test.autoconfigure.restdocs.RestDocsTestExecutionListener@71d2bc34, org.springframework.boot.test.autoconfigure.web.client.MockRestServiceServerResetTestExecutionListener@2e903c69, org.springframework.boot.test.autoconfigure.web.servlet.MockMvcPrintOnlyOnFailureTestExecutionListener@1dc37d4f, org.springframework.boot.test.autoconfigure.web.servlet.WebDriverTestExecutionListener@4f290f46, org.springframework.boot.test.autoconfigure.webservices.client.MockWebServiceServerTestExecutionListener@2bfe398b, org.springframework.boot.test.mock.mockito.ResetMocksTestExecutionListener@4a23be9]
]]></system-out>
  <system-err><![CDATA[]]></system-err>
</testsuite>
