<?xml version="1.0" encoding="UTF-8"?>
<testsuite name="appool.pool.project.file.service.FileServiceTest" tests="1" skipped="0" failures="0" errors="0" timestamp="2022-07-26T05:05:49" hostname="MacBook-Pro-4.local" time="0.035">
  <properties/>
  <testcase name="파일_저장_성공()" classname="appool.pool.project.file.service.FileServiceTest" time="0.035"/>
  <system-out><![CDATA[2022-07-26 14:05:49.802  INFO 13883 --- [    Test worker] .b.t.c.SpringBootTestContextBootstrapper : Neither @ContextConfiguration nor @ContextHierarchy found for test class [appool.pool.project.file.service.FileServiceTest], using SpringBootContextLoader
2022-07-26 14:05:49.802  INFO 13883 --- [    Test worker] o.s.t.c.support.AbstractContextLoader    : Could not detect default resource locations for test class [appool.pool.project.file.service.FileServiceTest]: no resource found for suffixes {-context.xml, Context.groovy}.
2022-07-26 14:05:49.802  INFO 13883 --- [    Test worker] t.c.s.AnnotationConfigContextLoaderUtils : Could not detect default configuration classes for test class [appool.pool.project.file.service.FileServiceTest]: FileServiceTest does not declare any static, non-private, non-final, nested classes annotated with @Configuration.
2022-07-26 14:05:49.804  INFO 13883 --- [    Test worker] .b.t.c.SpringBootTestContextBootstrapper : Found @SpringBootConfiguration appool.pool.project.ProjectApplication for test class appool.pool.project.file.service.FileServiceTest
2022-07-26 14:05:49.805  INFO 13883 --- [    Test worker] .b.t.c.SpringBootTestContextBootstrapper : Loaded default TestExecutionListener class names from location [META-INF/spring.factories]: [org.springframework.security.test.context.support.WithSecurityContextTestExecutionListener, org.springframework.security.test.context.support.ReactorContextTestExecutionListener, org.springframework.boot.test.autoconfigure.restdocs.RestDocsTestExecutionListener, org.springframework.boot.test.autoconfigure.web.client.MockRestServiceServerResetTestExecutionListener, org.springframework.boot.test.autoconfigure.web.servlet.MockMvcPrintOnlyOnFailureTestExecutionListener, org.springframework.boot.test.autoconfigure.web.servlet.WebDriverTestExecutionListener, org.springframework.boot.test.autoconfigure.webservices.client.MockWebServiceServerTestExecutionListener, org.springframework.boot.test.mock.mockito.MockitoTestExecutionListener, org.springframework.boot.test.mock.mockito.ResetMocksTestExecutionListener, org.springframework.test.context.web.ServletTestExecutionListener, org.springframework.test.context.support.DirtiesContextBeforeModesTestExecutionListener, org.springframework.test.context.event.ApplicationEventsTestExecutionListener, org.springframework.test.context.support.DependencyInjectionTestExecutionListener, org.springframework.test.context.support.DirtiesContextTestExecutionListener, org.springframework.test.context.transaction.TransactionalTestExecutionListener, org.springframework.test.context.jdbc.SqlScriptsTestExecutionListener, org.springframework.test.context.event.EventPublishingTestExecutionListener]
2022-07-26 14:05:49.806  INFO 13883 --- [    Test worker] .b.t.c.SpringBootTestContextBootstrapper : Using TestExecutionListeners: [org.springframework.test.context.web.ServletTestExecutionListener@31b6eec8, org.springframework.test.context.support.DirtiesContextBeforeModesTestExecutionListener@3abd7b20, org.springframework.test.context.event.ApplicationEventsTestExecutionListener@329a27ae, org.springframework.boot.test.mock.mockito.MockitoTestExecutionListener@589a82af, org.springframework.boot.test.autoconfigure.SpringBootDependencyInjectionTestExecutionListener@5edce7da, org.springframework.test.context.support.DirtiesContextTestExecutionListener@f69e35a, org.springframework.test.context.transaction.TransactionalTestExecutionListener@6c2d124e, org.springframework.test.context.jdbc.SqlScriptsTestExecutionListener@602e7a9e, org.springframework.security.test.context.support.WithSecurityContextTestExecutionListener@59f5a376, org.springframework.test.context.event.EventPublishingTestExecutionListener@19c6e821, org.springframework.security.test.context.support.ReactorContextTestExecutionListener@1dfd3635, org.springframework.boot.test.autoconfigure.restdocs.RestDocsTestExecutionListener@e14559e, org.springframework.boot.test.autoconfigure.web.client.MockRestServiceServerResetTestExecutionListener@7a0eb939, org.springframework.boot.test.autoconfigure.web.servlet.MockMvcPrintOnlyOnFailureTestExecutionListener@54a7d1b9, org.springframework.boot.test.autoconfigure.web.servlet.WebDriverTestExecutionListener@209f0986, org.springframework.boot.test.autoconfigure.webservices.client.MockWebServiceServerTestExecutionListener@c0b10ae, org.springframework.boot.test.mock.mockito.ResetMocksTestExecutionListener@3c3a767]
]]></system-out>
  <system-err><![CDATA[]]></system-err>
</testsuite>
