<?xml version="1.0" encoding="UTF-8"?>
<testsuite name="appool.pool.project.file.service.FileServiceTest" tests="1" skipped="0" failures="0" errors="0" timestamp="2022-07-27T09:25:51" hostname="MacBook-Pro-4.local" time="0.027">
  <properties/>
  <testcase name="파일_저장_성공()" classname="appool.pool.project.file.service.FileServiceTest" time="0.027"/>
  <system-out><![CDATA[2022-07-27 18:25:51.991  INFO 24319 --- [    Test worker] .b.t.c.SpringBootTestContextBootstrapper : Neither @ContextConfiguration nor @ContextHierarchy found for test class [appool.pool.project.file.service.FileServiceTest], using SpringBootContextLoader
2022-07-27 18:25:51.992  INFO 24319 --- [    Test worker] o.s.t.c.support.AbstractContextLoader    : Could not detect default resource locations for test class [appool.pool.project.file.service.FileServiceTest]: no resource found for suffixes {-context.xml, Context.groovy}.
2022-07-27 18:25:51.992  INFO 24319 --- [    Test worker] t.c.s.AnnotationConfigContextLoaderUtils : Could not detect default configuration classes for test class [appool.pool.project.file.service.FileServiceTest]: FileServiceTest does not declare any static, non-private, non-final, nested classes annotated with @Configuration.
2022-07-27 18:25:51.993  INFO 24319 --- [    Test worker] .b.t.c.SpringBootTestContextBootstrapper : Found @SpringBootConfiguration appool.pool.project.ProjectApplication for test class appool.pool.project.file.service.FileServiceTest
2022-07-27 18:25:51.994  INFO 24319 --- [    Test worker] .b.t.c.SpringBootTestContextBootstrapper : Loaded default TestExecutionListener class names from location [META-INF/spring.factories]: [org.springframework.security.test.context.support.WithSecurityContextTestExecutionListener, org.springframework.security.test.context.support.ReactorContextTestExecutionListener, org.springframework.boot.test.autoconfigure.restdocs.RestDocsTestExecutionListener, org.springframework.boot.test.autoconfigure.web.client.MockRestServiceServerResetTestExecutionListener, org.springframework.boot.test.autoconfigure.web.servlet.MockMvcPrintOnlyOnFailureTestExecutionListener, org.springframework.boot.test.autoconfigure.web.servlet.WebDriverTestExecutionListener, org.springframework.boot.test.autoconfigure.webservices.client.MockWebServiceServerTestExecutionListener, org.springframework.boot.test.mock.mockito.MockitoTestExecutionListener, org.springframework.boot.test.mock.mockito.ResetMocksTestExecutionListener, org.springframework.test.context.web.ServletTestExecutionListener, org.springframework.test.context.support.DirtiesContextBeforeModesTestExecutionListener, org.springframework.test.context.event.ApplicationEventsTestExecutionListener, org.springframework.test.context.support.DependencyInjectionTestExecutionListener, org.springframework.test.context.support.DirtiesContextTestExecutionListener, org.springframework.test.context.transaction.TransactionalTestExecutionListener, org.springframework.test.context.jdbc.SqlScriptsTestExecutionListener, org.springframework.test.context.event.EventPublishingTestExecutionListener]
2022-07-27 18:25:51.995  INFO 24319 --- [    Test worker] .b.t.c.SpringBootTestContextBootstrapper : Using TestExecutionListeners: [org.springframework.test.context.web.ServletTestExecutionListener@4af0ae2c, org.springframework.test.context.support.DirtiesContextBeforeModesTestExecutionListener@13446044, org.springframework.test.context.event.ApplicationEventsTestExecutionListener@705ebb4d, org.springframework.boot.test.mock.mockito.MockitoTestExecutionListener@32a29361, org.springframework.boot.test.autoconfigure.SpringBootDependencyInjectionTestExecutionListener@7d6ccad7, org.springframework.test.context.support.DirtiesContextTestExecutionListener@4d9ad37e, org.springframework.test.context.transaction.TransactionalTestExecutionListener@481b8d53, org.springframework.test.context.jdbc.SqlScriptsTestExecutionListener@6e8426aa, org.springframework.security.test.context.support.WithSecurityContextTestExecutionListener@752573df, org.springframework.test.context.event.EventPublishingTestExecutionListener@6ebf5f26, org.springframework.security.test.context.support.ReactorContextTestExecutionListener@7a5a26b7, org.springframework.boot.test.autoconfigure.restdocs.RestDocsTestExecutionListener@3524ee20, org.springframework.boot.test.autoconfigure.web.client.MockRestServiceServerResetTestExecutionListener@6bc1c8d0, org.springframework.boot.test.autoconfigure.web.servlet.MockMvcPrintOnlyOnFailureTestExecutionListener@7f93fce1, org.springframework.boot.test.autoconfigure.web.servlet.WebDriverTestExecutionListener@5457123a, org.springframework.boot.test.autoconfigure.webservices.client.MockWebServiceServerTestExecutionListener@4690a37e, org.springframework.boot.test.mock.mockito.ResetMocksTestExecutionListener@23f27434]
]]></system-out>
  <system-err><![CDATA[]]></system-err>
</testsuite>
