<?xml version="1.0" encoding="UTF-8"?>
<testsuite name="appool.pool.project.controller.MessageControllerDocTest" tests="1" skipped="0" failures="0" errors="0" timestamp="2022-07-22T07:34:59" hostname="MacBook-Pro-4.local" time="0.111">
  <properties/>
  <testcase name="메시지 작성" classname="appool.pool.project.controller.MessageControllerDocTest" time="0.111"/>
  <system-out><![CDATA[2022-07-22 16:34:59.008  INFO 16816 --- [    Test worker] .b.t.c.SpringBootTestContextBootstrapper : Neither @ContextConfiguration nor @ContextHierarchy found for test class [appool.pool.project.controller.MessageControllerDocTest], using SpringBootContextLoader
2022-07-22 16:34:59.008  INFO 16816 --- [    Test worker] o.s.t.c.support.AbstractContextLoader    : Could not detect default resource locations for test class [appool.pool.project.controller.MessageControllerDocTest]: no resource found for suffixes {-context.xml, Context.groovy}.
2022-07-22 16:34:59.008  INFO 16816 --- [    Test worker] t.c.s.AnnotationConfigContextLoaderUtils : Could not detect default configuration classes for test class [appool.pool.project.controller.MessageControllerDocTest]: MessageControllerDocTest does not declare any static, non-private, non-final, nested classes annotated with @Configuration.
2022-07-22 16:34:59.013  INFO 16816 --- [    Test worker] .b.t.c.SpringBootTestContextBootstrapper : Found @SpringBootConfiguration appool.pool.project.ProjectApplication for test class appool.pool.project.controller.MessageControllerDocTest
2022-07-22 16:34:59.014  INFO 16816 --- [    Test worker] .b.t.c.SpringBootTestContextBootstrapper : Loaded default TestExecutionListener class names from location [META-INF/spring.factories]: [org.springframework.security.test.context.support.WithSecurityContextTestExecutionListener, org.springframework.security.test.context.support.ReactorContextTestExecutionListener, org.springframework.boot.test.autoconfigure.restdocs.RestDocsTestExecutionListener, org.springframework.boot.test.autoconfigure.web.client.MockRestServiceServerResetTestExecutionListener, org.springframework.boot.test.autoconfigure.web.servlet.MockMvcPrintOnlyOnFailureTestExecutionListener, org.springframework.boot.test.autoconfigure.web.servlet.WebDriverTestExecutionListener, org.springframework.boot.test.autoconfigure.webservices.client.MockWebServiceServerTestExecutionListener, org.springframework.boot.test.mock.mockito.MockitoTestExecutionListener, org.springframework.boot.test.mock.mockito.ResetMocksTestExecutionListener, org.springframework.test.context.web.ServletTestExecutionListener, org.springframework.test.context.support.DirtiesContextBeforeModesTestExecutionListener, org.springframework.test.context.event.ApplicationEventsTestExecutionListener, org.springframework.test.context.support.DependencyInjectionTestExecutionListener, org.springframework.test.context.support.DirtiesContextTestExecutionListener, org.springframework.test.context.transaction.TransactionalTestExecutionListener, org.springframework.test.context.jdbc.SqlScriptsTestExecutionListener, org.springframework.test.context.event.EventPublishingTestExecutionListener]
2022-07-22 16:34:59.015  INFO 16816 --- [    Test worker] .b.t.c.SpringBootTestContextBootstrapper : Using TestExecutionListeners: [org.springframework.test.context.web.ServletTestExecutionListener@57d0c779, org.springframework.test.context.support.DirtiesContextBeforeModesTestExecutionListener@3070f59f, org.springframework.test.context.event.ApplicationEventsTestExecutionListener@2f16c21f, org.springframework.boot.test.mock.mockito.MockitoTestExecutionListener@2314f013, org.springframework.boot.test.autoconfigure.SpringBootDependencyInjectionTestExecutionListener@72ae1007, org.springframework.test.context.support.DirtiesContextTestExecutionListener@4545cfc0, org.springframework.test.context.transaction.TransactionalTestExecutionListener@5cdafb4d, org.springframework.test.context.jdbc.SqlScriptsTestExecutionListener@58ca1cad, org.springframework.security.test.context.support.WithSecurityContextTestExecutionListener@5ae6119b, org.springframework.test.context.event.EventPublishingTestExecutionListener@31b6eec8, org.springframework.security.test.context.support.ReactorContextTestExecutionListener@3abd7b20, org.springframework.boot.test.autoconfigure.restdocs.RestDocsTestExecutionListener@329a27ae, org.springframework.boot.test.autoconfigure.web.client.MockRestServiceServerResetTestExecutionListener@589a82af, org.springframework.boot.test.autoconfigure.web.servlet.MockMvcPrintOnlyOnFailureTestExecutionListener@5edce7da, org.springframework.boot.test.autoconfigure.web.servlet.WebDriverTestExecutionListener@f69e35a, org.springframework.boot.test.autoconfigure.webservices.client.MockWebServiceServerTestExecutionListener@6c2d124e, org.springframework.boot.test.mock.mockito.ResetMocksTestExecutionListener@602e7a9e]

  .   ____          _            __ _ _
 /\\ / ___'_ __ _ _(_)_ __  __ _ \ \ \ \
( ( )\___ | '_ | '_| | '_ \/ _` | \ \ \ \
 \\/  ___)| |_)| | | | | || (_| |  ) ) ) )
  '  |____| .__|_| |_|_| |_\__, | / / / /
 =========|_|==============|___/=/_/_/_/
 :: Spring Boot ::                (v2.6.9)

2022-07-22 16:34:59.026  INFO 16816 --- [    Test worker] a.p.p.c.MessageControllerDocTest         : Starting MessageControllerDocTest using Java 17.0.1 on MacBook-Pro-4.local with PID 16816 (started by johnn in /Users/johnn/Desktop/2022/POOL/dev)
2022-07-22 16:34:59.027  INFO 16816 --- [    Test worker] a.p.p.c.MessageControllerDocTest         : The following 1 profile is active: "jwt"
2022-07-22 16:34:59.100  INFO 16816 --- [    Test worker] .s.d.r.c.RepositoryConfigurationDelegate : Bootstrapping Spring Data JPA repositories in DEFAULT mode.
2022-07-22 16:34:59.109  INFO 16816 --- [    Test worker] .s.d.r.c.RepositoryConfigurationDelegate : Finished Spring Data repository scanning in 9 ms. Found 3 JPA repository interfaces.
2022-07-22 16:34:59.169  INFO 16816 --- [    Test worker] com.zaxxer.hikari.HikariDataSource       : HikariPool-2 - Starting...
2022-07-22 16:34:59.170  INFO 16816 --- [    Test worker] com.zaxxer.hikari.HikariDataSource       : HikariPool-2 - Start completed.
2022-07-22 16:34:59.175  INFO 16816 --- [    Test worker] o.hibernate.jpa.internal.util.LogHelper  : HHH000204: Processing PersistenceUnitInfo [name: default]
2022-07-22 16:34:59.176  INFO 16816 --- [    Test worker] org.hibernate.dialect.Dialect            : HHH000400: Using dialect: org.hibernate.dialect.H2Dialect
2022-07-22 16:34:59.212  INFO 16816 --- [    Test worker] o.h.e.t.j.p.i.JtaPlatformInitiator       : HHH000490: Using JtaPlatform implementation: [org.hibernate.engine.transaction.jta.platform.internal.NoJtaPlatform]
2022-07-22 16:34:59.213  INFO 16816 --- [    Test worker] j.LocalContainerEntityManagerFactoryBean : Initialized JPA EntityManagerFactory for persistence unit 'default'
2022-07-22 16:34:59.280  WARN 16816 --- [    Test worker] JpaBaseConfiguration$JpaWebConfiguration : spring.jpa.open-in-view is enabled by default. Therefore, database queries may be performed during view rendering. Explicitly configure spring.jpa.open-in-view to disable this warning
2022-07-22 16:34:59.318  INFO 16816 --- [    Test worker] o.s.s.web.DefaultSecurityFilterChain     : Will secure any request with [org.springframework.security.web.context.request.async.WebAsyncManagerIntegrationFilter@7bb996e0, org.springframework.security.web.context.SecurityContextPersistenceFilter@206a465f, org.springframework.security.web.header.HeaderWriterFilter@6f8281e6, appool.pool.project.jwt.filter.JwtAuthenticationProcessingFilter@6a0d47e8, org.springframework.security.web.authentication.logout.LogoutFilter@feb57b4, appool.pool.project.login.filter.JsonUsernamePasswordAuthenticationFilter@179cdf4f, org.springframework.security.web.savedrequest.RequestCacheAwareFilter@c509742, org.springframework.security.web.servletapi.SecurityContextHolderAwareRequestFilter@77a6aa9f, org.springframework.security.web.authentication.AnonymousAuthenticationFilter@da2303c, org.springframework.security.web.session.SessionManagementFilter@1d12eff1, org.springframework.security.web.access.ExceptionTranslationFilter@4ecc4b43, org.springframework.security.web.access.intercept.FilterSecurityInterceptor@6f7e5e11]
2022-07-22 16:34:59.363  INFO 16816 --- [    Test worker] o.s.b.a.h2.H2ConsoleAutoConfiguration    : H2 console available at '/h2-console'. Database available at 'jdbc:h2:mem:pool'
2022-07-22 16:34:59.431  INFO 16816 --- [    Test worker] o.s.b.t.m.w.SpringBootMockServletContext : Initializing Spring TestDispatcherServlet ''
2022-07-22 16:34:59.431  INFO 16816 --- [    Test worker] o.s.t.web.servlet.TestDispatcherServlet  : Initializing Servlet ''
2022-07-22 16:34:59.431  INFO 16816 --- [    Test worker] o.s.t.web.servlet.TestDispatcherServlet  : Completed initialization in 0 ms
2022-07-22 16:34:59.435  INFO 16816 --- [    Test worker] a.p.p.c.MessageControllerDocTest         : Started MessageControllerDocTest in 0.419 seconds (JVM running for 2.965)

MockHttpServletRequest:
      HTTP Method = POST
      Request URI = /messages
       Parameters = {}
          Headers = [Content-Type:"application/json", Accept:"application/json", Content-Length:"98"]
             Body = <no character encoding set>
    Session Attrs = {}

Handler:
             Type = appool.pool.project.message.controller.MessageController
           Method = appool.pool.project.message.controller.MessageController#message(MessageCreate)

Async:
    Async started = false
     Async result = null

Resolved Exception:
             Type = null

ModelAndView:
        View name = null
             View = null
            Model = null

FlashMap:
       Attributes = null

MockHttpServletResponse:
           Status = 200
    Error message = null
          Headers = [Vary:"Origin", "Access-Control-Request-Method", "Access-Control-Request-Headers"]
     Content type = null
             Body = 
    Forwarded URL = null
   Redirected URL = null
          Cookies = []
]]></system-out>
  <system-err><![CDATA[]]></system-err>
</testsuite>
