<?xml version="1.0" encoding="UTF-8"?>
<testsuite name="appool.pool.project.file.service.FileServiceTest" tests="1" skipped="0" failures="0" errors="0" timestamp="2022-07-26T06:18:10" hostname="MacBook-Pro-4.local" time="0.034">
  <properties/>
  <testcase name="파일_저장_성공()" classname="appool.pool.project.file.service.FileServiceTest" time="0.034"/>
  <system-out><![CDATA[2022-07-26 15:18:10.599  INFO 15418 --- [    Test worker] .b.t.c.SpringBootTestContextBootstrapper : Neither @ContextConfiguration nor @ContextHierarchy found for test class [appool.pool.project.file.service.FileServiceTest], using SpringBootContextLoader
2022-07-26 15:18:10.599  INFO 15418 --- [    Test worker] o.s.t.c.support.AbstractContextLoader    : Could not detect default resource locations for test class [appool.pool.project.file.service.FileServiceTest]: no resource found for suffixes {-context.xml, Context.groovy}.
2022-07-26 15:18:10.599  INFO 15418 --- [    Test worker] t.c.s.AnnotationConfigContextLoaderUtils : Could not detect default configuration classes for test class [appool.pool.project.file.service.FileServiceTest]: FileServiceTest does not declare any static, non-private, non-final, nested classes annotated with @Configuration.
2022-07-26 15:18:10.601  INFO 15418 --- [    Test worker] .b.t.c.SpringBootTestContextBootstrapper : Found @SpringBootConfiguration appool.pool.project.ProjectApplication for test class appool.pool.project.file.service.FileServiceTest
2022-07-26 15:18:10.602  INFO 15418 --- [    Test worker] .b.t.c.SpringBootTestContextBootstrapper : Loaded default TestExecutionListener class names from location [META-INF/spring.factories]: [org.springframework.security.test.context.support.WithSecurityContextTestExecutionListener, org.springframework.security.test.context.support.ReactorContextTestExecutionListener, org.springframework.boot.test.autoconfigure.restdocs.RestDocsTestExecutionListener, org.springframework.boot.test.autoconfigure.web.client.MockRestServiceServerResetTestExecutionListener, org.springframework.boot.test.autoconfigure.web.servlet.MockMvcPrintOnlyOnFailureTestExecutionListener, org.springframework.boot.test.autoconfigure.web.servlet.WebDriverTestExecutionListener, org.springframework.boot.test.autoconfigure.webservices.client.MockWebServiceServerTestExecutionListener, org.springframework.boot.test.mock.mockito.MockitoTestExecutionListener, org.springframework.boot.test.mock.mockito.ResetMocksTestExecutionListener, org.springframework.test.context.web.ServletTestExecutionListener, org.springframework.test.context.support.DirtiesContextBeforeModesTestExecutionListener, org.springframework.test.context.event.ApplicationEventsTestExecutionListener, org.springframework.test.context.support.DependencyInjectionTestExecutionListener, org.springframework.test.context.support.DirtiesContextTestExecutionListener, org.springframework.test.context.transaction.TransactionalTestExecutionListener, org.springframework.test.context.jdbc.SqlScriptsTestExecutionListener, org.springframework.test.context.event.EventPublishingTestExecutionListener]
2022-07-26 15:18:10.602  INFO 15418 --- [    Test worker] .b.t.c.SpringBootTestContextBootstrapper : Using TestExecutionListeners: [org.springframework.test.context.web.ServletTestExecutionListener@6c2d124e, org.springframework.test.context.support.DirtiesContextBeforeModesTestExecutionListener@602e7a9e, org.springframework.test.context.event.ApplicationEventsTestExecutionListener@59f5a376, org.springframework.boot.test.mock.mockito.MockitoTestExecutionListener@19c6e821, org.springframework.boot.test.autoconfigure.SpringBootDependencyInjectionTestExecutionListener@1dfd3635, org.springframework.test.context.support.DirtiesContextTestExecutionListener@e14559e, org.springframework.test.context.transaction.TransactionalTestExecutionListener@7a0eb939, org.springframework.test.context.jdbc.SqlScriptsTestExecutionListener@54a7d1b9, org.springframework.security.test.context.support.WithSecurityContextTestExecutionListener@209f0986, org.springframework.test.context.event.EventPublishingTestExecutionListener@c0b10ae, org.springframework.security.test.context.support.ReactorContextTestExecutionListener@3c3a767, org.springframework.boot.test.autoconfigure.restdocs.RestDocsTestExecutionListener@698394bf, org.springframework.boot.test.autoconfigure.web.client.MockRestServiceServerResetTestExecutionListener@31887330, org.springframework.boot.test.autoconfigure.web.servlet.MockMvcPrintOnlyOnFailureTestExecutionListener@65528bcf, org.springframework.boot.test.autoconfigure.web.servlet.WebDriverTestExecutionListener@7bb4f09d, org.springframework.boot.test.autoconfigure.webservices.client.MockWebServiceServerTestExecutionListener@ee7a538, org.springframework.boot.test.mock.mockito.ResetMocksTestExecutionListener@7c045627]
]]></system-out>
  <system-err><![CDATA[]]></system-err>
</testsuite>
