<?xml version="1.0" encoding="UTF-8"?>
<testsuite name="appool.pool.project.user.controller.UserControllerTest" tests="4" skipped="0" failures="0" errors="0" timestamp="2022-08-12T02:43:25" hostname="MacBook-Pro-4.local" time="1.342">
  <properties/>
  <testcase name="회원가입_실패_필드가_없음()" classname="appool.pool.project.user.controller.UserControllerTest" time="0.25"/>
  <testcase name="회원정보조회_실패_없는회원조회()" classname="appool.pool.project.user.controller.UserControllerTest" time="0.526"/>
  <testcase name="내정보조회_성공()" classname="appool.pool.project.user.controller.UserControllerTest" time="0.446"/>
  <testcase name="test_signUp()" classname="appool.pool.project.user.controller.UserControllerTest" time="0.117"/>
  <system-out><![CDATA[2022-08-12 11:43:24.293  INFO 88276 --- [    Test worker] .b.t.c.SpringBootTestContextBootstrapper : Neither @ContextConfiguration nor @ContextHierarchy found for test class [appool.pool.project.user.controller.UserControllerTest], using SpringBootContextLoader
2022-08-12 11:43:24.293  INFO 88276 --- [    Test worker] o.s.t.c.support.AbstractContextLoader    : Could not detect default resource locations for test class [appool.pool.project.user.controller.UserControllerTest]: no resource found for suffixes {-context.xml, Context.groovy}.
2022-08-12 11:43:24.293  INFO 88276 --- [    Test worker] t.c.s.AnnotationConfigContextLoaderUtils : Could not detect default configuration classes for test class [appool.pool.project.user.controller.UserControllerTest]: UserControllerTest does not declare any static, non-private, non-final, nested classes annotated with @Configuration.
2022-08-12 11:43:24.298  INFO 88276 --- [    Test worker] .b.t.c.SpringBootTestContextBootstrapper : Found @SpringBootConfiguration appool.pool.project.ProjectApplication for test class appool.pool.project.user.controller.UserControllerTest
2022-08-12 11:43:24.299  INFO 88276 --- [    Test worker] .b.t.c.SpringBootTestContextBootstrapper : Loaded default TestExecutionListener class names from location [META-INF/spring.factories]: [org.springframework.security.test.context.support.WithSecurityContextTestExecutionListener, org.springframework.security.test.context.support.ReactorContextTestExecutionListener, org.springframework.boot.test.autoconfigure.restdocs.RestDocsTestExecutionListener, org.springframework.boot.test.autoconfigure.web.client.MockRestServiceServerResetTestExecutionListener, org.springframework.boot.test.autoconfigure.web.servlet.MockMvcPrintOnlyOnFailureTestExecutionListener, org.springframework.boot.test.autoconfigure.web.servlet.WebDriverTestExecutionListener, org.springframework.boot.test.autoconfigure.webservices.client.MockWebServiceServerTestExecutionListener, org.springframework.boot.test.mock.mockito.MockitoTestExecutionListener, org.springframework.boot.test.mock.mockito.ResetMocksTestExecutionListener, org.springframework.test.context.web.ServletTestExecutionListener, org.springframework.test.context.support.DirtiesContextBeforeModesTestExecutionListener, org.springframework.test.context.event.ApplicationEventsTestExecutionListener, org.springframework.test.context.support.DependencyInjectionTestExecutionListener, org.springframework.test.context.support.DirtiesContextTestExecutionListener, org.springframework.test.context.transaction.TransactionalTestExecutionListener, org.springframework.test.context.jdbc.SqlScriptsTestExecutionListener, org.springframework.test.context.event.EventPublishingTestExecutionListener]
2022-08-12 11:43:24.299  INFO 88276 --- [    Test worker] .b.t.c.SpringBootTestContextBootstrapper : Using TestExecutionListeners: [org.springframework.test.context.web.ServletTestExecutionListener@642270ad, org.springframework.test.context.support.DirtiesContextBeforeModesTestExecutionListener@439c706, org.springframework.test.context.event.ApplicationEventsTestExecutionListener@17e427b6, org.springframework.boot.test.mock.mockito.MockitoTestExecutionListener@73344f4a, org.springframework.boot.test.autoconfigure.SpringBootDependencyInjectionTestExecutionListener@4e4ee99, org.springframework.test.context.support.DirtiesContextTestExecutionListener@4eaf08f4, org.springframework.test.context.transaction.TransactionalTestExecutionListener@78405f00, org.springframework.test.context.jdbc.SqlScriptsTestExecutionListener@295f115d, org.springframework.security.test.context.support.WithSecurityContextTestExecutionListener@a6cb2c9, org.springframework.test.context.event.EventPublishingTestExecutionListener@3c32f3d8, org.springframework.security.test.context.support.ReactorContextTestExecutionListener@46700301, org.springframework.boot.test.autoconfigure.restdocs.RestDocsTestExecutionListener@17f4276b, org.springframework.boot.test.autoconfigure.web.client.MockRestServiceServerResetTestExecutionListener@786125a6, org.springframework.boot.test.autoconfigure.web.servlet.MockMvcPrintOnlyOnFailureTestExecutionListener@53e6b541, org.springframework.boot.test.autoconfigure.web.servlet.WebDriverTestExecutionListener@1548dc37, org.springframework.boot.test.autoconfigure.webservices.client.MockWebServiceServerTestExecutionListener@23317e8a, org.springframework.boot.test.mock.mockito.ResetMocksTestExecutionListener@520c235f]

  .   ____          _            __ _ _
 /\\ / ___'_ __ _ _(_)_ __  __ _ \ \ \ \
( ( )\___ | '_ | '_| | '_ \/ _` | \ \ \ \
 \\/  ___)| |_)| | | | | || (_| |  ) ) ) )
  '  |____| .__|_| |_|_| |_\__, | / / / /
 =========|_|==============|___/=/_/_/_/
 :: Spring Boot ::                (v2.6.9)

2022-08-12 11:43:24.317  INFO 88276 --- [    Test worker] a.p.p.u.controller.UserControllerTest    : Starting UserControllerTest using Java 17.0.1 on MacBook-Pro-4.local with PID 88276 (started by johnn in /Users/johnn/Desktop/2022/POOL/dev)
2022-08-12 11:43:24.317  INFO 88276 --- [    Test worker] a.p.p.u.controller.UserControllerTest    : The following 6 profiles are active: "jwt", "develop", "prod", "aws", "credentials", "${profile}"
2022-08-12 11:43:24.389  INFO 88276 --- [    Test worker] .s.d.r.c.RepositoryConfigurationDelegate : Bootstrapping Spring Data JPA repositories in DEFAULT mode.
2022-08-12 11:43:24.399  INFO 88276 --- [    Test worker] .s.d.r.c.RepositoryConfigurationDelegate : Finished Spring Data repository scanning in 10 ms. Found 6 JPA repository interfaces.
2022-08-12 11:43:24.424  INFO 88276 --- [    Test worker] trationDelegate$BeanPostProcessorChecker : Bean '(inner bean)#1e9d5d79' of type [com.amazonaws.auth.BasicAWSCredentials] is not eligible for getting processed by all BeanPostProcessors (for example: not eligible for auto-proxying)
2022-08-12 11:43:24.425  INFO 88276 --- [    Test worker] trationDelegate$BeanPostProcessorChecker : Bean '(inner bean)#6bed8d98' of type [com.amazonaws.auth.AWSStaticCredentialsProvider] is not eligible for getting processed by all BeanPostProcessors (for example: not eligible for auto-proxying)
2022-08-12 11:43:24.425  INFO 88276 --- [    Test worker] trationDelegate$BeanPostProcessorChecker : Bean '(inner bean)#52688730' of type [com.amazonaws.auth.profile.ProfileCredentialsProvider] is not eligible for getting processed by all BeanPostProcessors (for example: not eligible for auto-proxying)
2022-08-12 11:43:24.427  INFO 88276 --- [    Test worker] trationDelegate$BeanPostProcessorChecker : Bean 'credentialsProvider' of type [org.springframework.cloud.aws.core.credentials.CredentialsProviderFactoryBean] is not eligible for getting processed by all BeanPostProcessors (for example: not eligible for auto-proxying)
2022-08-12 11:43:24.427  INFO 88276 --- [    Test worker] trationDelegate$BeanPostProcessorChecker : Bean 'credentialsProvider' of type [com.amazonaws.auth.AWSCredentialsProviderChain] is not eligible for getting processed by all BeanPostProcessors (for example: not eligible for auto-proxying)
2022-08-12 11:43:24.462  INFO 88276 --- [    Test worker] o.hibernate.jpa.internal.util.LogHelper  : HHH000204: Processing PersistenceUnitInfo [name: default]
2022-08-12 11:43:24.464  INFO 88276 --- [    Test worker] com.zaxxer.hikari.HikariDataSource       : HikariPool-2 - Starting...
2022-08-12 11:43:24.603  INFO 88276 --- [    Test worker] com.zaxxer.hikari.HikariDataSource       : HikariPool-2 - Start completed.
2022-08-12 11:43:24.603  INFO 88276 --- [    Test worker] org.hibernate.dialect.Dialect            : HHH000400: Using dialect: org.hibernate.dialect.MySQL57Dialect
2022-08-12 11:43:25.034  INFO 88276 --- [    Test worker] o.h.e.t.j.p.i.JtaPlatformInitiator       : HHH000490: Using JtaPlatform implementation: [org.hibernate.engine.transaction.jta.platform.internal.NoJtaPlatform]
2022-08-12 11:43:25.035  INFO 88276 --- [    Test worker] j.LocalContainerEntityManagerFactoryBean : Initialized JPA EntityManagerFactory for persistence unit 'default'
2022-08-12 11:43:25.174 ERROR 88276 --- [    Test worker] a.pool.project.config.FirebaseConfig     : FirebaseOptions IOExceptionError reading credentials from stream, 'type' field not specified.
2022-08-12 11:43:25.195  WARN 88276 --- [    Test worker] JpaBaseConfiguration$JpaWebConfiguration : spring.jpa.open-in-view is enabled by default. Therefore, database queries may be performed during view rendering. Explicitly configure spring.jpa.open-in-view to disable this warning
2022-08-12 11:43:25.236  INFO 88276 --- [    Test worker] o.s.s.web.DefaultSecurityFilterChain     : Will secure any request with [org.springframework.security.web.context.request.async.WebAsyncManagerIntegrationFilter@54a04eae, org.springframework.security.web.context.SecurityContextPersistenceFilter@279b83ea, org.springframework.security.web.header.HeaderWriterFilter@d7645b2, appool.pool.project.jwt.filter.JwtAuthenticationProcessingFilter@2459715c, org.springframework.security.web.authentication.logout.LogoutFilter@6d3b59e2, appool.pool.project.login.filter.JsonUsernamePasswordAuthenticationFilter@41cfcbb5, org.springframework.security.web.savedrequest.RequestCacheAwareFilter@7f9083b4, org.springframework.security.web.servletapi.SecurityContextHolderAwareRequestFilter@40f40221, org.springframework.security.web.authentication.AnonymousAuthenticationFilter@4664fef, org.springframework.security.web.session.SessionManagementFilter@72e4905c, org.springframework.security.web.access.ExceptionTranslationFilter@3c6c87fa, org.springframework.security.web.access.intercept.FilterSecurityInterceptor@1b8d0c21]
2022-08-12 11:43:25.298  INFO 88276 --- [    Test worker] o.s.b.a.h2.H2ConsoleAutoConfiguration    : H2 console available at '/h2-console'. Database available at 'jdbc:mysql://my-rds-instance.ckalsgvhdig0.ap-northeast-2.rds.amazonaws.com:3306/my_rds_name?useUnicode=true&characterEncoding=utf8&useSSL=false'
2022-08-12 11:43:25.387  INFO 88276 --- [    Test worker] o.s.b.t.m.w.SpringBootMockServletContext : Initializing Spring TestDispatcherServlet ''
2022-08-12 11:43:25.387  INFO 88276 --- [    Test worker] o.s.t.web.servlet.TestDispatcherServlet  : Initializing Servlet ''
2022-08-12 11:43:25.388  INFO 88276 --- [    Test worker] o.s.t.web.servlet.TestDispatcherServlet  : Completed initialization in 1 ms
2022-08-12 11:43:25.400  INFO 88276 --- [    Test worker] a.p.p.u.controller.UserControllerTest    : Started UserControllerTest in 1.1 seconds (JVM running for 12.163)
2022-08-12 11:43:25.565  INFO 88276 --- [    Test worker] o.s.t.c.transaction.TransactionContext   : Began transaction (1) for test context [DefaultTestContext@5a32ab89 testClass = UserControllerTest, testInstance = appool.pool.project.user.controller.UserControllerTest@8dcc25, testMethod = 회원가입_실패_필드가_없음@UserControllerTest, testException = [null], mergedContextConfiguration = [WebMergedContextConfiguration@2693b289 testClass = UserControllerTest, locations = '{}', classes = '{class appool.pool.project.ProjectApplication}', contextInitializerClasses = '[]', activeProfiles = '{}', propertySourceLocations = '{}', propertySourceProperties = '{org.springframework.boot.test.context.SpringBootTestContextBootstrapper=true}', contextCustomizers = set[org.springframework.boot.test.autoconfigure.actuate.metrics.MetricsExportContextCustomizerFactory$DisableMetricExportContextCustomizer@79179359, org.springframework.boot.test.autoconfigure.properties.PropertyMappingContextCustomizer@4b3fa0b3, org.springframework.boot.test.autoconfigure.web.servlet.WebDriverContextCustomizerFactory$Customizer@46dffdc3, [ImportsContextCustomizer@66c58c03 key = [org.springframework.boot.test.autoconfigure.web.servlet.MockMvcAutoConfiguration, org.springframework.boot.test.autoconfigure.web.servlet.MockMvcWebClientAutoConfiguration, org.springframework.boot.test.autoconfigure.web.servlet.MockMvcWebDriverAutoConfiguration, org.springframework.boot.autoconfigure.security.oauth2.client.servlet.OAuth2ClientAutoConfiguration, org.springframework.boot.autoconfigure.security.oauth2.resource.servlet.OAuth2ResourceServerAutoConfiguration, org.springframework.boot.autoconfigure.security.servlet.SecurityAutoConfiguration, org.springframework.boot.autoconfigure.security.servlet.SecurityFilterAutoConfiguration, org.springframework.boot.autoconfigure.security.servlet.UserDetailsServiceAutoConfiguration, org.springframework.boot.test.autoconfigure.web.servlet.MockMvcSecurityConfiguration, org.springframework.boot.test.autoconfigure.web.reactive.WebTestClientAutoConfiguration]], org.springframework.boot.test.context.filter.ExcludeFilterContextCustomizer@6ad3381f, org.springframework.boot.test.json.DuplicateJsonObjectContextCustomizerFactory$DuplicateJsonObjectContextCustomizer@34a875b3, org.springframework.boot.test.mock.mockito.MockitoContextCustomizer@0, org.springframework.boot.test.web.client.TestRestTemplateContextCustomizer@4f1bfe23, org.springframework.boot.test.context.SpringBootTestArgs@1, org.springframework.boot.test.context.SpringBootTestWebEnvironment@2bfc268b], resourceBasePath = 'src/main/webapp', contextLoader = 'org.springframework.boot.test.context.SpringBootContextLoader', parent = [null]], attributes = map['org.springframework.test.context.web.ServletTestExecutionListener.activateListener' -> true, 'org.springframework.test.context.web.ServletTestExecutionListener.populatedRequestContextHolder' -> true, 'org.springframework.test.context.web.ServletTestExecutionListener.resetRequestContextHolder' -> true, 'org.springframework.test.context.event.ApplicationEventsTestExecutionListener.recordApplicationEvents' -> false]]; transaction manager [org.springframework.orm.jpa.JpaTransactionManager@d67f6f]; rollback [true]
2022-08-12 11:43:25.622 ERROR 88276 --- [    Test worker] a.p.project.exception.ExceptionAdvice    : @ValidException 발생! Validation failed for argument [0] in public void appool.pool.project.user.controller.UserController.signUp(appool.pool.project.user.dto.UserSignUpDto,javax.servlet.http.HttpServletRequest,javax.servlet.http.HttpServletResponse) throws java.lang.Exception: [Field error in object 'userSignUpDto' on field 'username': rejected value [null]; codes [NotBlank.userSignUpDto.username,NotBlank.username,NotBlank.java.lang.String,NotBlank]; arguments [org.springframework.context.support.DefaultMessageSourceResolvable: codes [userSignUpDto.username,username]; arguments []; default message [username]]; default message [아이디는 필수 입력 사항입니다.]] 
2022-08-12 11:43:25.635 ERROR 88276 --- [    Test worker] a.p.project.exception.ExceptionAdvice    : @ValidException 발생! Validation failed for argument [0] in public void appool.pool.project.user.controller.UserController.signUp(appool.pool.project.user.dto.UserSignUpDto,javax.servlet.http.HttpServletRequest,javax.servlet.http.HttpServletResponse) throws java.lang.Exception: [Field error in object 'userSignUpDto' on field 'password': rejected value [null]; codes [NotBlank.userSignUpDto.password,NotBlank.password,NotBlank.java.lang.String,NotBlank]; arguments [org.springframework.context.support.DefaultMessageSourceResolvable: codes [userSignUpDto.password,password]; arguments []; default message [password]]; default message [비밀번호는 필수 입력 사항입니다.]] 
2022-08-12 11:43:25.637 ERROR 88276 --- [    Test worker] a.p.project.exception.ExceptionAdvice    : @ValidException 발생! Validation failed for argument [0] in public void appool.pool.project.user.controller.UserController.signUp(appool.pool.project.user.dto.UserSignUpDto,javax.servlet.http.HttpServletRequest,javax.servlet.http.HttpServletResponse) throws java.lang.Exception: [Field error in object 'userSignUpDto' on field 'nickName': rejected value [null]; codes [NotBlank.userSignUpDto.nickName,NotBlank.nickName,NotBlank.java.lang.String,NotBlank]; arguments [org.springframework.context.support.DefaultMessageSourceResolvable: codes [userSignUpDto.nickName,nickName]; arguments []; default message [nickName]]; default message [닉네임은 필수 입력 사항입니다.]] 
2022-08-12 11:43:25.638 ERROR 88276 --- [    Test worker] a.p.project.exception.ExceptionAdvice    : @ValidException 발생! Validation failed for argument [0] in public void appool.pool.project.user.controller.UserController.signUp(appool.pool.project.user.dto.UserSignUpDto,javax.servlet.http.HttpServletRequest,javax.servlet.http.HttpServletResponse) throws java.lang.Exception: [Field error in object 'userSignUpDto' on field 'phoneNumber': rejected value [null]; codes [NotBlank.userSignUpDto.phoneNumber,NotBlank.phoneNumber,NotBlank.java.lang.String,NotBlank]; arguments [org.springframework.context.support.DefaultMessageSourceResolvable: codes [userSignUpDto.phoneNumber,phoneNumber]; arguments []; default message [phoneNumber]]; default message [전화번호는 필수 입력 사항입니다.]] 
2022-08-12 11:43:25.640 ERROR 88276 --- [    Test worker] a.p.project.exception.ExceptionAdvice    : @ValidException 발생! Validation failed for argument [0] in public void appool.pool.project.user.controller.UserController.signUp(appool.pool.project.user.dto.UserSignUpDto,javax.servlet.http.HttpServletRequest,javax.servlet.http.HttpServletResponse) throws java.lang.Exception: [Field error in object 'userSignUpDto' on field 'gender': rejected value [null]; codes [NotBlank.userSignUpDto.gender,NotBlank.gender,NotBlank.java.lang.String,NotBlank]; arguments [org.springframework.context.support.DefaultMessageSourceResolvable: codes [userSignUpDto.gender,gender]; arguments []; default message [gender]]; default message [성별은 필수 입력 사항입니다.]] 
2022-08-12 11:43:25.655  INFO 88276 --- [    Test worker] o.s.t.c.transaction.TransactionContext   : Rolled back transaction for test: [DefaultTestContext@5a32ab89 testClass = UserControllerTest, testInstance = appool.pool.project.user.controller.UserControllerTest@8dcc25, testMethod = 회원가입_실패_필드가_없음@UserControllerTest, testException = [null], mergedContextConfiguration = [WebMergedContextConfiguration@2693b289 testClass = UserControllerTest, locations = '{}', classes = '{class appool.pool.project.ProjectApplication}', contextInitializerClasses = '[]', activeProfiles = '{}', propertySourceLocations = '{}', propertySourceProperties = '{org.springframework.boot.test.context.SpringBootTestContextBootstrapper=true}', contextCustomizers = set[org.springframework.boot.test.autoconfigure.actuate.metrics.MetricsExportContextCustomizerFactory$DisableMetricExportContextCustomizer@79179359, org.springframework.boot.test.autoconfigure.properties.PropertyMappingContextCustomizer@4b3fa0b3, org.springframework.boot.test.autoconfigure.web.servlet.WebDriverContextCustomizerFactory$Customizer@46dffdc3, [ImportsContextCustomizer@66c58c03 key = [org.springframework.boot.test.autoconfigure.web.servlet.MockMvcAutoConfiguration, org.springframework.boot.test.autoconfigure.web.servlet.MockMvcWebClientAutoConfiguration, org.springframework.boot.test.autoconfigure.web.servlet.MockMvcWebDriverAutoConfiguration, org.springframework.boot.autoconfigure.security.oauth2.client.servlet.OAuth2ClientAutoConfiguration, org.springframework.boot.autoconfigure.security.oauth2.resource.servlet.OAuth2ResourceServerAutoConfiguration, org.springframework.boot.autoconfigure.security.servlet.SecurityAutoConfiguration, org.springframework.boot.autoconfigure.security.servlet.SecurityFilterAutoConfiguration, org.springframework.boot.autoconfigure.security.servlet.UserDetailsServiceAutoConfiguration, org.springframework.boot.test.autoconfigure.web.servlet.MockMvcSecurityConfiguration, org.springframework.boot.test.autoconfigure.web.reactive.WebTestClientAutoConfiguration]], org.springframework.boot.test.context.filter.ExcludeFilterContextCustomizer@6ad3381f, org.springframework.boot.test.json.DuplicateJsonObjectContextCustomizerFactory$DuplicateJsonObjectContextCustomizer@34a875b3, org.springframework.boot.test.mock.mockito.MockitoContextCustomizer@0, org.springframework.boot.test.web.client.TestRestTemplateContextCustomizer@4f1bfe23, org.springframework.boot.test.context.SpringBootTestArgs@1, org.springframework.boot.test.context.SpringBootTestWebEnvironment@2bfc268b], resourceBasePath = 'src/main/webapp', contextLoader = 'org.springframework.boot.test.context.SpringBootContextLoader', parent = [null]], attributes = map['org.springframework.test.context.web.ServletTestExecutionListener.activateListener' -> true, 'org.springframework.test.context.web.ServletTestExecutionListener.populatedRequestContextHolder' -> true, 'org.springframework.test.context.web.ServletTestExecutionListener.resetRequestContextHolder' -> true, 'org.springframework.test.context.event.ApplicationEventsTestExecutionListener.recordApplicationEvents' -> false]]
2022-08-12 11:43:25.662  INFO 88276 --- [    Test worker] o.s.t.c.transaction.TransactionContext   : Began transaction (1) for test context [DefaultTestContext@5a32ab89 testClass = UserControllerTest, testInstance = appool.pool.project.user.controller.UserControllerTest@2b7b6f58, testMethod = 회원정보조회_실패_없는회원조회@UserControllerTest, testException = [null], mergedContextConfiguration = [WebMergedContextConfiguration@2693b289 testClass = UserControllerTest, locations = '{}', classes = '{class appool.pool.project.ProjectApplication}', contextInitializerClasses = '[]', activeProfiles = '{}', propertySourceLocations = '{}', propertySourceProperties = '{org.springframework.boot.test.context.SpringBootTestContextBootstrapper=true}', contextCustomizers = set[org.springframework.boot.test.autoconfigure.actuate.metrics.MetricsExportContextCustomizerFactory$DisableMetricExportContextCustomizer@79179359, org.springframework.boot.test.autoconfigure.properties.PropertyMappingContextCustomizer@4b3fa0b3, org.springframework.boot.test.autoconfigure.web.servlet.WebDriverContextCustomizerFactory$Customizer@46dffdc3, [ImportsContextCustomizer@66c58c03 key = [org.springframework.boot.test.autoconfigure.web.servlet.MockMvcAutoConfiguration, org.springframework.boot.test.autoconfigure.web.servlet.MockMvcWebClientAutoConfiguration, org.springframework.boot.test.autoconfigure.web.servlet.MockMvcWebDriverAutoConfiguration, org.springframework.boot.autoconfigure.security.oauth2.client.servlet.OAuth2ClientAutoConfiguration, org.springframework.boot.autoconfigure.security.oauth2.resource.servlet.OAuth2ResourceServerAutoConfiguration, org.springframework.boot.autoconfigure.security.servlet.SecurityAutoConfiguration, org.springframework.boot.autoconfigure.security.servlet.SecurityFilterAutoConfiguration, org.springframework.boot.autoconfigure.security.servlet.UserDetailsServiceAutoConfiguration, org.springframework.boot.test.autoconfigure.web.servlet.MockMvcSecurityConfiguration, org.springframework.boot.test.autoconfigure.web.reactive.WebTestClientAutoConfiguration]], org.springframework.boot.test.context.filter.ExcludeFilterContextCustomizer@6ad3381f, org.springframework.boot.test.json.DuplicateJsonObjectContextCustomizerFactory$DuplicateJsonObjectContextCustomizer@34a875b3, org.springframework.boot.test.mock.mockito.MockitoContextCustomizer@0, org.springframework.boot.test.web.client.TestRestTemplateContextCustomizer@4f1bfe23, org.springframework.boot.test.context.SpringBootTestArgs@1, org.springframework.boot.test.context.SpringBootTestWebEnvironment@2bfc268b], resourceBasePath = 'src/main/webapp', contextLoader = 'org.springframework.boot.test.context.SpringBootContextLoader', parent = [null]], attributes = map['org.springframework.test.context.web.ServletTestExecutionListener.activateListener' -> true, 'org.springframework.test.context.web.ServletTestExecutionListener.populatedRequestContextHolder' -> true, 'org.springframework.test.context.web.ServletTestExecutionListener.resetRequestContextHolder' -> true, 'org.springframework.test.context.event.ApplicationEventsTestExecutionListener.recordApplicationEvents' -> false]]; transaction manager [org.springframework.orm.jpa.JpaTransactionManager@d67f6f]; rollback [true]
Hibernate: select pooluser0_.pool_user_id as pool_use1_6_, pooluser0_.create_date as create_d2_6_, pooluser0_.last_modified_date as last_mod3_6_, pooluser0_.birthday as birthday4_6_, pooluser0_.fcm_token as fcm_toke5_6_, pooluser0_.gender as gender6_6_, pooluser0_.nick_name as nick_nam7_6_, pooluser0_.password as password8_6_, pooluser0_.phone_number as phone_nu9_6_, pooluser0_.privacy_agreement as privacy10_6_, pooluser0_.refresh_token as refresh11_6_, pooluser0_.term_agreement as term_ag12_6_, pooluser0_.user_status as user_st13_6_, pooluser0_.username as usernam14_6_ from pooluser pooluser0_ where pooluser0_.username=?
Hibernate: insert into pooluser (create_date, last_modified_date, birthday, fcm_token, gender, nick_name, password, phone_number, privacy_agreement, refresh_token, term_agreement, user_status, username) values (?, ?, ?, ?, ?, ?, ?, ?, ?, ?, ?, ?, ?)
Hibernate: select pooluser0_.pool_user_id as pool_use1_6_, pooluser0_.create_date as create_d2_6_, pooluser0_.last_modified_date as last_mod3_6_, pooluser0_.birthday as birthday4_6_, pooluser0_.fcm_token as fcm_toke5_6_, pooluser0_.gender as gender6_6_, pooluser0_.nick_name as nick_nam7_6_, pooluser0_.password as password8_6_, pooluser0_.phone_number as phone_nu9_6_, pooluser0_.privacy_agreement as privacy10_6_, pooluser0_.refresh_token as refresh11_6_, pooluser0_.term_agreement as term_ag12_6_, pooluser0_.user_status as user_st13_6_, pooluser0_.username as usernam14_6_ from pooluser pooluser0_ where pooluser0_.username=?
Hibernate: select pooluser0_.pool_user_id as pool_use1_6_, pooluser0_.create_date as create_d2_6_, pooluser0_.last_modified_date as last_mod3_6_, pooluser0_.birthday as birthday4_6_, pooluser0_.fcm_token as fcm_toke5_6_, pooluser0_.gender as gender6_6_, pooluser0_.nick_name as nick_nam7_6_, pooluser0_.password as password8_6_, pooluser0_.phone_number as phone_nu9_6_, pooluser0_.privacy_agreement as privacy10_6_, pooluser0_.refresh_token as refresh11_6_, pooluser0_.term_agreement as term_ag12_6_, pooluser0_.user_status as user_st13_6_, pooluser0_.username as usernam14_6_ from pooluser pooluser0_ where pooluser0_.username=?
Hibernate: select pooluser0_.pool_user_id as pool_use1_6_, pooluser0_.create_date as create_d2_6_, pooluser0_.last_modified_date as last_mod3_6_, pooluser0_.birthday as birthday4_6_, pooluser0_.fcm_token as fcm_toke5_6_, pooluser0_.gender as gender6_6_, pooluser0_.nick_name as nick_nam7_6_, pooluser0_.password as password8_6_, pooluser0_.phone_number as phone_nu9_6_, pooluser0_.privacy_agreement as privacy10_6_, pooluser0_.refresh_token as refresh11_6_, pooluser0_.term_agreement as term_ag12_6_, pooluser0_.user_status as user_st13_6_, pooluser0_.username as usernam14_6_ from pooluser pooluser0_ where pooluser0_.username=?
2022-08-12 11:43:26.056  INFO 88276 --- [    Test worker] a.p.p.l.h.LoginSuccessJWTProvideHandler  : eyJ0eXAiOiJKV1QiLCJhbGciOiJIUzUxMiJ9.eyJzdWIiOiJSZWZyZXNoVG9rZW4iLCJleHAiOjE2NjAyNzIzNjZ9.mw3SUVe9vxdvTUUc1lnO0ojSG2XAK601fd9QG8MlOc3qk4oQ71D4q5ID0JExteUFaz5F8mKaQA3hAYlPR32Wqw
2022-08-12 11:43:26.056  INFO 88276 --- [    Test worker] a.p.p.l.h.LoginSuccessJWTProvideHandler  : 로그인에 성공합니다. username: username0000
2022-08-12 11:43:26.057  INFO 88276 --- [    Test worker] a.p.p.l.h.LoginSuccessJWTProvideHandler  : AccessToken을 발급합니다. AccessToken: eyJ0eXAiOiJKV1QiLCJhbGciOiJIUzUxMiJ9.eyJzdWIiOiJBY2Nlc3NUb2tlbiIsInJvbGUiOiJVU0VSIiwibmlja05hbWUiOiJkb2hhaGExIiwiZXhwIjoxNjYwMjcyMjg2LCJ1c2VybmFtZSI6InVzZXJuYW1lMDAwMCJ9.rh0JfrkYhb5Fsnl7S4RzPDAOYzI1gOyB2Q53FqVE4UPReIN4GC2VktG7bMr8Ko9bAcdEbclbVUbQyTBOD1SHlw
2022-08-12 11:43:26.057  INFO 88276 --- [    Test worker] a.p.p.l.h.LoginSuccessJWTProvideHandler  : RefreshToken을 발급합니다. RefreshToken: eyJ0eXAiOiJKV1QiLCJhbGciOiJIUzUxMiJ9.eyJzdWIiOiJSZWZyZXNoVG9rZW4iLCJleHAiOjE2NjAyNzIzNjZ9.mw3SUVe9vxdvTUUc1lnO0ojSG2XAK601fd9QG8MlOc3qk4oQ71D4q5ID0JExteUFaz5F8mKaQA3hAYlPR32Wqw
Hibernate: update pooluser set last_modified_date=?, birthday=?, fcm_token=?, gender=?, nick_name=?, password=?, phone_number=?, privacy_agreement=?, refresh_token=?, term_agreement=?, user_status=?, username=? where pool_user_id=?
Hibernate: insert into pool_user_category (pool_user_pool_user_id, category) values (?, ?)
Hibernate: insert into pool_user_category (pool_user_pool_user_id, category) values (?, ?)
Hibernate: select pooluser0_.pool_user_id as pool_use1_6_, pooluser0_.create_date as create_d2_6_, pooluser0_.last_modified_date as last_mod3_6_, pooluser0_.birthday as birthday4_6_, pooluser0_.fcm_token as fcm_toke5_6_, pooluser0_.gender as gender6_6_, pooluser0_.nick_name as nick_nam7_6_, pooluser0_.password as password8_6_, pooluser0_.phone_number as phone_nu9_6_, pooluser0_.privacy_agreement as privacy10_6_, pooluser0_.refresh_token as refresh11_6_, pooluser0_.term_agreement as term_ag12_6_, pooluser0_.user_status as user_st13_6_, pooluser0_.username as usernam14_6_ from pooluser pooluser0_ where pooluser0_.username=?
Hibernate: select pooluser0_.pool_user_id as pool_use1_6_0_, pooluser0_.create_date as create_d2_6_0_, pooluser0_.last_modified_date as last_mod3_6_0_, pooluser0_.birthday as birthday4_6_0_, pooluser0_.fcm_token as fcm_toke5_6_0_, pooluser0_.gender as gender6_6_0_, pooluser0_.nick_name as nick_nam7_6_0_, pooluser0_.password as password8_6_0_, pooluser0_.phone_number as phone_nu9_6_0_, pooluser0_.privacy_agreement as privacy10_6_0_, pooluser0_.refresh_token as refresh11_6_0_, pooluser0_.term_agreement as term_ag12_6_0_, pooluser0_.user_status as user_st13_6_0_, pooluser0_.username as usernam14_6_0_, branduser1_.brand_user_id as brand_us1_0_1_, branduser1_.create_date as create_d2_0_1_, branduser1_.last_modified_date as last_mod3_0_1_, branduser1_.brand_agreement as brand_ag4_0_1_, branduser1_.brand_info as brand_in5_0_1_, branduser1_.brand_profile_image as brand_pr6_0_1_, branduser1_.brand_username as brand_us7_0_1_, branduser1_.pool_user_id as pool_use8_0_1_, welcomemes2_.welcome_message_id as welcome_1_8_2_, welcomemes2_.create_date as create_d2_8_2_, welcomemes2_.last_modified_date as last_mod3_8_2_, welcomemes2_.body as body4_8_2_, welcomemes2_.message_link as message_5_8_2_, welcomemes2_.title as title6_8_2_, welcomemes2_.writer_id as writer_i7_8_2_ from pooluser pooluser0_ left outer join brand_user branduser1_ on pooluser0_.pool_user_id=branduser1_.pool_user_id left outer join welcome_message welcomemes2_ on pooluser0_.pool_user_id=welcomemes2_.writer_id where pooluser0_.pool_user_id=?
2022-08-12 11:43:26.135 ERROR 88276 --- [    Test worker] a.p.project.exception.ExceptionAdvice    : BaseException errorMessage(): 회원 정보가 없습니다.
2022-08-12 11:43:26.135 ERROR 88276 --- [    Test worker] a.p.project.exception.ExceptionAdvice    : BaseException errorCode() :602
2022-08-12 11:43:26.182  INFO 88276 --- [    Test worker] o.s.t.c.transaction.TransactionContext   : Rolled back transaction for test: [DefaultTestContext@5a32ab89 testClass = UserControllerTest, testInstance = appool.pool.project.user.controller.UserControllerTest@2b7b6f58, testMethod = 회원정보조회_실패_없는회원조회@UserControllerTest, testException = [null], mergedContextConfiguration = [WebMergedContextConfiguration@2693b289 testClass = UserControllerTest, locations = '{}', classes = '{class appool.pool.project.ProjectApplication}', contextInitializerClasses = '[]', activeProfiles = '{}', propertySourceLocations = '{}', propertySourceProperties = '{org.springframework.boot.test.context.SpringBootTestContextBootstrapper=true}', contextCustomizers = set[org.springframework.boot.test.autoconfigure.actuate.metrics.MetricsExportContextCustomizerFactory$DisableMetricExportContextCustomizer@79179359, org.springframework.boot.test.autoconfigure.properties.PropertyMappingContextCustomizer@4b3fa0b3, org.springframework.boot.test.autoconfigure.web.servlet.WebDriverContextCustomizerFactory$Customizer@46dffdc3, [ImportsContextCustomizer@66c58c03 key = [org.springframework.boot.test.autoconfigure.web.servlet.MockMvcAutoConfiguration, org.springframework.boot.test.autoconfigure.web.servlet.MockMvcWebClientAutoConfiguration, org.springframework.boot.test.autoconfigure.web.servlet.MockMvcWebDriverAutoConfiguration, org.springframework.boot.autoconfigure.security.oauth2.client.servlet.OAuth2ClientAutoConfiguration, org.springframework.boot.autoconfigure.security.oauth2.resource.servlet.OAuth2ResourceServerAutoConfiguration, org.springframework.boot.autoconfigure.security.servlet.SecurityAutoConfiguration, org.springframework.boot.autoconfigure.security.servlet.SecurityFilterAutoConfiguration, org.springframework.boot.autoconfigure.security.servlet.UserDetailsServiceAutoConfiguration, org.springframework.boot.test.autoconfigure.web.servlet.MockMvcSecurityConfiguration, org.springframework.boot.test.autoconfigure.web.reactive.WebTestClientAutoConfiguration]], org.springframework.boot.test.context.filter.ExcludeFilterContextCustomizer@6ad3381f, org.springframework.boot.test.json.DuplicateJsonObjectContextCustomizerFactory$DuplicateJsonObjectContextCustomizer@34a875b3, org.springframework.boot.test.mock.mockito.MockitoContextCustomizer@0, org.springframework.boot.test.web.client.TestRestTemplateContextCustomizer@4f1bfe23, org.springframework.boot.test.context.SpringBootTestArgs@1, org.springframework.boot.test.context.SpringBootTestWebEnvironment@2bfc268b], resourceBasePath = 'src/main/webapp', contextLoader = 'org.springframework.boot.test.context.SpringBootContextLoader', parent = [null]], attributes = map['org.springframework.test.context.web.ServletTestExecutionListener.activateListener' -> true, 'org.springframework.test.context.web.ServletTestExecutionListener.populatedRequestContextHolder' -> true, 'org.springframework.test.context.web.ServletTestExecutionListener.resetRequestContextHolder' -> true, 'org.springframework.test.context.event.ApplicationEventsTestExecutionListener.recordApplicationEvents' -> false]]
2022-08-12 11:43:26.189  INFO 88276 --- [    Test worker] o.s.t.c.transaction.TransactionContext   : Began transaction (1) for test context [DefaultTestContext@5a32ab89 testClass = UserControllerTest, testInstance = appool.pool.project.user.controller.UserControllerTest@75952723, testMethod = 내정보조회_성공@UserControllerTest, testException = [null], mergedContextConfiguration = [WebMergedContextConfiguration@2693b289 testClass = UserControllerTest, locations = '{}', classes = '{class appool.pool.project.ProjectApplication}', contextInitializerClasses = '[]', activeProfiles = '{}', propertySourceLocations = '{}', propertySourceProperties = '{org.springframework.boot.test.context.SpringBootTestContextBootstrapper=true}', contextCustomizers = set[org.springframework.boot.test.autoconfigure.actuate.metrics.MetricsExportContextCustomizerFactory$DisableMetricExportContextCustomizer@79179359, org.springframework.boot.test.autoconfigure.properties.PropertyMappingContextCustomizer@4b3fa0b3, org.springframework.boot.test.autoconfigure.web.servlet.WebDriverContextCustomizerFactory$Customizer@46dffdc3, [ImportsContextCustomizer@66c58c03 key = [org.springframework.boot.test.autoconfigure.web.servlet.MockMvcAutoConfiguration, org.springframework.boot.test.autoconfigure.web.servlet.MockMvcWebClientAutoConfiguration, org.springframework.boot.test.autoconfigure.web.servlet.MockMvcWebDriverAutoConfiguration, org.springframework.boot.autoconfigure.security.oauth2.client.servlet.OAuth2ClientAutoConfiguration, org.springframework.boot.autoconfigure.security.oauth2.resource.servlet.OAuth2ResourceServerAutoConfiguration, org.springframework.boot.autoconfigure.security.servlet.SecurityAutoConfiguration, org.springframework.boot.autoconfigure.security.servlet.SecurityFilterAutoConfiguration, org.springframework.boot.autoconfigure.security.servlet.UserDetailsServiceAutoConfiguration, org.springframework.boot.test.autoconfigure.web.servlet.MockMvcSecurityConfiguration, org.springframework.boot.test.autoconfigure.web.reactive.WebTestClientAutoConfiguration]], org.springframework.boot.test.context.filter.ExcludeFilterContextCustomizer@6ad3381f, org.springframework.boot.test.json.DuplicateJsonObjectContextCustomizerFactory$DuplicateJsonObjectContextCustomizer@34a875b3, org.springframework.boot.test.mock.mockito.MockitoContextCustomizer@0, org.springframework.boot.test.web.client.TestRestTemplateContextCustomizer@4f1bfe23, org.springframework.boot.test.context.SpringBootTestArgs@1, org.springframework.boot.test.context.SpringBootTestWebEnvironment@2bfc268b], resourceBasePath = 'src/main/webapp', contextLoader = 'org.springframework.boot.test.context.SpringBootContextLoader', parent = [null]], attributes = map['org.springframework.test.context.web.ServletTestExecutionListener.activateListener' -> true, 'org.springframework.test.context.web.ServletTestExecutionListener.populatedRequestContextHolder' -> true, 'org.springframework.test.context.web.ServletTestExecutionListener.resetRequestContextHolder' -> true, 'org.springframework.test.context.event.ApplicationEventsTestExecutionListener.recordApplicationEvents' -> false]]; transaction manager [org.springframework.orm.jpa.JpaTransactionManager@d67f6f]; rollback [true]
Hibernate: select pooluser0_.pool_user_id as pool_use1_6_, pooluser0_.create_date as create_d2_6_, pooluser0_.last_modified_date as last_mod3_6_, pooluser0_.birthday as birthday4_6_, pooluser0_.fcm_token as fcm_toke5_6_, pooluser0_.gender as gender6_6_, pooluser0_.nick_name as nick_nam7_6_, pooluser0_.password as password8_6_, pooluser0_.phone_number as phone_nu9_6_, pooluser0_.privacy_agreement as privacy10_6_, pooluser0_.refresh_token as refresh11_6_, pooluser0_.term_agreement as term_ag12_6_, pooluser0_.user_status as user_st13_6_, pooluser0_.username as usernam14_6_ from pooluser pooluser0_ where pooluser0_.username=?
Hibernate: insert into pooluser (create_date, last_modified_date, birthday, fcm_token, gender, nick_name, password, phone_number, privacy_agreement, refresh_token, term_agreement, user_status, username) values (?, ?, ?, ?, ?, ?, ?, ?, ?, ?, ?, ?, ?)
Hibernate: select pooluser0_.pool_user_id as pool_use1_6_, pooluser0_.create_date as create_d2_6_, pooluser0_.last_modified_date as last_mod3_6_, pooluser0_.birthday as birthday4_6_, pooluser0_.fcm_token as fcm_toke5_6_, pooluser0_.gender as gender6_6_, pooluser0_.nick_name as nick_nam7_6_, pooluser0_.password as password8_6_, pooluser0_.phone_number as phone_nu9_6_, pooluser0_.privacy_agreement as privacy10_6_, pooluser0_.refresh_token as refresh11_6_, pooluser0_.term_agreement as term_ag12_6_, pooluser0_.user_status as user_st13_6_, pooluser0_.username as usernam14_6_ from pooluser pooluser0_ where pooluser0_.username=?
Hibernate: select pooluser0_.pool_user_id as pool_use1_6_, pooluser0_.create_date as create_d2_6_, pooluser0_.last_modified_date as last_mod3_6_, pooluser0_.birthday as birthday4_6_, pooluser0_.fcm_token as fcm_toke5_6_, pooluser0_.gender as gender6_6_, pooluser0_.nick_name as nick_nam7_6_, pooluser0_.password as password8_6_, pooluser0_.phone_number as phone_nu9_6_, pooluser0_.privacy_agreement as privacy10_6_, pooluser0_.refresh_token as refresh11_6_, pooluser0_.term_agreement as term_ag12_6_, pooluser0_.user_status as user_st13_6_, pooluser0_.username as usernam14_6_ from pooluser pooluser0_ where pooluser0_.username=?
Hibernate: select pooluser0_.pool_user_id as pool_use1_6_, pooluser0_.create_date as create_d2_6_, pooluser0_.last_modified_date as last_mod3_6_, pooluser0_.birthday as birthday4_6_, pooluser0_.fcm_token as fcm_toke5_6_, pooluser0_.gender as gender6_6_, pooluser0_.nick_name as nick_nam7_6_, pooluser0_.password as password8_6_, pooluser0_.phone_number as phone_nu9_6_, pooluser0_.privacy_agreement as privacy10_6_, pooluser0_.refresh_token as refresh11_6_, pooluser0_.term_agreement as term_ag12_6_, pooluser0_.user_status as user_st13_6_, pooluser0_.username as usernam14_6_ from pooluser pooluser0_ where pooluser0_.username=?
2022-08-12 11:43:26.372  INFO 88276 --- [    Test worker] a.p.p.l.h.LoginSuccessJWTProvideHandler  : eyJ0eXAiOiJKV1QiLCJhbGciOiJIUzUxMiJ9.eyJzdWIiOiJSZWZyZXNoVG9rZW4iLCJleHAiOjE2NjAyNzIzNjZ9.mw3SUVe9vxdvTUUc1lnO0ojSG2XAK601fd9QG8MlOc3qk4oQ71D4q5ID0JExteUFaz5F8mKaQA3hAYlPR32Wqw
2022-08-12 11:43:26.372  INFO 88276 --- [    Test worker] a.p.p.l.h.LoginSuccessJWTProvideHandler  : 로그인에 성공합니다. username: username0000
2022-08-12 11:43:26.372  INFO 88276 --- [    Test worker] a.p.p.l.h.LoginSuccessJWTProvideHandler  : AccessToken을 발급합니다. AccessToken: eyJ0eXAiOiJKV1QiLCJhbGciOiJIUzUxMiJ9.eyJzdWIiOiJBY2Nlc3NUb2tlbiIsInJvbGUiOiJVU0VSIiwibmlja05hbWUiOiJkb2hhMTIzIiwiZXhwIjoxNjYwMjcyMjg2LCJ1c2VybmFtZSI6InVzZXJuYW1lMDAwMCJ9.DDnRIkROwoYuN4nTI_1FzH9Nbu6gNd2rsg9EXMViRWI5ByEkJdswEipRAil6zgMZDkZUwHBVKKjfD0VNulwneA
2022-08-12 11:43:26.372  INFO 88276 --- [    Test worker] a.p.p.l.h.LoginSuccessJWTProvideHandler  : RefreshToken을 발급합니다. RefreshToken: eyJ0eXAiOiJKV1QiLCJhbGciOiJIUzUxMiJ9.eyJzdWIiOiJSZWZyZXNoVG9rZW4iLCJleHAiOjE2NjAyNzIzNjZ9.mw3SUVe9vxdvTUUc1lnO0ojSG2XAK601fd9QG8MlOc3qk4oQ71D4q5ID0JExteUFaz5F8mKaQA3hAYlPR32Wqw
Hibernate: update pooluser set last_modified_date=?, birthday=?, fcm_token=?, gender=?, nick_name=?, password=?, phone_number=?, privacy_agreement=?, refresh_token=?, term_agreement=?, user_status=?, username=? where pool_user_id=?
Hibernate: insert into pool_user_category (pool_user_pool_user_id, category) values (?, ?)
Hibernate: insert into pool_user_category (pool_user_pool_user_id, category) values (?, ?)
Hibernate: select pooluser0_.pool_user_id as pool_use1_6_, pooluser0_.create_date as create_d2_6_, pooluser0_.last_modified_date as last_mod3_6_, pooluser0_.birthday as birthday4_6_, pooluser0_.fcm_token as fcm_toke5_6_, pooluser0_.gender as gender6_6_, pooluser0_.nick_name as nick_nam7_6_, pooluser0_.password as password8_6_, pooluser0_.phone_number as phone_nu9_6_, pooluser0_.privacy_agreement as privacy10_6_, pooluser0_.refresh_token as refresh11_6_, pooluser0_.term_agreement as term_ag12_6_, pooluser0_.user_status as user_st13_6_, pooluser0_.username as usernam14_6_ from pooluser pooluser0_ where pooluser0_.username=?
Hibernate: select pooluser0_.pool_user_id as pool_use1_6_, pooluser0_.create_date as create_d2_6_, pooluser0_.last_modified_date as last_mod3_6_, pooluser0_.birthday as birthday4_6_, pooluser0_.fcm_token as fcm_toke5_6_, pooluser0_.gender as gender6_6_, pooluser0_.nick_name as nick_nam7_6_, pooluser0_.password as password8_6_, pooluser0_.phone_number as phone_nu9_6_, pooluser0_.privacy_agreement as privacy10_6_, pooluser0_.refresh_token as refresh11_6_, pooluser0_.term_agreement as term_ag12_6_, pooluser0_.user_status as user_st13_6_, pooluser0_.username as usernam14_6_ from pooluser pooluser0_ where pooluser0_.username=?
Hibernate: SELECT COUNT(*) FROM follow WHERE from_user_id = ?

MockHttpServletRequest:
      HTTP Method = GET
      Request URI = /user
       Parameters = {}
          Headers = [Authorization:"Bearer eyJ0eXAiOiJKV1QiLCJhbGciOiJIUzUxMiJ9.eyJzdWIiOiJBY2Nlc3NUb2tlbiIsInJvbGUiOiJVU0VSIiwibmlja05hbWUiOiJkb2hhMTIzIiwiZXhwIjoxNjYwMjcyMjg2LCJ1c2VybmFtZSI6InVzZXJuYW1lMDAwMCJ9.DDnRIkROwoYuN4nTI_1FzH9Nbu6gNd2rsg9EXMViRWI5ByEkJdswEipRAil6zgMZDkZUwHBVKKjfD0VNulwneA"]
             Body = null
    Session Attrs = {}

Handler:
             Type = appool.pool.project.user.controller.UserController
           Method = appool.pool.project.user.controller.UserController#getMyInfo(HttpServletResponse)

Async:
    Async started = false
     Async result = null

Resolved Exception:
             Type = null

ModelAndView:
        View name = null
             View = null
            Model = null

FlashMap:
       Attributes = null

MockHttpServletResponse:
           Status = 200
    Error message = null
          Headers = [Content-Type:"application/json", X-Content-Type-Options:"nosniff", X-XSS-Protection:"1; mode=block", Cache-Control:"no-cache, no-store, max-age=0, must-revalidate", Pragma:"no-cache", Expires:"0", X-Frame-Options:"SAMEORIGIN"]
     Content type = application/json
             Body = {"poolUserId":null,"username":"username0000","nickName":"doha123","userStatus":"USER","follow":false,"userFollowerCount":0,"userFollowingCount":0,"brandUserInfoDto":null}
    Forwarded URL = null
   Redirected URL = null
          Cookies = []
Hibernate: select pooluser0_.pool_user_id as pool_use1_6_, pooluser0_.create_date as create_d2_6_, pooluser0_.last_modified_date as last_mod3_6_, pooluser0_.birthday as birthday4_6_, pooluser0_.fcm_token as fcm_toke5_6_, pooluser0_.gender as gender6_6_, pooluser0_.nick_name as nick_nam7_6_, pooluser0_.password as password8_6_, pooluser0_.phone_number as phone_nu9_6_, pooluser0_.privacy_agreement as privacy10_6_, pooluser0_.refresh_token as refresh11_6_, pooluser0_.term_agreement as term_ag12_6_, pooluser0_.user_status as user_st13_6_, pooluser0_.username as usernam14_6_ from pooluser pooluser0_ where pooluser0_.username=?
2022-08-12 11:43:26.628  INFO 88276 --- [    Test worker] o.s.t.c.transaction.TransactionContext   : Rolled back transaction for test: [DefaultTestContext@5a32ab89 testClass = UserControllerTest, testInstance = appool.pool.project.user.controller.UserControllerTest@75952723, testMethod = 내정보조회_성공@UserControllerTest, testException = [null], mergedContextConfiguration = [WebMergedContextConfiguration@2693b289 testClass = UserControllerTest, locations = '{}', classes = '{class appool.pool.project.ProjectApplication}', contextInitializerClasses = '[]', activeProfiles = '{}', propertySourceLocations = '{}', propertySourceProperties = '{org.springframework.boot.test.context.SpringBootTestContextBootstrapper=true}', contextCustomizers = set[org.springframework.boot.test.autoconfigure.actuate.metrics.MetricsExportContextCustomizerFactory$DisableMetricExportContextCustomizer@79179359, org.springframework.boot.test.autoconfigure.properties.PropertyMappingContextCustomizer@4b3fa0b3, org.springframework.boot.test.autoconfigure.web.servlet.WebDriverContextCustomizerFactory$Customizer@46dffdc3, [ImportsContextCustomizer@66c58c03 key = [org.springframework.boot.test.autoconfigure.web.servlet.MockMvcAutoConfiguration, org.springframework.boot.test.autoconfigure.web.servlet.MockMvcWebClientAutoConfiguration, org.springframework.boot.test.autoconfigure.web.servlet.MockMvcWebDriverAutoConfiguration, org.springframework.boot.autoconfigure.security.oauth2.client.servlet.OAuth2ClientAutoConfiguration, org.springframework.boot.autoconfigure.security.oauth2.resource.servlet.OAuth2ResourceServerAutoConfiguration, org.springframework.boot.autoconfigure.security.servlet.SecurityAutoConfiguration, org.springframework.boot.autoconfigure.security.servlet.SecurityFilterAutoConfiguration, org.springframework.boot.autoconfigure.security.servlet.UserDetailsServiceAutoConfiguration, org.springframework.boot.test.autoconfigure.web.servlet.MockMvcSecurityConfiguration, org.springframework.boot.test.autoconfigure.web.reactive.WebTestClientAutoConfiguration]], org.springframework.boot.test.context.filter.ExcludeFilterContextCustomizer@6ad3381f, org.springframework.boot.test.json.DuplicateJsonObjectContextCustomizerFactory$DuplicateJsonObjectContextCustomizer@34a875b3, org.springframework.boot.test.mock.mockito.MockitoContextCustomizer@0, org.springframework.boot.test.web.client.TestRestTemplateContextCustomizer@4f1bfe23, org.springframework.boot.test.context.SpringBootTestArgs@1, org.springframework.boot.test.context.SpringBootTestWebEnvironment@2bfc268b], resourceBasePath = 'src/main/webapp', contextLoader = 'org.springframework.boot.test.context.SpringBootContextLoader', parent = [null]], attributes = map['org.springframework.test.context.web.ServletTestExecutionListener.activateListener' -> true, 'org.springframework.test.context.web.ServletTestExecutionListener.populatedRequestContextHolder' -> true, 'org.springframework.test.context.web.ServletTestExecutionListener.resetRequestContextHolder' -> true, 'org.springframework.test.context.event.ApplicationEventsTestExecutionListener.recordApplicationEvents' -> false]]
2022-08-12 11:43:26.635  INFO 88276 --- [    Test worker] o.s.t.c.transaction.TransactionContext   : Began transaction (1) for test context [DefaultTestContext@5a32ab89 testClass = UserControllerTest, testInstance = appool.pool.project.user.controller.UserControllerTest@70bc684b, testMethod = test_signUp@UserControllerTest, testException = [null], mergedContextConfiguration = [WebMergedContextConfiguration@2693b289 testClass = UserControllerTest, locations = '{}', classes = '{class appool.pool.project.ProjectApplication}', contextInitializerClasses = '[]', activeProfiles = '{}', propertySourceLocations = '{}', propertySourceProperties = '{org.springframework.boot.test.context.SpringBootTestContextBootstrapper=true}', contextCustomizers = set[org.springframework.boot.test.autoconfigure.actuate.metrics.MetricsExportContextCustomizerFactory$DisableMetricExportContextCustomizer@79179359, org.springframework.boot.test.autoconfigure.properties.PropertyMappingContextCustomizer@4b3fa0b3, org.springframework.boot.test.autoconfigure.web.servlet.WebDriverContextCustomizerFactory$Customizer@46dffdc3, [ImportsContextCustomizer@66c58c03 key = [org.springframework.boot.test.autoconfigure.web.servlet.MockMvcAutoConfiguration, org.springframework.boot.test.autoconfigure.web.servlet.MockMvcWebClientAutoConfiguration, org.springframework.boot.test.autoconfigure.web.servlet.MockMvcWebDriverAutoConfiguration, org.springframework.boot.autoconfigure.security.oauth2.client.servlet.OAuth2ClientAutoConfiguration, org.springframework.boot.autoconfigure.security.oauth2.resource.servlet.OAuth2ResourceServerAutoConfiguration, org.springframework.boot.autoconfigure.security.servlet.SecurityAutoConfiguration, org.springframework.boot.autoconfigure.security.servlet.SecurityFilterAutoConfiguration, org.springframework.boot.autoconfigure.security.servlet.UserDetailsServiceAutoConfiguration, org.springframework.boot.test.autoconfigure.web.servlet.MockMvcSecurityConfiguration, org.springframework.boot.test.autoconfigure.web.reactive.WebTestClientAutoConfiguration]], org.springframework.boot.test.context.filter.ExcludeFilterContextCustomizer@6ad3381f, org.springframework.boot.test.json.DuplicateJsonObjectContextCustomizerFactory$DuplicateJsonObjectContextCustomizer@34a875b3, org.springframework.boot.test.mock.mockito.MockitoContextCustomizer@0, org.springframework.boot.test.web.client.TestRestTemplateContextCustomizer@4f1bfe23, org.springframework.boot.test.context.SpringBootTestArgs@1, org.springframework.boot.test.context.SpringBootTestWebEnvironment@2bfc268b], resourceBasePath = 'src/main/webapp', contextLoader = 'org.springframework.boot.test.context.SpringBootContextLoader', parent = [null]], attributes = map['org.springframework.test.context.web.ServletTestExecutionListener.activateListener' -> true, 'org.springframework.test.context.web.ServletTestExecutionListener.populatedRequestContextHolder' -> true, 'org.springframework.test.context.web.ServletTestExecutionListener.resetRequestContextHolder' -> true, 'org.springframework.test.context.event.ApplicationEventsTestExecutionListener.recordApplicationEvents' -> false]]; transaction manager [org.springframework.orm.jpa.JpaTransactionManager@d67f6f]; rollback [true]
Hibernate: select pooluser0_.pool_user_id as pool_use1_6_, pooluser0_.create_date as create_d2_6_, pooluser0_.last_modified_date as last_mod3_6_, pooluser0_.birthday as birthday4_6_, pooluser0_.fcm_token as fcm_toke5_6_, pooluser0_.gender as gender6_6_, pooluser0_.nick_name as nick_nam7_6_, pooluser0_.password as password8_6_, pooluser0_.phone_number as phone_nu9_6_, pooluser0_.privacy_agreement as privacy10_6_, pooluser0_.refresh_token as refresh11_6_, pooluser0_.term_agreement as term_ag12_6_, pooluser0_.user_status as user_st13_6_, pooluser0_.username as usernam14_6_ from pooluser pooluser0_ where pooluser0_.username=?
Hibernate: insert into pooluser (create_date, last_modified_date, birthday, fcm_token, gender, nick_name, password, phone_number, privacy_agreement, refresh_token, term_agreement, user_status, username) values (?, ?, ?, ?, ?, ?, ?, ?, ?, ?, ?, ?, ?)
Hibernate: select pooluser0_.pool_user_id as pool_use1_6_, pooluser0_.create_date as create_d2_6_, pooluser0_.last_modified_date as last_mod3_6_, pooluser0_.birthday as birthday4_6_, pooluser0_.fcm_token as fcm_toke5_6_, pooluser0_.gender as gender6_6_, pooluser0_.nick_name as nick_nam7_6_, pooluser0_.password as password8_6_, pooluser0_.phone_number as phone_nu9_6_, pooluser0_.privacy_agreement as privacy10_6_, pooluser0_.refresh_token as refresh11_6_, pooluser0_.term_agreement as term_ag12_6_, pooluser0_.user_status as user_st13_6_, pooluser0_.username as usernam14_6_ from pooluser pooluser0_ where pooluser0_.username=?
2022-08-12 11:43:26.747  INFO 88276 --- [    Test worker] o.s.t.c.transaction.TransactionContext   : Rolled back transaction for test: [DefaultTestContext@5a32ab89 testClass = UserControllerTest, testInstance = appool.pool.project.user.controller.UserControllerTest@70bc684b, testMethod = test_signUp@UserControllerTest, testException = [null], mergedContextConfiguration = [WebMergedContextConfiguration@2693b289 testClass = UserControllerTest, locations = '{}', classes = '{class appool.pool.project.ProjectApplication}', contextInitializerClasses = '[]', activeProfiles = '{}', propertySourceLocations = '{}', propertySourceProperties = '{org.springframework.boot.test.context.SpringBootTestContextBootstrapper=true}', contextCustomizers = set[org.springframework.boot.test.autoconfigure.actuate.metrics.MetricsExportContextCustomizerFactory$DisableMetricExportContextCustomizer@79179359, org.springframework.boot.test.autoconfigure.properties.PropertyMappingContextCustomizer@4b3fa0b3, org.springframework.boot.test.autoconfigure.web.servlet.WebDriverContextCustomizerFactory$Customizer@46dffdc3, [ImportsContextCustomizer@66c58c03 key = [org.springframework.boot.test.autoconfigure.web.servlet.MockMvcAutoConfiguration, org.springframework.boot.test.autoconfigure.web.servlet.MockMvcWebClientAutoConfiguration, org.springframework.boot.test.autoconfigure.web.servlet.MockMvcWebDriverAutoConfiguration, org.springframework.boot.autoconfigure.security.oauth2.client.servlet.OAuth2ClientAutoConfiguration, org.springframework.boot.autoconfigure.security.oauth2.resource.servlet.OAuth2ResourceServerAutoConfiguration, org.springframework.boot.autoconfigure.security.servlet.SecurityAutoConfiguration, org.springframework.boot.autoconfigure.security.servlet.SecurityFilterAutoConfiguration, org.springframework.boot.autoconfigure.security.servlet.UserDetailsServiceAutoConfiguration, org.springframework.boot.test.autoconfigure.web.servlet.MockMvcSecurityConfiguration, org.springframework.boot.test.autoconfigure.web.reactive.WebTestClientAutoConfiguration]], org.springframework.boot.test.context.filter.ExcludeFilterContextCustomizer@6ad3381f, org.springframework.boot.test.json.DuplicateJsonObjectContextCustomizerFactory$DuplicateJsonObjectContextCustomizer@34a875b3, org.springframework.boot.test.mock.mockito.MockitoContextCustomizer@0, org.springframework.boot.test.web.client.TestRestTemplateContextCustomizer@4f1bfe23, org.springframework.boot.test.context.SpringBootTestArgs@1, org.springframework.boot.test.context.SpringBootTestWebEnvironment@2bfc268b], resourceBasePath = 'src/main/webapp', contextLoader = 'org.springframework.boot.test.context.SpringBootContextLoader', parent = [null]], attributes = map['org.springframework.test.context.web.ServletTestExecutionListener.activateListener' -> true, 'org.springframework.test.context.web.ServletTestExecutionListener.populatedRequestContextHolder' -> true, 'org.springframework.test.context.web.ServletTestExecutionListener.resetRequestContextHolder' -> true, 'org.springframework.test.context.event.ApplicationEventsTestExecutionListener.recordApplicationEvents' -> false]]
]]></system-out>
  <system-err><![CDATA[]]></system-err>
</testsuite>
